{"meta": {"format": 3, "version": "7.13.5", "timestamp": "2026-03-25T21:19:10.403736", "branch_coverage": false, "show_contexts": false}, "files": {"src/__init__.py": {"executed_lines": [], "summary": {"covered_lines": 0, "num_statements": 0, "percent_covered": 100.0, "percent_covered_display": "100", "missing_lines": 0, "excluded_lines": 0, "percent_statements_covered": 100.0, "percent_statements_covered_display": "100"}, "missing_lines": [], "excluded_lines": [], "functions": {"": {"executed_lines": [], "summary": {"covered_lines": 0, "num_statements": 0, "percent_covered": 100.0, "percent_covered_display": "100", "missing_lines": 0, "excluded_lines": 0, "percent_statements_covered": 100.0, "percent_statements_covered_display": "100"}, "missing_lines": [], "excluded_lines": [], "start_line": 1}}, "classes": {"": {"executed_lines": [], "summary": {"covered_lines": 0, "num_statements": 0, "percent_covered": 100.0, "percent_covered_display": "100", "missing_lines": 0, "excluded_lines": 0, "percent_statements_covered": 100.0, "percent_statements_covered_display": "100"}, "missing_lines": [], "excluded_lines": [], "start_line": 1}}}, "src/core/__init__.py": {"executed_lines": [3, 4, 5, 11, 23, 35], "summary": {"covered_lines": 6, "num_statements": 6, "percent_covered": 100.0, "percent_covered_display": "100", "missing_lines": 0, "excluded_lines": 0, "percent_statements_covered": 100.0, "percent_statements_covered_display": "100"}, "missing_lines": [], "excluded_lines": [], "functions": {"": {"executed_lines": [3, 4, 5, 11, 23, 35], "summary": {"covered_lines": 6, "num_statements": 6, "percent_covered": 100.0, "percent_covered_display": "100", "missing_lines": 0, "excluded_lines": 0, "percent_statements_covered": 100.0, "percent_statements_covered_display": "100"}, "missing_lines": [], "excluded_lines": [], "start_line": 1}}, "classes": {"": {"executed_lines": [3, 4, 5, 11, 23, 35], "summary": {"covered_lines": 6, "num_statements": 6, "percent_covered": 100.0, "percent_covered_display": "100", "missing_lines": 0, "excluded_lines": 0, "percent_statements_covered": 100.0, "percent_statements_covered_display": "100"}, "missing_lines": [], "excluded_lines": [], "start_line": 1}}}, "src/core/integers.py": {"executed_lines": [1, 15, 21, 22, 23, 24, 26, 27, 29, 32, 37, 46, 47, 49, 52, 53, 55, 56, 58, 61, 69, 75, 76, 77, 78, 80, 81, 83, 84, 86, 87, 89, 91, 100, 102, 111, 113, 122, 124, 133, 135, 152, 153], "summary": {"covered_lines": 43, "num_statements": 48, "percent_covered": 89.58333333333333, "percent_covered_display": "90", "missing_lines": 5, "excluded_lines": 0, "percent_statements_covered": 89.58333333333333, "percent_statements_covered_display": "90"}, "missing_lines": [30, 33, 34, 35, 88], "excluded_lines": [], "functions": {"SymmetricModulo.__init__": {"executed_lines": [21, 22, 23, 24, 26, 27], "summary": {"covered_lines": 6, "num_statements": 6, "percent_covered": 100.0, "percent_covered_display": "100", "missing_lines": 0, "excluded_lines": 0, "percent_statements_covered": 100.0, "percent_statements_covered_display": "100"}, "missing_lines": [], "excluded_lines": [], "start_line": 15}, "SymmetricModulo.__repr__": {"executed_lines": [], "summary": {"covered_lines": 0, "num_statements": 1, "percent_covered": 0.0, "percent_covered_display": "0", "missing_lines": 1, "excluded_lines": 0, "percent_statements_covered": 0.0, "percent_statements_covered_display": "0"}, "missing_lines": [30], "excluded_lines": [], "start_line": 29}, "SymmetricModulo.__eq__": {"executed_lines": [], "summary": {"covered_lines": 0, "num_statements": 3, "percent_covered": 0.0, "percent_covered_display": "0", "missing_lines": 3, "excluded_lines": 0, "percent_statements_covered": 0.0, "percent_statements_covered_display": "0"}, "missing_lines": [33, 34, 35], "excluded_lines": [], "start_line": 32}, "SymmetricModulo.symmetric": {"executed_lines": [46, 47, 49, 52, 53, 55, 56, 58], "summary": {"covered_lines": 8, "num_statements": 8, "percent_covered": 100.0, "percent_covered_display": "100", "missing_lines": 0, "excluded_lines": 0, "percent_statements_covered": 100.0, "percent_statements_covered_display": "100"}, "missing_lines": [], "excluded_lines": [], "start_line": 37}, "IntegersRing.__init__": {"executed_lines": [75, 76, 77, 78, 80, 81], "summary": {"covered_lines": 6, "num_statements": 6, "percent_covered": 100.0, "percent_covered_display": "100", "missing_lines": 0, "excluded_lines": 0, "percent_statements_covered": 100.0, "percent_statements_covered_display": "100"}, "missing_lines": [], "excluded_lines": [], "start_line": 69}, "IntegersRing.__repr__": {"executed_lines": [84], "summary": {"covered_lines": 1, "num_statements": 1, "percent_covered": 100.0, "percent_covered_display": "100", "missing_lines": 0, "excluded_lines": 0, "percent_statements_covered": 100.0, "percent_statements_covered_display": "100"}, "missing_lines": [], "excluded_lines": [], "start_line": 83}, "IntegersRing.__eq__": {"executed_lines": [87, 89], "summary": {"covered_lines": 2, "num_statements": 3, "percent_covered": 66.66666666666667, "percent_covered_display": "67", "missing_lines": 1, "excluded_lines": 0, "percent_statements_covered": 66.66666666666667, "percent_statements_covered_display": "67"}, "missing_lines": [88], "excluded_lines": [], "start_line": 86}, "IntegersRing.add": {"executed_lines": [100], "summary": {"covered_lines": 1, "num_statements": 1, "percent_covered": 100.0, "percent_covered_display": "100", "missing_lines": 0, "excluded_lines": 0, "percent_statements_covered": 100.0, "percent_statements_covered_display": "100"}, "missing_lines": [], "excluded_lines": [], "start_line": 91}, "IntegersRing.sub": {"executed_lines": [111], "summary": {"covered_lines": 1, "num_statements": 1, "percent_covered": 100.0, "percent_covered_display": "100", "missing_lines": 0, "excluded_lines": 0, "percent_statements_covered": 100.0, "percent_statements_covered_display": "100"}, "missing_lines": [], "excluded_lines": [], "start_line": 102}, "IntegersRing.mul": {"executed_lines": [122], "summary": {"covered_lines": 1, "num_statements": 1, "percent_covered": 100.0, "percent_covered_display": "100", "missing_lines": 0, "excluded_lines": 0, "percent_statements_covered": 100.0, "percent_statements_covered_display": "100"}, "missing_lines": [], "excluded_lines": [], "start_line": 113}, "IntegersRing.neg": {"executed_lines": [133], "summary": {"covered_lines": 1, "num_statements": 1, "percent_covered": 100.0, "percent_covered_display": "100", "missing_lines": 0, "excluded_lines": 0, "percent_statements_covered": 100.0, "percent_statements_covered_display": "100"}, "missing_lines": [], "excluded_lines": [], "start_line": 124}, "IntegersRing.inf_norm": {"executed_lines": [152, 153], "summary": {"covered_lines": 2, "num_statements": 2, "percent_covered": 100.0, "percent_covered_display": "100", "missing_lines": 0, "excluded_lines": 0, "percent_statements_covered": 100.0, "percent_statements_covered_display": "100"}, "missing_lines": [], "excluded_lines": [], "start_line": 135}, "": {"executed_lines": [1, 15, 29, 32, 37, 61, 69, 83, 86, 91, 102, 113, 124, 135], "summary": {"covered_lines": 14, "num_statements": 14, "percent_covered": 100.0, "percent_covered_display": "100", "missing_lines": 0, "excluded_lines": 0, "percent_statements_covered": 100.0, "percent_statements_covered_display": "100"}, "missing_lines": [], "excluded_lines": [], "start_line": 1}}, "classes": {"SymmetricModulo": {"executed_lines": [21, 22, 23, 24, 26, 27, 46, 47, 49, 52, 53, 55, 56, 58], "summary": {"covered_lines": 14, "num_statements": 18, "percent_covered": 77.77777777777777, "percent_covered_display": "78", "missing_lines": 4, "excluded_lines": 0, "percent_statements_covered": 77.77777777777777, "percent_statements_covered_display": "78"}, "missing_lines": [30, 33, 34, 35], "excluded_lines": [], "start_line": 1}, "IntegersRing": {"executed_lines": [75, 76, 77, 78, 80, 81, 84, 87, 89, 100, 111, 122, 133, 152, 153], "summary": {"covered_lines": 15, "num_statements": 16, "percent_covered": 93.75, "percent_covered_display": "94", "missing_lines": 1, "excluded_lines": 0, "percent_statements_covered": 93.75, "percent_statements_covered_display": "94"}, "missing_lines": [88], "excluded_lines": [], "start_line": 61}, "": {"executed_lines": [1, 15, 29, 32, 37, 61, 69, 83, 86, 91, 102, 113, 124, 135], "summary": {"covered_lines": 14, "num_statements": 14, "percent_covered": 100.0, "percent_covered_display": "100", "missing_lines": 0, "excluded_lines": 0, "percent_statements_covered": 100.0, "percent_statements_covered_display": "100"}, "missing_lines": [], "excluded_lines": [], "start_line": 1}}}, "src/core/module.py": {"executed_lines": [21, 24, 32, 44, 46, 49, 50, 51, 55, 57, 58, 60, 61, 63, 65, 67, 68, 70, 71, 73, 82, 94, 96, 97, 98, 99, 101, 113, 115, 116, 117, 118, 120, 133, 134, 135, 137, 155, 157, 158, 160, 161, 162, 163, 165, 174, 176, 192, 193, 194, 196, 210, 212, 235, 236, 237, 240, 248, 259, 261, 262, 263, 265, 266, 268, 276, 294, 295, 302, 304, 305, 307, 308, 314, 332, 333, 340, 342, 343, 352, 365, 367, 373, 377, 392, 393, 395, 396, 397], "summary": {"covered_lines": 89, "num_statements": 106, "percent_covered": 83.9622641509434, "percent_covered_display": "84", "missing_lines": 17, "excluded_lines": 0, "percent_statements_covered": 83.9622641509434, "percent_statements_covered_display": "84"}, "missing_lines": [45, 47, 62, 64, 80, 95, 114, 156, 260, 264, 269, 299, 310, 337, 345, 346, 348], "excluded_lines": [], "functions": {"ModuleElement.__init__": {"executed_lines": [44, 46, 49, 50, 51, 55], "summary": {"covered_lines": 6, "num_statements": 8, "percent_covered": 75.0, "percent_covered_display": "75", "missing_lines": 2, "excluded_lines": 0, "percent_statements_covered": 75.0, "percent_statements_covered_display": "75"}, "missing_lines": [45, 47], "excluded_lines": [], "start_line": 32}, "ModuleElement.__repr__": {"executed_lines": [58], "summary": {"covered_lines": 1, "num_statements": 1, "percent_covered": 100.0, "percent_covered_display": "100", "missing_lines": 0, "excluded_lines": 0, "percent_statements_covered": 100.0, "percent_statements_covered_display": "100"}, "missing_lines": [], "excluded_lines": [], "start_line": 57}, "ModuleElement.__eq__": {"executed_lines": [61, 63, 65], "summary": {"covered_lines": 3, "num_statements": 5, "percent_covered": 60.0, "percent_covered_display": "60", "missing_lines": 2, "excluded_lines": 0, "percent_statements_covered": 60.0, "percent_statements_covered_display": "60"}, "missing_lines": [62, 64], "excluded_lines": [], "start_line": 60}, "ModuleElement.is_zero": {"executed_lines": [68], "summary": {"covered_lines": 1, "num_statements": 1, "percent_covered": 100.0, "percent_covered_display": "100", "missing_lines": 0, "excluded_lines": 0, "percent_statements_covered": 100.0, "percent_statements_covered_display": "100"}, "missing_lines": [], "excluded_lines": [], "start_line": 67}, "ModuleElement.copy": {"executed_lines": [71], "summary": {"covered_lines": 1, "num_statements": 1, "percent_covered": 100.0, "percent_covered_display": "100", "missing_lines": 0, "excluded_lines": 0, "percent_statements_covered": 100.0, "percent_statements_covered_display": "100"}, "missing_lines": [], "excluded_lines": [], "start_line": 70}, "ModuleElement.__str__": {"executed_lines": [], "summary": {"covered_lines": 0, "num_statements": 1, "percent_covered": 0.0, "percent_covered_display": "0", "missing_lines": 1, "excluded_lines": 0, "percent_statements_covered": 0.0, "percent_statements_covered_display": "0"}, "missing_lines": [80], "excluded_lines": [], "start_line": 73}, "ModuleElement.__add__": {"executed_lines": [94, 96, 97, 98, 99], "summary": {"covered_lines": 5, "num_statements": 6, "percent_covered": 83.33333333333333, "percent_covered_display": "83", "missing_lines": 1, "excluded_lines": 0, "percent_statements_covered": 83.33333333333333, "percent_statements_covered_display": "83"}, "missing_lines": [95], "excluded_lines": [], "start_line": 82}, "ModuleElement.__sub__": {"executed_lines": [113, 115, 116, 117, 118], "summary": {"covered_lines": 5, "num_statements": 6, "percent_covered": 83.33333333333333, "percent_covered_display": "83", "missing_lines": 1, "excluded_lines": 0, "percent_statements_covered": 83.33333333333333, "percent_statements_covered_display": "83"}, "missing_lines": [114], "excluded_lines": [], "start_line": 101}, "ModuleElement.scalar_mul": {"executed_lines": [133, 134, 135], "summary": {"covered_lines": 3, "num_statements": 3, "percent_covered": 100.0, "percent_covered_display": "100", "missing_lines": 0, "excluded_lines": 0, "percent_statements_covered": 100.0, "percent_statements_covered_display": "100"}, "missing_lines": [], "excluded_lines": [], "start_line": 120}, "ModuleElement.inner_product": {"executed_lines": [155, 157, 158, 160, 161, 162, 163], "summary": {"covered_lines": 7, "num_statements": 8, "percent_covered": 87.5, "percent_covered_display": "88", "missing_lines": 1, "excluded_lines": 0, "percent_statements_covered": 87.5, "percent_statements_covered_display": "88"}, "missing_lines": [156], "excluded_lines": [], "start_line": 137}, "ModuleElement.__rmul__": {"executed_lines": [174], "summary": {"covered_lines": 1, "num_statements": 1, "percent_covered": 100.0, "percent_covered_display": "100", "missing_lines": 0, "excluded_lines": 0, "percent_statements_covered": 100.0, "percent_statements_covered_display": "100"}, "missing_lines": [], "excluded_lines": [], "start_line": 165}, "ModuleElement.__mul__": {"executed_lines": [192, 193, 194], "summary": {"covered_lines": 3, "num_statements": 3, "percent_covered": 100.0, "percent_covered_display": "100", "missing_lines": 0, "excluded_lines": 0, "percent_statements_covered": 100.0, "percent_statements_covered_display": "100"}, "missing_lines": [], "excluded_lines": [], "start_line": 176}, "ModuleElement.inf_norm": {"executed_lines": [210], "summary": {"covered_lines": 1, "num_statements": 1, "percent_covered": 100.0, "percent_covered_display": "100", "missing_lines": 0, "excluded_lines": 0, "percent_statements_covered": 100.0, "percent_statements_covered_display": "100"}, "missing_lines": [], "excluded_lines": [], "start_line": 196}, "ModuleElement.is_small": {"executed_lines": [235, 236, 237], "summary": {"covered_lines": 3, "num_statements": 3, "percent_covered": 100.0, "percent_covered_display": "100", "missing_lines": 0, "excluded_lines": 0, "percent_statements_covered": 100.0, "percent_statements_covered_display": "100"}, "missing_lines": [], "excluded_lines": [], "start_line": 212}, "Module.__init__": {"executed_lines": [259, 261, 262, 263, 265, 266], "summary": {"covered_lines": 6, "num_statements": 8, "percent_covered": 75.0, "percent_covered_display": "75", "missing_lines": 2, "excluded_lines": 0, "percent_statements_covered": 75.0, "percent_statements_covered_display": "75"}, "missing_lines": [260, 264], "excluded_lines": [], "start_line": 248}, "Module.__repr__": {"executed_lines": [], "summary": {"covered_lines": 0, "num_statements": 1, "percent_covered": 0.0, "percent_covered_display": "0", "missing_lines": 1, "excluded_lines": 0, "percent_statements_covered": 0.0, "percent_statements_covered_display": "0"}, "missing_lines": [269], "excluded_lines": [], "start_line": 268}, "Module._coerce_entry": {"executed_lines": [294, 295, 302, 304, 305, 307, 308], "summary": {"covered_lines": 7, "num_statements": 9, "percent_covered": 77.77777777777777, "percent_covered_display": "78", "missing_lines": 2, "excluded_lines": 0, "percent_statements_covered": 77.77777777777777, "percent_statements_covered_display": "78"}, "missing_lines": [299, 310], "excluded_lines": [], "start_line": 276}, "Module._coerce_scalar": {"executed_lines": [332, 333, 340, 342, 343], "summary": {"covered_lines": 5, "num_statements": 9, "percent_covered": 55.55555555555556, "percent_covered_display": "56", "missing_lines": 4, "excluded_lines": 0, "percent_statements_covered": 55.55555555555556, "percent_statements_covered_display": "56"}, "missing_lines": [337, 345, 346, 348], "excluded_lines": [], "start_line": 314}, "Module.element": {"executed_lines": [365], "summary": {"covered_lines": 1, "num_statements": 1, "percent_covered": 100.0, "percent_covered_display": "100", "missing_lines": 0, "excluded_lines": 0, "percent_statements_covered": 100.0, "percent_statements_covered_display": "100"}, "missing_lines": [], "excluded_lines": [], "start_line": 352}, "Module.zero": {"executed_lines": [373], "summary": {"covered_lines": 1, "num_statements": 1, "percent_covered": 100.0, "percent_covered_display": "100", "missing_lines": 0, "excluded_lines": 0, "percent_statements_covered": 100.0, "percent_statements_covered_display": "100"}, "missing_lines": [], "excluded_lines": [], "start_line": 367}, "Module.basis": {"executed_lines": [392, 393, 395, 396, 397], "summary": {"covered_lines": 5, "num_statements": 5, "percent_covered": 100.0, "percent_covered_display": "100", "missing_lines": 0, "excluded_lines": 0, "percent_statements_covered": 100.0, "percent_statements_covered_display": "100"}, "missing_lines": [], "excluded_lines": [], "start_line": 377}, "": {"executed_lines": [21, 24, 32, 57, 60, 67, 70, 73, 82, 101, 120, 137, 165, 176, 196, 212, 240, 248, 268, 276, 314, 352, 367, 377], "summary": {"covered_lines": 24, "num_statements": 24, "percent_covered": 100.0, "percent_covered_display": "100", "missing_lines": 0, "excluded_lines": 0, "percent_statements_covered": 100.0, "percent_statements_covered_display": "100"}, "missing_lines": [], "excluded_lines": [], "start_line": 1}}, "classes": {"ModuleElement": {"executed_lines": [44, 46, 49, 50, 51, 55, 58, 61, 63, 65, 68, 71, 94, 96, 97, 98, 99, 113, 115, 116, 117, 118, 133, 134, 135, 155, 157, 158, 160, 161, 162, 163, 174, 192, 193, 194, 210, 235, 236, 237], "summary": {"covered_lines": 40, "num_statements": 48, "percent_covered": 83.33333333333333, "percent_covered_display": "83", "missing_lines": 8, "excluded_lines": 0, "percent_statements_covered": 83.33333333333333, "percent_statements_covered_display": "83"}, "missing_lines": [45, 47, 62, 64, 80, 95, 114, 156], "excluded_lines": [], "start_line": 24}, "Module": {"executed_lines": [259, 261, 262, 263, 265, 266, 294, 295, 302, 304, 305, 307, 308, 332, 333, 340, 342, 343, 365, 373, 392, 393, 395, 396, 397], "summary": {"covered_lines": 25, "num_statements": 34, "percent_covered": 73.52941176470588, "percent_covered_display": "74", "missing_lines": 9, "excluded_lines": 0, "percent_statements_covered": 73.52941176470588, "percent_statements_covered_display": "74"}, "missing_lines": [260, 264, 269, 299, 310, 337, 345, 346, 348], "excluded_lines": [], "start_line": 240}, "": {"executed_lines": [21, 24, 32, 57, 60, 67, 70, 73, 82, 101, 120, 137, 165, 176, 196, 212, 240, 248, 268, 276, 314, 352, 367, 377], "summary": {"covered_lines": 24, "num_statements": 24, "percent_covered": 100.0, "percent_covered_display": "100", "missing_lines": 0, "excluded_lines": 0, "percent_statements_covered": 100.0, "percent_statements_covered_display": "100"}, "missing_lines": [], "excluded_lines": [], "start_line": 1}}}, "src/core/polynomials.py": {"executed_lines": [21, 24, 32, 41, 42, 43, 44, 46, 48, 49, 52, 53, 55, 56, 60, 61, 63, 68, 69, 71, 72, 74, 75, 76, 78, 80, 82, 84, 93, 94, 95, 98, 100, 107, 108, 109, 110, 111, 113, 114, 115, 116, 117, 118, 120, 121, 122, 123, 124, 126, 138, 140, 141, 143, 144, 145, 146, 147, 148, 149, 151, 163, 165, 166, 168, 169, 170, 171, 172, 173, 174, 176, 189, 192, 193, 195, 196, 197, 198, 201, 204, 211, 217, 219, 228, 230, 239, 241, 250, 252, 261, 264, 274, 283, 284, 285, 286, 287, 288, 289, 292, 293, 295, 297, 298, 304, 305, 307, 313, 314, 316, 317, 319, 320, 321, 322, 323, 325, 327, 329, 344, 347, 349, 350, 353, 354, 356, 357, 359, 360, 361, 364, 365, 367, 369, 376, 377, 378, 379, 380, 382, 383, 384, 385, 386, 387, 389, 390, 391, 392, 393, 395, 404, 405, 406, 409, 411, 423, 425, 426, 428, 429, 430, 431, 432, 433, 434, 436, 448, 450, 453, 454, 455, 456, 457, 458, 459, 461, 474, 475, 477, 478, 481, 482, 483, 484, 489, 491, 507, 509, 532, 533, 534, 537, 545, 553, 554, 555, 556, 557, 558, 560, 561, 563, 572, 574, 583, 585, 594, 596, 605, 607, 613, 615, 621], "summary": {"covered_lines": 215, "num_statements": 230, "percent_covered": 93.47826086956522, "percent_covered_display": "93", "missing_lines": 15, "excluded_lines": 0, "percent_statements_covered": 93.47826086956522, "percent_statements_covered_display": "93"}, "missing_lines": [50, 62, 77, 79, 81, 139, 164, 190, 290, 306, 324, 326, 424, 449, 451], "excluded_lines": [], "functions": {"Polynomial.__init__": {"executed_lines": [41, 42, 43, 44, 46, 48, 49, 52, 53], "summary": {"covered_lines": 9, "num_statements": 10, "percent_covered": 90.0, "percent_covered_display": "90", "missing_lines": 1, "excluded_lines": 0, "percent_statements_covered": 90.0, "percent_statements_covered_display": "90"}, "missing_lines": [50], "excluded_lines": [], "start_line": 32}, "Polynomial.__repr__": {"executed_lines": [56], "summary": {"covered_lines": 1, "num_statements": 1, "percent_covered": 100.0, "percent_covered_display": "100", "missing_lines": 0, "excluded_lines": 0, "percent_statements_covered": 100.0, "percent_statements_covered_display": "100"}, "missing_lines": [], "excluded_lines": [], "start_line": 55}, "Polynomial.__eq__": {"executed_lines": [61, 63], "summary": {"covered_lines": 2, "num_statements": 3, "percent_covered": 66.66666666666667, "percent_covered_display": "67", "missing_lines": 1, "excluded_lines": 0, "percent_statements_covered": 66.66666666666667, "percent_statements_covered_display": "67"}, "missing_lines": [62], "excluded_lines": [], "start_line": 60}, "Polynomial.is_zero": {"executed_lines": [69], "summary": {"covered_lines": 1, "num_statements": 1, "percent_covered": 100.0, "percent_covered_display": "100", "missing_lines": 0, "excluded_lines": 0, "percent_statements_covered": 100.0, "percent_statements_covered_display": "100"}, "missing_lines": [], "excluded_lines": [], "start_line": 68}, "Polynomial.copy": {"executed_lines": [72], "summary": {"covered_lines": 1, "num_statements": 1, "percent_covered": 100.0, "percent_covered_display": "100", "missing_lines": 0, "excluded_lines": 0, "percent_statements_covered": 100.0, "percent_statements_covered_display": "100"}, "missing_lines": [], "excluded_lines": [], "start_line": 71}, "Polynomial.to_coefficients": {"executed_lines": [75, 76, 78, 80, 82], "summary": {"covered_lines": 5, "num_statements": 8, "percent_covered": 62.5, "percent_covered_display": "62", "missing_lines": 3, "excluded_lines": 0, "percent_statements_covered": 62.5, "percent_statements_covered_display": "62"}, "missing_lines": [77, 79, 81], "excluded_lines": [], "start_line": 74}, "Polynomial.__call__": {"executed_lines": [93, 94, 95, 98], "summary": {"covered_lines": 4, "num_statements": 4, "percent_covered": 100.0, "percent_covered_display": "100", "missing_lines": 0, "excluded_lines": 0, "percent_statements_covered": 100.0, "percent_statements_covered_display": "100"}, "missing_lines": [], "excluded_lines": [], "start_line": 84}, "Polynomial.__str__": {"executed_lines": [107, 108, 109, 110, 111, 113, 114, 115, 116, 117, 118, 120, 121, 122, 123, 124], "summary": {"covered_lines": 16, "num_statements": 16, "percent_covered": 100.0, "percent_covered_display": "100", "missing_lines": 0, "excluded_lines": 0, "percent_statements_covered": 100.0, "percent_statements_covered_display": "100"}, "missing_lines": [], "excluded_lines": [], "start_line": 100}, "Polynomial.__add__": {"executed_lines": [138, 140, 141, 143, 144, 145, 146, 147, 148, 149], "summary": {"covered_lines": 10, "num_statements": 11, "percent_covered": 90.9090909090909, "percent_covered_display": "91", "missing_lines": 1, "excluded_lines": 0, "percent_statements_covered": 90.9090909090909, "percent_statements_covered_display": "91"}, "missing_lines": [139], "excluded_lines": [], "start_line": 126}, "Polynomial.__sub__": {"executed_lines": [163, 165, 166, 168, 169, 170, 171, 172, 173, 174], "summary": {"covered_lines": 10, "num_statements": 11, "percent_covered": 90.9090909090909, "percent_covered_display": "91", "missing_lines": 1, "excluded_lines": 0, "percent_statements_covered": 90.9090909090909, "percent_statements_covered_display": "91"}, "missing_lines": [164], "excluded_lines": [], "start_line": 151}, "Polynomial.__mul__": {"executed_lines": [189, 192, 193, 195, 196, 197, 198, 201], "summary": {"covered_lines": 8, "num_statements": 9, "percent_covered": 88.88888888888889, "percent_covered_display": "89", "missing_lines": 1, "excluded_lines": 0, "percent_statements_covered": 88.88888888888889, "percent_statements_covered_display": "89"}, "missing_lines": [190], "excluded_lines": [], "start_line": 176}, "PolynomialRing.__init__": {"executed_lines": [217], "summary": {"covered_lines": 1, "num_statements": 1, "percent_covered": 100.0, "percent_covered_display": "100", "missing_lines": 0, "excluded_lines": 0, "percent_statements_covered": 100.0, "percent_statements_covered_display": "100"}, "missing_lines": [], "excluded_lines": [], "start_line": 211}, "PolynomialRing.polynomial": {"executed_lines": [228], "summary": {"covered_lines": 1, "num_statements": 1, "percent_covered": 100.0, "percent_covered_display": "100", "missing_lines": 0, "excluded_lines": 0, "percent_statements_covered": 100.0, "percent_statements_covered_display": "100"}, "missing_lines": [], "excluded_lines": [], "start_line": 219}, "PolynomialRing.add": {"executed_lines": [239], "summary": {"covered_lines": 1, "num_statements": 1, "percent_covered": 100.0, "percent_covered_display": "100", "missing_lines": 0, "excluded_lines": 0, "percent_statements_covered": 100.0, "percent_statements_covered_display": "100"}, "missing_lines": [], "excluded_lines": [], "start_line": 230}, "PolynomialRing.sub": {"executed_lines": [250], "summary": {"covered_lines": 1, "num_statements": 1, "percent_covered": 100.0, "percent_covered_display": "100", "missing_lines": 0, "excluded_lines": 0, "percent_statements_covered": 100.0, "percent_statements_covered_display": "100"}, "missing_lines": [], "excluded_lines": [], "start_line": 241}, "PolynomialRing.mul": {"executed_lines": [261], "summary": {"covered_lines": 1, "num_statements": 1, "percent_covered": 100.0, "percent_covered_display": "100", "missing_lines": 0, "excluded_lines": 0, "percent_statements_covered": 100.0, "percent_statements_covered_display": "100"}, "missing_lines": [], "excluded_lines": [], "start_line": 252}, "QuotientPolynomial.__init__": {"executed_lines": [283, 284, 285, 286, 287, 288, 289, 292, 293, 295], "summary": {"covered_lines": 10, "num_statements": 11, "percent_covered": 90.9090909090909, "percent_covered_display": "91", "missing_lines": 1, "excluded_lines": 0, "percent_statements_covered": 90.9090909090909, "percent_statements_covered_display": "91"}, "missing_lines": [290], "excluded_lines": [], "start_line": 274}, "QuotientPolynomial.__repr__": {"executed_lines": [298], "summary": {"covered_lines": 1, "num_statements": 1, "percent_covered": 100.0, "percent_covered_display": "100", "missing_lines": 0, "excluded_lines": 0, "percent_statements_covered": 100.0, "percent_statements_covered_display": "100"}, "missing_lines": [], "excluded_lines": [], "start_line": 297}, "QuotientPolynomial.__eq__": {"executed_lines": [305, 307], "summary": {"covered_lines": 2, "num_statements": 3, "percent_covered": 66.66666666666667, "percent_covered_display": "67", "missing_lines": 1, "excluded_lines": 0, "percent_statements_covered": 66.66666666666667, "percent_statements_covered_display": "67"}, "missing_lines": [306], "excluded_lines": [], "start_line": 304}, "QuotientPolynomial.is_zero": {"executed_lines": [314], "summary": {"covered_lines": 1, "num_statements": 1, "percent_covered": 100.0, "percent_covered_display": "100", "missing_lines": 0, "excluded_lines": 0, "percent_statements_covered": 100.0, "percent_statements_covered_display": "100"}, "missing_lines": [], "excluded_lines": [], "start_line": 313}, "QuotientPolynomial.copy": {"executed_lines": [317], "summary": {"covered_lines": 1, "num_statements": 1, "percent_covered": 100.0, "percent_covered_display": "100", "missing_lines": 0, "excluded_lines": 0, "percent_statements_covered": 100.0, "percent_statements_covered_display": "100"}, "missing_lines": [], "excluded_lines": [], "start_line": 316}, "QuotientPolynomial.to_coefficients": {"executed_lines": [320, 321, 322, 323, 325, 327], "summary": {"covered_lines": 6, "num_statements": 8, "percent_covered": 75.0, "percent_covered_display": "75", "missing_lines": 2, "excluded_lines": 0, "percent_statements_covered": 75.0, "percent_statements_covered_display": "75"}, "missing_lines": [324, 326], "excluded_lines": [], "start_line": 319}, "QuotientPolynomial._reduce": {"executed_lines": [344, 347, 349, 350, 353, 354, 356, 357, 359, 360, 361, 364, 365, 367], "summary": {"covered_lines": 14, "num_statements": 14, "percent_covered": 100.0, "percent_covered_display": "100", "missing_lines": 0, "excluded_lines": 0, "percent_statements_covered": 100.0, "percent_statements_covered_display": "100"}, "missing_lines": [], "excluded_lines": [], "start_line": 329}, "QuotientPolynomial.__str__": {"executed_lines": [376, 377, 378, 379, 380, 382, 383, 384, 385, 386, 387, 389, 390, 391, 392, 393], "summary": {"covered_lines": 16, "num_statements": 16, "percent_covered": 100.0, "percent_covered_display": "100", "missing_lines": 0, "excluded_lines": 0, "percent_statements_covered": 100.0, "percent_statements_covered_display": "100"}, "missing_lines": [], "excluded_lines": [], "start_line": 369}, "QuotientPolynomial.__call__": {"executed_lines": [404, 405, 406, 409], "summary": {"covered_lines": 4, "num_statements": 4, "percent_covered": 100.0, "percent_covered_display": "100", "missing_lines": 0, "excluded_lines": 0, "percent_statements_covered": 100.0, "percent_statements_covered_display": "100"}, "missing_lines": [], "excluded_lines": [], "start_line": 395}, "QuotientPolynomial.__add__": {"executed_lines": [423, 425, 426, 428, 429, 430, 431, 432, 433, 434], "summary": {"covered_lines": 10, "num_statements": 11, "percent_covered": 90.9090909090909, "percent_covered_display": "91", "missing_lines": 1, "excluded_lines": 0, "percent_statements_covered": 90.9090909090909, "percent_statements_covered_display": "91"}, "missing_lines": [424], "excluded_lines": [], "start_line": 411}, "QuotientPolynomial.__sub__": {"executed_lines": [448, 450, 453, 454, 455, 456, 457, 458, 459], "summary": {"covered_lines": 9, "num_statements": 11, "percent_covered": 81.81818181818181, "percent_covered_display": "82", "missing_lines": 2, "excluded_lines": 0, "percent_statements_covered": 81.81818181818181, "percent_statements_covered_display": "82"}, "missing_lines": [449, 451], "excluded_lines": [], "start_line": 436}, "QuotientPolynomial.__mul__": {"executed_lines": [474, 475, 477, 478, 481, 482, 483, 484, 489], "summary": {"covered_lines": 9, "num_statements": 9, "percent_covered": 100.0, "percent_covered_display": "100", "missing_lines": 0, "excluded_lines": 0, "percent_statements_covered": 100.0, "percent_statements_covered_display": "100"}, "missing_lines": [], "excluded_lines": [], "start_line": 461}, "QuotientPolynomial.inf_norm": {"executed_lines": [507], "summary": {"covered_lines": 1, "num_statements": 1, "percent_covered": 100.0, "percent_covered_display": "100", "missing_lines": 0, "excluded_lines": 0, "percent_statements_covered": 100.0, "percent_statements_covered_display": "100"}, "missing_lines": [], "excluded_lines": [], "start_line": 491}, "QuotientPolynomial.is_small": {"executed_lines": [532, 533, 534], "summary": {"covered_lines": 3, "num_statements": 3, "percent_covered": 100.0, "percent_covered_display": "100", "missing_lines": 0, "excluded_lines": 0, "percent_statements_covered": 100.0, "percent_statements_covered_display": "100"}, "missing_lines": [], "excluded_lines": [], "start_line": 509}, "QuotientPolynomialRing.__init__": {"executed_lines": [553, 554, 555, 556, 557, 558, 560, 561], "summary": {"covered_lines": 8, "num_statements": 8, "percent_covered": 100.0, "percent_covered_display": "100", "missing_lines": 0, "excluded_lines": 0, "percent_statements_covered": 100.0, "percent_statements_covered_display": "100"}, "missing_lines": [], "excluded_lines": [], "start_line": 545}, "QuotientPolynomialRing.polynomial": {"executed_lines": [572], "summary": {"covered_lines": 1, "num_statements": 1, "percent_covered": 100.0, "percent_covered_display": "100", "missing_lines": 0, "excluded_lines": 0, "percent_statements_covered": 100.0, "percent_statements_covered_display": "100"}, "missing_lines": [], "excluded_lines": [], "start_line": 563}, "QuotientPolynomialRing.add": {"executed_lines": [583], "summary": {"covered_lines": 1, "num_statements": 1, "percent_covered": 100.0, "percent_covered_display": "100", "missing_lines": 0, "excluded_lines": 0, "percent_statements_covered": 100.0, "percent_statements_covered_display": "100"}, "missing_lines": [], "excluded_lines": [], "start_line": 574}, "QuotientPolynomialRing.sub": {"executed_lines": [594], "summary": {"covered_lines": 1, "num_statements": 1, "percent_covered": 100.0, "percent_covered_display": "100", "missing_lines": 0, "excluded_lines": 0, "percent_statements_covered": 100.0, "percent_statements_covered_display": "100"}, "missing_lines": [], "excluded_lines": [], "start_line": 585}, "QuotientPolynomialRing.mul": {"executed_lines": [605], "summary": {"covered_lines": 1, "num_statements": 1, "percent_covered": 100.0, "percent_covered_display": "100", "missing_lines": 0, "excluded_lines": 0, "percent_statements_covered": 100.0, "percent_statements_covered_display": "100"}, "missing_lines": [], "excluded_lines": [], "start_line": 596}, "QuotientPolynomialRing.zero": {"executed_lines": [613], "summary": {"covered_lines": 1, "num_statements": 1, "percent_covered": 100.0, "percent_covered_display": "100", "missing_lines": 0, "excluded_lines": 0, "percent_statements_covered": 100.0, "percent_statements_covered_display": "100"}, "missing_lines": [], "excluded_lines": [], "start_line": 607}, "QuotientPolynomialRing.one": {"executed_lines": [621], "summary": {"covered_lines": 1, "num_statements": 1, "percent_covered": 100.0, "percent_covered_display": "100", "missing_lines": 0, "excluded_lines": 0, "percent_statements_covered": 100.0, "percent_statements_covered_display": "100"}, "missing_lines": [], "excluded_lines": [], "start_line": 615}, "": {"executed_lines": [21, 24, 32, 55, 60, 68, 71, 74, 84, 100, 126, 151, 176, 204, 211, 219, 230, 241, 252, 264, 274, 297, 304, 313, 316, 319, 329, 369, 395, 411, 436, 461, 491, 509, 537, 545, 563, 574, 585, 596, 607, 615], "summary": {"covered_lines": 42, "num_statements": 42, "percent_covered": 100.0, "percent_covered_display": "100", "missing_lines": 0, "excluded_lines": 0, "percent_statements_covered": 100.0, "percent_statements_covered_display": "100"}, "missing_lines": [], "excluded_lines": [], "start_line": 1}}, "classes": {"Polynomial": {"executed_lines": [41, 42, 43, 44, 46, 48, 49, 52, 53, 56, 61, 63, 69, 72, 75, 76, 78, 80, 82, 93, 94, 95, 98, 107, 108, 109, 110, 111, 113, 114, 115, 116, 117, 118, 120, 121, 122, 123, 124, 138, 140, 141, 143, 144, 145, 146, 147, 148, 149, 163, 165, 166, 168, 169, 170, 171, 172, 173, 174, 189, 192, 193, 195, 196, 197, 198, 201], "summary": {"covered_lines": 67, "num_statements": 75, "percent_covered": 89.33333333333333, "percent_covered_display": "89", "missing_lines": 8, "excluded_lines": 0, "percent_statements_covered": 89.33333333333333, "percent_statements_covered_display": "89"}, "missing_lines": [50, 62, 77, 79, 81, 139, 164, 190], "excluded_lines": [], "start_line": 24}, "PolynomialRing": {"executed_lines": [217, 228, 239, 250, 261], "summary": {"covered_lines": 5, "num_statements": 5, "percent_covered": 100.0, "percent_covered_display": "100", "missing_lines": 0, "excluded_lines": 0, "percent_statements_covered": 100.0, "percent_statements_covered_display": "100"}, "missing_lines": [], "excluded_lines": [], "start_line": 204}, "QuotientPolynomial": {"executed_lines": [283, 284, 285, 286, 287, 288, 289, 292, 293, 295, 298, 305, 307, 314, 317, 320, 321, 322, 323, 325, 327, 344, 347, 349, 350, 353, 354, 356, 357, 359, 360, 361, 364, 365, 367, 376, 377, 378, 379, 380, 382, 383, 384, 385, 386, 387, 389, 390, 391, 392, 393, 404, 405, 406, 409, 423, 425, 426, 428, 429, 430, 431, 432, 433, 434, 448, 450, 453, 454, 455, 456, 457, 458, 459, 474, 475, 477, 478, 481, 482, 483, 484, 489, 507, 532, 533, 534], "summary": {"covered_lines": 87, "num_statements": 94, "percent_covered": 92.55319148936171, "percent_covered_display": "93", "missing_lines": 7, "excluded_lines": 0, "percent_statements_covered": 92.55319148936171, "percent_statements_covered_display": "93"}, "missing_lines": [290, 306, 324, 326, 424, 449, 451], "excluded_lines": [], "start_line": 264}, "QuotientPolynomialRing": {"executed_lines": [553, 554, 555, 556, 557, 558, 560, 561, 572, 583, 594, 605, 613, 621], "summary": {"covered_lines": 14, "num_statements": 14, "percent_covered": 100.0, "percent_covered_display": "100", "missing_lines": 0, "excluded_lines": 0, "percent_statements_covered": 100.0, "percent_statements_covered_display": "100"}, "missing_lines": [], "excluded_lines": [], "start_line": 537}, "": {"executed_lines": [21, 24, 32, 55, 60, 68, 71, 74, 84, 100, 126, 151, 176, 204, 211, 219, 230, 241, 252, 264, 274, 297, 304, 313, 316, 319, 329, 369, 395, 411, 436, 461, 491, 509, 537, 545, 563, 574, 585, 596, 607, 615], "summary": {"covered_lines": 42, "num_statements": 42, "percent_covered": 100.0, "percent_covered_display": "100", "missing_lines": 0, "excluded_lines": 0, "percent_statements_covered": 100.0, "percent_statements_covered_display": "100"}, "missing_lines": [], "excluded_lines": [], "start_line": 1}}}, "src/core/sampling.py": {"executed_lines": [7, 8, 9, 11, 12, 15, 17, 20, 22, 25, 26, 29, 33, 35, 38, 39, 42, 46, 48, 51, 52, 55, 64, 66, 69, 70, 71, 72, 73, 74, 75, 78, 82, 85, 88, 103, 106, 107, 110, 111, 115, 118, 122, 125, 129, 132, 139, 142, 146, 149, 156, 159, 165, 174, 177], "summary": {"covered_lines": 55, "num_statements": 68, "percent_covered": 80.88235294117646, "percent_covered_display": "81", "missing_lines": 13, "excluded_lines": 0, "percent_statements_covered": 80.88235294117646, "percent_statements_covered_display": "81"}, "missing_lines": [23, 34, 36, 47, 49, 65, 67, 104, 113, 123, 140, 157, 175], "excluded_lines": [], "functions": {"_resolve_rng": {"executed_lines": [17], "summary": {"covered_lines": 1, "num_statements": 1, "percent_covered": 100.0, "percent_covered_display": "100", "missing_lines": 0, "excluded_lines": 0, "percent_statements_covered": 100.0, "percent_statements_covered_display": "100"}, "missing_lines": [], "excluded_lines": [], "start_line": 15}, "make_deterministic_rng": {"executed_lines": [22, 25, 26], "summary": {"covered_lines": 3, "num_statements": 4, "percent_covered": 75.0, "percent_covered_display": "75", "missing_lines": 1, "excluded_lines": 0, "percent_statements_covered": 75.0, "percent_statements_covered_display": "75"}, "missing_lines": [23], "excluded_lines": [], "start_line": 20}, "sample_uniform_coefficients": {"executed_lines": [33, 35, 38, 39], "summary": {"covered_lines": 4, "num_statements": 6, "percent_covered": 66.66666666666667, "percent_covered_display": "67", "missing_lines": 2, "excluded_lines": 0, "percent_statements_covered": 66.66666666666667, "percent_statements_covered_display": "67"}, "missing_lines": [34, 36], "excluded_lines": [], "start_line": 29}, "sample_small_coefficients": {"executed_lines": [46, 48, 51, 52], "summary": {"covered_lines": 4, "num_statements": 6, "percent_covered": 66.66666666666667, "percent_covered_display": "67", "missing_lines": 2, "excluded_lines": 0, "percent_statements_covered": 66.66666666666667, "percent_statements_covered_display": "67"}, "missing_lines": [47, 49], "excluded_lines": [], "start_line": 42}, "sample_centered_binomial_coefficients": {"executed_lines": [64, 66, 69, 70, 71, 72, 73, 74, 75], "summary": {"covered_lines": 9, "num_statements": 11, "percent_covered": 81.81818181818181, "percent_covered_display": "82", "missing_lines": 2, "excluded_lines": 0, "percent_statements_covered": 81.81818181818181, "percent_statements_covered_display": "82"}, "missing_lines": [65, 67], "excluded_lines": [], "start_line": 55}, "sample_uniform_polynomial": {"executed_lines": [82, 85], "summary": {"covered_lines": 2, "num_statements": 2, "percent_covered": 100.0, "percent_covered_display": "100", "missing_lines": 0, "excluded_lines": 0, "percent_statements_covered": 100.0, "percent_statements_covered_display": "100"}, "missing_lines": [], "excluded_lines": [], "start_line": 78}, "sample_small_polynomial": {"executed_lines": [103, 106, 107, 110, 111, 115], "summary": {"covered_lines": 6, "num_statements": 8, "percent_covered": 75.0, "percent_covered_display": "75", "missing_lines": 2, "excluded_lines": 0, "percent_statements_covered": 75.0, "percent_statements_covered_display": "75"}, "missing_lines": [104, 113], "excluded_lines": [], "start_line": 88}, "sample_uniform_vector": {"executed_lines": [122, 125, 129], "summary": {"covered_lines": 3, "num_statements": 4, "percent_covered": 75.0, "percent_covered_display": "75", "missing_lines": 1, "excluded_lines": 0, "percent_statements_covered": 75.0, "percent_statements_covered_display": "75"}, "missing_lines": [123], "excluded_lines": [], "start_line": 118}, "sample_small_vector": {"executed_lines": [139, 142, 146], "summary": {"covered_lines": 3, "num_statements": 4, "percent_covered": 75.0, "percent_covered_display": "75", "missing_lines": 1, "excluded_lines": 0, "percent_statements_covered": 75.0, "percent_statements_covered_display": "75"}, "missing_lines": [140], "excluded_lines": [], "start_line": 132}, "sample_uniform_matrix": {"executed_lines": [156, 159], "summary": {"covered_lines": 2, "num_statements": 3, "percent_covered": 66.66666666666667, "percent_covered_display": "67", "missing_lines": 1, "excluded_lines": 0, "percent_statements_covered": 66.66666666666667, "percent_statements_covered_display": "67"}, "missing_lines": [157], "excluded_lines": [], "start_line": 149}, "sample_small_matrix": {"executed_lines": [174, 177], "summary": {"covered_lines": 2, "num_statements": 3, "percent_covered": 66.66666666666667, "percent_covered_display": "67", "missing_lines": 1, "excluded_lines": 0, "percent_statements_covered": 66.66666666666667, "percent_statements_covered_display": "67"}, "missing_lines": [175], "excluded_lines": [], "start_line": 165}, "": {"executed_lines": [7, 8, 9, 11, 12, 15, 20, 29, 42, 55, 78, 88, 118, 132, 149, 165], "summary": {"covered_lines": 16, "num_statements": 16, "percent_covered": 100.0, "percent_covered_display": "100", "missing_lines": 0, "excluded_lines": 0, "percent_statements_covered": 100.0, "percent_statements_covered_display": "100"}, "missing_lines": [], "excluded_lines": [], "start_line": 1}}, "classes": {"": {"executed_lines": [7, 8, 9, 11, 12, 15, 17, 20, 22, 25, 26, 29, 33, 35, 38, 39, 42, 46, 48, 51, 52, 55, 64, 66, 69, 70, 71, 72, 73, 74, 75, 78, 82, 85, 88, 103, 106, 107, 110, 111, 115, 118, 122, 125, 129, 132, 139, 142, 146, 149, 156, 159, 165, 174, 177], "summary": {"covered_lines": 55, "num_statements": 68, "percent_covered": 80.88235294117646, "percent_covered_display": "81", "missing_lines": 13, "excluded_lines": 0, "percent_statements_covered": 80.88235294117646, "percent_statements_covered_display": "81"}, "missing_lines": [23, 34, 36, 47, 49, 65, 67, 104, 113, 123, 140, 157, 175], "excluded_lines": [], "start_line": 1}}}, "src/core/serialization.py": {"executed_lines": [7, 9, 10, 11, 14, 17, 18, 20, 21, 23, 24, 28, 30, 40, 41, 42, 45, 47, 49, 50, 53, 54, 55, 57, 58, 60, 63, 65, 66, 67, 72, 74, 75, 85, 87, 89, 90, 93, 94, 95, 96, 99, 101, 104, 106, 108, 111, 113, 116, 118, 120], "summary": {"covered_lines": 51, "num_statements": 61, "percent_covered": 83.60655737704919, "percent_covered_display": "84", "missing_lines": 10, "excluded_lines": 0, "percent_statements_covered": 83.60655737704919, "percent_statements_covered_display": "84"}, "missing_lines": [19, 22, 25, 48, 51, 61, 69, 91, 107, 119], "excluded_lines": [], "functions": {"_validate_payload_type": {"executed_lines": [18, 20, 21, 23, 24], "summary": {"covered_lines": 5, "num_statements": 8, "percent_covered": 62.5, "percent_covered_display": "62", "missing_lines": 3, "excluded_lines": 0, "percent_statements_covered": 62.5, "percent_statements_covered_display": "62"}, "missing_lines": [19, 22, 25], "excluded_lines": [], "start_line": 17}, "polynomial_to_dict": {"executed_lines": [30, 40, 41, 42], "summary": {"covered_lines": 4, "num_statements": 4, "percent_covered": 100.0, "percent_covered_display": "100", "missing_lines": 0, "excluded_lines": 0, "percent_statements_covered": 100.0, "percent_statements_covered_display": "100"}, "missing_lines": [], "excluded_lines": [], "start_line": 28}, "polynomial_from_dict": {"executed_lines": [47, 49, 50, 53, 54, 55, 57, 58, 60, 63, 65, 66, 67], "summary": {"covered_lines": 13, "num_statements": 17, "percent_covered": 76.47058823529412, "percent_covered_display": "76", "missing_lines": 4, "excluded_lines": 0, "percent_statements_covered": 76.47058823529412, "percent_statements_covered_display": "76"}, "missing_lines": [48, 51, 61, 69], "excluded_lines": [], "start_line": 45}, "module_element_to_dict": {"executed_lines": [74, 75], "summary": {"covered_lines": 2, "num_statements": 2, "percent_covered": 100.0, "percent_covered_display": "100", "missing_lines": 0, "excluded_lines": 0, "percent_statements_covered": 100.0, "percent_statements_covered_display": "100"}, "missing_lines": [], "excluded_lines": [], "start_line": 72}, "module_element_from_dict": {"executed_lines": [87, 89, 90, 93, 94, 95, 96], "summary": {"covered_lines": 7, "num_statements": 8, "percent_covered": 87.5, "percent_covered_display": "88", "missing_lines": 1, "excluded_lines": 0, "percent_statements_covered": 87.5, "percent_statements_covered_display": "88"}, "missing_lines": [91], "excluded_lines": [], "start_line": 85}, "to_json": {"executed_lines": [101], "summary": {"covered_lines": 1, "num_statements": 1, "percent_covered": 100.0, "percent_covered_display": "100", "missing_lines": 0, "excluded_lines": 0, "percent_statements_covered": 100.0, "percent_statements_covered_display": "100"}, "missing_lines": [], "excluded_lines": [], "start_line": 99}, "from_json": {"executed_lines": [106, 108], "summary": {"covered_lines": 2, "num_statements": 3, "percent_covered": 66.66666666666667, "percent_covered_display": "67", "missing_lines": 1, "excluded_lines": 0, "percent_statements_covered": 66.66666666666667, "percent_statements_covered_display": "67"}, "missing_lines": [107], "excluded_lines": [], "start_line": 104}, "to_bytes": {"executed_lines": [113], "summary": {"covered_lines": 1, "num_statements": 1, "percent_covered": 100.0, "percent_covered_display": "100", "missing_lines": 0, "excluded_lines": 0, "percent_statements_covered": 100.0, "percent_statements_covered_display": "100"}, "missing_lines": [], "excluded_lines": [], "start_line": 111}, "from_bytes": {"executed_lines": [118, 120], "summary": {"covered_lines": 2, "num_statements": 3, "percent_covered": 66.66666666666667, "percent_covered_display": "67", "missing_lines": 1, "excluded_lines": 0, "percent_statements_covered": 66.66666666666667, "percent_statements_covered_display": "67"}, "missing_lines": [119], "excluded_lines": [], "start_line": 116}, "": {"executed_lines": [7, 9, 10, 11, 14, 17, 28, 45, 72, 85, 99, 104, 111, 116], "summary": {"covered_lines": 14, "num_statements": 14, "percent_covered": 100.0, "percent_covered_display": "100", "missing_lines": 0, "excluded_lines": 0, "percent_statements_covered": 100.0, "percent_statements_covered_display": "100"}, "missing_lines": [], "excluded_lines": [], "start_line": 1}}, "classes": {"": {"executed_lines": [7, 9, 10, 11, 14, 17, 18, 20, 21, 23, 24, 28, 30, 40, 41, 42, 45, 47, 49, 50, 53, 54, 55, 57, 58, 60, 63, 65, 66, 67, 72, 74, 75, 85, 87, 89, 90, 93, 94, 95, 96, 99, 101, 104, 106, 108, 111, 113, 116, 118, 120], "summary": {"covered_lines": 51, "num_statements": 61, "percent_covered": 83.60655737704919, "percent_covered_display": "84", "missing_lines": 10, "excluded_lines": 0, "percent_statements_covered": 83.60655737704919, "percent_statements_covered_display": "84"}, "missing_lines": [19, 22, 25, 48, 51, 61, 69, 91, 107, 119], "excluded_lines": [], "start_line": 1}}}, "tests/test_core_utils.py": {"executed_lines": [1, 3, 4, 5, 6, 13, 24, 25, 26, 27, 28, 30, 31, 32, 33, 35, 36, 37, 38, 39, 41, 42, 45, 47, 48, 51, 52, 54, 55, 63, 64, 67, 68, 69, 70, 71, 72, 73, 75, 76, 77, 78, 79, 81, 82, 83, 84, 85, 87, 88, 89, 90, 91, 93, 94, 95, 96, 97, 100], "summary": {"covered_lines": 59, "num_statements": 60, "percent_covered": 98.33333333333333, "percent_covered_display": "98", "missing_lines": 1, "excluded_lines": 0, "percent_statements_covered": 98.33333333333333, "percent_statements_covered_display": "98"}, "missing_lines": [101], "excluded_lines": [], "functions": {"TestSamplingUtilities.setUp": {"executed_lines": [26, 27, 28], "summary": {"covered_lines": 3, "num_statements": 3, "percent_covered": 100.0, "percent_covered_display": "100", "missing_lines": 0, "excluded_lines": 0, "percent_statements_covered": 100.0, "percent_statements_covered_display": "100"}, "missing_lines": [], "excluded_lines": [], "start_line": 25}, "TestSamplingUtilities.test_deterministic_rng_reproducible": {"executed_lines": [31, 32, 33], "summary": {"covered_lines": 3, "num_statements": 3, "percent_covered": 100.0, "percent_covered_display": "100", "missing_lines": 0, "excluded_lines": 0, "percent_statements_covered": 100.0, "percent_statements_covered_display": "100"}, "missing_lines": [], "excluded_lines": [], "start_line": 30}, "TestSamplingUtilities.test_uniform_vector_shape": {"executed_lines": [36, 37, 38, 39], "summary": {"covered_lines": 4, "num_statements": 4, "percent_covered": 100.0, "percent_covered_display": "100", "missing_lines": 0, "excluded_lines": 0, "percent_statements_covered": 100.0, "percent_statements_covered_display": "100"}, "missing_lines": [], "excluded_lines": [], "start_line": 35}, "TestSamplingUtilities.test_small_vector_shape": {"executed_lines": [42, 45], "summary": {"covered_lines": 2, "num_statements": 2, "percent_covered": 100.0, "percent_covered_display": "100", "missing_lines": 0, "excluded_lines": 0, "percent_statements_covered": 100.0, "percent_statements_covered_display": "100"}, "missing_lines": [], "excluded_lines": [], "start_line": 41}, "TestSamplingUtilities.test_uniform_matrix_shape": {"executed_lines": [48, 51, 52], "summary": {"covered_lines": 3, "num_statements": 3, "percent_covered": 100.0, "percent_covered_display": "100", "missing_lines": 0, "excluded_lines": 0, "percent_statements_covered": 100.0, "percent_statements_covered_display": "100"}, "missing_lines": [], "excluded_lines": [], "start_line": 47}, "TestSamplingUtilities.test_small_matrix_shape": {"executed_lines": [55, 63, 64], "summary": {"covered_lines": 3, "num_statements": 3, "percent_covered": 100.0, "percent_covered_display": "100", "missing_lines": 0, "excluded_lines": 0, "percent_statements_covered": 100.0, "percent_statements_covered_display": "100"}, "missing_lines": [], "excluded_lines": [], "start_line": 54}, "TestSerializationUtilities.setUp": {"executed_lines": [69, 70, 71, 72, 73], "summary": {"covered_lines": 5, "num_statements": 5, "percent_covered": 100.0, "percent_covered_display": "100", "missing_lines": 0, "excluded_lines": 0, "percent_statements_covered": 100.0, "percent_statements_covered_display": "100"}, "missing_lines": [], "excluded_lines": [], "start_line": 68}, "TestSerializationUtilities.test_polynomial_roundtrip": {"executed_lines": [76, 77, 78, 79], "summary": {"covered_lines": 4, "num_statements": 4, "percent_covered": 100.0, "percent_covered_display": "100", "missing_lines": 0, "excluded_lines": 0, "percent_statements_covered": 100.0, "percent_statements_covered_display": "100"}, "missing_lines": [], "excluded_lines": [], "start_line": 75}, "TestSerializationUtilities.test_module_element_roundtrip": {"executed_lines": [82, 83, 84, 85], "summary": {"covered_lines": 4, "num_statements": 4, "percent_covered": 100.0, "percent_covered_display": "100", "missing_lines": 0, "excluded_lines": 0, "percent_statements_covered": 100.0, "percent_statements_covered_display": "100"}, "missing_lines": [], "excluded_lines": [], "start_line": 81}, "TestSerializationUtilities.test_bytes_roundtrip": {"executed_lines": [88, 89, 90, 91], "summary": {"covered_lines": 4, "num_statements": 4, "percent_covered": 100.0, "percent_covered_display": "100", "missing_lines": 0, "excluded_lines": 0, "percent_statements_covered": 100.0, "percent_statements_covered_display": "100"}, "missing_lines": [], "excluded_lines": [], "start_line": 87}, "TestSerializationUtilities.test_reject_invalid_schema_version": {"executed_lines": [94, 95, 96, 97], "summary": {"covered_lines": 4, "num_statements": 4, "percent_covered": 100.0, "percent_covered_display": "100", "missing_lines": 0, "excluded_lines": 0, "percent_statements_covered": 100.0, "percent_statements_covered_display": "100"}, "missing_lines": [], "excluded_lines": [], "start_line": 93}, "": {"executed_lines": [1, 3, 4, 5, 6, 13, 24, 25, 30, 35, 41, 47, 54, 67, 68, 75, 81, 87, 93, 100], "summary": {"covered_lines": 20, "num_statements": 21, "percent_covered": 95.23809523809524, "percent_covered_display": "95", "missing_lines": 1, "excluded_lines": 0, "percent_statements_covered": 95.23809523809524, "percent_statements_covered_display": "95"}, "missing_lines": [101], "excluded_lines": [], "start_line": 1}}, "classes": {"TestSamplingUtilities": {"executed_lines": [26, 27, 28, 31, 32, 33, 36, 37, 38, 39, 42, 45, 48, 51, 52, 55, 63, 64], "summary": {"covered_lines": 18, "num_statements": 18, "percent_covered": 100.0, "percent_covered_display": "100", "missing_lines": 0, "excluded_lines": 0, "percent_statements_covered": 100.0, "percent_statements_covered_display": "100"}, "missing_lines": [], "excluded_lines": [], "start_line": 24}, "TestSerializationUtilities": {"executed_lines": [69, 70, 71, 72, 73, 76, 77, 78, 79, 82, 83, 84, 85, 88, 89, 90, 91, 94, 95, 96, 97], "summary": {"covered_lines": 21, "num_statements": 21, "percent_covered": 100.0, "percent_covered_display": "100", "missing_lines": 0, "excluded_lines": 0, "percent_statements_covered": 100.0, "percent_statements_covered_display": "100"}, "missing_lines": [], "excluded_lines": [], "start_line": 67}, "": {"executed_lines": [1, 3, 4, 5, 6, 13, 24, 25, 30, 35, 41, 47, 54, 67, 68, 75, 81, 87, 93, 100], "summary": {"covered_lines": 20, "num_statements": 21, "percent_covered": 95.23809523809524, "percent_covered_display": "95", "missing_lines": 1, "excluded_lines": 0, "percent_statements_covered": 95.23809523809524, "percent_statements_covered_display": "95"}, "missing_lines": [101], "excluded_lines": [], "start_line": 1}}}, "tests/test_integers.py": {"executed_lines": [1, 2, 3, 6, 8, 11, 14, 16, 17, 18, 20, 22, 23, 25, 26, 27, 28, 29, 30, 31, 33, 34, 35, 36, 38, 40, 41, 42, 43, 45, 47, 48, 49, 50, 52, 54, 55, 56, 57, 59, 61, 62, 63, 64, 66, 68, 69, 70, 71, 73, 75, 77, 78, 79, 80, 81, 83, 85, 87, 88, 89, 91, 93, 94, 95, 98, 101, 103, 104, 105, 106, 107, 108, 109, 111, 113, 114, 115, 116, 117, 119, 121, 122, 123, 124, 127, 128, 130, 132, 133, 136, 139, 141, 143, 144, 145, 146, 148, 149, 150, 151, 152, 153, 154, 156, 157, 158, 159, 162], "summary": {"covered_lines": 109, "num_statements": 110, "percent_covered": 99.0909090909091, "percent_covered_display": "99", "missing_lines": 1, "excluded_lines": 0, "percent_statements_covered": 99.0909090909091, "percent_statements_covered_display": "99"}, "missing_lines": [163], "excluded_lines": [], "functions": {"TestIntegersRing.setUp": {"executed_lines": [16, 17, 18], "summary": {"covered_lines": 3, "num_statements": 3, "percent_covered": 100.0, "percent_covered_display": "100", "missing_lines": 0, "excluded_lines": 0, "percent_statements_covered": 100.0, "percent_statements_covered_display": "100"}, "missing_lines": [], "excluded_lines": [], "start_line": 14}, "TestIntegersRing.test_init": {"executed_lines": [22, 23], "summary": {"covered_lines": 2, "num_statements": 2, "percent_covered": 100.0, "percent_covered_display": "100", "missing_lines": 0, "excluded_lines": 0, "percent_statements_covered": 100.0, "percent_statements_covered_display": "100"}, "missing_lines": [], "excluded_lines": [], "start_line": 20}, "TestIntegersRing.test_init_invalid_modulus_raises": {"executed_lines": [26, 27, 28, 29, 30, 31], "summary": {"covered_lines": 6, "num_statements": 6, "percent_covered": 100.0, "percent_covered_display": "100", "missing_lines": 0, "excluded_lines": 0, "percent_statements_covered": 100.0, "percent_statements_covered_display": "100"}, "missing_lines": [], "excluded_lines": [], "start_line": 25}, "TestIntegersRing.test_repr_and_eq": {"executed_lines": [34, 35, 36], "summary": {"covered_lines": 3, "num_statements": 3, "percent_covered": 100.0, "percent_covered_display": "100", "missing_lines": 0, "excluded_lines": 0, "percent_statements_covered": 100.0, "percent_statements_covered_display": "100"}, "missing_lines": [], "excluded_lines": [], "start_line": 33}, "TestIntegersRing.test_add": {"executed_lines": [40, 41, 42, 43], "summary": {"covered_lines": 4, "num_statements": 4, "percent_covered": 100.0, "percent_covered_display": "100", "missing_lines": 0, "excluded_lines": 0, "percent_statements_covered": 100.0, "percent_statements_covered_display": "100"}, "missing_lines": [], "excluded_lines": [], "start_line": 38}, "TestIntegersRing.test_sub": {"executed_lines": [47, 48, 49, 50], "summary": {"covered_lines": 4, "num_statements": 4, "percent_covered": 100.0, "percent_covered_display": "100", "missing_lines": 0, "excluded_lines": 0, "percent_statements_covered": 100.0, "percent_statements_covered_display": "100"}, "missing_lines": [], "excluded_lines": [], "start_line": 45}, "TestIntegersRing.test_mul": {"executed_lines": [54, 55, 56, 57], "summary": {"covered_lines": 4, "num_statements": 4, "percent_covered": 100.0, "percent_covered_display": "100", "missing_lines": 0, "excluded_lines": 0, "percent_statements_covered": 100.0, "percent_statements_covered_display": "100"}, "missing_lines": [], "excluded_lines": [], "start_line": 52}, "TestIntegersRing.test_neg": {"executed_lines": [61, 62, 63, 64], "summary": {"covered_lines": 4, "num_statements": 4, "percent_covered": 100.0, "percent_covered_display": "100", "missing_lines": 0, "excluded_lines": 0, "percent_statements_covered": 100.0, "percent_statements_covered_display": "100"}, "missing_lines": [], "excluded_lines": [], "start_line": 59}, "TestIntegersRing.test_inf_norm_basic": {"executed_lines": [68, 69, 70, 71], "summary": {"covered_lines": 4, "num_statements": 4, "percent_covered": 100.0, "percent_covered_display": "100", "missing_lines": 0, "excluded_lines": 0, "percent_statements_covered": 100.0, "percent_statements_covered_display": "100"}, "missing_lines": [], "excluded_lines": [], "start_line": 66}, "TestIntegersRing.test_inf_norm_symmetric_conversion": {"executed_lines": [75, 77, 78, 79, 80, 81], "summary": {"covered_lines": 6, "num_statements": 6, "percent_covered": 100.0, "percent_covered_display": "100", "missing_lines": 0, "excluded_lines": 0, "percent_statements_covered": 100.0, "percent_statements_covered_display": "100"}, "missing_lines": [], "excluded_lines": [], "start_line": 73}, "TestIntegersRing.test_inf_norm_even_modulus": {"executed_lines": [85, 87, 88, 89], "summary": {"covered_lines": 4, "num_statements": 4, "percent_covered": 100.0, "percent_covered_display": "100", "missing_lines": 0, "excluded_lines": 0, "percent_statements_covered": 100.0, "percent_statements_covered_display": "100"}, "missing_lines": [], "excluded_lines": [], "start_line": 83}, "TestIntegersRing.test_inf_norm_all_positive": {"executed_lines": [93, 94, 95], "summary": {"covered_lines": 3, "num_statements": 3, "percent_covered": 100.0, "percent_covered_display": "100", "missing_lines": 0, "excluded_lines": 0, "percent_statements_covered": 100.0, "percent_statements_covered_display": "100"}, "missing_lines": [], "excluded_lines": [], "start_line": 91}, "TestSymmetricModulo.test_symmetric_odd_modulus": {"executed_lines": [103, 104, 105, 106, 107, 108, 109], "summary": {"covered_lines": 7, "num_statements": 7, "percent_covered": 100.0, "percent_covered_display": "100", "missing_lines": 0, "excluded_lines": 0, "percent_statements_covered": 100.0, "percent_statements_covered_display": "100"}, "missing_lines": [], "excluded_lines": [], "start_line": 101}, "TestSymmetricModulo.test_symmetric_odd_modulus_137": {"executed_lines": [113, 114, 115, 116, 117], "summary": {"covered_lines": 5, "num_statements": 5, "percent_covered": 100.0, "percent_covered_display": "100", "missing_lines": 0, "excluded_lines": 0, "percent_statements_covered": 100.0, "percent_statements_covered_display": "100"}, "missing_lines": [], "excluded_lines": [], "start_line": 111}, "TestSymmetricModulo.test_symmetric_even_modulus": {"executed_lines": [121, 122, 123, 124, 127, 128], "summary": {"covered_lines": 6, "num_statements": 6, "percent_covered": 100.0, "percent_covered_display": "100", "missing_lines": 0, "excluded_lines": 0, "percent_statements_covered": 100.0, "percent_statements_covered_display": "100"}, "missing_lines": [], "excluded_lines": [], "start_line": 119}, "TestSymmetricModulo.test_symmetric_negative_input": {"executed_lines": [132, 133, 136, 139], "summary": {"covered_lines": 4, "num_statements": 4, "percent_covered": 100.0, "percent_covered_display": "100", "missing_lines": 0, "excluded_lines": 0, "percent_statements_covered": 100.0, "percent_statements_covered_display": "100"}, "missing_lines": [], "excluded_lines": [], "start_line": 130}, "TestSymmetricModulo.test_symmetric_large_input": {"executed_lines": [143, 144, 145, 146], "summary": {"covered_lines": 4, "num_statements": 4, "percent_covered": 100.0, "percent_covered_display": "100", "missing_lines": 0, "excluded_lines": 0, "percent_statements_covered": 100.0, "percent_statements_covered_display": "100"}, "missing_lines": [], "excluded_lines": [], "start_line": 141}, "TestSymmetricModulo.test_init_invalid_modulus_raises": {"executed_lines": [149, 150, 151, 152, 153, 154], "summary": {"covered_lines": 6, "num_statements": 6, "percent_covered": 100.0, "percent_covered_display": "100", "missing_lines": 0, "excluded_lines": 0, "percent_statements_covered": 100.0, "percent_statements_covered_display": "100"}, "missing_lines": [], "excluded_lines": [], "start_line": 148}, "TestSymmetricModulo.test_symmetric_requires_integer": {"executed_lines": [157, 158, 159], "summary": {"covered_lines": 3, "num_statements": 3, "percent_covered": 100.0, "percent_covered_display": "100", "missing_lines": 0, "excluded_lines": 0, "percent_statements_covered": 100.0, "percent_statements_covered_display": "100"}, "missing_lines": [], "excluded_lines": [], "start_line": 156}, "": {"executed_lines": [1, 2, 3, 6, 8, 11, 14, 20, 25, 33, 38, 45, 52, 59, 66, 73, 83, 91, 98, 101, 111, 119, 130, 141, 148, 156, 162], "summary": {"covered_lines": 27, "num_statements": 28, "percent_covered": 96.42857142857143, "percent_covered_display": "96", "missing_lines": 1, "excluded_lines": 0, "percent_statements_covered": 96.42857142857143, "percent_statements_covered_display": "96"}, "missing_lines": [163], "excluded_lines": [], "start_line": 1}}, "classes": {"TestIntegersRing": {"executed_lines": [16, 17, 18, 22, 23, 26, 27, 28, 29, 30, 31, 34, 35, 36, 40, 41, 42, 43, 47, 48, 49, 50, 54, 55, 56, 57, 61, 62, 63, 64, 68, 69, 70, 71, 75, 77, 78, 79, 80, 81, 85, 87, 88, 89, 93, 94, 95], "summary": {"covered_lines": 47, "num_statements": 47, "percent_covered": 100.0, "percent_covered_display": "100", "missing_lines": 0, "excluded_lines": 0, "percent_statements_covered": 100.0, "percent_statements_covered_display": "100"}, "missing_lines": [], "excluded_lines": [], "start_line": 11}, "TestSymmetricModulo": {"executed_lines": [103, 104, 105, 106, 107, 108, 109, 113, 114, 115, 116, 117, 121, 122, 123, 124, 127, 128, 132, 133, 136, 139, 143, 144, 145, 146, 149, 150, 151, 152, 153, 154, 157, 158, 159], "summary": {"covered_lines": 35, "num_statements": 35, "percent_covered": 100.0, "percent_covered_display": "100", "missing_lines": 0, "excluded_lines": 0, "percent_statements_covered": 100.0, "percent_statements_covered_display": "100"}, "missing_lines": [], "excluded_lines": [], "start_line": 98}, "": {"executed_lines": [1, 2, 3, 6, 8, 11, 14, 20, 25, 33, 38, 45, 52, 59, 66, 73, 83, 91, 98, 101, 111, 119, 130, 141, 148, 156, 162], "summary": {"covered_lines": 27, "num_statements": 28, "percent_covered": 96.42857142857143, "percent_covered_display": "96", "missing_lines": 1, "excluded_lines": 0, "percent_statements_covered": 96.42857142857143, "percent_statements_covered_display": "96"}, "missing_lines": [163], "excluded_lines": [], "start_line": 1}}}, "tests/test_mlwe.py": {"executed_lines": [8, 9, 10, 11, 14, 17, 19, 20, 21, 22, 23, 24, 27, 28, 31, 32, 35, 57, 62, 70, 72, 73, 75, 77, 78, 79, 81, 83, 85, 87, 88, 89, 91, 93, 95, 97, 98, 99, 101, 104, 105, 107, 108, 111, 114, 115, 116, 118, 121, 122, 123, 124, 126, 129, 132, 134, 137, 138, 139, 140, 142, 143, 146, 153, 154, 155, 158, 160, 164, 168, 171, 172, 173, 174, 176, 177, 180, 181, 183, 186, 187, 188, 190, 191, 195, 198, 201, 205, 207, 210, 211, 214, 215, 218, 219, 222], "summary": {"covered_lines": 96, "num_statements": 99, "percent_covered": 96.96969696969697, "percent_covered_display": "97", "missing_lines": 3, "excluded_lines": 0, "percent_statements_covered": 96.96969696969697, "percent_statements_covered_display": "97"}, "missing_lines": [159, 161, 223], "excluded_lines": [], "functions": {"TestMLWEExample.setUp": {"executed_lines": [19, 20, 21, 22, 23, 24, 27, 28, 31, 32, 35, 57, 62], "summary": {"covered_lines": 13, "num_statements": 13, "percent_covered": 100.0, "percent_covered_display": "100", "missing_lines": 0, "excluded_lines": 0, "percent_statements_covered": 100.0, "percent_statements_covered_display": "100"}, "missing_lines": [], "excluded_lines": [], "start_line": 17}, "TestMLWEExample.test_ring_parameters": {"executed_lines": [72, 73], "summary": {"covered_lines": 2, "num_statements": 2, "percent_covered": 100.0, "percent_covered_display": "100", "missing_lines": 0, "excluded_lines": 0, "percent_statements_covered": 100.0, "percent_statements_covered_display": "100"}, "missing_lines": [], "excluded_lines": [], "start_line": 70}, "TestMLWEExample.test_matrix_dimensions": {"executed_lines": [77, 78, 79], "summary": {"covered_lines": 3, "num_statements": 3, "percent_covered": 100.0, "percent_covered_display": "100", "missing_lines": 0, "excluded_lines": 0, "percent_statements_covered": 100.0, "percent_statements_covered_display": "100"}, "missing_lines": [], "excluded_lines": [], "start_line": 75}, "TestMLWEExample.test_secret_vector_dimension": {"executed_lines": [83], "summary": {"covered_lines": 1, "num_statements": 1, "percent_covered": 100.0, "percent_covered_display": "100", "missing_lines": 0, "excluded_lines": 0, "percent_statements_covered": 100.0, "percent_statements_covered_display": "100"}, "missing_lines": [], "excluded_lines": [], "start_line": 81}, "TestMLWEExample.test_secret_vector_small": {"executed_lines": [87, 88, 89], "summary": {"covered_lines": 3, "num_statements": 3, "percent_covered": 100.0, "percent_covered_display": "100", "missing_lines": 0, "excluded_lines": 0, "percent_statements_covered": 100.0, "percent_statements_covered_display": "100"}, "missing_lines": [], "excluded_lines": [], "start_line": 85}, "TestMLWEExample.test_error_vector_dimension": {"executed_lines": [93], "summary": {"covered_lines": 1, "num_statements": 1, "percent_covered": 100.0, "percent_covered_display": "100", "missing_lines": 0, "excluded_lines": 0, "percent_statements_covered": 100.0, "percent_statements_covered_display": "100"}, "missing_lines": [], "excluded_lines": [], "start_line": 91}, "TestMLWEExample.test_error_vector_small": {"executed_lines": [97, 98, 99], "summary": {"covered_lines": 3, "num_statements": 3, "percent_covered": 100.0, "percent_covered_display": "100", "missing_lines": 0, "excluded_lines": 0, "percent_statements_covered": 100.0, "percent_statements_covered_display": "100"}, "missing_lines": [], "excluded_lines": [], "start_line": 95}, "TestMLWEExample.test_matrix_vector_multiplication": {"executed_lines": [104, 105, 107, 108, 111, 114, 115, 116], "summary": {"covered_lines": 8, "num_statements": 8, "percent_covered": 100.0, "percent_covered_display": "100", "missing_lines": 0, "excluded_lines": 0, "percent_statements_covered": 100.0, "percent_statements_covered_display": "100"}, "missing_lines": [], "excluded_lines": [], "start_line": 101}, "TestMLWEExample.test_compute_t_equals_As_plus_e": {"executed_lines": [121, 122, 123, 124, 126, 129, 132], "summary": {"covered_lines": 7, "num_statements": 7, "percent_covered": 100.0, "percent_covered_display": "100", "missing_lines": 0, "excluded_lines": 0, "percent_statements_covered": 100.0, "percent_statements_covered_display": "100"}, "missing_lines": [], "excluded_lines": [], "start_line": 118}, "TestMLWEExample.test_expected_t_values": {"executed_lines": [137, 138, 139, 140, 142, 143, 146, 153, 154, 155, 158, 160, 164], "summary": {"covered_lines": 13, "num_statements": 15, "percent_covered": 86.66666666666667, "percent_covered_display": "87", "missing_lines": 2, "excluded_lines": 0, "percent_statements_covered": 86.66666666666667, "percent_statements_covered_display": "87"}, "missing_lines": [159, 161], "excluded_lines": [], "start_line": 134}, "TestMLWEExample.test_t_norm_equals_259": {"executed_lines": [171, 172, 173, 174, 176, 177, 180, 181], "summary": {"covered_lines": 8, "num_statements": 8, "percent_covered": 100.0, "percent_covered_display": "100", "missing_lines": 0, "excluded_lines": 0, "percent_statements_covered": 100.0, "percent_statements_covered_display": "100"}, "missing_lines": [], "excluded_lines": [], "start_line": 168}, "TestMLWEExample.test_mlwe_properties": {"executed_lines": [186, 187, 188, 190, 191, 195, 198, 201, 205], "summary": {"covered_lines": 9, "num_statements": 9, "percent_covered": 100.0, "percent_covered_display": "100", "missing_lines": 0, "excluded_lines": 0, "percent_statements_covered": 100.0, "percent_statements_covered_display": "100"}, "missing_lines": [], "excluded_lines": [], "start_line": 183}, "TestMLWEExample.test_small_set_membership_boundary": {"executed_lines": [210, 211, 214, 215, 218, 219], "summary": {"covered_lines": 6, "num_statements": 6, "percent_covered": 100.0, "percent_covered_display": "100", "missing_lines": 0, "excluded_lines": 0, "percent_statements_covered": 100.0, "percent_statements_covered_display": "100"}, "missing_lines": [], "excluded_lines": [], "start_line": 207}, "": {"executed_lines": [8, 9, 10, 11, 14, 17, 70, 75, 81, 85, 91, 95, 101, 118, 134, 168, 183, 207, 222], "summary": {"covered_lines": 19, "num_statements": 20, "percent_covered": 95.0, "percent_covered_display": "95", "missing_lines": 1, "excluded_lines": 0, "percent_statements_covered": 95.0, "percent_statements_covered_display": "95"}, "missing_lines": [223], "excluded_lines": [], "start_line": 1}}, "classes": {"TestMLWEExample": {"executed_lines": [19, 20, 21, 22, 23, 24, 27, 28, 31, 32, 35, 57, 62, 72, 73, 77, 78, 79, 83, 87, 88, 89, 93, 97, 98, 99, 104, 105, 107, 108, 111, 114, 115, 116, 121, 122, 123, 124, 126, 129, 132, 137, 138, 139, 140, 142, 143, 146, 153, 154, 155, 158, 160, 164, 171, 172, 173, 174, 176, 177, 180, 181, 186, 187, 188, 190, 191, 195, 198, 201, 205, 210, 211, 214, 215, 218, 219], "summary": {"covered_lines": 77, "num_statements": 79, "percent_covered": 97.46835443037975, "percent_covered_display": "97", "missing_lines": 2, "excluded_lines": 0, "percent_statements_covered": 97.46835443037975, "percent_statements_covered_display": "97"}, "missing_lines": [159, 161], "excluded_lines": [], "start_line": 14}, "": {"executed_lines": [8, 9, 10, 11, 14, 17, 70, 75, 81, 85, 91, 95, 101, 118, 134, 168, 183, 207, 222], "summary": {"covered_lines": 19, "num_statements": 20, "percent_covered": 95.0, "percent_covered_display": "95", "missing_lines": 1, "excluded_lines": 0, "percent_statements_covered": 95.0, "percent_statements_covered_display": "95"}, "missing_lines": [223], "excluded_lines": [], "start_line": 1}}}, "tests/test_module.py": {"executed_lines": [1, 3, 4, 11, 12, 13, 14, 15, 17, 18, 19, 21, 22, 23, 24, 25, 26, 27, 29, 30, 31, 33, 34, 35, 36, 37, 38, 39, 41, 42, 43, 45, 46, 48, 49, 51, 52, 54, 55, 56, 57, 59, 60, 61, 62, 64, 65, 66, 67, 69, 70, 72, 74, 75, 80, 82, 83, 85, 86, 87, 89, 91, 92, 93, 94, 96, 97, 98, 99, 100, 101, 103, 104, 105, 107, 108, 109, 110, 112, 113, 114, 115, 116, 117, 119, 121, 122, 124, 126, 130, 132, 134, 135, 137, 139, 141, 142, 145, 146, 148, 150, 151, 152, 156, 159, 160, 161, 163, 165, 166, 172, 173, 179, 180, 183, 184, 185, 187, 189, 190, 193, 194, 195, 196, 198, 200, 201, 202, 204, 206, 208, 209, 210, 212, 214, 215, 216, 219, 221, 222, 223, 225, 227, 228, 229, 231, 233, 234, 235, 237, 239, 240, 243, 244, 247, 248, 251], "summary": {"covered_lines": 157, "num_statements": 158, "percent_covered": 99.36708860759494, "percent_covered_display": "99", "missing_lines": 1, "excluded_lines": 0, "percent_statements_covered": 99.36708860759494, "percent_statements_covered_display": "99"}, "missing_lines": [252], "excluded_lines": [], "functions": {"TestModule.setUp": {"executed_lines": [13, 14, 15], "summary": {"covered_lines": 3, "num_statements": 3, "percent_covered": 100.0, "percent_covered_display": "100", "missing_lines": 0, "excluded_lines": 0, "percent_statements_covered": 100.0, "percent_statements_covered_display": "100"}, "missing_lines": [], "excluded_lines": [], "start_line": 12}, "TestModule.test_module_init_invalid_args": {"executed_lines": [18, 19], "summary": {"covered_lines": 2, "num_statements": 2, "percent_covered": 100.0, "percent_covered_display": "100", "missing_lines": 0, "excluded_lines": 0, "percent_statements_covered": 100.0, "percent_statements_covered_display": "100"}, "missing_lines": [], "excluded_lines": [], "start_line": 17}, "TestModule.test_element_creation_and_coercion": {"executed_lines": [22, 23, 24, 25, 26, 27], "summary": {"covered_lines": 6, "num_statements": 6, "percent_covered": 100.0, "percent_covered_display": "100", "missing_lines": 0, "excluded_lines": 0, "percent_statements_covered": 100.0, "percent_statements_covered_display": "100"}, "missing_lines": [], "excluded_lines": [], "start_line": 21}, "TestModule.test_rank_mismatch_raises": {"executed_lines": [30, 31], "summary": {"covered_lines": 2, "num_statements": 2, "percent_covered": 100.0, "percent_covered_display": "100", "missing_lines": 0, "excluded_lines": 0, "percent_statements_covered": 100.0, "percent_statements_covered_display": "100"}, "missing_lines": [], "excluded_lines": [], "start_line": 29}, "TestModule.test_element_repr_eq_helpers": {"executed_lines": [34, 35, 36, 37, 38, 39], "summary": {"covered_lines": 6, "num_statements": 6, "percent_covered": 100.0, "percent_covered_display": "100", "missing_lines": 0, "excluded_lines": 0, "percent_statements_covered": 100.0, "percent_statements_covered_display": "100"}, "missing_lines": [], "excluded_lines": [], "start_line": 33}, "TestModule.test_add_and_sub": {"executed_lines": [42, 43, 45, 46, 48, 49, 51, 52], "summary": {"covered_lines": 8, "num_statements": 8, "percent_covered": 100.0, "percent_covered_display": "100", "missing_lines": 0, "excluded_lines": 0, "percent_statements_covered": 100.0, "percent_statements_covered_display": "100"}, "missing_lines": [], "excluded_lines": [], "start_line": 41}, "TestModule.test_scalar_multiplication_int": {"executed_lines": [55, 56, 57, 59, 60, 61, 62], "summary": {"covered_lines": 7, "num_statements": 7, "percent_covered": 100.0, "percent_covered_display": "100", "missing_lines": 0, "excluded_lines": 0, "percent_statements_covered": 100.0, "percent_statements_covered_display": "100"}, "missing_lines": [], "excluded_lines": [], "start_line": 54}, "TestModule.test_scalar_multiplication_polynomial": {"executed_lines": [65, 66, 67, 69, 70], "summary": {"covered_lines": 5, "num_statements": 5, "percent_covered": 100.0, "percent_covered_display": "100", "missing_lines": 0, "excluded_lines": 0, "percent_statements_covered": 100.0, "percent_statements_covered_display": "100"}, "missing_lines": [], "excluded_lines": [], "start_line": 64}, "TestModule.test_inner_product_with_mul": {"executed_lines": [74, 75, 80, 82, 83], "summary": {"covered_lines": 5, "num_statements": 5, "percent_covered": 100.0, "percent_covered_display": "100", "missing_lines": 0, "excluded_lines": 0, "percent_statements_covered": 100.0, "percent_statements_covered_display": "100"}, "missing_lines": [], "excluded_lines": [], "start_line": 72}, "TestModule.test_inner_product_matches_method": {"executed_lines": [86, 87, 89], "summary": {"covered_lines": 3, "num_statements": 3, "percent_covered": 100.0, "percent_covered_display": "100", "missing_lines": 0, "excluded_lines": 0, "percent_statements_covered": 100.0, "percent_statements_covered_display": "100"}, "missing_lines": [], "excluded_lines": [], "start_line": 85}, "TestModule.test_zero_and_basis": {"executed_lines": [92, 93, 94, 96, 97, 98, 99, 100, 101], "summary": {"covered_lines": 9, "num_statements": 9, "percent_covered": 100.0, "percent_covered_display": "100", "missing_lines": 0, "excluded_lines": 0, "percent_statements_covered": 100.0, "percent_statements_covered_display": "100"}, "missing_lines": [], "excluded_lines": [], "start_line": 91}, "TestModule.test_basis_out_of_bounds_raises": {"executed_lines": [104, 105], "summary": {"covered_lines": 2, "num_statements": 2, "percent_covered": 100.0, "percent_covered_display": "100", "missing_lines": 0, "excluded_lines": 0, "percent_statements_covered": 100.0, "percent_statements_covered_display": "100"}, "missing_lines": [], "excluded_lines": [], "start_line": 103}, "TestModule.test_cross_module_operations_raise": {"executed_lines": [108, 109, 110, 112, 113, 114, 115, 116, 117], "summary": {"covered_lines": 9, "num_statements": 9, "percent_covered": 100.0, "percent_covered_display": "100", "missing_lines": 0, "excluded_lines": 0, "percent_statements_covered": 100.0, "percent_statements_covered_display": "100"}, "missing_lines": [], "excluded_lines": [], "start_line": 107}, "TestModule.test_inf_norm_zero_vector": {"executed_lines": [121, 122], "summary": {"covered_lines": 2, "num_statements": 2, "percent_covered": 100.0, "percent_covered_display": "100", "missing_lines": 0, "excluded_lines": 0, "percent_statements_covered": 100.0, "percent_statements_covered_display": "100"}, "missing_lines": [], "excluded_lines": [], "start_line": 119}, "TestModule.test_inf_norm_basic_vector": {"executed_lines": [126, 130], "summary": {"covered_lines": 2, "num_statements": 2, "percent_covered": 100.0, "percent_covered_display": "100", "missing_lines": 0, "excluded_lines": 0, "percent_statements_covered": 100.0, "percent_statements_covered_display": "100"}, "missing_lines": [], "excluded_lines": [], "start_line": 124}, "TestModule.test_inf_norm_single_component": {"executed_lines": [134, 135, 137], "summary": {"covered_lines": 3, "num_statements": 3, "percent_covered": 100.0, "percent_covered_display": "100", "missing_lines": 0, "excluded_lines": 0, "percent_statements_covered": 100.0, "percent_statem
[...]
ts_covered_display": "100"}, "missing_lines": [], "excluded_lines": [], "start_line": 281}, "TestQuotientPolynomial.test_mul_basic": {"executed_lines": [290, 291, 292, 294], "summary": {"covered_lines": 4, "num_statements": 4, "percent_covered": 100.0, "percent_covered_display": "100", "missing_lines": 0, "excluded_lines": 0, "percent_statements_covered": 100.0, "percent_statements_covered_display": "100"}, "missing_lines": [], "excluded_lines": [], "start_line": 288}, "TestQuotientPolynomial.test_mul_with_reduction": {"executed_lines": [298, 299, 300, 303], "summary": {"covered_lines": 4, "num_statements": 4, "percent_covered": 100.0, "percent_covered_display": "100", "missing_lines": 0, "excluded_lines": 0, "percent_statements_covered": 100.0, "percent_statements_covered_display": "100"}, "missing_lines": [], "excluded_lines": [], "start_line": 296}, "TestQuotientPolynomial.test_mul_complex_reduction": {"executed_lines": [308, 309, 312, 314], "summary": {"covered_lines": 4, "num_statements": 4, "percent_covered": 100.0, "percent_covered_display": "100", "missing_lines": 0, "excluded_lines": 0, "percent_statements_covered": 100.0, "percent_statements_covered_display": "100"}, "missing_lines": [], "excluded_lines": [], "start_line": 305}, "TestQuotientPolynomial.test_mul_same_ring_required": {"executed_lines": [318, 319, 320, 321], "summary": {"covered_lines": 4, "num_statements": 4, "percent_covered": 100.0, "percent_covered_display": "100", "missing_lines": 0, "excluded_lines": 0, "percent_statements_covered": 100.0, "percent_statements_covered_display": "100"}, "missing_lines": [], "excluded_lines": [], "start_line": 316}, "TestQuotientPolynomial.test_inf_norm_basic": {"executed_lines": [325, 328], "summary": {"covered_lines": 2, "num_statements": 2, "percent_covered": 100.0, "percent_covered_display": "100", "missing_lines": 0, "excluded_lines": 0, "percent_statements_covered": 100.0, "percent_statements_covered_display": "100"}, "missing_lines": [], "excluded_lines": [], "start_line": 323}, "TestQuotientPolynomial.test_inf_norm_zero_polynomial": {"executed_lines": [332, 333], "summary": {"covered_lines": 2, "num_statements": 2, "percent_covered": 100.0, "percent_covered_display": "100", "missing_lines": 0, "excluded_lines": 0, "percent_statements_covered": 100.0, "percent_statements_covered_display": "100"}, "missing_lines": [], "excluded_lines": [], "start_line": 330}, "TestQuotientPolynomial.test_inf_norm_single_term": {"executed_lines": [337, 339], "summary": {"covered_lines": 2, "num_statements": 2, "percent_covered": 100.0, "percent_covered_display": "100", "missing_lines": 0, "excluded_lines": 0, "percent_statements_covered": 100.0, "percent_statements_covered_display": "100"}, "missing_lines": [], "excluded_lines": [], "start_line": 335}, "TestQuotientPolynomial.test_inf_norm_with_large_modulo": {"executed_lines": [343, 345, 351], "summary": {"covered_lines": 3, "num_statements": 3, "percent_covered": 100.0, "percent_covered_display": "100", "missing_lines": 0, "excluded_lines": 0, "percent_statements_covered": 100.0, "percent_statements_covered_display": "100"}, "missing_lines": [], "excluded_lines": [], "start_line": 341}, "TestQuotientPolynomial.test_inf_norm_with_high_representatives": {"executed_lines": [355, 357, 360, 361, 362], "summary": {"covered_lines": 5, "num_statements": 5, "percent_covered": 100.0, "percent_covered_display": "100", "missing_lines": 0, "excluded_lines": 0, "percent_statements_covered": 100.0, "percent_statements_covered_display": "100"}, "missing_lines": [], "excluded_lines": [], "start_line": 353}, "TestQuotientPolynomial.test_is_small_basic": {"executed_lines": [367, 369, 370, 371], "summary": {"covered_lines": 4, "num_statements": 4, "percent_covered": 100.0, "percent_covered_display": "100", "missing_lines": 0, "excluded_lines": 0, "percent_statements_covered": 100.0, "percent_statements_covered_display": "100"}, "missing_lines": [], "excluded_lines": [], "start_line": 364}, "TestQuotientPolynomial.test_is_small_zero_polynomial": {"executed_lines": [375, 376, 377], "summary": {"covered_lines": 3, "num_statements": 3, "percent_covered": 100.0, "percent_covered_display": "100", "missing_lines": 0, "excluded_lines": 0, "percent_statements_covered": 100.0, "percent_statements_covered_display": "100"}, "missing_lines": [], "excluded_lines": [], "start_line": 373}, "TestQuotientPolynomial.test_is_small_boundary": {"executed_lines": [381, 383, 384, 385, 386], "summary": {"covered_lines": 5, "num_statements": 5, "percent_covered": 100.0, "percent_covered_display": "100", "missing_lines": 0, "excluded_lines": 0, "percent_statements_covered": 100.0, "percent_statements_covered_display": "100"}, "missing_lines": [], "excluded_lines": [], "start_line": 379}, "TestQuotientPolynomial.test_is_small_large_eta": {"executed_lines": [390, 391, 392], "summary": {"covered_lines": 3, "num_statements": 3, "percent_covered": 100.0, "percent_covered_display": "100", "missing_lines": 0, "excluded_lines": 0, "percent_statements_covered": 100.0, "percent_statements_covered_display": "100"}, "missing_lines": [], "excluded_lines": [], "start_line": 388}, "TestQuotientPolynomial.test_is_small_negative_eta_raises": {"executed_lines": [396, 397, 398], "summary": {"covered_lines": 3, "num_statements": 3, "percent_covered": 100.0, "percent_covered_display": "100", "missing_lines": 0, "excluded_lines": 0, "percent_statements_covered": 100.0, "percent_statements_covered_display": "100"}, "missing_lines": [], "excluded_lines": [], "start_line": 394}, "TestQuotientPolynomial.test_eq_repr_and_helpers": {"executed_lines": [401, 402, 403, 404, 405, 406, 407], "summary": {"covered_lines": 7, "num_statements": 7, "percent_covered": 100.0, "percent_covered_display": "100", "missing_lines": 0, "excluded_lines": 0, "percent_statements_covered": 100.0, "percent_statements_covered_display": "100"}, "missing_lines": [], "excluded_lines": [], "start_line": 400}, "TestQuotientPolynomialRing.setUp": {"executed_lines": [415, 416], "summary": {"covered_lines": 2, "num_statements": 2, "percent_covered": 100.0, "percent_covered_display": "100", "missing_lines": 0, "excluded_lines": 0, "percent_statements_covered": 100.0, "percent_statements_covered_display": "100"}, "missing_lines": [], "excluded_lines": [], "start_line": 413}, "TestQuotientPolynomialRing.test_init": {"executed_lines": [420, 421], "summary": {"covered_lines": 2, "num_statements": 2, "percent_covered": 100.0, "percent_covered_display": "100", "missing_lines": 0, "excluded_lines": 0, "percent_statements_covered": 100.0, "percent_statements_covered_display": "100"}, "missing_lines": [], "excluded_lines": [], "start_line": 418}, "TestQuotientPolynomialRing.test_init_invalid_args": {"executed_lines": [424, 425, 426, 427, 428, 429], "summary": {"covered_lines": 6, "num_statements": 6, "percent_covered": 100.0, "percent_covered_display": "100", "missing_lines": 0, "excluded_lines": 0, "percent_statements_covered": 100.0, "percent_statements_covered_display": "100"}, "missing_lines": [], "excluded_lines": [], "start_line": 423}, "TestQuotientPolynomialRing.test_polynomial": {"executed_lines": [433, 434, 435, 436], "summary": {"covered_lines": 4, "num_statements": 4, "percent_covered": 100.0, "percent_covered_display": "100", "missing_lines": 0, "excluded_lines": 0, "percent_statements_covered": 100.0, "percent_statements_covered_display": "100"}, "missing_lines": [], "excluded_lines": [], "start_line": 431}, "TestQuotientPolynomialRing.test_add_method": {"executed_lines": [440, 441, 442, 443], "summary": {"covered_lines": 4, "num_statements": 4, "percent_covered": 100.0, "percent_covered_display": "100", "missing_lines": 0, "excluded_lines": 0, "percent_statements_covered": 100.0, "percent_statements_covered_display": "100"}, "missing_lines": [], "excluded_lines": [], "start_line": 438}, "TestQuotientPolynomialRing.test_sub_method": {"executed_lines": [447, 448, 449, 450], "summary": {"covered_lines": 4, "num_statements": 4, "percent_covered": 100.0, "percent_covered_display": "100", "missing_lines": 0, "excluded_lines": 0, "percent_statements_covered": 100.0, "percent_statements_covered_display": "100"}, "missing_lines": [], "excluded_lines": [], "start_line": 445}, "TestQuotientPolynomialRing.test_mul_method": {"executed_lines": [454, 455, 456, 458], "summary": {"covered_lines": 4, "num_statements": 4, "percent_covered": 100.0, "percent_covered_display": "100", "missing_lines": 0, "excluded_lines": 0, "percent_statements_covered": 100.0, "percent_statements_covered_display": "100"}, "missing_lines": [], "excluded_lines": [], "start_line": 452}, "TestQuotientPolynomialRing.test_zero": {"executed_lines": [462, 463, 464], "summary": {"covered_lines": 3, "num_statements": 3, "percent_covered": 100.0, "percent_covered_display": "100", "missing_lines": 0, "excluded_lines": 0, "percent_statements_covered": 100.0, "percent_statements_covered_display": "100"}, "missing_lines": [], "excluded_lines": [], "start_line": 460}, "TestQuotientPolynomialRing.test_one": {"executed_lines": [468, 469, 470], "summary": {"covered_lines": 3, "num_statements": 3, "percent_covered": 100.0, "percent_covered_display": "100", "missing_lines": 0, "excluded_lines": 0, "percent_statements_covered": 100.0, "percent_statements_covered_display": "100"}, "missing_lines": [], "excluded_lines": [], "start_line": 466}, "TestQuotientPolynomialRing.test_zero_operations": {"executed_lines": [474, 475, 478, 479, 482, 483], "summary": {"covered_lines": 6, "num_statements": 6, "percent_covered": 100.0, "percent_covered_display": "100", "missing_lines": 0, "excluded_lines": 0, "percent_statements_covered": 100.0, "percent_statements_covered_display": "100"}, "missing_lines": [], "excluded_lines": [], "start_line": 472}, "TestQuotientPolynomialRing.test_one_operations": {"executed_lines": [487, 488, 491, 492], "summary": {"covered_lines": 4, "num_statements": 4, "percent_covered": 100.0, "percent_covered_display": "100", "missing_lines": 0, "excluded_lines": 0, "percent_statements_covered": 100.0, "percent_statements_covered_display": "100"}, "missing_lines": [], "excluded_lines": [], "start_line": 485}, "TestIntegration.setUp": {"executed_lines": [500, 501], "summary": {"covered_lines": 2, "num_statements": 2, "percent_covered": 100.0, "percent_covered_display": "100", "missing_lines": 0, "excluded_lines": 0, "percent_statements_covered": 100.0, "percent_statements_covered_display": "100"}, "missing_lines": [], "excluded_lines": [], "start_line": 498}, "TestIntegration.test_quotient_ring_operations_sequence": {"executed_lines": [505, 506, 509, 510, 513, 515], "summary": {"covered_lines": 6, "num_statements": 6, "percent_covered": 100.0, "percent_covered_display": "100", "missing_lines": 0, "excluded_lines": 0, "percent_statements_covered": 100.0, "percent_statements_covered_display": "100"}, "missing_lines": [], "excluded_lines": [], "start_line": 503}, "TestIntegration.test_distributive_property": {"executed_lines": [519, 520, 521, 524, 525, 527, 528, 529, 531], "summary": {"covered_lines": 9, "num_statements": 9, "percent_covered": 100.0, "percent_covered_display": "100", "missing_lines": 0, "excluded_lines": 0, "percent_statements_covered": 100.0, "percent_statements_covered_display": "100"}, "missing_lines": [], "excluded_lines": [], "start_line": 517}, "TestIntegration.test_associative_addition": {"executed_lines": [535, 536, 537, 540, 541, 543], "summary": {"covered_lines": 6, "num_statements": 6, "percent_covered": 100.0, "percent_covered_display": "100", "missing_lines": 0, "excluded_lines": 0, "percent_statements_covered": 100.0, "percent_statements_covered_display": "100"}, "missing_lines": [], "excluded_lines": [], "start_line": 533}, "TestIntegration.test_associative_multiplication": {"executed_lines": [547, 548, 549, 552, 553, 555], "summary": {"covered_lines": 6, "num_statements": 6, "percent_covered": 100.0, "percent_covered_display": "100", "missing_lines": 0, "excluded_lines": 0, "percent_statements_covered": 100.0, "percent_statements_covered_display": "100"}, "missing_lines": [], "excluded_lines": [], "start_line": 545}, "TestEdgeCases.setUp": {"executed_lines": [563, 564], "summary": {"covered_lines": 2, "num_statements": 2, "percent_covered": 100.0, "percent_covered_display": "100", "missing_lines": 0, "excluded_lines": 0, "percent_statements_covered": 100.0, "percent_statements_covered_display": "100"}, "missing_lines": [], "excluded_lines": [], "start_line": 561}, "TestEdgeCases.test_small_modulus": {"executed_lines": [568, 569, 571], "summary": {"covered_lines": 3, "num_statements": 3, "percent_covered": 100.0, "percent_covered_display": "100", "missing_lines": 0, "excluded_lines": 0, "percent_statements_covered": 100.0, "percent_statements_covered_display": "100"}, "missing_lines": [], "excluded_lines": [], "start_line": 566}, "TestEdgeCases.test_large_modulus": {"executed_lines": [575, 576, 577, 578, 581], "summary": {"covered_lines": 5, "num_statements": 5, "percent_covered": 100.0, "percent_covered_display": "100", "missing_lines": 0, "excluded_lines": 0, "percent_statements_covered": 100.0, "percent_statements_covered_display": "100"}, "missing_lines": [], "excluded_lines": [], "start_line": 573}, "TestEdgeCases.test_degree_1": {"executed_lines": [585, 586, 588], "summary": {"covered_lines": 3, "num_statements": 3, "percent_covered": 100.0, "percent_covered_display": "100", "missing_lines": 0, "excluded_lines": 0, "percent_statements_covered": 100.0, "percent_statements_covered_display": "100"}, "missing_lines": [], "excluded_lines": [], "start_line": 583}, "TestEdgeCases.test_high_degree": {"executed_lines": [592, 593, 595], "summary": {"covered_lines": 3, "num_statements": 3, "percent_covered": 100.0, "percent_covered_display": "100", "missing_lines": 0, "excluded_lines": 0, "percent_statements_covered": 100.0, "percent_statements_covered_display": "100"}, "missing_lines": [], "excluded_lines": [], "start_line": 590}, "TestEdgeCases.test_empty_coefficients": {"executed_lines": [599, 600, 602], "summary": {"covered_lines": 3, "num_statements": 3, "percent_covered": 100.0, "percent_covered_display": "100", "missing_lines": 0, "excluded_lines": 0, "percent_statements_covered": 100.0, "percent_statements_covered_display": "100"}, "missing_lines": [], "excluded_lines": [], "start_line": 597}, "TestEdgeCases.test_very_large_coefficients": {"executed_lines": [606, 607, 609], "summary": {"covered_lines": 3, "num_statements": 3, "percent_covered": 100.0, "percent_covered_display": "100", "missing_lines": 0, "excluded_lines": 0, "percent_statements_covered": 100.0, "percent_statements_covered_display": "100"}, "missing_lines": [], "excluded_lines": [], "start_line": 604}, "": {"executed_lines": [1, 2, 3, 6, 8, 17, 20, 25, 31, 36, 41, 46, 52, 57, 62, 71, 82, 89, 98, 105, 112, 119, 127, 134, 141, 151, 154, 159, 163, 169, 176, 183, 191, 194, 199, 207, 215, 221, 229, 240, 247, 252, 260, 267, 274, 281, 288, 296, 305, 316, 323, 330, 335, 341, 353, 364, 373, 379, 388, 394, 400, 410, 413, 418, 423, 431, 438, 445, 452, 460, 466, 472, 485, 495, 498, 503, 517, 533, 545, 558, 561, 566, 573, 583, 590, 597, 604, 612], "summary": {"covered_lines": 88, "num_statements": 89, "percent_covered": 98.87640449438203, "percent_covered_display": "99", "missing_lines": 1, "excluded_lines": 0, "percent_statements_covered": 98.87640449438203, "percent_statements_covered_display": "99"}, "missing_lines": [613], "excluded_lines": [], "start_line": 1}}, "classes": {"TestPolynomial": {"executed_lines": [22, 23, 27, 28, 29, 33, 34, 38, 39, 43, 44, 47, 48, 49, 50, 54, 55, 59, 60, 64, 65, 66, 67, 68, 69, 74, 76, 78, 80, 84, 85, 86, 87, 91, 92, 93, 96, 100, 101, 102, 103, 107, 108, 109, 110, 114, 115, 116, 117, 121, 122, 123, 125, 129, 130, 131, 132, 136, 137, 138, 139, 142, 143, 144, 145, 146, 147, 148], "summary": {"covered_lines": 68, "num_statements": 68, "percent_covered": 100.0, "percent_covered_display": "100", "missing_lines": 0, "excluded_lines": 0, "percent_statements_covered": 100.0, "percent_statements_covered_display": "100"}, "missing_lines": [], "excluded_lines": [], "start_line": 17}, "TestPolynomialRing": {"executed_lines": [156, 157, 161, 165, 166, 167, 171, 172, 173, 174, 178, 179, 180, 181, 185, 186, 187, 188], "summary": {"covered_lines": 18, "num_statements": 18, "percent_covered": 100.0, "percent_covered_display": "100", "missing_lines": 0, "excluded_lines": 0, "percent_statements_covered": 100.0, "percent_statements_covered_display": "100"}, "missing_lines": [], "excluded_lines": [], "start_line": 151}, "TestQuotientPolynomial": {"executed_lines": [196, 197, 201, 202, 203, 205, 208, 209, 210, 211, 212, 213, 218, 219, 225, 227, 237, 238, 243, 245, 249, 250, 254, 256, 258, 262, 263, 264, 265, 269, 270, 271, 272, 276, 277, 278, 279, 283, 284, 285, 286, 290, 291, 292, 294, 298, 299, 300, 303, 308, 309, 312, 314, 318, 319, 320, 321, 325, 328, 332, 333, 337, 339, 343, 345, 351, 355, 357, 360, 361, 362, 367, 369, 370, 371, 375, 376, 377, 381, 383, 384, 385, 386, 390, 391, 392, 396, 397, 398, 401, 402, 403, 404, 405, 406, 407], "summary": {"covered_lines": 96, "num_statements": 96, "percent_covered": 100.0, "percent_covered_display": "100", "missing_lines": 0, "excluded_lines": 0, "percent_statements_covered": 100.0, "percent_statements_covered_display": "100"}, "missing_lines": [], "excluded_lines": [], "start_line": 191}, "TestQuotientPolynomialRing": {"executed_lines": [415, 416, 420, 421, 424, 425, 426, 427, 428, 429, 433, 434, 435, 436, 440, 441, 442, 443, 447, 448, 449, 450, 454, 455, 456, 458, 462, 463, 464, 468, 469, 470, 474, 475, 478, 479, 482, 483, 487, 488, 491, 492], "summary": {"covered_lines": 42, "num_statements": 42, "percent_covered": 100.0, "percent_covered_display": "100", "missing_lines": 0, "excluded_lines": 0, "percent_statements_covered": 100.0, "percent_statements_covered_display": "100"}, "missing_lines": [], "excluded_lines": [], "start_line": 410}, "TestIntegration": {"executed_lines": [500, 501, 505, 506, 509, 510, 513, 515, 519, 520, 521, 524, 525, 527, 528, 529, 531, 535, 536, 537, 540, 541, 543, 547, 548, 549, 552, 553, 555], "summary": {"covered_lines": 29, "num_statements": 29, "percent_covered": 100.0, "percent_covered_display": "100", "missing_lines": 0, "excluded_lines": 0, "percent_statements_covered": 100.0, "percent_statements_covered_display": "100"}, "missing_lines": [], "excluded_lines": [], "start_line": 495}, "TestEdgeCases": {"executed_lines": [563, 564, 568, 569, 571, 575, 576, 577, 578, 581, 585, 586, 588, 592, 593, 595, 599, 600, 602, 606, 607, 609], "summary": {"covered_lines": 22, "num_statements": 22, "percent_covered": 100.0, "percent_covered_display": "100", "missing_lines": 0, "excluded_lines": 0, "percent_statements_covered": 100.0, "percent_statements_covered_display": "100"}, "missing_lines": [], "excluded_lines": [], "start_line": 558}, "": {"executed_lines": [1, 2, 3, 6, 8, 17, 20, 25, 31, 36, 41, 46, 52, 57, 62, 71, 82, 89, 98, 105, 112, 119, 127, 134, 141, 151, 154, 159, 163, 169, 176, 183, 191, 194, 199, 207, 215, 221, 229, 240, 247, 252, 260, 267, 274, 281, 288, 296, 305, 316, 323, 330, 335, 341, 353, 364, 373, 379, 388, 394, 400, 410, 413, 418, 423, 431, 438, 445, 452, 460, 466, 472, 485, 495, 498, 503, 517, 533, 545, 558, 561, 566, 573, 583, 590, 597, 604, 612], "summary": {"covered_lines": 88, "num_statements": 89, "percent_covered": 98.87640449438203, "percent_covered_display": "99", "missing_lines": 1, "excluded_lines": 0, "percent_statements_covered": 98.87640449438203, "percent_statements_covered_display": "99"}, "missing_lines": [613], "excluded_lines": [], "start_line": 1}}}}, "totals": {"covered_lines": 1243, "num_statements": 1310, "percent_covered": 94.8854961832061, "percent_covered_display": "95", "missing_lines": 67, "excluded_lines": 0, "percent_statements_covered": 94.8854961832061, "percent_statements_covered_display": "95"}}