{"meta": {"format": 3, "version": "7.13.5", "timestamp": "2026-04-06T15:26:02.758334", "branch_coverage": true, "show_contexts": false}, "files": {"src/analysis/cost_calculator.py": {"executed_lines": [10, 11, 12, 15, 16, 19, 20, 21, 22, 23, 24, 25, 26, 28, 29, 31, 32, 33, 34, 36, 37, 39, 41, 42, 43, 44, 46, 47, 53, 56, 59, 60, 65, 67, 68, 73, 74, 75, 76, 77, 79, 80, 84, 86, 89, 91, 92, 94, 95, 98, 99, 102, 105, 106, 111, 113, 114, 116, 117, 124, 126, 127, 129, 130, 135, 137, 138, 146, 147, 150, 153, 160, 162, 173, 176, 177, 180, 182, 184, 186, 187, 189, 198, 200, 201, 203, 205, 214, 216, 217, 219, 221, 232, 250], "summary": {"covered_lines": 94, "num_statements": 94, "percent_covered": 100.0, "percent_covered_display": "100", "missing_lines": 0, "excluded_lines": 0, "percent_statements_covered": 100.0, "percent_statements_covered_display": "100", "num_branches": 10, "num_partial_branches": 0, "covered_branches": 10, "missing_branches": 0, "percent_branches_covered": 100.0, "percent_branches_covered_display": "100"}, "missing_lines": [], "excluded_lines": [], "executed_branches": [[31, 32], [31, 34], [39, 41], [39, 44], [84, 86], [84, 89], [173, 176], [173, 180], [180, 182], [180, 184]], "missing_branches": [], "functions": {"AttackCost.classical_time_years": {"executed_lines": [31, 32, 33, 34], "summary": {"covered_lines": 4, "num_statements": 4, "percent_covered": 100.0, "percent_covered_display": "100", "missing_lines": 0, "excluded_lines": 0, "percent_statements_covered": 100.0, "percent_statements_covered_display": "100", "num_branches": 2, "num_partial_branches": 0, "covered_branches": 2, "missing_branches": 0, "percent_branches_covered": 100.0, "percent_branches_covered_display": "100"}, "missing_lines": [], "excluded_lines": [], "start_line": 29, "executed_branches": [[31, 32], [31, 34]], "missing_branches": []}, "AttackCost.quantum_time_seconds_est": {"executed_lines": [39, 41, 42, 43, 44], "summary": {"covered_lines": 5, "num_statements": 5, "percent_covered": 100.0, "percent_covered_display": "100", "missing_lines": 0, "excluded_lines": 0, "percent_statements_covered": 100.0, "percent_statements_covered_display": "100", "num_branches": 2, "num_partial_branches": 0, "covered_branches": 2, "missing_branches": 0, "percent_branches_covered": 100.0, "percent_branches_covered_display": "100"}, "missing_lines": [], "excluded_lines": [], "start_line": 37, "executed_branches": [[39, 41], [39, 44]], "missing_branches": []}, "AttackCost.__str__": {"executed_lines": [47, 53], "summary": {"covered_lines": 2, "num_statements": 2, "percent_covered": 100.0, "percent_covered_display": "100", "missing_lines": 0, "excluded_lines": 0, "percent_statements_covered": 100.0, "percent_statements_covered_display": "100", "num_branches": 0, "num_partial_branches": 0, "covered_branches": 0, "missing_branches": 0, "percent_branches_covered": 100.0, "percent_branches_covered_display": "100"}, "missing_lines": [], "excluded_lines": [], "start_line": 46, "executed_branches": [], "missing_branches": []}, "ClassicalBitOperations.integer_multiplication": {"executed_lines": [65], "summary": {"covered_lines": 1, "num_statements": 1, "percent_covered": 100.0, "percent_covered_display": "100", "missing_lines": 0, "excluded_lines": 0, "percent_statements_covered": 100.0, "percent_statements_covered_display": "100", "num_branches": 0, "num_partial_branches": 0, "covered_branches": 0, "missing_branches": 0, "percent_branches_covered": 100.0, "percent_branches_covered_display": "100"}, "missing_lines": [], "excluded_lines": [], "start_line": 60, "executed_branches": [], "missing_branches": []}, "ClassicalBitOperations.matrix_multiply": {"executed_lines": [73, 74, 75, 76, 77], "summary": {"covered_lines": 5, "num_statements": 5, "percent_covered": 100.0, "percent_covered_display": "100", "missing_lines": 0, "excluded_lines": 0, "percent_statements_covered": 100.0, "percent_statements_covered_display": "100", "num_branches": 0, "num_partial_branches": 0, "covered_branches": 0, "missing_branches": 0, "percent_branches_covered": 100.0, "percent_branches_covered_display": "100"}, "missing_lines": [], "excluded_lines": [], "start_line": 68, "executed_branches": [], "missing_branches": []}, "ClassicalBitOperations.polynomial_multiplication": {"executed_lines": [84, 86, 89, 91, 92], "summary": {"covered_lines": 5, "num_statements": 5, "percent_covered": 100.0, "percent_covered_display": "100", "missing_lines": 0, "excluded_lines": 0, "percent_statements_covered": 100.0, "percent_statements_covered_display": "100", "num_branches": 2, "num_partial_branches": 0, "covered_branches": 2, "missing_branches": 0, "percent_branches_covered": 100.0, "percent_branches_covered_display": "100"}, "missing_lines": [], "excluded_lines": [], "start_line": 80, "executed_branches": [[84, 86], [84, 89]], "missing_branches": []}, "ClassicalBitOperations.hash_operations": {"executed_lines": [98, 99], "summary": {"covered_lines": 2, "num_statements": 2, "percent_covered": 100.0, "percent_covered_display": "100", "missing_lines": 0, "excluded_lines": 0, "percent_statements_covered": 100.0, "percent_statements_covered_display": "100", "num_branches": 0, "num_partial_branches": 0, "covered_branches": 0, "missing_branches": 0, "percent_branches_covered": 100.0, "percent_branches_covered_display": "100"}, "missing_lines": [], "excluded_lines": [], "start_line": 95, "executed_branches": [], "missing_branches": []}, "QuantumGateCounter.grover_search": {"executed_lines": [111, 113, 114], "summary": {"covered_lines": 3, "num_statements": 3, "percent_covered": 100.0, "percent_covered_display": "100", "missing_lines": 0, "excluded_lines": 0, "percent_statements_covered": 100.0, "percent_statements_covered_display": "100", "num_branches": 0, "num_partial_branches": 0, "covered_branches": 0, "missing_branches": 0, "percent_branches_covered": 100.0, "percent_branches_covered_display": "100"}, "missing_lines": [], "excluded_lines": [], "start_line": 106, "executed_branches": [], "missing_branches": []}, "QuantumGateCounter.shor_factoring": {"executed_lines": [124, 126, 127], "summary": {"covered_lines": 3, "num_statements": 3, "percent_covered": 100.0, "percent_covered_display": "100", "missing_lines": 0, "excluded_lines": 0, "percent_statements_covered": 100.0, "percent_statements_covered_display": "100", "num_branches": 0, "num_partial_branches": 0, "covered_branches": 0, "missing_branches": 0, "percent_branches_covered": 100.0, "percent_branches_covered_display": "100"}, "missing_lines": [], "excluded_lines": [], "start_line": 117, "executed_branches": [], "missing_branches": []}, "QuantumGateCounter.t_gate_depth_from_toffoli": {"executed_lines": [135], "summary": {"covered_lines": 1, "num_statements": 1, "percent_covered": 100.0, "percent_covered_display": "100", "missing_lines": 0, "excluded_lines": 0, "percent_statements_covered": 100.0, "percent_statements_covered_display": "100", "num_branches": 0, "num_partial_branches": 0, "covered_branches": 0, "missing_branches": 0, "percent_branches_covered": 100.0, "percent_branches_covered_display": "100"}, "missing_lines": [], "excluded_lines": [], "start_line": 130, "executed_branches": [], "missing_branches": []}, "QuantumGateCounter.error_correction_overhead": {"executed_lines": [146, 147], "summary": {"covered_lines": 2, "num_statements": 2, "percent_covered": 100.0, "percent_covered_display": "100", "missing_lines": 0, "excluded_lines": 0, "percent_statements_covered": 100.0, "percent_statements_covered_display": "100", "num_branches": 0, "num_partial_branches": 0, "covered_branches": 0, "missing_branches": 0, "percent_branches_covered": 100.0, "percent_branches_covered_display": "100"}, "missing_lines": [], "excluded_lines": [], "start_line": 138, "executed_branches": [], "missing_branches": []}, "CostCalculator.__init__": {"executed_lines": [160], "summary": {"covered_lines": 1, "num_statements": 1, "percent_covered": 100.0, "percent_covered_display": "100", "missing_lines": 0, "excluded_lines": 0, "percent_statements_covered": 100.0, "percent_statements_covered_display": "100", "num_branches": 0, "num_partial_branches": 0, "covered_branches": 0, "missing_branches": 0, "percent_branches_covered": 100.0, "percent_branches_covered_display": "100"}, "missing_lines": [], "excluded_lines": [], "start_line": 153, "executed_branches": [], "missing_branches": []}, "CostCalculator.lattice_attack_cost": {"executed_lines": [173, 176, 177, 180, 182, 184, 186, 187, 189], "summary": {"covered_lines": 9, "num_statements": 9, "percent_covered": 100.0, "percent_covered_display": "100", "missing_lines": 0, "excluded_lines": 0, "percent_statements_covered": 100.0, "percent_statements_covered_display": "100", "num_branches": 4, "num_partial_branches": 0, "covered_branches": 4, "missing_branches": 0, "percent_branches_covered": 100.0, "percent_branches_covered_display": "100"}, "missing_lines": [], "excluded_lines": [], "start_line": 162, "executed_branches": [[173, 176], [173, 180], [180, 182], [180, 184]], "missing_branches": []}, "CostCalculator.grover_search_cost": {"executed_lines": [200, 201, 203, 205], "summary": {"covered_lines": 4, "num_statements": 4, "percent_covered": 100.0, "percent_covered_display": "100", "missing_lines": 0, "excluded_lines": 0, "percent_statements_covered": 100.0, "percent_statements_covered_display": "100", "num_branches": 0, "num_partial_branches": 0, "covered_branches": 0, "missing_branches": 0, "percent_branches_covered": 100.0, "percent_branches_covered_display": "100"}, "missing_lines": [], "excluded_lines": [], "start_line": 198, "executed_branches": [], "missing_branches": []}, "CostCalculator.birthday_attack_cost": {"executed_lines": [216, 217, 219, 221], "summary": {"covered_lines": 4, "num_statements": 4, "percent_covered": 100.0, "percent_covered_display": "100", "missing_lines": 0, "excluded_lines": 0, "percent_statements_covered": 100.0, "percent_statements_covered_display": "100", "num_branches": 0, "num_partial_branches": 0, "covered_branches": 0, "missing_branches": 0, "percent_branches_covered": 100.0, "percent_branches_covered_display": "100"}, "missing_lines": [], "excluded_lines": [], "start_line": 214, "executed_branches": [], "missing_branches": []}, "": {"executed_lines": [10, 11, 12, 15, 16, 19, 20, 21, 22, 23, 24, 25, 26, 28, 29, 36, 37, 46, 56, 59, 60, 67, 68, 79, 80, 94, 95, 102, 105, 106, 116, 117, 129, 130, 137, 138, 150, 153, 162, 198, 214, 232, 250], "summary": {"covered_lines": 43, "num_statements": 43, "percent_covered": 100.0, "percent_covered_display": "100", "missing_lines": 0, "excluded_lines": 0, "percent_statements_covered": 100.0, "percent_statements_covered_display": "100", "num_branches": 0, "num_partial_branches": 0, "covered_branches": 0, "missing_branches": 0, "percent_branches_covered": 100.0, "percent_branches_covered_display": "100"}, "missing_lines": [], "excluded_lines": [], "start_line": 1, "executed_branches": [], "missing_branches": []}}, "classes": {"AttackCost": {"executed_lines": [31, 32, 33, 34, 39, 41, 42, 43, 44, 47, 53], "summary": {"covered_lines": 11, "num_statements": 11, "percent_covered": 100.0, "percent_covered_display": "100", "missing_lines": 0, "excluded_lines": 0, "percent_statements_covered": 100.0, "percent_statements_covered_display": "100", "num_branches": 4, "num_partial_branches": 0, "covered_branches": 4, "missing_branches": 0, "percent_branches_covered": 100.0, "percent_branches_covered_display": "100"}, "missing_lines": [], "excluded_lines": [], "start_line": 16, "executed_branches": [[31, 32], [31, 34], [39, 41], [39, 44]], "missing_branches": []}, "ClassicalBitOperations": {"executed_lines": [65, 73, 74, 75, 76, 77, 84, 86, 89, 91, 92, 98, 99], "summary": {"covered_lines": 13, "num_statements": 13, "percent_covered": 100.0, "percent_covered_display": "100", "missing_lines": 0, "excluded_lines": 0, "percent_statements_covered": 100.0, "percent_statements_covered_display": "100", "num_branches": 2, "num_partial_branches": 0, "covered_branches": 2, "missing_branches": 0, "percent_branches_covered": 100.0, "percent_branches_covered_display": "100"}, "missing_lines": [], "excluded_lines": [], "start_line": 56, "executed_branches": [[84, 86], [84, 89]], "missing_branches": []}, "QuantumGateCounter": {"executed_lines": [111, 113, 114, 124, 126, 127, 135, 146, 147], "summary": {"covered_lines": 9, "num_statements": 9, "percent_covered": 100.0, "percent_covered_display": "100", "missing_lines": 0, "excluded_lines": 0, "percent_statements_covered": 100.0, "percent_statements_covered_display": "100", "num_branches": 0, "num_partial_branches": 0, "covered_branches": 0, "missing_branches": 0, "percent_branches_covered": 100.0, "percent_branches_covered_display": "100"}, "missing_lines": [], "excluded_lines": [], "start_line": 102, "executed_branches": [], "missing_branches": []}, "CostCalculator": {"executed_lines": [160, 173, 176, 177, 180, 182, 184, 186, 187, 189, 200, 201, 203, 205, 216, 217, 219, 221], "summary": {"covered_lines": 18, "num_statements": 18, "percent_covered": 100.0, "percent_covered_display": "100", "missing_lines": 0, "excluded_lines": 0, "percent_statements_covered": 100.0, "percent_statements_covered_display": "100", "num_branches": 4, "num_partial_branches": 0, "covered_branches": 4, "missing_branches": 0, "percent_branches_covered": 100.0, "percent_branches_covered_display": "100"}, "missing_lines": [], "excluded_lines": [], "start_line": 150, "executed_branches": [[173, 176], [173, 180], [180, 182], [180, 184]], "missing_branches": []}, "": {"executed_lines": [10, 11, 12, 15, 16, 19, 20, 21, 22, 23, 24, 25, 26, 28, 29, 36, 37, 46, 56, 59, 60, 67, 68, 79, 80, 94, 95, 102, 105, 106, 116, 117, 129, 130, 137, 138, 150, 153, 162, 198, 214, 232, 250], "summary": {"covered_lines": 43, "num_statements": 43, "percent_covered": 100.0, "percent_covered_display": "100", "missing_lines": 0, "excluded_lines": 0, "percent_statements_covered": 100.0, "percent_statements_covered_display": "100", "num_branches": 0, "num_partial_branches": 0, "covered_branches": 0, "missing_branches": 0, "percent_branches_covered": 100.0, "percent_branches_covered_display": "100"}, "missing_lines": [], "excluded_lines": [], "start_line": 1, "executed_branches": [], "missing_branches": []}}}, "src/analysis/lattice_attacks.py": {"executed_lines": [8, 9, 10, 11, 14, 15, 18, 19, 20, 23, 32, 33, 48, 50, 51, 55, 56, 58, 59, 68, 69, 72, 73, 75, 78, 88, 104, 105, 107, 108, 111, 112, 113, 114, 115, 116, 119, 121, 123, 124, 134, 138, 141, 143, 145, 146, 154, 155, 157, 158, 159, 160, 168, 170, 171, 181, 184, 185, 190, 192, 195, 198, 210, 218, 220, 222, 223, 224, 226, 228, 237, 239, 240, 241, 243, 244, 246, 248, 258, 260, 261, 263, 264, 265, 266, 268, 270, 272, 273, 274, 275, 277, 285, 287, 289, 296, 297, 298, 300, 301, 302, 303, 307, 312, 324], "summary": {"covered_lines": 105, "num_statements": 105, "percent_covered": 100.0, "percent_covered_display": "100", "missing_lines": 0, "excluded_lines": 1, "percent_statements_covered": 100.0, "percent_statements_covered_display": "100", "num_branches": 14, "num_partial_branches": 0, "covered_branches": 14, "missing_branches": 0, "percent_branches_covered": 100.0, "percent_branches_covered_display": "100"}, "missing_lines": [], "excluded_lines": [199], "executed_branches": [[107, 108], [107, 111], [112, 113], [112, 121], [113, 112], [113, 114], [157, 158], [157, 168], [264, 265], [264, 268], [273, 274], [273, 285], [296, 297], [296, 312]], "missing_branches": [], "functions": {"LLL_Reduction.complexity_bits": {"executed_lines": [48], "summary": {"covered_lines": 1, "num_statements": 1, "percent_covered": 100.0, "percent_covered_display": "100", "missing_lines": 0, "excluded_lines": 0, "percent_statements_covered": 100.0, "percent_statements_covered_display": "100", "num_branches": 0, "num_partial_branches": 0, "covered_branches": 0, "missing_branches": 0, "percent_branches_covered": 100.0, "percent_branches_covered_display": "100"}, "missing_lines": [], "excluded_lines": [], "start_line": 33, "executed_branches": [], "missing_branches": []}, "LLL_Reduction.time_estimate_seconds": {"executed_lines": [55, 56], "summary": {"covered_lines": 2, "num_statements": 2, "percent_covered": 100.0, "percent_covered_display": "100", "missing_lines": 0, "excluded_lines": 0, "percent_statements_covered": 100.0, "percent_statements_covered_display": "100", "num_branches": 0, "num_partial_branches": 0, "covered_branches": 0, "missing_branches": 0, "percent_branches_covered": 100.0, "percent_branches_covered_display": "100"}, "missing_lines": [], "excluded_lines": [], "start_line": 51, "executed_branches": [], "missing_branches": []}, "LLL_Reduction.will_break_scheme": {"executed_lines": [68, 69, 72, 73, 75], "summary": {"covered_lines": 5, "num_statements": 5, "percent_covered": 100.0, "percent_covered_display": "100", "missing_lines": 0, "excluded_lines": 0, "percent_statements_covered": 100.0, "percent_statements_covered_display": "100", "num_branches": 0, "num_partial_branches": 0, "covered_branches": 0, "missing_branches": 0, "percent_branches_covered": 100.0, "percent_branches_covered_display": "100"}, "missing_lines": [], "excluded_lines": [], "start_line": 59, "executed_branches": [], "missing_branches": []}, "BKZ_Algorithm._interpolate_cost": {"executed_lines": [107, 108, 111, 112, 113, 114, 115, 116, 119, 121], "summary": {"covered_lines": 10, "num_statements": 10, "percent_covered": 100.0, "percent_covered_display": "100", "missing_lines": 0, "excluded_lines": 0, "percent_statements_covered": 100.0, "percent_statements_covered_display": "100", "num_branches": 6, "num_partial_branches": 0, "covered_branches": 6, "missing_branches": 0, "percent_branches_covered": 100.0, "percent_branches_covered_display": "100"}, "missing_lines": [], "excluded_lines": [], "start_line": 105, "executed_branches": [[107, 108], [107, 111], [112, 113], [112, 121], [113, 112], [113, 114]], "missing_branches": []}, "BKZ_Algorithm.complexity_bits": {"executed_lines": [134, 138, 141, 143], "summary": {"covered_lines": 4, "num_statements": 4, "percent_covered": 100.0, "percent_covered_display": "100", "missing_lines": 0, "excluded_lines": 0, "percent_statements_covered": 100.0, "percent_statements_covered_display": "100", "num_branches": 0, "num_partial_branches": 0, "covered_branches": 0, "missing_branches": 0, "percent_branches_covered": 100.0, "percent_branches_covered_display": "100"}, "missing_lines": [], "excluded_lines": [], "start_line": 124, "executed_branches": [], "missing_branches": []}, "BKZ_Algorithm.attack_chain_cost": {"executed_lines": [154, 155, 157, 158, 159, 160, 168], "summary": {"covered_lines": 7, "num_statements": 7, "percent_covered": 100.0, "percent_covered_display": "100", "missing_lines": 0, "excluded_lines": 0, "percent_statements_covered": 100.0, "percent_statements_covered_display": "100", "num_branches": 2, "num_partial_branches": 0, "covered_branches": 2, "missing_branches": 0, "percent_branches_covered": 100.0, "percent_branches_covered_display": "100"}, "missing_lines": [], "excluded_lines": [], "start_line": 146, "executed_branches": [[157, 158], [157, 168]], "missing_branches": []}, "BKZ_Algorithm.can_break_scheme": {"executed_lines": [181, 184, 185, 190, 192], "summary": {"covered_lines": 5, "num_statements": 5, "percent_covered": 100.0, "percent_covered_display": "100", "missing_lines": 0, "excluded_lines": 0, "percent_statements_covered": 100.0, "percent_statements_covered_display": "100", "num_branches": 0, "num_partial_branches": 0, "covered_branches": 0, "missing_branches": 0, "percent_branches_covered": 100.0, "percent_branches_covered_display": "100"}, "missing_lines": [], "excluded_lines": [], "start_line": 171, "executed_branches": [], "missing_branches": []}, "LatticeAttackAnalysis.__init__": {"executed_lines": [210, 218], "summary": {"covered_lines": 2, "num_statements": 2, "percent_covered": 100.0, "percent_covered_display": "100", "missing_lines": 0, "excluded_lines": 1, "percent_statements_covered": 100.0, "percent_statements_covered_display": "100", "num_branches": 0, "num_partial_branches": 0, "covered_branches": 0, "missing_branches": 0, "percent_branches_covered": 100.0, "percent_branches_covered_display": "100"}, "missing_lines": [], "excluded_lines": [199], "start_line": 198, "executed_branches": [], "missing_branches": []}, "LatticeAttackAnalysis.lll_attack": {"executed_lines": [222, 223, 224, 226, 228], "summary": {"covered_lines": 5, "num_statements": 5, "percent_covered": 100.0, "percent_covered_display": "100", "missing_lines": 0, "excluded_lines": 0, "percent_statements_covered": 100.0, "percent_statements_covered_display": "100", "num_branches": 0, "num_partial_branches": 0, "covered_branches": 0, "missing_branches": 0, "percent_branches_covered": 100.0, "percent_branches_covered_display": "100"}, "missing_lines": [], "excluded_lines": [], "start_line": 220, "executed_branches": [], "missing_branches": []}, "LatticeAttackAnalysis.bkz_attack": {"executed_lines": [239, 240, 241, 243, 244, 246, 248], "summary": {"covered_lines": 7, "num_statements": 7, "percent_covered": 100.0, "percent_covered_display": "100", "missing_lines": 0, "excluded_lines": 0, "percent_statements_covered": 100.0, "percent_statements_covered_display": "100", "num_branches": 0, "num_partial_branches": 0, "covered_branches": 0, "missing_branches": 0, "percent_branches_covered": 100.0, "percent_branches_covered_display": "100"}, "missing_lines": [], "excluded_lines": [], "start_line": 237, "executed_branches": [], "missing_branches": []}, "LatticeAttackAnalysis.attack_progression": {"executed_lines": [260, 261, 263, 264, 265, 266, 268], "summary": {"covered_lines": 7, "num_statements": 7, "percent_covered": 100.0, "percent_covered_display": "100", "missing_lines": 0, "excluded_lines": 0, "percent_statements_covered": 100.0, "percent_statements_covered_display": "100", "num_branches": 2, "num_partial_branches": 0, "covered_branches": 2, "missing_branches": 0, "percent_branches_covered": 100.0, "percent_branches_covered_display": "100"}, "missing_lines": [], "excluded_lines": [], "start_line": 258, "executed_branches": [[264, 265], [264, 268]], "missing_branches": []}, "LatticeAttackAnalysis.comparative_analysis": {"executed_lines": [272, 273, 274, 275, 277, 285], "summary": {"covered_lines": 6, "num_statements": 6, "percent_covered": 100.0, "percent_covered_display": "100", "missing_lines": 0, "excluded_lines": 0, "percent_statements_covered": 100.0, "percent_statements_covered_display": "100", "num_branches": 2, "num_partial_branches": 0, "covered_branches": 2, "missing_branches": 0, "percent_branches_covered": 100.0, "percent_branches_covered_display": "100"}, "missing_lines": [], "excluded_lines": [], "start_line": 270, "executed_branches": [[273, 274], [273, 285]], "missing_branches": []}, "LatticeAttackAnalysis.security_summary": {"executed_lines": [289, 296, 297, 298, 300, 301, 302, 303, 307, 312, 324], "summary": {"covered_lines": 11, "num_statements": 11, "percent_covered": 100.0, "percent_covered_display": "100", "missing_lines": 0, "excluded_lines": 0, "percent_statements_covered": 100.0, "percent_statements_covered_display": "100", "num_branches": 2, "num_partial_branches": 0, "covered_branches": 2, "missing_branches": 0, "percent_branches_covered": 100.0, "percent_branches_covered_display": "100"}, "missing_lines": [], "excluded_lines": [], "start_line": 287, "executed_branches": [[296, 297], [296, 312]], "missing_branches": []}, "": {"executed_lines": [8, 9, 10, 11, 14, 15, 18, 19, 20, 23, 32, 33, 50, 51, 58, 59, 78, 88, 104, 105, 123, 124, 145, 146, 170, 171, 195, 198, 220, 237, 258, 270, 287], "summary": {"covered_lines": 33, "num_statements": 33, "percent_covered": 100.0, "percent_covered_display": "100", "missing_lines": 0, "excluded_lines": 0, "percent_statements_covered": 100.0, "percent_statements_covered_display": "100", "num_branches": 0, "num_partial_branches": 0, "covered_branches": 0, "missing_branches": 0, "percent_branches_covered": 100.0, "percent_branches_covered_display": "100"}, "missing_lines": [], "excluded_lines": [], "start_line": 1, "executed_branches": [], "missing_branches": []}}, "classes": {"LatticeParameters": {"executed_lines": [], "summary": {"covered_lines": 0, "num_statements": 0, "percent_covered": 100.0, "percent_covered_display": "100", "missing_lines": 0, "excluded_lines": 0, "percent_statements_covered": 100.0, "percent_statements_covered_display": "100", "num_branches": 0, "num_partial_branches": 0, "covered_branches": 0, "missing_branches": 0, "percent_branches_covered": 100.0, "percent_branches_covered_display": "100"}, "missing_lines": [], "excluded_lines": [], "start_line": 15, "executed_branches": [], "missing_branches": []}, "LLL_Reduction": {"executed_lines": [48, 55, 56, 68, 69, 72, 73, 75], "summary": {"covered_lines": 8, "num_statements": 8, "percent_covered": 100.0, "percent_covered_display": "100", "missing_lines": 0, "excluded_lines": 0, "percent_statements_covered": 100.0, "percent_statements_covered_display": "100", "num_branches": 0, "num_partial_branches": 0, "covered_branches": 0, "missing_branches": 0, "percent_branches_covered": 100.0, "percent_branches_covered_display": "100"}, "missing_lines": [], "excluded_lines": [], "start_line": 23, "executed_branches": [], "missing_branches": []}, "BKZ_Algorithm": {"executed_lines": [107, 108, 111, 112, 113, 114, 115, 116, 119, 121, 134, 138, 141, 143, 154, 155, 157, 158, 159, 160, 168, 181, 184, 185, 190, 192], "summary": {"covered_lines": 26, "num_statements": 26, "percent_covered": 100.0, "percent_covered_display": "100", "missing_lines": 0, "excluded_lines": 0, "percent_statements_covered": 100.0, "percent_statements_covered_display": "100", "num_branches": 8, "num_partial_branches": 0, "covered_branches": 8, "missing_branches": 0, "percent_branches_covered": 100.0, "percent_branches_covered_display": "100"}, "missing_lines": [], "excluded_lines": [], "start_line": 78, "executed_branches": [[107, 108], [107, 111], [112, 113], [112, 121], [113, 112], [113, 114], [157, 158], [157, 168]], "missing_branches": []}, "LatticeAttackAnalysis": {"executed_lines": [210, 218, 222, 223, 224, 226, 228, 239, 240, 241, 243, 244, 246, 248, 260, 261, 263, 264, 265, 266, 268, 272, 273, 274, 275, 277, 285, 289, 296, 297, 298, 300, 301, 302, 303, 307, 312, 324], "summary": {"covered_lines": 38, "num_statements": 38, "percent_covered": 100.0, "percent_covered_display": "100", "missing_lines": 0, "excluded_lines": 1, "percent_statements_covered": 100.0, "percent_statements_covered_display": "100", "num_branches": 6, "num_partial_branches": 0, "covered_branches": 6, "missing_branches": 0, "percent_branches_covered": 100.0, "percent_branches_covered_display": "100"}, "missing_lines": [], "excluded_lines": [199], "start_line": 195, "executed_branches": [[264, 265], [264, 268], [273, 274], [273, 285], [296, 297], [296, 312]], "missing_branches": []}, "": {"executed_lines": [8, 9, 10, 11, 14, 15, 18, 19, 20, 23, 32, 33, 50, 51, 58, 59, 78, 88, 104, 105, 123, 124, 145, 146, 170, 171, 195, 198, 220, 237, 258, 270, 287], "summary": {"covered_lines": 33, "num_statements": 33, "percent_covered": 100.0, "percent_covered_display": "100", "missing_lines": 0, "excluded_lines": 0, "percent_statements_covered": 100.0, "percent_statements_covered_display": "100", "num_branches": 0, "num_partial_branches": 0, "covered_branches": 0, "missing_branches": 0, "percent_branches_covered": 100.0, "percent_branches_covered_display": "100"}, "missing_lines": [], "excluded_lines": [], "start_line": 1, "executed_branches": [], "missing_branches": []}}}, "src/analysis/ml_dsa_attacks.py": {"executed_lines": [11, 12, 13, 14, 17, 18, 21, 22, 23, 24, 27, 43, 73, 74, 81, 82, 85, 86, 88, 90, 91, 104, 105, 109, 110, 112, 116, 123, 124, 131, 132, 136, 137, 138, 140, 153, 154, 162, 164, 172, 175, 176, 177, 179, 185, 187, 194, 202, 209, 219, 225, 233, 235, 270], "summary": {"covered_lines": 54, "num_statements": 54, "percent_covered": 100.0, "percent_covered_display": "100", "missing_lines": 0, "excluded_lines": 0, "percent_statements_covered": 100.0, "percent_statements_covered_display": "100", "num_branches": 0, "num_partial_branches": 0, "covered_branches": 0, "missing_branches": 0, "percent_branches_covered": 100.0, "percent_branches_covered_display": "100"}, "missing_lines": [], "excluded_lines": [], "executed_branches": [], "missing_branches": [], "functions": {"ForgeryResistanceAnalyzer.existential_forgery_cost": {"executed_lines": [81, 82, 85, 86, 88], "summary": {"covered_lines": 5, "num_statements": 5, "percent_covered": 100.0, "percent_covered_display": "100", "missing_lines": 0, "excluded_lines": 0, "percent_statements_covered": 100.0, "percent_statements_covered_display": "100", "num_branches": 0, "num_partial_branches": 0, "covered_branches": 0, "missing_branches": 0, "percent_branches_covered": 100.0, "percent_branches_covered_display": "100"}, "missing_lines": [], "excluded_lines": [], "start_line": 74, "executed_branches": [], "missing_branches": []}, "ForgeryResistanceAnalyzer.nonce_reuse_analysis": {"executed_lines": [104, 105, 109, 110, 112, 116], "summary": {"covered_lines": 6, "num_statements": 6, "percent_covered": 100.0, "percent_covered_display": "100", "missing_lines": 0, "excluded_lines": 0, "percent_statements_covered": 100.0, "percent_statements_covered_display": "100", "num_branches": 0, "num_partial_branches": 0, "covered_branches": 0, "missing_branches": 0, "percent_branches_covered": 100.0, "percent_branches_covered_display": "100"}, "missing_lines": [], "excluded_lines": [], "start_line": 91, "executed_branches": [], "missing_branches": []}, "ForgeryResistanceAnalyzer.randomness_bias_attack": {"executed_lines": [131, 132, 136, 137, 138, 140], "summary": {"covered_lines": 6, "num_statements": 6, "percent_covered": 100.0, "percent_covered_display": "100", "missing_lines": 0, "excluded_lines": 0, "percent_statements_covered": 100.0, "percent_statements_covered_display": "100", "num_branches": 0, "num_partial_branches": 0, "covered_branches": 0, "missing_branches": 0, "percent_branches_covered": 100.0, "percent_branches_covered_display": "100"}, "missing_lines": [], "excluded_lines": [], "start_line": 124, "executed_branches": [], "missing_branches": []}, "ForgeryResistanceAnalyzer.zero_signature_risk": {"executed_lines": [162, 164], "summary": {"covered_lines": 2, "num_statements": 2, "percent_covered": 100.0, "percent_covered_display": "100", "missing_lines": 0, "excluded_lines": 0, "percent_statements_covered": 100.0, "percent_statements_covered_display": "100", "num_branches": 0, "num_partial_branches": 0, "covered_branches": 0, "missing_branches": 0, "percent_branches_covered": 100.0, "percent_branches_covered_display": "100"}, "missing_lines": [], "excluded_lines": [], "start_line": 154, "executed_branches": [], "missing_branches": []}, "ML_DSA_AttackAnalysis.__init__": {"executed_lines": [176, 177], "summary": {"covered_lines": 2, "num_statements": 2, "percent_covered": 100.0, "percent_covered_display": "100", "missing_lines": 0, "excluded_lines": 0, "percent_statements_covered": 100.0, "percent_statements_covered_display": "100", "num_branches": 0, "num_partial_branches": 0, "covered_branches": 0, "missing_branches": 0, "percent_branches_covered": 100.0, "percent_branches_covered_display": "100"}, "missing_lines": [], "excluded_lines": [], "start_line": 175, "executed_branches": [], "missing_branches": []}, "ML_DSA_AttackAnalysis.preimage_attack_on_hash": {"executed_lines": [185], "summary": {"covered_lines": 1, "num_statements": 1, "percent_covered": 100.0, "percent_covered_display": "100", "missing_lines": 0, "excluded_lines": 0, "percent_statements_covered": 100.0, "percent_statements_covered_display": "100", "num_branches": 0, "num_partial_branches": 0, "covered_branches": 0, "missing_branches": 0, "percent_branches_covered": 100.0, "percent_branches_covered_display": "100"}, "missing_lines": [], "excluded_lines": [], "start_line": 179, "executed_branches": [], "missing_branches": []}, "ML_DSA_AttackAnalysis.transcript_forgery_analysis": {"executed_lines": [194], "summary": {"covered_lines": 1, "num_statements": 1, "percent_covered": 100.0, "percent_covered_display": "100", "missing_lines": 0, "excluded_lines": 0, "percent_statements_covered": 100.0, "percent_statements_covered_display": "100", "num_branches": 0, "num_partial_branches": 0, "covered_branches": 0, "missing_branches": 0, "percent_branches_covered": 100.0, "percent_branches_covered_display": "100"}, "missing_lines": [], "excluded_lines": [], "start_line": 187, "executed_branches": [], "missing_branches": []}, "ML_DSA_AttackAnalysis.batch_verification_risk": {"executed_lines": [209], "summary": {"covered_lines": 1, "num_statements": 1, "percent_covered": 100.0, "percent_covered_display": "100", "missing_lines": 0, "excluded_lines": 0, "percent_statements_covered": 100.0, "percent_statements_covered_display": "100", "num_branches": 0, "num_partial_branches": 0, "covered_branches": 0, "missing_branches": 0, "percent_branches_covered": 100.0, "percent_branches_covered_display": "100"}, "missing_lines": [], "excluded_lines": [], "start_line": 202, "executed_branches": [], "missing_branches": []}, "ML_DSA_AttackAnalysis.key_recovery_cost": {"executed_lines": [225], "summary": {"covered_lines": 1, "num_statements": 1, "percent_covered": 100.0, "percent_covered_display": "100", "missing_lines": 0, "excluded_lines": 0, "percent_statements_covered": 100.0, "percent_statements_covered_display": "100", "num_branches": 0, "num_partial_branches": 0, "covered_branches": 0, "missing_branches": 0, "percent_branches_covered": 100.0, "percent_branches_covered_display": "100"}, "missing_lines": [], "excluded_lines": [], "start_line": 219, "executed_branches": [], "missing_branches": []}, "ML_DSA_AttackAnalysis.comparative_security_summary": {"executed_lines": [235, 270], "summary": {"covered_lines": 2, "num_statements": 2, "percent_covered": 100.0, "percent_covered_display": "100", "missing_lines": 0, "excluded_lines": 0, "percent_statements_covered": 100.0, "percent_statements_covered_display": "100", "num_branches": 0, "num_partial_branches": 0, "covered_branches": 0, "missing_branches": 0, "percent_branches_covered": 100.0, "percent_branches_covered_display": "100"}, "missing_lines": [], "excluded_lines": [], "start_line": 233, "executed_branches": [], "missing_branches": []}, "": {"executed_lines": [11, 12, 13, 14, 17, 18, 21, 22, 23, 24, 27, 43, 73, 74, 90, 91, 123, 124, 153, 154, 172, 175, 179, 187, 202, 219, 233], "summary": {"covered_lines": 27, "num_statements": 27, "percent_covered": 100.0, "percent_covered_display": "100", "missing_lines": 0, "excluded_lines": 0, "percent_statements_covered": 100.0, "percent_statements_covered_display": "100", "num_branches": 0, "num_partial_branches": 0, "covered_branches": 0, "missing_branches": 0, "percent_branches_covered": 100.0, "percent_branches_covered_display": "100"}, "missing_lines": [], "excluded_lines": [], "start_line": 1, "executed_branches": [], "missing_branches": []}}, "classes": {"NonceReuseVulnerability": {"executed_lines": [], "summary": {"covered_lines": 0, "num_statements": 0, "percent_covered": 100.0, "percent_covered_display": "100", "missing_lines": 0, "excluded_lines": 0, "percent_statements_covered": 100.0, "percent_statements_covered_display": "100", "num_branches": 0, "num_partial_branches": 0, "covered_branches": 0, "missing_branches": 0, "percent_branches_covered": 100.0, "percent_branches_covered_display": "100"}, "missing_lines": [], "excluded_lines": [], "start_line": 18, "executed_branches": [], "missing_branches": []}, "ForgeryResistanceAnalyzer": {"executed_lines": [81, 82, 85, 86, 88, 104, 105, 109, 110, 112, 116, 131, 132, 136, 137, 138, 140, 162, 164], "summary": {"covered_lines": 19, "num_statements": 19, "percent_covered": 100.0, "percent_covered_display": "100", "missing_lines": 0, "excluded_lines": 0, "percent_statements_covered": 100.0, "percent_statements_covered_display": "100", "num_branches": 0, "num_partial_branches": 0, "covered_branches": 0, "missing_branches": 0, "percent_branches_covered": 100.0, "percent_branches_covered_display": "100"}, "missing_lines": [], "excluded_lines": [], "start_line": 27, "executed_branches": [], "missing_branches": []}, "ML_DSA_AttackAnalysis": {"executed_lines": [176, 177, 185, 194, 209, 225, 235, 270], "summary": {"covered_lines": 8, "num_statements": 8, "percent_covered": 100.0, "percent_covered_display": "100", "missing_lines": 0, "excluded_lines": 0, "percent_statements_covered": 100.0, "percent_statements_covered_display": "100", "num_branches": 0, "num_partial_branches": 0, "covered_branches": 0, "missing_branches": 0, "percent_branches_covered": 100.0, "percent_branches_covered_display": "100"}, "missing_lines": [], "excluded_lines": [], "start_line": 172, "executed_branches": [], "missing_branches": []}, "": {"executed_lines": [11, 12, 13, 14, 17, 18, 21, 22, 23, 24, 27, 43, 73, 74, 90, 91, 123, 124, 153, 154, 172, 175, 179, 187, 202, 219, 233], "summary": {"covered_lines": 27, "num_statements": 27, "percent_covered": 100.0, "percent_covered_display": "100", "missing_lines": 0, "excluded_lines": 0, "percent_statements_covered": 100.0, "percent_statements_covered_display": "100", "num_branches": 0, "num_partial_branches": 0, "covered_branches": 0, "missing_branches": 0, "percent_branches_covered": 100.0, "percent_branches_covered_display": "100"}, "missing_lines": [], "excluded_lines": [], "start_line": 1, "executed_branches": [], "missing_branches": []}}}, "src/analysis/ml_kem_attacks.py": {"executed_lines": [10, 11, 12, 13, 16, 17, 20, 21, 22, 23, 26, 38, 44, 45, 47, 49, 50, 56, 57, 59, 60, 62, 63, 64, 65, 66, 68, 69, 79, 80, 82, 84, 95, 96, 104, 106, 119, 122, 123, 124, 126, 135, 137, 149, 151, 159, 165, 183, 185, 214], "summary": {"covered_lines": 50, "num_statements": 50, "percent_covered": 100.0, "percent_covered_display": "100", "missing_lines": 0, "excluded_lines": 0, "percent_statements_covered": 100.0, "percent_statements_covered_display": "100", "num_branches": 4, "num_partial_branches": 0, "covered_branches": 4, "missing_branches": 0, "percent_branches_covered": 100.0, "percent_branches_covered_display": "100"}, "missing_lines": [], "excluded_lines": [], "executed_branches": [[56, 57], [56, 59], [59, 60], [59, 62]], "missing_branches": [], "functions": {"DecryptionFailureAnalyzer.probability_per_decryption": {"executed_lines": [47], "summary": {"covered_lines": 1, "num_statements": 1, "percent_covered": 100.0, "percent_covered_display": "100", "missing_lines": 0, "excluded_lines": 0, "percent_statements_covered": 100.0, "percent_statements_covered_display": "100", "num_branches": 0, "num_partial_branches": 0, "covered_branches": 0, "missing_branches": 0, "percent_branches_covered": 100.0, "percent_branches_covered_display": "100"}, "missing_lines": [], "excluded_lines": [], "start_line": 45, "executed_branches": [], "missing_branches": []}, "DecryptionFailureAnalyzer.statistical_samples_needed": {"executed_lines": [56, 57, 59, 60, 62, 63, 64, 65, 66], "summary": {"covered_lines": 9, "num_statements": 9, "percent_covered": 100.0, "percent_covered_display": "100", "missing_lines": 0, "excluded_lines": 0, "percent_statements_covered": 100.0, "percent_statements_covered_display": "100", "num_branches": 4, "num_partial_branches": 0, "covered_branches": 4, "missing_branches": 0, "percent_branches_covered": 100.0, "percent_branches_covered_display": "100"}, "missing_lines": [], "excluded_lines": [], "start_line": 50, "executed_branches": [[56, 57], [56, 59], [59, 60], [59, 62]], "missing_branches": []}, "DecryptionFailureAnalyzer.attack_feasibility": {"executed_lines": [79, 80, 82, 84], "summary": {"covered_lines": 4, "num_statements": 4, "percent_covered": 100.0, "percent_covered_display": "100", "missing_lines": 0, "excluded_lines": 0, "percent_statements_covered": 100.0, "percent_statements_covered_display": "100", "num_branches": 0, "num_partial_branches": 0, "covered_branches": 0, "missing_branches": 0, "percent_branches_covered": 100.0, "percent_branches_covered_display": "100"}, "missing_lines": [], "excluded_lines": [], "start_line": 69, "executed_branches": [], "missing_branches": []}, "DecryptionFailureAnalyzer.chosen_ciphertext_resilience": {"executed_lines": [104, 106], "summary": {"covered_lines": 2, "num_statements": 2, "percent_covered": 100.0, "percent_covered_display": "100", "missing_lines": 0, "excluded_lines": 0, "percent_statements_covered": 100.0, "percent_statements_covered_display": "100", "num_branches": 0, "num_partial_branches": 0, "covered_branches": 0, "missing_branches": 0, "percent_branches_covered": 100.0, "percent_branches_covered_display": "100"}, "missing_lines": [], "excluded_lines": [], "start_line": 96, "executed_branches": [], "missing_branches": []}, "ML_KEM_AttackAnalysis.__init__": {"executed_lines": [123, 124], "summary": {"covered_lines": 2, "num_statements": 2, "percent_covered": 100.0, "percent_covered_display": "100", "missing_lines": 0, "excluded_lines": 0, "percent_statements_covered": 100.0, "percent_statements_covered_display": "100", "num_branches": 0, "num_partial_branches": 0, "covered_branches": 0, "missing_branches": 0, "percent_branches_covered": 100.0, "percent_branches_covered_display": "100"}, "missing_lines": [], "excluded_lines": [], "start_line": 122, "executed_branches": [], "missing_branches": []}, "ML_KEM_AttackAnalysis.dictionary_attack": {"executed_lines": [135], "summary": {"covered_lines": 1, "num_statements": 1, "percent_covered": 100.0, "percent_covered_display": "100", "missing_lines": 0, "excluded_lines": 0, "percent_statements_covered": 100.0, "percent_statements_covered_display": "100", "num_branches": 0, "num_partial_branches": 0, "covered_branches": 0, "missing_branches": 0, "percent_branches_covered": 100.0, "percent_branches_covered_display": "100"}, "missing_lines": [], "excluded_lines": [], "start_line": 126, "executed_branches": [], "missing_branches": []}, "ML_KEM_AttackAnalysis.key_recovery_from_ciphertexts": {"executed_lines": [149, 151], "summary": {"covered_lines": 2, "num_statements": 2, "percent_covered": 100.0, "percent_covered_display": "100", "missing_lines": 0, "excluded_lines": 0, "percent_statements_covered": 100.0, "percent_statements_covered_display": "100", "num_branches": 0, "num_partial_branches": 0, "covered_branches": 0, "missing_branches": 0, "percent_branches_covered": 100.0, "percent_branches_covered_display": "100"}, "missing_lines": [], "excluded_lines": [], "start_line": 137, "executed_branches": [], "missing_branches": []}, "ML_KEM_AttackAnalysis.side_channel_vulnerability_analysis": {"executed_lines": [165], "summary": {"covered_lines": 1, "num_statements": 1, "percent_covered": 100.0, "percent_covered_display": "100", "missing_lines": 0, "excluded_lines": 0, "percent_statements_covered": 100.0, "percent_statements_covered_display": "100", "num_branches": 0, "num_partial_branches": 0, "covered_branches": 0, "missing_branches": 0, "percent_branches_covered": 100.0, "percent_branches_covered_display": "100"}, "missing_lines": [], "excluded_lines": [], "start_line": 159, "executed_branches": [], "missing_branches": []}, "ML_KEM_AttackAnalysis.comparative_security_summary": {"executed_lines": [185, 214], "summary": {"covered_lines": 2, "num_statements": 2, "percent_covered": 100.0, "percent_covered_display": "100", "missing_lines": 0, "excluded_lines": 0, "percent_statements_covered": 100.0, "percent_statements_covered_display": "100", "num_branches": 0, "num_partial_branches": 0, "covered_branches": 0, "missing_branches": 0, "percent_branches_covered": 100.0, "percent_branches_covered_display": "100"}, "missing_lines": [], "excluded_lines": [], "start_line": 183, "executed_branches": [], "missing_branches": []}, "": {"executed_lines": [10, 11, 12, 13, 16, 17, 20, 21, 22, 23, 26, 38, 44, 45, 49, 50, 68, 69, 95, 96, 119, 122, 126, 137, 159, 183], "summary": {"covered_lines": 26, "num_statements": 26, "percent_covered": 100.0, "percent_covered_display": "100", "missing_lines": 0, "excluded_lines": 0, "percent_statements_covered": 100.0, "percent_statements_covered_display": "100", "num_branches": 0, "num_partial_branches": 0, "covered_branches": 0, "missing_branches": 0, "percent_branches_covered": 100.0, "percent_branches_covered_display": "100"}, "missing_lines": [], "excluded_lines": [], "start_line": 1, "executed_branches": [], "missing_branches": []}}, "classes": {"DecryptionFailureProfile": {"executed_lines": [], "summary": {"covered_lines": 0, "num_statements": 0, "percent_covered": 100.0, "percent_covered_display": "100", "missing_lines": 0, "excluded_lines": 0, "percent_statements_covered": 100.0, "percent_statements_covered_display": "100", "num_branches": 0, "num_partial_branches": 0, "covered_branches": 0, "missing_branches": 0, "percent_branches_covered": 100.0, "percent_branches_covered_display": "100"}, "missing_lines": [], "excluded_lines": [], "start_line": 17, "executed_branches": [], "missing_branches": []}, "DecryptionFailureAnalyzer": {"executed_lines": [47, 56, 57, 59, 60, 62, 63, 64, 65, 66, 79, 80, 82, 84, 104, 106], "summary": {"covered_lines": 16, "num_statements": 16, "percent_covered": 100.0, "percent_covered_display": "100", "missing_lines": 0, "excluded_lines": 0, "percent_statements_covered": 100.0, "percent_statements_covered_display": "100", "num_branches": 4, "num_partial_branches": 0, "covered_branches": 4, "missing_branches": 0, "percent_branches_covered": 100.0, "percent_branches_covered_display": "100"}, "missing_lines": [], "excluded_lines": [], "start_line": 26, "executed_branches": [[56, 57], [56, 59], [59, 60], [59, 62]], "missing_branches": []}, "ML_KEM_AttackAnalysis": {"executed_lines": [123, 124, 135, 149, 151, 165, 185, 214], "summary": {"covered_lines": 8, "num_statements": 8, "percent_covered": 100.0, "percent_covered_display": "100", "missing_lines": 0, "excluded_lines": 0, "percent_statements_covered": 100.0, "percent_statements_covered_display": "100", "num_branches": 0, "num_partial_branches": 0, "covered_branches": 0, "missing_branches": 0, "percent_branches_covered": 100.0, "percent_branches_covered_display": "100"}, "missing_lines": [], "excluded_lines": [], "start_line": 119, "executed_branches": [], "missing_branches": []}, "": {"executed_lines": [10, 11, 12, 13, 16, 17, 20, 21, 22, 23, 26, 38, 44, 45, 49, 50, 68, 69, 95, 96, 119, 122, 126, 137, 159, 183], "summary": {"covered_lines": 26, "num_statements": 26, "percent_covered": 100.0, "percent_covered_display": "100", "missing_lines": 0, "excluded_lines": 0, "percent_statements_covered": 100.0, "percent_statements_covered_display": "100", "num_branches": 0, "num_partial_branches": 0, "covered_branches": 0, "missing_branches": 0, "percent_branches_covered": 100.0, "percent_branches_covered_display": "100"}, "missing_lines": [], "excluded_lines": [], "start_line": 1, "executed_branches": [], "missing_branches": []}}}, "src/app/__main__.py": {"executed_lines": [3, 6, 7], "summary": {"covered_lines": 3, "num_statements": 3, "percent_covered": 100.0, "percent_covered_display": "100", "missing_lines": 0, "excluded_lines": 0, "percent_statements_covered": 100.0, "percent_statements_covered_display": "100", "num_branches": 2, "num_partial_branches": 0, "covered_branches": 2, "missing_branches": 0, "percent_branches_covered": 100.0, "percent_branches_covered_display": "100"}, "missing_lines": [], "excluded_lines": [], "executed_branches": [[6, -1], [6, 7]], "missing_branches": [], "functions": {"": {"executed_lines": [3, 6, 7], "summary": {"covered_lines": 3, "num_statements": 3, "percent_covered": 100.0, "percent_covered_display": "100", "missing_lines": 0, "excluded_lines": 0, "percent_statements_covered": 100.0, "percent_statements_covered_display": "100", "num_branches": 2, "num_partial_branches": 0, "covered_branches": 2, "missing_branches": 0, "percent_branches_covered": 100.0, "percent_branches_covered_display": "100"}, "missing_lines": [], "excluded_lines": [], "start_line": 1, "executed_branches": [[6, -1], [6, 7]], "missing_branches": []}}, "classes": {"": {"executed_lines": [3, 6, 7], "summary": {"covered_lines": 3, "num_statements": 3, "percent_covered": 100.0, "percent_covered_display": "100", "missing_lines": 0, "excluded_lines": 0, "percent_statements_covered": 100.0, "percent_statements_covered_display": "100", "num_branches": 2, "num_partial_branches": 0, "covered_branches": 2, "missing_branches": 0, "percent_branches_covered": 100.0, "percent_branches_covered_display": "100"}, "missing_lines": [], "excluded_lines": [], "start_line": 1, "executed_branches": [[6, -1], [6, 7]], "missing_branches": []}}}, "src/app/cli.py": {"executed_lines": [3, 5, 6, 7, 8, 9, 10, 12, 18, 19, 20, 21, 22, 23, 24, 25, 26, 27, 30, 32, 50, 51, 54, 55, 56, 57, 58, 61, 64, 65, 66, 67, 68, 71, 72, 73, 75, 76, 77, 79, 80, 81, 82, 83, 89, 90, 91, 94, 95, 98, 99, 108, 109, 120, 122, 123, 124, 131, 136, 137, 140, 141, 150, 151, 164, 166, 167, 168, 177, 184, 185, 188, 189, 194, 199, 205, 213, 214, 219, 224, 227, 230, 236, 244, 245, 250, 257, 260, 261, 262, 263, 264, 266, 271, 278, 281, 282, 283, 284, 285, 286, 289, 290, 291, 298, 301, 302, 303, 304, 306, 312, 313, 316, 317, 318, 319, 321, 327, 328, 331, 332, 333, 334, 335, 336, 339, 340, 341, 342, 345, 348, 349, 350, 352, 353, 354, 355, 360, 364, 365, 366, 367, 374, 375, 376, 379, 380, 381, 382, 383, 384, 385, 391, 393, 394, 395, 396, 403, 406, 407, 408, 409, 410, 413, 419, 420, 421, 427, 428, 438, 439, 442, 448, 449, 450, 456, 457, 464, 465, 468, 469, 470, 472, 473, 480, 482, 485, 489, 492, 495, 496, 497, 498, 502, 505, 508, 509, 510, 511, 515, 518, 521, 522, 523, 526, 529, 533, 536, 537, 541, 544, 546, 549, 552, 553, 554, 555, 559, 562, 565, 566, 567, 568, 572, 573, 576, 577, 578, 581, 584, 588, 591, 592, 596, 597, 601, 604, 607, 608, 609, 611, 614, 617, 620, 621, 622, 623, 625, 628, 631, 634, 637, 639, 640, 644, 647, 650, 651, 653, 654, 657, 658, 659, 660, 661, 662, 664, 665, 668, 671, 672, 673, 674, 675, 677, 680, 684, 687, 691, 694, 698, 701, 704, 707, 710, 713, 715, 718, 721, 724, 727, 730, 733, 735, 738, 741, 744, 747, 748, 749, 752, 754, 757, 761, 764, 767, 770, 773, 775, 778, 781, 784, 787, 788, 791, 794, 796, 799, 802, 805, 806, 807, 810, 813, 815, 818, 822, 825, 828, 829, 830, 833, 835, 838, 841, 842, 843, 846, 848, 851, 852, 853, 854, 855, 857, 858, 859, 860, 861, 862, 864, 865, 866, 867, 870, 871], "summary": {"covered_lines": 356, "num_statements": 356, "percent_covered": 100.0, "percent_covered_display": "100", "missing_lines": 0, "excluded_lines": 4, "percent_statements_covered": 100.0, "percent_statements_covered_display": "100", "num_branches": 74, "num_partial_branches": 0, "covered_branches": 74, "missing_branches": 0, "percent_branches_covered": 100.0, "percent_branches_covered_display": "100"}, "missing_lines": [], "excluded_lines": [84, 85, 86, 87], "executed_branches": [[64, 65], [64, 66], [66, 67], [66, 68], [79, 80], [79, 89], [108, 109], [108, 122], [123, 124], [123, 131], [150, 151], [150, 166], [167, 168], [167, 177], [263, 264], [263, 266], [303, 304], [303, 306], [318, 319], [318, 321], [332, 333], [332, 335], [340, 341], [340, 374], [341, 342], [341, 348], [348, 349], [348, 364], [349, 350], [349, 352], [353, 354], [353, 355], [365, 366], [365, 367], [374, 375], [374, 379], [379, 380], [379, 393], [381, 382], [381, 383], [383, 384], [383, 385], [394, 395], [394, 396], [408, 409], [408, 438], [409, 410], [409, 419], [419, 420], [419, 427], [438, 439], [438, 448], [448, 449], [448, 456], [495, 496], [495, 502], [508, 509], [508, 515], [552, 553], [552, 559], [565, 566], [565, 572], [828, 829], [828, 835], [841, 842], [841, 848], [852, 853], [852, 854], [854, 855], [854, 857], [860, 861], [860, 864], [870, -1], [870, 871]], "missing_branches": [], "functions": {"_print_json": {"executed_lines": [51], "summary": {"covered_lines": 1, "num_statements": 1, "percent_covered": 100.0, "percent_covered_display": "100", "missing_lines": 0, "excluded_lines": 0, "percent_statements_covered": 100.0, "percent_statements_covered_display": "100", "num_branches": 0, "num_partial_branches": 0, "covered_branches": 0, "missing_branches": 0, "percent_branches_covered": 100.0, "percent_branches_covered_display": "100"}, "missing_lines": [], "excluded_lines": [], "start_line": 50, "executed_branches": [], "missing_branches": []}, "_hex_bytes": {"executed_lines": [55, 56, 57, 58], "summary": {"covered_lines": 4, "num_statements": 4, "percent_covered": 100.0, "percent_covered_display": "100", "missing_lines": 0, "excluded_lines": 0, "percent_statements_covered": 100.0, "percent_statements_covered_display": "100", "num_branches": 0, "num_partial_branches": 0, "covered_branches": 0, "missing_branches": 0, "percent_branches_covered": 100.0, "percent_branches_covered_display": "100"}, "missing_lines": [], "excluded_lines": [], "start_line": 54, "executed_branches": [], "missing_branches": []}, "_text_or_hex_bytes": {"executed_lines": [64, 65, 66, 67, 68], "summary": {"covered_lines": 5, "num_statements": 5, "percent_covered": 100.0, "percent_covered_display": "100", "missing_lines": 0, "excluded_lines": 0, "percent_statements_covered": 100.0, "percent_statements_covered_display": "100", "num_branches": 4, "num_partial_branches": 0, "covered_branches": 4, "missing_branches": 0, "percent_branches_covered": 100.0, "percent_branches_covered_display": "100"}, "missing_lines": [], "excluded_lines": [], "start_line": 61, "executed_branches": [[64, 65], [64, 66], [66, 67], [66, 68]], "missing_branches": []}, "_run_demo_suite": {"executed_lines": [72, 73, 75, 76, 77, 79, 80, 81, 82, 83, 89, 90, 91], "summary": {"covered_lines": 13, "num_statements": 13, "percent_covered": 100.0, "percent_covered_display": "100", "missing_lines": 0, "excluded_lines": 4, "percent_statements_covered": 100.0, "percent_statements_covered_display": "100", "num_branches": 2, "num_partial_branches": 0, "covered_branches": 2, "missing_branches": 0, "percent_branches_covered": 100.0, "percent_branches_covered_display": "100"}, "missing_lines": [], "excluded_lines": [84, 85, 86, 87], "start_line": 71, "executed_branches": [[79, 80], [79, 89]], "missing_branches": []}, "_handle_demo": {"executed_lines": [95], "summary": {"covered_lines": 1, "num_statements": 1, "percent_covered": 100.0, "percent_covered_display": "100", "missing_lines": 0, "excluded_lines": 0, "percent_statements_covered": 100.0, "percent_statements_covered_display": "100", "num_branches": 0, "num_partial_branches": 0, "covered_branches": 0, "missing_branches": 0, "percent_branches_covered": 100.0, "percent_branches_covered_display": "100"}, "missing_lines": [], "excluded_lines": [], "start_line": 94, "executed_branches": [], "missing_branches": []}, "_handle_benchmark": {"executed_lines": [99, 108, 109, 120, 122, 123, 124, 131, 136, 137], "summary": {"covered_lines": 10, "num_statements": 10, "percent_covered": 100.0, "percent_covered_display": "100", "missing_lines": 0, "excluded_lines": 0, "percent_statements_covered": 100.0, "percent_statements_covered_display": "100", "num_branches": 4, "num_partial_branches": 0, "covered_branches": 4, "missing_branches": 0, "percent_branches_covered": 100.0, "percent_branches_covered_display": "100"}, "missing_lines": [], "excluded_lines": [], "start_line": 98, "executed_branches": [[108, 109], [108, 122], [123, 124], [123, 131]], "missing_branches": []}, "_handle_profile": {"executed_lines": [141, 150, 151, 164, 166, 167, 168, 177, 184, 185], "summary": {"covered_lines": 10, "num_statements": 10, "percent_covered": 100.0, "percent_covered_display": "100", "missing_lines": 0, "excluded_lines": 0, "percent_statements_covered": 100.0, "percent_statements_covered_display": "100", "num_branches": 4, "num_partial_branches": 0, "covered_branches": 4, "missing_branches": 0, "percent_branches_covered": 100.0, "percent_branches_covered_display": "100"}, "missing_lines": [], "excluded_lines": [], "start_line": 140, "executed_branches": [[150, 151], [150, 166], [167, 168], [167, 177]], "missing_branches": []}, "_add_benchmark_common_args": {"executed_lines": [189, 194, 199, 205], "summary": {"covered_lines": 4, "num_statements": 4, "percent_covered": 100.0, "percent_covered_display": "100", "missing_lines": 0, "excluded_lines": 0, "percent_statements_covered": 100.0, "percent_statements_covered_display": "100", "num_branches": 0, "num_partial_branches": 0, "covered_branches": 0, "missing_branches": 0, "percent_branches_covered": 100.0, "percent_branches_covered_display": "100"}, "missing_lines": [], "excluded_lines": [], "start_line": 188, "executed_branches": [], "missing_branches": []}, "_add_profile_common_args": {"executed_lines": [214, 219, 224, 227, 230, 236], "summary": {"covered_lines": 6, "num_statements": 6, "percent_covered": 100.0, "percent_covered_display": "100", "missing_lines": 0, "excluded_lines": 0, "percent_statements_covered": 100.0, "percent_statements_covered_display": "100", "num_branches": 0, "num_partial_branches": 0, "covered_branches": 0, "missing_branches": 0, "percent_branches_covered": 100.0, "percent_branches_covered_display": "100"}, "missing_lines": [], "excluded_lines": [], "start_line": 213, "executed_branches": [], "missing_branches": []}, "_handle_ml_kem_keygen": {"executed_lines": [245, 250, 257], "summary": {"covered_lines": 3, "num_statements": 3, "percent_covered": 100.0, "percent_covered_display": "100", "missing_lines": 0, "excluded_lines": 0, "percent_statements_covered": 100.0, "percent_statements_covered_display": "100", "num_branches": 0, "num_partial_branches": 0, "covered_branches": 0, "missing_branches": 0, "percent_branches_covered": 100.0, "percent_branches_covered_display": "100"}, "missing_lines": [], "excluded_lines": [], "start_line": 244, "executed_branches": [], "missing_branches": []}, "_handle_ml_kem_encaps": {"executed_lines": [261, 262, 263, 264, 266, 271, 278], "summary": {"covered_lines": 7, "num_statements": 7, "percent_covered": 100.0, "percent_covered_display": "100", "missing_lines": 0, "excluded_lines": 0, "percent_statements_covered": 100.0, "percent_statements_covered_display": "100", "num_branches": 2, "num_partial_branches": 0, "covered_branches": 2, "missing_branches": 0, "percent_branches_covered": 100.0, "percent_branches_covered_display": "100"}, "missing_lines": [], "excluded_lines": [], "start_line": 260, "executed_branches": [[263, 264], [263, 266]], "missing_branches": []}, "_handle_ml_kem_decaps": {"executed_lines": [282, 283, 284, 285, 286], "summary": {"covered_lines": 5, "num_statements": 5, "percent_covered": 100.0, "percent_covered_display": "100", "missing_lines": 0, "excluded_lines": 0, "percent_statements_covered": 100.0, "percent_statements_covered_display": "100", "num_branches": 0, "num_partial_branches": 0, "covered_branches": 0, "missing_branches": 0, "percent_branches_covered": 100.0, "percent_branches_covered_display": "100"}, "missing_lines": [], "excluded_lines": [], "start_line": 281, "executed_branches": [], "missing_branches": []}, "_handle_ml_dsa_keygen": {"executed_lines": [290, 291, 298], "summary": {"covered_lines": 3, "num_statements": 3, "percent_covered": 100.0, "percent_covered_display": "100", "missing_lines": 0, "excluded_lines": 0, "percent_statements_covered": 100.0, "percent_statements_covered_display": "100", "num_branches": 0, "num_partial_branches": 0, "covered_branches": 0, "missing_branches": 0, "percent_branches_covered": 100.0, "percent_branches_covered_display": "100"}, "missing_lines": [], "excluded_lines": [], "start_line": 289, "executed_branches": [], "missing_branches": []}, "_handle_ml_dsa_sign": {"executed_lines": [302, 303, 304, 306, 312, 313], "summary": {"covered_lines": 6, "num_statements": 6, "percent_covered": 100.0, "percent_covered_display": "100", "missing_lines": 0, "excluded_lines": 0, "percent_statements_covered": 100.0, "percent_statements_covered_display": "100", "num_branches": 2, "num_partial_branches": 0, "covered_branches": 2, "missing_branches": 0, "percent_branches_covered": 100.0, "percent_branches_covered_display": "100"}, "missing_lines": [], "excluded_lines": [], "start_line": 301, "executed_branches": [[303, 304], [303, 306]], "missing_branches": []}, "_handle_ml_dsa_verify": {"executed_lines": [317, 318, 319, 321, 327, 328], "summary": {"covered_lines": 6, "num_statements": 6, "percent_covered": 100.0, "percent_covered_display": "100", "missing_lines": 0, "excluded_lines": 0, "percent_statements_covered": 100.0, "percent_statements_covered_display": "100", "num_branches": 2, "num_partial_branches": 0, "covered_branches": 2, "missing_branches": 0, "percent_branches_covered": 100.0, "percent_branches_covered_display": "100"}, "missing_lines": [], "excluded_lines": [], "start_line": 316, "executed_branches": [[318, 319], [318, 321]], "missing_branches": []}, "_emit_document": {"executed_lines": [332, 333, 334, 335, 336], "summary": {"covered_lines": 5, "num_statements": 5, "percent_covered": 100.0, "percent_covered_display": "100", "missing_lines": 0, "excluded_lines": 0, "percent_statements_covered": 100.0, "percent_statements_covered_display": "100", "num_branches": 2, "num_partial_branches": 0, "covered_branches": 2, "missing_branches": 0, "percent_branches_covered": 100.0, "percent_branches_covered_display": "100"}, "missing_lines": [], "excluded_lines": [], "start_line": 331, "executed_branches": [[332, 333], [332, 335]], "missing_branches": []}, "_handle_interop_export": {"executed_lines": [340, 341, 342, 345, 348, 349, 350, 352, 353, 354, 355, 360, 364, 365, 366, 367, 374, 375, 376, 379, 380, 381, 382, 383, 384, 385, 391, 393, 394, 395, 396, 403], "summary": {"covered_lines": 32, "num_statements": 32, "percent_covered": 100.0, "percent_covered_display": "100", "missing_lines": 0, "excluded_lines": 0, "percent_statements_covered": 100.0, "percent_statements_covered_display": "100", "num_branches": 22, "num_partial_branches": 0, "covered_branches": 22, "missing_branches": 0, "percent_branches_covered": 100.0, "percent_branches_covered_display": "100"}, "missing_lines": [], "excluded_lines": [], "start_line": 339, "executed_branches": [[340, 341], [340, 374], [341, 342], [341, 348], [348, 349], [348, 364], [349, 350], [349, 352], [353, 354], [353, 355], [365, 366], [365, 367], [374, 375], [374, 379], [379, 380], [379, 393], [381, 382], [381, 383], [383, 384], [383, 385], [394, 395], [394, 396]], "missing_branches": []}, "_handle_interop_import": {"executed_lines": [407, 408, 409, 410, 413, 419, 420, 421, 427, 428, 438, 439, 442, 448, 449, 450, 456, 457, 464, 465], "summary": {"covered_lines": 20, "num_statements": 20, "percent_covered": 100.0, "percent_covered_display": "100", "missing_lines": 0, "excluded_lines": 0, "percent_statements_covered": 100.0, "percent_statements_covered_display": "100", "num_branches": 10, "num_partial_branches": 0, "covered_branches": 10, "missing_branches": 0, "percent_branches_covered": 100.0, "percent_branches_covered_display": "100"}, "missing_lines": [], "excluded_lines": [], "start_line": 406, "executed_branches": [[408, 409], [408, 438], [409, 410], [409, 419], [419, 420], [419, 427], [438, 439], [438, 448], [448, 449], [448, 456]], "missing_branches": []}, "build_parser": {"executed_lines": [469, 470, 472, 473, 480, 482, 485, 489, 492, 495, 496, 497, 498, 502, 505, 508, 509, 510, 511, 515, 518, 521, 522, 523, 526, 529, 533, 536, 537, 541, 544, 546, 549, 552, 553, 554, 555, 559, 562, 565, 566, 567, 568, 572, 573, 576, 577, 578, 581, 584, 588, 591, 592, 596, 597, 601, 604, 607, 608, 609, 611, 614, 617, 620, 621, 622, 623, 625, 628, 631, 634, 637, 639, 640, 644, 647, 650, 651, 653, 654, 657, 658, 659, 660, 661, 662, 664, 665, 668, 671, 672, 673, 674, 675, 677, 680, 684, 687, 691, 694, 698, 701, 704, 707, 710, 713, 715, 718, 721, 724, 727, 730, 733, 735, 738, 741, 744, 747, 748, 749, 752, 754, 757, 761, 764, 767, 770, 773, 775, 778, 781, 784, 787, 788, 791, 794, 796, 799, 802, 805, 806, 807, 810, 813, 815, 818, 822, 825, 828, 829, 830, 833, 835, 838, 841, 842, 843, 846, 848], "summary": {"covered_lines": 159, "num_statements": 159, "percent_covered": 100.0, "percent_covered_display": "100", "missing_lines": 0, "excluded_lines": 0, "percent_statements_covered": 100.0, "percent_statements_covered_display": "100", "num_branches": 12, "num_partial_branches": 0, "covered_branches": 12, "missing_branches": 0, "percent_branches_covered": 100.0, "percent_branches_covered_display": "100"}, "missing_lines": [], "excluded_lines": [], "start_line": 468, "executed_branches": [[495, 496], [495, 502], [508, 509], [508, 515], [552, 553], [552, 559], [565, 566], [565, 572], [828, 829], [828, 835], [841, 842], [841, 848]], "missing_branches": []}, "main": {"executed_lines": [852, 853, 854, 855, 857, 858, 859, 860, 861, 862, 864, 865, 866, 867], "summary": {"covered_lines": 14, "num_statements": 14, "percent_covered": 100.0, "percent_covered_display": "100", "missing_lines": 0, "excluded_lines": 0, "percent_statements_covered": 100.0, "percent_statements_covered_display": "100", "num_branches": 6, "num_partial_branches": 0, "covered_branches": 6, "missing_branches": 0, "percent_branches_covered": 100.0, "percent_branches_covered_display": "100"}, "missing_lines": [], "excluded_lines": [], "start_line": 851, "executed_branches": [[852, 853], [852, 854], [854, 855], [854, 857], [860, 861], [860, 864]], "missing_branches": []}, "": {"executed_lines": [3, 5, 6, 7, 8, 9, 10, 12, 18, 19, 20, 21, 22, 23, 24, 25, 26, 27, 30, 32, 50, 54, 61, 71, 94, 98, 140, 188, 213, 244, 260, 281, 289, 301, 316, 331, 339, 406, 468, 851, 870, 871], "summary": {"covered_lines": 42, "num_statements": 42, "percent_covered": 100.0, "percent_covered_display": "100", "missing_lines": 0, "excluded_lines": 0, "percent_statements_covered": 100.0, "percent_statements_covered_display": "100", "num_branches": 2, "num_partial_branches": 0, "covered_branches": 2, "missing_branches": 0, "percent_branches_covered": 100.0, "percent_branches_covered_display": "100"}, "missing_lines": [], "excluded_lines": [], "start_line": 1, "executed_branches": [[870, -1], [870, 871]], "missing_branches": []}}, "classes": {"": {"executed_lines": [3, 5, 6, 7, 8, 9, 10, 12, 18, 19, 20, 21, 22, 23, 24, 25, 26, 27, 30, 32, 50, 51, 54, 55, 56, 57, 58, 61, 64, 65, 66, 67, 68, 71, 72, 73, 75, 76, 77, 79, 80, 81, 82, 83, 89, 90, 91, 94, 95, 98, 99, 108, 109, 120, 122, 123, 124, 131, 136, 137, 140, 141, 150, 151, 164, 166, 167, 168, 177, 184, 185, 188, 189, 194, 199, 205, 213, 214, 219, 224, 227, 230, 236, 244, 245, 250, 257, 260, 261, 262, 263, 264, 266, 271, 278, 281, 282, 283, 284, 285, 286, 289, 290, 291, 298, 301, 302, 303, 304, 306, 312, 313, 316, 317, 318, 319, 321, 327, 328, 331, 332, 333, 334, 335, 336, 339, 340, 341, 342, 345, 348, 349, 350, 352, 353, 354, 355, 360, 364, 365, 366, 367, 374, 375, 376, 379, 380, 381, 382, 383, 384, 385, 391, 393, 394, 395, 396, 403, 406, 407, 408, 409, 410, 413, 419, 420, 421, 427, 428, 438, 439, 442, 448, 449, 450, 456, 457, 464, 465, 468, 469, 470, 472, 473, 480, 482, 485, 489, 492, 495, 496, 497, 498, 502, 505, 508, 509, 510, 511, 515, 518, 521, 522, 523, 526, 529, 533, 536, 537, 541, 544, 546, 549, 552, 553, 554, 555, 559, 562, 565, 566, 567, 568, 572, 573, 576, 577, 578, 581, 584, 588, 591, 592, 596, 597, 601, 604, 607, 608, 609, 611, 614, 617, 620, 621, 622, 623, 625, 628, 631, 634, 637, 639, 640, 644, 647, 650, 651, 653, 654, 657, 658, 659, 660, 661, 662, 664, 665, 668, 671, 672, 673, 674, 675, 677, 680, 684, 687, 691, 694, 698, 701, 704, 707, 710, 713, 715, 718, 721, 724, 727, 730, 733, 735, 738, 741, 744, 747, 748, 749, 752, 754, 757, 761, 764, 767, 770, 773, 775, 778, 781, 784, 787, 788, 791, 794, 796, 799, 802, 805, 806, 807, 810, 813, 815, 818, 822, 825, 828, 829, 830, 833, 835, 838, 841, 842, 843, 846, 848, 851, 852, 853, 854, 855, 857, 858, 859, 860, 861, 862, 864, 865, 866, 867, 870, 871], "summary": {"covered_lines": 356, "num_statements": 356, "percent_covered": 100.0, "percent_covered_display": "100", "missing_lines": 0, "excluded_lines": 4, "percent_statements_covered": 100.0, "percent_statements_covered_display": "100", "num_branches": 74, "num_partial_branches": 0, "covered_branches": 74, "missing_branches": 0, "percent_branches_covered": 100.0, "percent_branches_covered_display": "100"}, "missing_lines": [], "excluded_lines": [84, 85, 86, 87], "start_line": 1, "executed_branches": [[64, 65], [64, 66], [66, 67], [66, 68], [79, 80], [79, 89], [108, 109], [108, 122], [123, 124], [123, 131], [150, 151], [150, 166], [167, 168], [167, 177], [263, 264], [263, 266], [303, 304], [303, 306], [318, 319], [318, 321], [332, 333], [332, 335], [340, 341], [340, 374], [341, 342], [341, 348], [348, 349], [348, 364], [349, 350], [349, 352], [353, 354], [353, 355], [365, 366], [365, 367], [374, 375], [374, 379], [379, 380], [379, 393], [381, 382], [381, 383], [383, 384], [383, 385], [394, 395], [394, 396], [408, 409], [408, 438], [409, 410], [409, 419], [419, 420], [419, 427], [438, 439], [438, 448], [448, 449], [448, 456], [495, 496], [495, 502], [508, 509], [508, 515], [552, 553], [552, 559], [565, 566], [565, 572], [828, 829], [828, 835], [841, 842], [841, 848], [852, 853], [852, 854], [854, 855], [854, 857], [860, 861], [860, 864], [870, -1], [870, 871]], "missing_branches": []}}}, "src/app/interoperability.py": {"executed_lines": [3, 5, 6, 8, 9, 10, 11, 12, 13, 14, 15, 16, 23, 24, 25, 28, 29, 30, 31, 34, 35, 36, 37, 40, 41, 42, 43, 44, 45, 48, 49, 50, 51, 52, 53, 54, 55, 56, 57, 58, 60, 61, 62, 64, 66, 68, 69, 72, 73, 74, 75, 76, 79, 80, 83, 86, 87, 92, 93, 94, 97, 98, 99, 100, 101, 104, 105, 106, 107, 108, 109, 112, 113, 114, 115, 116, 117, 118, 119, 122, 123, 126, 127, 128, 129, 130, 131, 132, 135, 136, 137, 138, 139, 140, 141, 142, 145, 146, 147, 149, 150, 151, 153, 154, 155, 156, 157, 159, 160, 161, 162, 163, 164, 165, 166, 167, 168, 169, 170, 171, 173, 175, 178, 185, 186, 188, 189, 190, 192, 193, 194, 195, 196, 197, 198, 199, 200, 201, 202, 205, 208, 209, 212, 213, 214, 215, 216, 217, 219, 225, 230, 233, 234, 237, 238, 239, 240, 241, 242, 243, 244, 245, 246, 247, 248, 250, 256, 257, 258, 259, 262, 265, 266, 269, 270, 271, 272, 273, 274, 276, 277, 278, 279, 281, 282, 283, 284, 285, 286, 288, 289, 290, 291, 292, 293, 294, 295, 296, 297, 299, 300, 301, 302, 303, 304, 307, 310, 311, 314, 315, 316, 317, 318, 319, 321, 322, 328, 329, 330, 331, 334, 337, 338, 339, 340, 341, 342, 343, 344, 345, 346, 347, 348, 349, 350, 351, 352, 353, 354, 355, 356, 358, 364, 370, 377, 378, 379, 381, 382, 383, 385, 386, 387, 389, 399, 400, 401, 402, 403, 404, 405, 406, 407, 408, 409, 410, 412, 413, 419, 420, 421, 425, 428, 431, 432, 433, 437, 439, 440, 441, 442, 445, 446, 447, 451, 453, 454, 455, 458, 459, 460, 464, 466, 467, 468, 469, 472, 473, 474, 478, 480, 481, 482, 485, 490, 491, 492, 493, 494, 495, 521, 526, 527, 528, 529, 547, 548, 551, 554, 559, 560, 561, 562, 563, 564, 590, 595, 596, 597, 598, 616, 617, 618, 621, 627, 628, 629, 630, 631, 633, 634, 635, 636, 637, 649, 652, 658, 659, 660, 661, 662, 664, 665, 666, 667, 668, 680, 683, 684, 685, 686, 687, 688, 689, 690, 693, 694, 695, 696, 697, 698, 699, 700, 703, 706, 709], "summary": {"covered_lines": 376, "num_statements": 376, "percent_covered": 100.0, "percent_covered_display": "100", "missing_lines": 0, "excluded_lines": 0, "percent_statements_covered": 100.0, "percent_statements_covered_display": "100", "num_branches": 158, "num_partial_branches": 0, "covered_branches": 158, "missing_branches": 0, "percent_branches_covered": 100.0, "percent_branches_covered_display": "100"}, "missing_lines": [], "excluded_lines": [], "executed_branches": [[29, 30], [29, 31], [35, 36], [35, 37], [43, 44], [43, 45], [49, 50], [49, 51], [51, 52], [51, 53], [53, 54], [53, 55], [55, 56], [55, 66], [57, 58], [57, 60], [61, 62], [61, 64], [74, 75], [74, 76], [92, 93], [92, 94], [99, 100], [99, 101], [107, 108], [107, 109], [116, 117], [116, 119], [117, 116], [117, 118], [129, 130], [129, 132], [130, 129], [130, 131], [139, 140], [139, 142], [140, 139], [140, 141], [146, 147], [146, 149], [150, 151], [150, 153], [155, 156], [155, 175], [156, 157], [156, 159], [160, 161], [160, 173], [161, 162], [161, 163], [163, 164], [163, 165], [165, 166], [165, 167], [167, 168], [167, 169], [185, 186], [185, 188], [189, 190], [189, 192], [193, 194], [193, 202], [194, 195], [194, 196], [197, 198], [197, 199], [199, 200], [199, 201], [214, 215], [214, 216], [216, 217], [216, 219], [241, 242], [241, 243], [243, 244], [243, 245], [245, 246], [245, 247], [247, 248], [247, 250], [271, 272], [271, 273], [273, 274], [273, 276], [278, 279], [278, 281], [283, 284], [283, 285], [285, 286], [285, 288], [289, 290], [289, 299], [290, 291], [290, 292], [293, 294], [293, 295], [295, 296], [295, 297], [300, 301], [300, 302], [302, 303], [302, 304], [316, 317], [316, 318], [318, 319], [318, 321], [329, 330], [329, 331], [345, 346], [345, 347], [347, 348], [347, 349], [349, 350], [349, 351], [351, 352], [351, 353], [353, 354], [353, 355], [355, 356], [355, 358], [378, 379], [378, 381], [382, 383], [382, 385], [386, 387], [386, 389], [405, 406], [405, 407], [407, 408], [407, 409], [409, 410], [409, 412], [420, 421], [420, 425], [433, 437], [433, 439], [447, 451], [447, 453], [460, 464], [460, 466], [474, 478], [474, 480], [547, 548], [547, 551], [616, 617], [616, 618], [628, 629], [628, 630], [630, 631], [630, 633], [659, 660], [659, 661], [661, 662], [661, 664], [685, 686], [685, 687], [695, 696], [695, 697]], "missing_branches": [], "functions": {"_ensure_dict": {"executed_lines": [29, 30, 31], "summary": {"covered_lines": 3, "num_statements": 3, "percent_covered": 100.0, "percent_covered_display": "100", "missing_lines": 0, "excluded_lines": 0, "percent_statements_covered": 100.0, "percent_statements_covered_display": "100", "num_branches": 2, "num_partial_branches": 0, "covered_branches": 2, "missing_branches": 0, "percent_branches_covered": 100.0, "percent_branches_covered_display": "100"}, "missing_lines": [], "excluded_lines": [], "start_line": 28, "executed_branches": [[29, 30], [29, 31]], "missing_branches": []}, "_ensure_bytes": {"executed_lines": [35, 36, 37], "summary": {"covered_lines": 3, "num_statements": 3, "percent_covered": 100.0, "percent_covered_display": "100", "missing_lines": 0, "excluded_lines": 0, "percent_statements_covered": 100.0, "percent_statements_covered_display": "100", "num_branches": 2, "num_partial_branches": 0, "covered_branches": 2, "missing_branches": 0, "percent_branches_covered": 100.0, "percent_branches_covered_display": "100"}, "missing_lines": [], "excluded_lines": [], "start_line": 34, "executed_branches": [[35, 36], [35, 37]], "missing_branches": []}, "_decode_internal_payload": {"executed_lines": [41, 42, 43, 44, 45], "summary": {"covered_lines": 5, "num_statements": 5, "percent_covered": 100.0, "percent_covered_display": "100", "missing_lines": 0, "excluded_lines": 0, "percent_statements_covered": 100.0, "percent_statements_covered_display": "100", "num_branches": 2, "num_partial_branches": 0, "covered_branches": 2, "missing_branches": 0, "percent_branches_covered": 100.0, "percent_branches_covered_display": "100"}, "missing_lines": [], "excluded_lines": [], "start_line": 40, "executed_branches": [[43, 44], [43, 45]], "missing_branches": []}, "_load_document": {"executed_lines": [49, 50, 51, 52, 53, 54, 55, 56, 57, 58, 60, 61, 62, 64, 66, 68, 69], "summary": {"covered_lines": 17, "num_statements": 17, "percent_covered": 100.0, "percent_covered_display": "100", "missing_lines": 0, "excluded_lines": 0, "percent_statements_covered": 100.0, "percent_statements_covered_display": "100", "num_branches": 12, "num_partial_branches": 0, "covered_branches": 12, "missing_branches": 0, "percent_branches_covered": 100.0, "percent_branches_covered_display": "100"}, "missing_lines": [], "excluded_lines": [], "start_line": 48, "executed_branches": [[49, 50], [49, 51], [51, 52], [51, 53], [53, 54], [53, 55], [55, 56], [55, 66], [57, 58], [57, 60], [61, 62], [61, 64]], "missing_branches": []}, "dump_document": {"executed_lines": [73, 74, 75, 76], "summary": {"covered_lines": 4, "num_statements": 4, "percent_covered": 100.0, "percent_covered_display": "100", "missing_lines": 0, "excluded_lines": 0, "percent_statements_covered": 100.0, "percent_statements_covered_display": "100", "num_branches": 2, "num_partial_branches": 0, "covered_branches": 2, "missing_branches": 0, "percent_branches_covered": 100.0, "percent_branches_covered_display": "100"}, "missing_lines": [], "excluded_lines": [], "start_line": 72, "executed_branches": [[74, 75], [74, 76]], "missing_branches": []}, "load_document": {"executed_lines": [80], "summary": {"covered_lines": 1, "num_statements": 1, "percent_covered": 100.0, "percent_covered_display": "100", "missing_lines": 0, "excluded_lines": 0, "percent_statements_covered": 100.0, "percent_statements_covered_display": "100", "num_branches": 0, "num_partial_branches": 0, "covered_branches": 0, "missing_branches": 0, "percent_branches_covered": 100.0, "percent_branches_covered_display": "100"}, "missing_lines": [], "excluded_lines": [], "start_line": 79, "executed_branches": [], "missing_branches": []}, "_artifact_entry": {"executed_lines": [86, 87, 92, 93, 94], "summary": {"covered_lines": 5, "num_statements": 5, "percent_covered": 100.0, "percent_covered_display": "100", "missing_lines": 0, "excluded_lines": 0, "percent_statements_covered": 100.0, "percent_statements_covered_display": "100", "num_branches": 2, "num_partial_branches": 0, "covered_branches": 2, "missing_branches": 0, "percent_branches_covered": 100.0, "percent_branches_covered_display": "100"}, "missing_lines": [], "excluded_lines": [], "start_line": 83, "executed_branches": [[92, 93], [92, 94]], "missing_branches": []}, "_normalize_params_label": {"executed_lines": [98, 99, 100, 101], "summary": {"covered_lines": 4, "num_statements": 4, "percent_covered": 100.0, "percent_covered_display": "100", "missing_lines": 0, "excluded_lines": 0, "percent_statements_covered": 100.0, "percent_statements_covered_display": "100", "num_branches": 2, "num_partial_branches": 0, "covered_branches": 2, "missing_branches": 0, "percent_branches_covered": 100.0, "percent_branches_covered_display": "100"}, "missing_lines": [], "excluded_lines": [], "start_line": 97, "executed_branches": [[99, 100], [99, 101]], "missing_branches": []}, "_centered_mod": {"executed_lines": [105, 106, 107, 108, 109], "summary": {"covered_lines": 5, "num_statements": 5, "percent_covered": 100.0, "percent_covered_display": "100", "missing_lines": 0, "excluded_lines": 0, "percent_statements_covered": 100.0, "percent_statements_covered_display": "100", "num_branches": 2, "num_partial_branches": 0, "covered_branches": 2, "missing_branches": 0, "percent_branches_covered": 100.0, "percent_branches_covered_display": "100"}, "missing_lines": [], "excluded_lines": [], "start_line": 104, "executed_branches": [[107, 108], [107, 109]], "missing_branches": []}, "_pack_eta_poly": {"executed_lines": [113, 114, 115, 116, 117, 118, 119], "summary": {"covered_lines": 7, "num_statements": 7, "percent_covered": 100.0, "percent_covered_display": "100", "missing_lines": 0, "excluded_lines": 0, "percent_statements_covered": 100.0, "percent_statements_covered_display": "100", "num_branches": 4, "num_partial_branches": 0, "covered_branches": 4, "missing_branches": 0, "percent_branches_covered": 100.0, "percent_branches_covered_display": "100"}, "missing_lines": [], "excluded_lines": [], "start_line": 112, "executed_branches": [[116, 117], [116, 119], [117, 116], [117, 118]], "missing_branches": []}, "_pack_t1_poly
[...]
percent_branches_covered_display": "100"}, "missing_lines": [], "excluded_lines": [], "start_line": 162, "executed_branches": [[169, 170], [169, 173]], "missing_branches": []}, "decompress_module_element": {"executed_lines": [190, 191, 192, 193, 195, 196, 197, 198, 199, 201, 202, 203, 204, 205, 206, 207, 209, 210, 211, 212, 213, 215, 216, 217, 218, 221, 222, 223, 230], "summary": {"covered_lines": 29, "num_statements": 29, "percent_covered": 100.0, "percent_covered_display": "100", "missing_lines": 0, "excluded_lines": 0, "percent_statements_covered": 100.0, "percent_statements_covered_display": "100", "num_branches": 24, "num_partial_branches": 0, "covered_branches": 24, "missing_branches": 0, "percent_branches_covered": 100.0, "percent_branches_covered_display": "100"}, "missing_lines": [], "excluded_lines": [], "start_line": 184, "executed_branches": [[190, 191], [190, 192], [192, 193], [192, 195], [196, 197], [196, 198], [198, 199], [198, 201], [202, 203], [202, 204], [204, 205], [204, 206], [206, 207], [206, 209], [210, 211], [210, 212], [212, 213], [212, 215], [216, 217], [216, 230], [217, 218], [217, 221], [221, 222], [221, 223]], "missing_branches": []}, "resolve_params": {"executed_lines": [262], "summary": {"covered_lines": 1, "num_statements": 1, "percent_covered": 100.0, "percent_covered_display": "100", "missing_lines": 0, "excluded_lines": 0, "percent_statements_covered": 100.0, "percent_statements_covered_display": "100", "num_branches": 0, "num_partial_branches": 0, "covered_branches": 0, "missing_branches": 0, "percent_branches_covered": 100.0, "percent_branches_covered_display": "100"}, "missing_lines": [], "excluded_lines": [], "start_line": 233, "executed_branches": [], "missing_branches": []}, "validate_params": {"executed_lines": [294, 295, 296, 297], "summary": {"covered_lines": 4, "num_statements": 4, "percent_covered": 100.0, "percent_covered_display": "100", "missing_lines": 0, "excluded_lines": 0, "percent_statements_covered": 100.0, "percent_statements_covered_display": "100", "num_branches": 2, "num_partial_branches": 0, "covered_branches": 2, "missing_branches": 0, "percent_branches_covered": 100.0, "percent_branches_covered_display": "100"}, "missing_lines": [], "excluded_lines": [], "start_line": 275, "executed_branches": [[295, -275], [295, 296]], "missing_branches": []}, "message_to_poly": {"executed_lines": [341, 342, 343, 344, 346, 347, 348, 351, 352, 353, 354, 357, 358, 360], "summary": {"covered_lines": 14, "num_statements": 14, "percent_covered": 100.0, "percent_covered_display": "100", "missing_lines": 0, "excluded_lines": 0, "percent_statements_covered": 100.0, "percent_statements_covered_display": "100", "num_branches": 10, "num_partial_branches": 0, "covered_branches": 10, "missing_branches": 0, "percent_branches_covered": 100.0, "percent_branches_covered_display": "100"}, "missing_lines": [], "excluded_lines": [], "start_line": 300, "executed_branches": [[341, 342], [341, 343], [343, 344], [343, 346], [352, 353], [352, 357], [353, 352], [353, 354], [357, 358], [357, 360]], "missing_branches": []}, "cyclic_distance": {"executed_lines": [397, 399], "summary": {"covered_lines": 2, "num_statements": 2, "percent_covered": 100.0, "percent_covered_display": "100", "missing_lines": 0, "excluded_lines": 0, "percent_statements_covered": 100.0, "percent_statements_covered_display": "100", "num_branches": 0, "num_partial_branches": 0, "covered_branches": 0, "missing_branches": 0, "percent_branches_covered": 100.0, "percent_branches_covered_display": "100"}, "missing_lines": [], "excluded_lines": [], "start_line": 363, "executed_branches": [], "missing_branches": []}, "poly_to_message": {"executed_lines": [436, 437, 439, 442, 443, 444, 446, 447, 449, 452, 453, 454, 455], "summary": {"covered_lines": 13, "num_statements": 13, "percent_covered": 100.0, "percent_covered_display": "100", "missing_lines": 0, "excluded_lines": 0, "percent_statements_covered": 100.0, "percent_statements_covered_display": "100", "num_branches": 4, "num_partial_branches": 0, "covered_branches": 4, "missing_branches": 0, "percent_branches_covered": 100.0, "percent_branches_covered_display": "100"}, "missing_lines": [], "excluded_lines": [], "start_line": 402, "executed_branches": [[443, 444], [443, 452], [453, 454], [453, 455]], "missing_branches": []}, "": {"executed_lines": [8, 9, 10, 11, 14, 15, 18, 44, 59, 95, 106, 114, 129, 162, 184, 233, 275, 300, 363, 402, 458], "summary": {"covered_lines": 21, "num_statements": 21, "percent_covered": 100.0, "percent_covered_display": "100", "missing_lines": 0, "excluded_lines": 0, "percent_statements_covered": 100.0, "percent_statements_covered_display": "100", "num_branches": 0, "num_partial_branches": 0, "covered_branches": 0, "missing_branches": 0, "percent_branches_covered": 100.0, "percent_branches_covered_display": "100"}, "missing_lines": [], "excluded_lines": [], "start_line": 1, "executed_branches": [], "missing_branches": []}}, "classes": {"": {"executed_lines": [8, 9, 10, 11, 14, 15, 18, 20, 21, 22, 24, 25, 26, 27, 28, 29, 30, 31, 32, 33, 34, 35, 36, 38, 39, 41, 44, 46, 47, 48, 49, 52, 53, 54, 55, 56, 59, 66, 67, 68, 69, 71, 72, 73, 75, 76, 77, 78, 79, 80, 82, 83, 84, 86, 87, 88, 89, 90, 92, 95, 100, 101, 102, 103, 106, 108, 109, 110, 111, 114, 116, 117, 118, 119, 129, 135, 136, 137, 138, 140, 141, 142, 143, 144, 146, 147, 148, 149, 151, 152, 153, 154, 155, 157, 162, 164, 165, 166, 168, 169, 170, 171, 173, 184, 190, 191, 192, 193, 195, 196, 197, 198, 199, 201, 202, 203, 204, 205, 206, 207, 209, 210, 211, 212, 213, 215, 216, 217, 218, 221, 222, 223, 230, 233, 262, 275, 294, 295, 296, 297, 300, 341, 342, 343, 344, 346, 347, 348, 351, 352, 353, 354, 357, 358, 360, 363, 397, 399, 402, 436, 437, 439, 442, 443, 444, 446, 447, 449, 452, 453, 454, 455, 458], "summary": {"covered_lines": 173, "num_statements": 173, "percent_covered": 100.0, "percent_covered_display": "100", "missing_lines": 0, "excluded_lines": 0, "percent_statements_covered": 100.0, "percent_statements_covered_display": "100", "num_branches": 94, "num_partial_branches": 0, "covered_branches": 94, "missing_branches": 0, "percent_branches_covered": 100.0, "percent_branches_covered_display": "100"}, "missing_lines": [], "excluded_lines": [], "start_line": 1, "executed_branches": [[20, 21], [20, 22], [27, 28], [27, 38], [29, 30], [29, 31], [33, 27], [33, 34], [38, 39], [38, 41], [47, 48], [47, 56], [48, 49], [48, 52], [53, 54], [53, 55], [66, 67], [66, 68], [68, 69], [68, 71], [75, 76], [75, 77], [77, 78], [77, 79], [79, 80], [79, 82], [83, 84], [83, 86], [87, 88], [87, 92], [88, 89], [88, 90], [100, 101], [100, 102], [108, 109], [108, 110], [135, 136], [135, 137], [137, 138], [137, 140], [141, 142], [141, 143], [143, 144], [143, 146], [146, 147], [146, 148], [148, 149], [148, 151], [152, 153], [152, 154], [154, 155], [154, 157], [169, 170], [169, 173], [190, 191], [190, 192], [192, 193], [192, 195], [196, 197], [196, 198], [198, 199], [198, 201], [202, 203], [202, 204], [204, 205], [204, 206], [206, 207], [206, 209], [210, 211], [210, 212], [212, 213], [212, 215], [216, 217], [216, 230], [217, 218], [217, 221], [221, 222], [221, 223], [295, -275], [295, 296], [341, 342], [341, 343], [343, 344], [343, 346], [352, 353], [352, 357], [353, 352], [353, 354], [357, 358], [357, 360], [443, 444], [443, 452], [453, 454], [453, 455]], "missing_branches": []}}}, "src/schemes/ml_kem/vectors.py": {"executed_lines": [7, 9, 10, 13, 15, 16, 18, 19, 20, 21, 22, 24, 25, 27, 28, 29, 30, 31, 32, 34, 37, 51, 52, 54, 56, 57, 58, 59, 60, 61, 63, 66, 80, 81, 82, 83, 84, 85, 86, 87, 88, 91, 92, 93, 95, 96, 97, 99, 100, 101, 102, 103, 111, 112, 113, 116], "summary": {"covered_lines": 56, "num_statements": 56, "percent_covered": 100.0, "percent_covered_display": "100", "missing_lines": 0, "excluded_lines": 0, "percent_statements_covered": 100.0, "percent_statements_covered_display": "100", "num_branches": 28, "num_partial_branches": 0, "covered_branches": 28, "missing_branches": 0, "percent_branches_covered": 100.0, "percent_branches_covered_display": "100"}, "missing_lines": [], "excluded_lines": [], "executed_branches": [[18, 19], [18, 34], [27, 28], [27, 31], [29, 30], [29, 31], [31, 18], [31, 32], [51, 52], [51, 54], [58, 59], [58, 63], [80, 81], [80, 82], [82, 83], [82, 84], [84, 85], [84, 86], [86, 87], [86, 88], [88, 91], [88, 92], [92, 93], [92, 95], [100, 101], [100, 113], [102, 103], [102, 112]], "missing_branches": [], "functions": {"_rej_uniform_from_bytes": {"executed_lines": [15, 16, 18, 19, 20, 21, 22, 24, 25, 27, 28, 29, 30, 31, 32, 34], "summary": {"covered_lines": 16, "num_statements": 16, "percent_covered": 100.0, "percent_covered_display": "100", "missing_lines": 0, "excluded_lines": 0, "percent_statements_covered": 100.0, "percent_statements_covered_display": "100", "num_branches": 8, "num_partial_branches": 0, "covered_branches": 8, "missing_branches": 0, "percent_branches_covered": 100.0, "percent_branches_covered_display": "100"}, "missing_lines": [], "excluded_lines": [], "start_line": 13, "executed_branches": [[18, 19], [18, 34], [27, 28], [27, 31], [29, 30], [29, 31], [31, 18], [31, 32]], "missing_branches": []}, "_sample_uniform_poly_from_xof": {"executed_lines": [51, 52, 54, 56, 57, 58, 59, 60, 61, 63], "summary": {"covered_lines": 10, "num_statements": 10, "percent_covered": 100.0, "percent_covered_display": "100", "missing_lines": 0, "excluded_lines": 0, "percent_statements_covered": 100.0, "percent_statements_covered_display": "100", "num_branches": 4, "num_partial_branches": 0, "covered_branches": 4, "missing_branches": 0, "percent_branches_covered": 100.0, "percent_branches_covered_display": "100"}, "missing_lines": [], "excluded_lines": [], "start_line": 37, "executed_branches": [[51, 52], [51, 54], [58, 59], [58, 63]], "missing_branches": []}, "expand_matrix_a": {"executed_lines": [80, 81, 82, 83, 84, 85, 86, 87, 88, 91, 92, 93, 95, 96, 97, 99, 100, 101, 102, 103, 111, 112, 113], "summary": {"covered_lines": 23, "num_statements": 23, "percent_covered": 100.0, "percent_covered_display": "100", "missing_lines": 0, "excluded_lines": 0, "percent_statements_covered": 100.0, "percent_statements_covered_display": "100", "num_branches": 16, "num_partial_branches": 0, "covered_branches": 16, "missing_branches": 0, "percent_branches_covered": 100.0, "percent_branches_covered_display": "100"}, "missing_lines": [], "excluded_lines": [], "start_line": 66, "executed_branches": [[80, 81], [80, 82], [82, 83], [82, 84], [84, 85], [84, 86], [86, 87], [86, 88], [88, 91], [88, 92], [92, 93], [92, 95], [100, 101], [100, 113], [102, 103], [102, 112]], "missing_branches": []}, "": {"executed_lines": [7, 9, 10, 13, 37, 66, 116], "summary": {"covered_lines": 7, "num_statements": 7, "percent_covered": 100.0, "percent_covered_display": "100", "missing_lines": 0, "excluded_lines": 0, "percent_statements_covered": 100.0, "percent_statements_covered_display": "100", "num_branches": 0, "num_partial_branches": 0, "covered_branches": 0, "missing_branches": 0, "percent_branches_covered": 100.0, "percent_branches_covered_display": "100"}, "missing_lines": [], "excluded_lines": [], "start_line": 1, "executed_branches": [], "missing_branches": []}}, "classes": {"": {"executed_lines": [7, 9, 10, 13, 15, 16, 18, 19, 20, 21, 22, 24, 25, 27, 28, 29, 30, 31, 32, 34, 37, 51, 52, 54, 56, 57, 58, 59, 60, 61, 63, 66, 80, 81, 82, 83, 84, 85, 86, 87, 88, 91, 92, 93, 95, 96, 97, 99, 100, 101, 102, 103, 111, 112, 113, 116], "summary": {"covered_lines": 56, "num_statements": 56, "percent_covered": 100.0, "percent_covered_display": "100", "missing_lines": 0, "excluded_lines": 0, "percent_statements_covered": 100.0, "percent_statements_covered_display": "100", "num_branches": 28, "num_partial_branches": 0, "covered_branches": 28, "missing_branches": 0, "percent_branches_covered": 100.0, "percent_branches_covered_display": "100"}, "missing_lines": [], "excluded_lines": [], "start_line": 1, "executed_branches": [[18, 19], [18, 34], [27, 28], [27, 31], [29, 30], [29, 31], [31, 18], [31, 32], [51, 52], [51, 54], [58, 59], [58, 63], [80, 81], [80, 82], [82, 83], [82, 84], [84, 85], [84, 86], [86, 87], [86, 88], [88, 91], [88, 92], [92, 93], [92, 95], [100, 101], [100, 113], [102, 103], [102, 112]], "missing_branches": []}}}, "src/schemes/utils.py": {"executed_lines": [3, 5, 8, 10, 11, 12, 13, 15, 17, 18, 20, 23, 32, 33, 34, 35, 36, 37, 38, 39, 40, 42, 44, 46, 47, 48, 50, 53, 59, 64, 70, 76, 86, 87, 88, 89, 90, 91, 93, 94, 95, 96, 97, 99, 100, 101, 102, 103, 104, 105, 107, 108, 109, 110, 112, 115, 121, 122, 123, 124, 125, 126, 128, 129, 130, 131, 134], "summary": {"covered_lines": 67, "num_statements": 67, "percent_covered": 100.0, "percent_covered_display": "100", "missing_lines": 0, "excluded_lines": 0, "percent_statements_covered": 100.0, "percent_statements_covered_display": "100", "num_branches": 42, "num_partial_branches": 0, "covered_branches": 42, "missing_branches": 0, "percent_branches_covered": 100.0, "percent_branches_covered_display": "100"}, "missing_lines": [], "excluded_lines": [], "executed_branches": [[10, 11], [10, 12], [12, 13], [12, 15], [17, 18], [17, 20], [32, 33], [32, 36], [33, 34], [33, 35], [36, 37], [36, 44], [38, 39], [38, 42], [47, 48], [47, 50], [86, 87], [86, 88], [88, 89], [88, 90], [90, 91], [90, 93], [94, 95], [94, 96], [96, 97], [96, 99], [101, 102], [101, 112], [102, 103], [102, 104], [104, 105], [104, 107], [108, 109], [108, 110], [121, 122], [121, 123], [123, 124], [123, 125], [125, 126], [125, 128], [129, 130], [129, 131]], "missing_branches": [], "functions": {"to_seed_bytes": {"executed_lines": [10, 11, 12, 13, 15, 17, 18, 20], "summary": {"covered_lines": 8, "num_statements": 8, "percent_covered": 100.0, "percent_covered_display": "100", "missing_lines": 0, "excluded_lines": 0, "percent_statements_covered": 100.0, "percent_statements_covered_display": "100", "num_branches": 6, "num_partial_branches": 0, "covered_branches": 6, "missing_branches": 0, "percent_branches_covered": 100.0, "percent_branches_covered_display": "100"}, "missing_lines": [], "excluded_lines": [], "start_line": 8, "executed_branches": [[10, 11], [10, 12], [12, 13], [12, 15], [17, 18], [17, 20]], "missing_branches": []}, "resolve_named_params": {"executed_lines": [32, 33, 34, 35, 36, 37, 38, 39, 40, 42, 44, 46, 47, 48, 50], "summary": {"covered_lines": 15, "num_statements": 15, "percent_covered": 100.0, "percent_covered_display": "100", "missing_lines": 0, "excluded_lines": 0, "percent_statements_covered": 100.0, "percent_statements_covered_display": "100", "num_branches": 10, "num_partial_branches": 0, "covered_branches": 10, "missing_branches": 0, "percent_branches_covered": 100.0, "percent_branches_covered_display": "100"}, "missing_lines": [], "excluded_lines": [], "start_line": 23, "executed_branches": [[32, 33], [32, 36], [33, 34], [33, 35], [36, 37], [36, 44], [38, 39], [38, 42], [47, 48], [47, 50]], "missing_branches": []}, "derive_deterministic_rng": {"executed_lines": [59], "summary": {"covered_lines": 1, "num_statements": 1, "percent_covered": 100.0, "percent_covered_display": "100", "missing_lines": 0, "excluded_lines": 0, "percent_statements_covered": 100.0, "percent_statements_covered_display": "100", "num_branches": 0, "num_partial_branches": 0, "covered_branches": 0, "missing_branches": 0, "percent_branches_covered": 100.0, "percent_branches_covered_display": "100"}, "missing_lines": [], "excluded_lines": [], "start_line": 53, "executed_branches": [], "missing_branches": []}, "derive_deterministic_rngs": {"executed_lines": [70], "summary": {"covered_lines": 1, "num_statements": 1, "percent_covered": 100.0, "percent_covered_display": "100", "missing_lines": 0, "excluded_lines": 0, "percent_statements_covered": 100.0, "percent_statements_covered_display": "100", "num_branches": 0, "num_partial_branches": 0, "covered_branches": 0, "missing_branches": 0, "percent_branches_covered": 100.0, "percent_branches_covered_display": "100"}, "missing_lines": [], "excluded_lines": [], "start_line": 64, "executed_branches": [], "missing_branches": []}, "mat_vec_add": {"executed_lines": [86, 87, 88, 89, 90, 91, 93, 94, 95, 96, 97, 99, 100, 101, 102, 103, 104, 105, 107, 108, 109, 110, 112], "summary": {"covered_lines": 23, "num_statements": 23, "percent_covered": 100.0, "percent_covered_display": "100", "missing_lines": 0, "excluded_lines": 0, "percent_statements_covered": 100.0, "percent_statements_covered_display": "100", "num_branches": 18, "num_partial_branches": 0, "covered_branches": 18, "missing_branches": 0, "percent_branches_covered": 100.0, "percent_branches_covered_display": "100"}, "missing_lines": [], "excluded_lines": [], "start_line": 76, "executed_branches": [[86, 87], [86, 88], [88, 89], [88, 90], [90, 91], [90, 93], [94, 95], [94, 96], [96, 97], [96, 99], [101, 102], [101, 112], [102, 103], [102, 104], [104, 105], [104, 107], [108, 109], [108, 110]], "missing_branches": []}, "inner_product_entries": {"executed_lines": [121, 122, 123, 124, 125, 126, 128, 129, 130, 131], "summary": {"covered_lines": 10, "num_statements": 10, "percent_covered": 100.0, "percent_covered_display": "100", "missing_lines": 0, "excluded_lines": 0, "percent_statements_covered": 100.0, "percent_statements_covered_display": "100", "num_branches": 8, "num_partial_branches": 0, "covered_branches": 8, "missing_branches": 0, "percent_branches_covered": 100.0, "percent_branches_covered_display": "100"}, "missing_lines": [], "excluded_lines": [], "start_line": 115, "executed_branches": [[121, 122], [121, 123], [123, 124], [123, 125], [125, 126], [125, 128], [129, 130], [129, 131]], "missing_branches": []}, "": {"executed_lines": [3, 5, 8, 23, 53, 64, 76, 115, 134], "summary": {"covered_lines": 9, "num_statements": 9, "percent_covered": 100.0, "percent_covered_display": "100", "missing_lines": 0, "excluded_lines": 0, "percent_statements_covered": 100.0, "percent_statements_covered_display": "100", "num_branches": 0, "num_partial_branches": 0, "covered_branches": 0, "missing_branches": 0, "percent_branches_covered": 100.0, "percent_branches_covered_display": "100"}, "missing_lines": [], "excluded_lines": [], "start_line": 1, "executed_branches": [], "missing_branches": []}}, "classes": {"": {"executed_lines": [3, 5, 8, 10, 11, 12, 13, 15, 17, 18, 20, 23, 32, 33, 34, 35, 36, 37, 38, 39, 40, 42, 44, 46, 47, 48, 50, 53, 59, 64, 70, 76, 86, 87, 88, 89, 90, 91, 93, 94, 95, 96, 97, 99, 100, 101, 102, 103, 104, 105, 107, 108, 109, 110, 112, 115, 121, 122, 123, 124, 125, 126, 128, 129, 130, 131, 134], "summary": {"covered_lines": 67, "num_statements": 67, "percent_covered": 100.0, "percent_covered_display": "100", "missing_lines": 0, "excluded_lines": 0, "percent_statements_covered": 100.0, "percent_statements_covered_display": "100", "num_branches": 42, "num_partial_branches": 0, "covered_branches": 42, "missing_branches": 0, "percent_branches_covered": 100.0, "percent_branches_covered_display": "100"}, "missing_lines": [], "excluded_lines": [], "start_line": 1, "executed_branches": [[10, 11], [10, 12], [12, 13], [12, 15], [17, 18], [17, 20], [32, 33], [32, 36], [33, 34], [33, 35], [36, 37], [36, 44], [38, 39], [38, 42], [47, 48], [47, 50], [86, 87], [86, 88], [88, 89], [88, 90], [90, 91], [90, 93], [94, 95], [94, 96], [96, 97], [96, 99], [101, 102], [101, 112], [102, 103], [102, 104], [104, 105], [104, 107], [108, 109], [108, 110], [121, 122], [121, 123], [123, 124], [123, 125], [125, 126], [125, 128], [129, 130], [129, 131]], "missing_branches": []}}}}, "totals": {"covered_lines": 3296, "num_statements": 3296, "percent_covered": 100.0, "percent_covered_display": "100", "missing_lines": 0, "excluded_lines": 23, "percent_statements_covered": 100.0, "percent_statements_covered_display": "100", "num_branches": 1200, "num_partial_branches": 0, "covered_branches": 1200, "missing_branches": 0, "percent_branches_covered": 100.0, "percent_branches_covered_display": "100"}}