{"meta": {"format": 3, "version": "7.13.5", "timestamp": "2026-04-01T02:36:03.186704", "branch_coverage": true, "show_contexts": false}, "files": {"src/core/integers.py": {"executed_lines": [1, 15, 21, 22, 23, 24, 26, 27, 29, 30, 32, 33, 34, 35, 37, 46, 47, 49, 52, 53, 55, 56, 58, 61, 69, 75, 76, 77, 78, 80, 81, 83, 84, 86, 87, 88, 89, 91, 100, 102, 111, 113, 122, 124, 133, 135, 152, 153], "summary": {"covered_lines": 48, "num_statements": 48, "percent_covered": 100.0, "percent_covered_display": "100", "missing_lines": 0, "excluded_lines": 0, "percent_statements_covered": 100.0, "percent_statements_covered_display": "100", "num_branches": 16, "num_partial_branches": 0, "covered_branches": 16, "missing_branches": 0, "percent_branches_covered": 100.0, "percent_branches_covered_display": "100"}, "missing_lines": [], "excluded_lines": [], "executed_branches": [[21, 22], [21, 23], [23, 24], [23, 26], [33, 34], [33, 35], [46, 47], [46, 49], [55, 56], [55, 58], [75, 76], [75, 77], [77, 78], [77, 80], [87, 88], [87, 89]], "missing_branches": [], "functions": {"SymmetricModulo.__init__": {"executed_lines": [21, 22, 23, 24, 26, 27], "summary": {"covered_lines": 6, "num_statements": 6, "percent_covered": 100.0, "percent_covered_display": "100", "missing_lines": 0, "excluded_lines": 0, "percent_statements_covered": 100.0, "percent_statements_covered_display": "100", "num_branches": 4, "num_partial_branches": 0, "covered_branches": 4, "missing_branches": 0, "percent_branches_covered": 100.0, "percent_branches_covered_display": "100"}, "missing_lines": [], "excluded_lines": [], "start_line": 15, "executed_branches": [[21, 22], [21, 23], [23, 24], [23, 26]], "missing_branches": []}, "SymmetricModulo.__repr__": {"executed_lines": [30], "summary": {"covered_lines": 1, "num_statements": 1, "percent_covered": 100.0, "percent_covered_display": "100", "missing_lines": 0, "excluded_lines": 0, "percent_statements_covered": 100.0, "percent_statements_covered_display": "100", "num_branches": 0, "num_partial_branches": 0, "covered_branches": 0, "missing_branches": 0, "percent_branches_covered": 100.0, "percent_branches_covered_display": "100"}, "missing_lines": [], "excluded_lines": [], "start_line": 29, "executed_branches": [], "missing_branches": []}, "SymmetricModulo.__eq__": {"executed_lines": [33, 34, 35], "summary": {"covered_lines": 3, "num_statements": 3, "percent_covered": 100.0, "percent_covered_display": "100", "missing_lines": 0, "excluded_lines": 0, "percent_statements_covered": 100.0, "percent_statements_covered_display": "100", "num_branches": 2, "num_partial_branches": 0, "covered_branches": 2, "missing_branches": 0, "percent_branches_covered": 100.0, "percent_branches_covered_display": "100"}, "missing_lines": [], "excluded_lines": [], "start_line": 32, "executed_branches": [[33, 34], [33, 35]], "missing_branches": []}, "SymmetricModulo.symmetric": {"executed_lines": [46, 47, 49, 52, 53, 55, 56, 58], "summary": {"covered_lines": 8, "num_statements": 8, "percent_covered": 100.0, "percent_covered_display": "100", "missing_lines": 0, "excluded_lines": 0, "percent_statements_covered": 100.0, "percent_statements_covered_display": "100", "num_branches": 4, "num_partial_branches": 0, "covered_branches": 4, "missing_branches": 0, "percent_branches_covered": 100.0, "percent_branches_covered_display": "100"}, "missing_lines": [], "excluded_lines": [], "start_line": 37, "executed_branches": [[46, 47], [46, 49], [55, 56], [55, 58]], "missing_branches": []}, "IntegersRing.__init__": {"executed_lines": [75, 76, 77, 78, 80, 81], "summary": {"covered_lines": 6, "num_statements": 6, "percent_covered": 100.0, "percent_covered_display": "100", "missing_lines": 0, "excluded_lines": 0, "percent_statements_covered": 100.0, "percent_statements_covered_display": "100", "num_branches": 4, "num_partial_branches": 0, "covered_branches": 4, "missing_branches": 0, "percent_branches_covered": 100.0, "percent_branches_covered_display": "100"}, "missing_lines": [], "excluded_lines": [], "start_line": 69, "executed_branches": [[75, 76], [75, 77], [77, 78], [77, 80]], "missing_branches": []}, "IntegersRing.__repr__": {"executed_lines": [84], "summary": {"covered_lines": 1, "num_statements": 1, "percent_covered": 100.0, "percent_covered_display": "100", "missing_lines": 0, "excluded_lines": 0, "percent_statements_covered": 100.0, "percent_statements_covered_display": "100", "num_branches": 0, "num_partial_branches": 0, "covered_branches": 0, "missing_branches": 0, "percent_branches_covered": 100.0, "percent_branches_covered_display": "100"}, "missing_lines": [], "excluded_lines": [], "start_line": 83, "executed_branches": [], "missing_branches": []}, "IntegersRing.__eq__": {"executed_lines": [87, 88, 89], "summary": {"covered_lines": 3, "num_statements": 3, "percent_covered": 100.0, "percent_covered_display": "100", "missing_lines": 0, "excluded_lines": 0, "percent_statements_covered": 100.0, "percent_statements_covered_display": "100", "num_branches": 2, "num_partial_branches": 0, "covered_branches": 2, "missing_branches": 0, "percent_branches_covered": 100.0, "percent_branches_covered_display": "100"}, "missing_lines": [], "excluded_lines": [], "start_line": 86, "executed_branches": [[87, 88], [87, 89]], "missing_branches": []}, "IntegersRing.add": {"executed_lines": [100], "summary": {"covered_lines": 1, "num_statements": 1, "percent_covered": 100.0, "percent_covered_display": "100", "missing_lines": 0, "excluded_lines": 0, "percent_statements_covered": 100.0, "percent_statements_covered_display": "100", "num_branches": 0, "num_partial_branches": 0, "covered_branches": 0, "missing_branches": 0, "percent_branches_covered": 100.0, "percent_branches_covered_display": "100"}, "missing_lines": [], "excluded_lines": [], "start_line": 91, "executed_branches": [], "missing_branches": []}, "IntegersRing.sub": {"executed_lines": [111], "summary": {"covered_lines": 1, "num_statements": 1, "percent_covered": 100.0, "percent_covered_display": "100", "missing_lines": 0, "excluded_lines": 0, "percent_statements_covered": 100.0, "percent_statements_covered_display": "100", "num_branches": 0, "num_partial_branches": 0, "covered_branches": 0, "missing_branches": 0, "percent_branches_covered": 100.0, "percent_branches_covered_display": "100"}, "missing_lines": [], "excluded_lines": [], "start_line": 102, "executed_branches": [], "missing_branches": []}, "IntegersRing.mul": {"executed_lines": [122], "summary": {"covered_lines": 1, "num_statements": 1, "percent_covered": 100.0, "percent_covered_display": "100", "missing_lines": 0, "excluded_lines": 0, "percent_statements_covered": 100.0, "percent_statements_covered_display": "100", "num_branches": 0, "num_partial_branches": 0, "covered_branches": 0, "missing_branches": 0, "percent_branches_covered": 100.0, "percent_branches_covered_display": "100"}, "missing_lines": [], "excluded_lines": [], "start_line": 113, "executed_branches": [], "missing_branches": []}, "IntegersRing.neg": {"executed_lines": [133], "summary": {"covered_lines": 1, "num_statements": 1, "percent_covered": 100.0, "percent_covered_display": "100", "missing_lines": 0, "excluded_lines": 0, "percent_statements_covered": 100.0, "percent_statements_covered_display": "100", "num_branches": 0, "num_partial_branches": 0, "covered_branches": 0, "missing_branches": 0, "percent_branches_covered": 100.0, "percent_branches_covered_display": "100"}, "missing_lines": [], "excluded_lines": [], "start_line": 124, "executed_branches": [], "missing_branches": []}, "IntegersRing.inf_norm": {"executed_lines": [152, 153], "summary": {"covered_lines": 2, "num_statements": 2, "percent_covered": 100.0, "percent_covered_display": "100", "missing_lines": 0, "excluded_lines": 0, "percent_statements_covered": 100.0, "percent_statements_covered_display": "100", "num_branches": 0, "num_partial_branches": 0, "covered_branches": 0, "missing_branches": 0, "percent_branches_covered": 100.0, "percent_branches_covered_display": "100"}, "missing_lines": [], "excluded_lines": [], "start_line": 135, "executed_branches": [], "missing_branches": []}, "": {"executed_lines": [1, 15, 29, 32, 37, 61, 69, 83, 86, 91, 102, 113, 124, 135], "summary": {"covered_lines": 14, "num_statements": 14, "percent_covered": 100.0, "percent_covered_display": "100", "missing_lines": 0, "excluded_lines": 0, "percent_statements_covered": 100.0, "percent_statements_covered_display": "100", "num_branches": 0, "num_partial_branches": 0, "covered_branches": 0, "missing_branches": 0, "percent_branches_covered": 100.0, "percent_branches_covered_display": "100"}, "missing_lines": [], "excluded_lines": [], "start_line": 1, "executed_branches": [], "missing_branches": []}}, "classes": {"SymmetricModulo": {"executed_lines": [21, 22, 23, 24, 26, 27, 30, 33, 34, 35, 46, 47, 49, 52, 53, 55, 56, 58], "summary": {"covered_lines": 18, "num_statements": 18, "percent_covered": 100.0, "percent_covered_display": "100", "missing_lines": 0, "excluded_lines": 0, "percent_statements_covered": 100.0, "percent_statements_covered_display": "100", "num_branches": 10, "num_partial_branches": 0, "covered_branches": 10, "missing_branches": 0, "percent_branches_covered": 100.0, "percent_branches_covered_display": "100"}, "missing_lines": [], "excluded_lines": [], "start_line": 1, "executed_branches": [[21, 22], [21, 23], [23, 24], [23, 26], [33, 34], [33, 35], [46, 47], [46, 49], [55, 56], [55, 58]], "missing_branches": []}, "IntegersRing": {"executed_lines": [75, 76, 77, 78, 80, 81, 84, 87, 88, 89, 100, 111, 122, 133, 152, 153], "summary": {"covered_lines": 16, "num_statements": 16, "percent_covered": 100.0, "percent_covered_display": "100", "missing_lines": 0, "excluded_lines": 0, "percent_statements_covered": 100.0, "percent_statements_covered_display": "100", "num_branches": 6, "num_partial_branches": 0, "covered_branches": 6, "missing_branches": 0, "percent_branches_covered": 100.0, "percent_branches_covered_display": "100"}, "missing_lines": [], "excluded_lines": [], "start_line": 61, "executed_branches": [[75, 76], [75, 77], [77, 78], [77, 80], [87, 88], [87, 89]], "missing_branches": []}, "": {"executed_lines": [1, 15, 29, 32, 37, 61, 69, 83, 86, 91, 102, 113, 124, 135], "summary": {"covered_lines": 14, "num_statements": 14, "percent_covered": 100.0, "percent_covered_display": "100", "missing_lines": 0, "excluded_lines": 0, "percent_statements_covered": 100.0, "percent_statements_covered_display": "100", "num_branches": 0, "num_partial_branches": 0, "covered_branches": 0, "missing_branches": 0, "percent_branches_covered": 100.0, "percent_branches_covered_display": "100"}, "missing_lines": [], "excluded_lines": [], "start_line": 1, "executed_branches": [], "missing_branches": []}}}, "src/core/module.py": {"executed_lines": [21, 24, 32, 44, 45, 46, 47, 49, 50, 51, 55, 57, 58, 60, 61, 62, 63, 64, 65, 67, 68, 70, 71, 73, 80, 82, 94, 95, 96, 97, 98, 99, 101, 113, 114, 115, 116, 117, 118, 120, 133, 134, 135, 137, 155, 156, 157, 158, 160, 161, 162, 163, 165, 174, 176, 192, 193, 194, 196, 210, 212, 235, 236, 237, 240, 248, 259, 260, 261, 262, 263, 264, 265, 266, 268, 269, 276, 294, 295, 299, 302, 304, 305, 307, 308, 310, 314, 332, 333, 337, 340, 342, 343, 345, 346, 348, 352, 365, 367, 373, 377, 392, 393, 395, 396, 397], "summary": {"covered_lines": 106, "num_statements": 106, "percent_covered": 100.0, "percent_covered_display": "100", "missing_lines": 0, "excluded_lines": 0, "percent_statements_covered": 100.0, "percent_statements_covered_display": "100", "num_branches": 52, "num_partial_branches": 0, "covered_branches": 52, "missing_branches": 0, "percent_branches_covered": 100.0, "percent_branches_covered_display": "100"}, "missing_lines": [], "excluded_lines": [], "executed_branches": [[44, 45], [44, 46], [46, 47], [46, 49], [50, 51], [50, 55], [61, 62], [61, 63], [63, 64], [63, 65], [94, 95], [94, 96], [96, 97], [96, 98], [113, 114], [113, 115], [115, 116], [115, 117], [155, 156], [155, 157], [157, 158], [157, 160], [161, 162], [161, 163], [192, 193], [192, 194], [235, 236], [235, 237], [259, 260], [259, 261], [261, 262], [261, 263], [263, 264], [263, 265], [294, 295], [294, 304], [295, 299], [295, 302], [304, 305], [304, 307], [307, 308], [307, 310], [332, 333], [332, 342], [333, 337], [333, 340], [342, 343], [342, 345], [345, 346], [345, 348], [392, 393], [392, 395]], "missing_branches": [], "functions": {"ModuleElement.__init__": {"executed_lines": [44, 45, 46, 47, 49, 50, 51, 55], "summary": {"covered_lines": 8, "num_statements": 8, "percent_covered": 100.0, "percent_covered_display": "100", "missing_lines": 0, "excluded_lines": 0, "percent_statements_covered": 100.0, "percent_statements_covered_display": "100", "num_branches": 6, "num_partial_branches": 0, "covered_branches": 6, "missing_branches": 0, "percent_branches_covered": 100.0, "percent_branches_covered_display": "100"}, "missing_lines": [], "excluded_lines": [], "start_line": 32, "executed_branches": [[44, 45], [44, 46], [46, 47], [46, 49], [50, 51], [50, 55]], "missing_branches": []}, "ModuleElement.__repr__": {"executed_lines": [58], "summary": {"covered_lines": 1, "num_statements": 1, "percent_covered": 100.0, "percent_covered_display": "100", "missing_lines": 0, "excluded_lines": 0, "percent_statements_covered": 100.0, "percent_statements_covered_display": "100", "num_branches": 0, "num_partial_branches": 0, "covered_branches": 0, "missing_branches": 0, "percent_branches_covered": 100.0, "percent_branches_covered_display": "100"}, "missing_lines": [], "excluded_lines": [], "start_line": 57, "executed_branches": [], "missing_branches": []}, "ModuleElement.__eq__": {"executed_lines": [61, 62, 63, 64, 65], "summary": {"covered_lines": 5, "num_statements": 5, "percent_covered": 100.0, "percent_covered_display": "100", "missing_lines": 0, "excluded_lines": 0, "percent_statements_covered": 100.0, "percent_statements_covered_display": "100", "num_branches": 4, "num_partial_branches": 0, "covered_branches": 4, "missing_branches": 0, "percent_branches_covered": 100.0, "percent_branches_covered_display": "100"}, "missing_lines": [], "excluded_lines": [], "start_line": 60, "executed_branches": [[61, 62], [61, 63], [63, 64], [63, 65]], "missing_branches": []}, "ModuleElement.is_zero": {"executed_lines": [68], "summary": {"covered_lines": 1, "num_statements": 1, "percent_covered": 100.0, "percent_covered_display": "100", "missing_lines": 0, "excluded_lines": 0, "percent_statements_covered": 100.0, "percent_statements_covered_display": "100", "num_branches": 0, "num_partial_branches": 0, "covered_branches": 0, "missing_branches": 0, "percent_branches_covered": 100.0, "percent_branches_covered_display": "100"}, "missing_lines": [], "excluded_lines": [], "start_line": 67, "executed_branches": [], "missing_branches": []}, "ModuleElement.copy": {"executed_lines": [71], "summary": {"covered_lines": 1, "num_statements": 1, "percent_covered": 100.0, "percent_covered_display": "100", "missing_lines": 0, "excluded_lines": 0, "percent_statements_covered": 100.0, "percent_statements_covered_display": "100", "num_branches": 0, "num_partial_branches": 0, "covered_branches": 0, "missing_branches": 0, "percent_branches_covered": 100.0, "percent_branches_covered_display": "100"}, "missing_lines": [], "excluded_lines": [], "start_line": 70, "executed_branches": [], "missing_branches": []}, "ModuleElement.__str__": {"executed_lines": [80], "summary": {"covered_lines": 1, "num_statements": 1, "percent_covered": 100.0, "percent_covered_display": "100", "missing_lines": 0, "excluded_lines": 0, "percent_statements_covered": 100.0, "percent_statements_covered_display": "100", "num_branches": 0, "num_partial_branches": 0, "covered_branches": 0, "missing_branches": 0, "percent_branches_covered": 100.0, "percent_branches_covered_display": "100"}, "missing_lines": [], "excluded_lines": [], "start_line": 73, "executed_branches": [], "missing_branches": []}, "ModuleElement.__add__": {"executed_lines": [94, 95, 96, 97, 98, 99], "summary": {"covered_lines": 6, "num_statements": 6, "percent_covered": 100.0, "percent_covered_display": "100", "missing_lines": 0, "excluded_lines": 0, "percent_statements_covered": 100.0, "percent_statements_covered_display": "100", "num_branches": 4, "num_partial_branches": 0, "covered_branches": 4, "missing_branches": 0, "percent_branches_covered": 100.0, "percent_branches_covered_display": "100"}, "missing_lines": [], "excluded_lines": [], "start_line": 82, "executed_branches": [[94, 95], [94, 96], [96, 97], [96, 98]], "missing_branches": []}, "ModuleElement.__sub__": {"executed_lines": [113, 114, 115, 116, 117, 118], "summary": {"covered_lines": 6, "num_statements": 6, "percent_covered": 100.0, "percent_covered_display": "100", "missing_lines": 0, "excluded_lines": 0, "percent_statements_covered": 100.0, "percent_statements_covered_display": "100", "num_branches": 4, "num_partial_branches": 0, "covered_branches": 4, "missing_branches": 0, "percent_branches_covered": 100.0, "percent_branches_covered_display": "100"}, "missing_lines": [], "excluded_lines": [], "start_line": 101, "executed_branches": [[113, 114], [113, 115], [115, 116], [115, 117]], "missing_branches": []}, "ModuleElement.scalar_mul": {"executed_lines": [133, 134, 135], "summary": {"covered_lines": 3, "num_statements": 3, "percent_covered": 100.0, "percent_covered_display": "100", "missing_lines": 0, "excluded_lines": 0, "percent_statements_covered": 100.0, "percent_statements_covered_display": "100", "num_branches": 0, "num_partial_branches": 0, "covered_branches": 0, "missing_branches": 0, "percent_branches_covered": 100.0, "percent_branches_covered_display": "100"}, "missing_lines": [], "excluded_lines": [], "start_line": 120, "executed_branches": [], "missing_branches": []}, "ModuleElement.inner_product": {"executed_lines": [155, 156, 157, 158, 160, 161, 162, 163], "summary": {"covered_lines": 8, "num_statements": 8, "percent_covered": 100.0, "percent_covered_display": "100", "missing_lines": 0, "excluded_lines": 0, "percent_statements_covered": 100.0, "percent_statements_covered_display": "100", "num_branches": 6, "num_partial_branches": 0, "covered_branches": 6, "missing_branches": 0, "percent_branches_covered": 100.0, "percent_branches_covered_display": "100"}, "missing_lines": [], "excluded_lines": [], "start_line": 137, "executed_branches": [[155, 156], [155, 157], [157, 158], [157, 160], [161, 162], [161, 163]], "missing_branches": []}, "ModuleElement.__rmul__": {"executed_lines": [174], "summary": {"covered_lines": 1, "num_statements": 1, "percent_covered": 100.0, "percent_covered_display": "100", "missing_lines": 0, "excluded_lines": 0, "percent_statements_covered": 100.0, "percent_statements_covered_display": "100", "num_branches": 0, "num_partial_branches": 0, "covered_branches": 0, "missing_branches": 0, "percent_branches_covered": 100.0, "percent_branches_covered_display": "100"}, "missing_lines": [], "excluded_lines": [], "start_line": 165, "executed_branches": [], "missing_branches": []}, "ModuleElement.__mul__": {"executed_lines": [192, 193, 194], "summary": {"covered_lines": 3, "num_statements": 3, "percent_covered": 100.0, "percent_covered_display": "100", "missing_lines": 0, "excluded_lines": 0, "percent_statements_covered": 100.0, "percent_statements_covered_display": "100", "num_branches": 2, "num_partial_branches": 0, "covered_branches": 2, "missing_branches": 0, "percent_branches_covered": 100.0, "percent_branches_covered_display": "100"}, "missing_lines": [], "excluded_lines": [], "start_line": 176, "executed_branches": [[192, 193], [192, 194]], "missing_branches": []}, "ModuleElement.inf_norm": {"executed_lines": [210], "summary": {"covered_lines": 1, "num_statements": 1, "percent_covered": 100.0, "percent_covered_display": "100", "missing_lines": 0, "excluded_lines": 0, "percent_statements_covered": 100.0, "percent_statements_covered_display": "100", "num_branches": 0, "num_partial_branches": 0, "covered_branches": 0, "missing_branches": 0, "percent_branches_covered": 100.0, "percent_branches_covered_display": "100"}, "missing_lines": [], "excluded_lines": [], "start_line": 196, "executed_branches": [], "missing_branches": []}, "ModuleElement.is_small": {"executed_lines": [235, 236, 237], "summary": {"covered_lines": 3, "num_statements": 3, "percent_covered": 100.0, "percent_covered_display": "100", "missing_lines": 0, "excluded_lines": 0, "percent_statements_covered": 100.0, "percent_statements_covered_display": "100", "num_branches": 2, "num_partial_branches": 0, "covered_branches": 2, "missing_branches": 0, "percent_branches_covered": 100.0, "percent_branches_covered_display": "100"}, "missing_lines": [], "excluded_lines": [], "start_line": 212, "executed_branches": [[235, 236], [235, 237]], "missing_branches": []}, "Module.__init__": {"executed_lines": [259, 260, 261, 262, 263, 264, 265, 266], "summary": {"covered_lines": 8, "num_statements": 8, "percent_covered": 100.0, "percent_covered_display": "100", "missing_lines": 0, "excluded_lines": 0, "percent_statements_covered": 100.0, "percent_statements_covered_display": "100", "num_branches": 6, "num_partial_branches": 0, "covered_branches": 6, "missing_branches": 0, "percent_branches_covered": 100.0, "percent_branches_covered_display": "100"}, "missing_lines": [], "excluded_lines": [], "start_line": 248, "executed_branches": [[259, 260], [259, 261], [261, 262], [261, 263], [263, 264], [263, 265]], "missing_branches": []}, "Module.__repr__": {"executed_lines": [269], "summary": {"covered_lines": 1, "num_statements": 1, "percent_covered": 100.0, "percent_covered_display": "100", "missing_lines": 0, "excluded_lines": 0, "percent_statements_covered": 100.0, "percent_statements_covered_display": "100", "num_branches": 0, "num_partial_branches": 0, "covered_branches": 0, "missing_branches": 0, "percent_branches_covered": 100.0, "percent_branches_covered_display": "100"}, "missing_lines": [], "excluded_lines": [], "start_line": 268, "executed_branches": [], "missing_branches": []}, "Module._coerce_entry": {"executed_lines": [294, 295, 299, 302, 304, 305, 307, 308, 310], "summary": {"covered_lines": 9, "num_statements": 9, "percent_covered": 100.0, "percent_covered_display": "100", "missing_lines": 0, "excluded_lines": 0, "percent_statements_covered": 100.0, "percent_statements_covered_display": "100", "num_branches": 8, "num_partial_branches": 0, "covered_branches": 8, "missing_branches": 0, "percent_branches_covered": 100.0, "percent_branches_covered_display": "100"}, "missing_lines": [], "excluded_lines": [], "start_line": 276, "executed_branches": [[294, 295], [294, 304], [295, 299], [295, 302], [304, 305], [304, 307], [307, 308], [307, 310]], "missing_branches": []}, "Module._coerce_scalar": {"executed_lines": [332, 333, 337, 340, 342, 343, 345, 346, 348], "summary": {"covered_lines": 9, "num_statements": 9, "percent_covered": 100.0, "percent_covered_display": "100", "missing_lines": 0, "excluded_lines": 0, "percent_statements_covered": 100.0, "percent_statements_covered_display": "100", "num_branches": 8, "num_partial_branches": 0, "covered_branches": 8, "missing_branches": 0, "percent_branches_covered": 100.0, "percent_branches_covered_display": "100"}, "missing_lines": [], "excluded_lines": [], "start_line": 314, "executed_branches": [[332, 333], [332, 342], [333, 337], [333, 340], [342, 343], [342, 345], [345, 346], [345, 348]], "missing_branches": []}, "Module.element": {"executed_lines": [365], "summary": {"covered_lines": 1, "num_statements": 1, "percent_covered": 100.0, "percent_covered_display": "100", "missing_lines": 0, "excluded_lines": 0, "percent_statements_covered": 100.0, "percent_statements_covered_display": "100", "num_branches": 0, "num_partial_branches": 0, "covered_branches": 0, "missing_branches": 0, "percent_branches_covered": 100.0, "percent_branches_covered_display": "100"}, "missing_lines": [], "excluded_lines": [], "start_line": 352, "executed_branches": [], "missing_branches": []}, "Module.zero": {"executed_lines": [373], "summary": {"covered_lines": 1, "num_statements": 1, "percent_covered": 100.0, "percent_covered_display": "100", "missing_lines": 0, "excluded_lines": 0, "percent_statements_covered": 100.0, "percent_statements_covered_display": "100", "num_branches": 0, "num_partial_branches": 0, "covered_branches": 0, "missing_branches": 0, "percent_branches_covered": 100.0, "percent_branches_covered_display": "100"}, "missing_lines": [], "excluded_lines": [], "start_line": 367, "executed_branches": [], "missing_branches": []}, "Module.basis": {"executed_lines": [392, 393, 395, 396, 397], "summary": {"covered_lines": 5, "num_statements": 5, "percent_covered": 100.0, "percent_covered_display": "100", "missing_lines": 0, "excluded_lines": 0, "percent_statements_covered": 100.0, "percent_statements_covered_display": "100", "num_branches": 2, "num_partial_branches": 0, "covered_branches": 2, "missing_branches": 0, "percent_branches_covered": 100.0, "percent_branches_covered_display": "100"}, "missing_lines": [], "excluded_lines": [], "start_line": 377, "executed_branches": [[392, 393], [392, 395]], "missing_branches": []}, "": {"executed_lines": [21, 24, 32, 57, 60, 67, 70, 73, 82, 101, 120, 137, 165, 176, 196, 212, 240, 248, 268, 276, 314, 352, 367, 377], "summary": {"covered_lines": 24, "num_statements": 24, "percent_covered": 100.0, "percent_covered_display": "100", "missing_lines": 0, "excluded_lines": 0, "percent_statements_covered": 100.0, "percent_statements_covered_display": "100", "num_branches": 0, "num_partial_branches": 0, "covered_branches": 0, "missing_branches": 0, "percent_branches_covered": 100.0, "percent_branches_covered_display": "100"}, "missing_lines": [], "excluded_lines": [], "start_line": 1, "executed_branches": [], "missing_branches": []}}, "classes": {"ModuleElement": {"executed_lines": [44, 45, 46, 47, 49, 50, 51, 55, 58, 61, 62, 63, 64, 65, 68, 71, 80, 94, 95, 96, 97, 98, 99, 113, 114, 115, 116, 117, 118, 133, 134, 135, 155, 156, 157, 158, 160, 161, 162, 163, 174, 192, 193, 194, 210, 235, 236, 237], "summary": {"covered_lines": 48, "num_statements": 48, "percent_covered": 100.0, "percent_covered_display": "100", "missing_lines": 0, "excluded_lines": 0, "percent_statements_covered": 100.0, "percent_statements_covered_display": "100", "num_branches": 28, "num_partial_branches": 0, "covered_branches": 28, "missing_branches": 0, "percent_branches_covered": 100.0, "percent_branches_covered_display": "100"}, "missing_lines": [], "excluded_lines": [], "start_line": 24, "executed_branches": [[44, 45], [44, 46], [46, 47], [46, 49], [50, 51], [50, 55], [61, 62], [61, 63], [63, 64], [63, 65], [94, 95], [94, 96], [96, 97], [96, 98], [113, 114], [113, 115], [115, 116], [115, 117], [155, 156], [155, 157], [157, 158], [157, 160], [161, 162], [161, 163], [192, 193], [192, 194], [235, 236], [235, 237]], "missing_branches": []}, "Module": {"executed_lines": [259, 260, 261, 262, 263, 264, 265, 266, 269, 294, 295, 299, 302, 304, 305, 307, 308, 310, 332, 333, 337, 340, 342, 343, 345, 346, 348, 365, 373, 392, 393, 395, 396, 397], "summary": {"covered_lines": 34, "num_statements": 34, "percent_covered": 100.0, "percent_covered_display": "100", "missing_lines": 0, "excluded_lines": 0, "percent_statements_covered": 100.0, "percent_statements_covered_display": "100", "num_branches": 24, "num_partial_branches": 0, "covered_branches": 24, "missing_branches": 0, "percent_branches_covered": 100.0, "percent_branches_covered_display": "100"}, "missing_lines": [], "excluded_lines": [], "start_line": 240, "executed_branches": [[259, 260], [259, 261], [261, 262], [261, 263], [263, 264], [263, 265], [294, 295], [294, 304], [295, 299], [295, 302], [304, 305], [304, 307], [307, 308], [307, 310], [332, 333], [332, 342], [333, 337], [333, 340], [342, 343], [342, 345], [345, 346], [345, 348], [392, 393], [392, 395]], "missing_branches": []}, "": {"executed_lines": [21, 24, 32, 57, 60, 67, 70, 73, 82, 101, 120, 137, 165, 176, 196, 212, 240, 248, 268, 276, 314, 352, 367, 377], "summary": {"covered_lines": 24, "num_statements": 24, "percent_covered": 100.0, "percent_covered_display": "100", "missing_lines": 0, "excluded_lines": 0, "percent_statements_covered": 100.0, "percent_statements_covered_display": "100", "num_branches": 0, "num_partial_branches": 0, "covered_branches": 0, "missing_branches": 0, "percent_branches_covered": 100.0, "percent_branches_covered_display": "100"}, "missing_lines": [], "excluded_lines": [], "start_line": 1, "executed_branches": [], "missing_branches": []}}}, "src/core/ntt.py": {"executed_lines": [12, 13, 16, 17, 20, 21, 24, 25, 26, 27, 28, 29, 30, 31, 32, 33, 34, 35, 36, 39, 41, 42, 44, 45, 46, 47, 48, 49, 50, 51, 52, 53, 54, 56, 59, 61, 62, 63, 64, 65, 66, 67, 70, 71, 72, 73, 75, 78, 79, 80, 81, 82, 83, 84, 85, 86, 88, 89, 90, 91, 92, 93, 94, 95, 96, 97, 98, 99, 100, 102, 105, 106, 107, 108, 109, 110, 113, 118, 119, 120, 121, 122, 124, 125, 127, 130, 134, 135, 136, 137, 139, 140], "summary": {"covered_lines": 92, "num_statements": 92, "percent_covered": 100.0, "percent_covered_display": "100", "missing_lines": 0, "excluded_lines": 0, "percent_statements_covered": 100.0, "percent_statements_covered_display": "100", "num_branches": 44, "num_partial_branches": 0, "covered_branches": 44, "missing_branches": 0, "percent_branches_covered": 100.0, "percent_branches_covered_display": "100"}, "missing_lines": [], "excluded_lines": [], "executed_branches": [[28, 29], [28, 34], [29, 30], [29, 33], [31, 32], [31, 33], [34, 35], [34, 36], [41, 42], [41, 44], [45, 46], [45, 56], [46, 47], [46, 48], [49, 50], [49, 53], [50, 49], [50, 51], [53, 45], [53, 54], [61, 62], [61, 63], [63, 64], [63, 65], [65, 66], [65, 67], [72, 73], [72, 75], [79, 80], [79, 88], [81, 82], [81, 84], [85, 79], [85, 86], [89, 90], [89, 102], [92, 93], [92, 100], [94, 92], [94, 95], [118, 119], [118, 120], [121, 122], [121, 124]], "missing_branches": [], "functions": {"_is_power_of_two": {"executed_lines": [13], "summary": {"covered_lines": 1, "num_statements": 1, "percent_covered": 100.0, "percent_covered_display": "100", "missing_lines": 0, "excluded_lines": 0, "percent_statements_covered": 100.0, "percent_statements_covered_display": "100", "num_branches": 0, "num_partial_branches": 0, "covered_branches": 0, "missing_branches": 0, "percent_branches_covered": 100.0, "percent_branches_covered_display": "100"}, "missing_lines": [], "excluded_lines": [], "start_line": 12, "executed_branches": [], "missing_branches": []}, "_pow_mod": {"executed_lines": [17], "summary": {"covered_lines": 1, "num_statements": 1, "percent_covered": 100.0, "percent_covered_display": "100", "missing_lines": 0, "excluded_lines": 0, "percent_statements_covered": 100.0, "percent_statements_covered_display": "100", "num_branches": 0, "num_partial_branches": 0, "covered_branches": 0, "missing_branches": 0, "percent_branches_covered": 100.0, "percent_branches_covered_display": "100"}, "missing_lines": [], "excluded_lines": [], "start_line": 16, "executed_branches": [], "missing_branches": []}, "_inv_mod": {"executed_lines": [21], "summary": {"covered_lines": 1, "num_statements": 1, "percent_covered": 100.0, "percent_covered_display": "100", "missing_lines": 0, "excluded_lines": 0, "percent_statements_covered": 100.0, "percent_statements_covered_display": "100", "num_branches": 0, "num_partial_branches": 0, "covered_branches": 0, "missing_branches": 0, "percent_branches_covered": 100.0, "percent_branches_covered_display": "100"}, "missing_lines": [], "excluded_lines": [], "start_line": 20, "executed_branches": [], "missing_branches": []}, "_prime_factors": {"executed_lines": [25, 26, 27, 28, 29, 30, 31, 32, 33, 34, 35, 36], "summary": {"covered_lines": 12, "num_statements": 12, "percent_covered": 100.0, "percent_covered_display": "100", "missing_lines": 0, "excluded_lines": 0, "percent_statements_covered": 100.0, "percent_statements_covered_display": "100", "num_branches": 8, "num_partial_branches": 0, "covered_branches": 8, "missing_branches": 0, "percent_branches_covered": 100.0, "percent_branches_covered_display": "100"}, "missing_lines": [], "excluded_lines": [], "start_line": 24, "executed_branches": [[28, 29], [28, 34], [29, 30], [29, 33], [31, 32], [31, 33], [34, 35], [34, 36]], "missing_branches": []}, "_find_primitive_root": {"executed_lines": [41, 42, 44, 45, 46, 47, 48, 49, 50, 51, 52, 53, 54, 56], "summary": {"covered_lines": 14, "num_statements": 14, "percent_covered": 100.0, "percent_covered_display": "100", "missing_lines": 0, "excluded_lines": 0, "percent_statements_covered": 100.0, "percent_statements_covered_display": "100", "num_branches": 12, "num_partial_branches": 0, "covered_branches": 12, "missing_branches": 0, "percent_branches_covered": 100.0, "percent_branches_covered_display": "100"}, "missing_lines": [], "excluded_lines": [], "start_line": 39, "executed_branches": [[41, 42], [41, 44], [45, 46], [45, 56], [46, 47], [46, 48], [49, 50], [49, 53], [50, 49], [50, 51], [53, 45], [53, 54]], "missing_branches": []}, "supports_negacyclic_ntt": {"executed_lines": [61, 62, 63, 64, 65, 66, 67], "summary": {"covered_lines": 7, "num_statements": 7, "percent_covered": 100.0, "percent_covered_display": "100", "missing_lines": 0, "excluded_lines": 0, "percent_statements_covered": 100.0, "percent_statements_covered_display": "100", "num_branches": 6, "num_partial_branches": 0, "covered_branches": 6, "missing_branches": 0, "percent_branches_covered": 100.0, "percent_branches_covered_display": "100"}, "missing_lines": [], "excluded_lines": [], "start_line": 59, "executed_branches": [[61, 62], [61, 63], [63, 64], [63, 65], [65, 66], [65, 67]], "missing_branches": []}, "_ntt": {"executed_lines": [71, 72, 73, 75, 78, 79, 80, 81, 82, 83, 84, 85, 86, 88, 89, 90, 91, 92, 93, 94, 95, 96, 97, 98, 99, 100, 102], "summary": {"covered_lines": 27, "num_statements": 27, "percent_covered": 100.0, "percent_covered_display": "100", "missing_lines": 0, "excluded_lines": 0, "percent_statements_covered": 100.0, "percent_statements_covered_display": "100", "num_branches": 14, "num_partial_branches": 0, "covered_branches": 14, "missing_branches": 0, "percent_branches_covered": 100.0, "percent_branches_covered_display": "100"}, "missing_lines": [], "excluded_lines": [], "start_line": 70, "executed_branches": [[72, 73], [72, 75], [79, 80], [79, 88], [81, 82], [81, 84], [85, 79], [85, 86], [89, 90], [89, 102], [92, 93], [92, 100], [94, 92], [94, 95]], "missing_branches": []}, "_intt": {"executed_lines": [106, 107, 108, 109, 110], "summary": {"covered_lines": 5, "num_statements": 5, "percent_covered": 100.0, "percent_covered_display": "100", "missing_lines": 0, "excluded_lines": 0, "percent_statements_covered": 100.0, "percent_statements_covered_display": "100", "num_branches": 0, "num_partial_branches": 0, "covered_branches": 0, "missing_branches": 0, "percent_branches_covered": 100.0, "percent_branches_covered_display": "100"}, "missing_lines": [], "excluded_lines": [], "start_line": 105, "executed_branches": [], "missing_branches": []}, "negacyclic_convolution_ntt": {"executed_lines": [118, 119, 120, 121, 122, 124, 125, 127, 130, 134, 135, 136, 137, 139, 140], "summary": {"covered_lines": 15, "num_statements": 15, "percent_covered": 100.0, "percent_covered_display": "100", "missing_lines": 0, "excluded_lines": 0, "percent_statements_covered": 100.0, "percent_statements_covered_display": "100", "num_branches": 4, "num_partial_branches": 0, "covered_branches": 4, "missing_branches": 0, "percent_branches_covered": 100.0, "percent_branches_covered_display": "100"}, "missing_lines": [], "excluded_lines": [], "start_line": 113, "executed_branches": [[118, 119], [118, 120], [121, 122], [121, 124]], "missing_branches": []}, "": {"executed_lines": [12, 16, 20, 24, 39, 59, 70, 105, 113], "summary": {"covered_lines": 9, "num_statements": 9, "percent_covered": 100.0, "percent_covered_display": "100", "missing_lines": 0, "excluded_lines": 0, "percent_statements_covered": 100.0, "percent_statements_covered_display": "100", "num_branches": 0, "num_partial_branches": 0, "covered_branches": 0, "missing_branches": 0, "percent_branches_covered": 100.0, "percent_branches_covered_display": "100"}, "missing_lines": [], "excluded_lines": [], "start_line": 1, "executed_branches": [], "missing_branches": []}}, "classes": {"": {"executed_lines": [12, 13, 16, 17, 20, 21, 24, 25, 26, 27, 28, 29, 30, 31, 32, 33, 34, 35, 36, 39, 41, 42, 44, 45, 46, 47, 48, 49, 50, 51, 52, 53, 54, 56, 59, 61, 62, 63, 64, 65, 66, 67, 70, 71, 72, 73, 75, 78, 79, 80, 81, 82, 83, 84, 85, 86, 88, 89, 90, 91, 92, 93, 94, 95, 96, 97, 98, 99, 100, 102, 105, 106, 107, 108, 109, 110, 113, 118, 119, 120, 121, 122, 124, 125, 127, 130, 134, 135, 136, 137, 139, 140], "summary": {"covered_lines": 92, "num_statements": 92, "percent_covered": 100.0, "percent_covered_display": "100", "missing_lines": 0, "excluded_lines": 0, "percent_statements_covered": 100.0, "percent_statements_covered_display": "100", "num_branches": 44, "num_partial_branches": 0, "covered_branches": 44, "missing_branches": 0, "percent_branches_covered": 100.0, "percent_branches_covered_display": "100"}, "missing_lines": [], "excluded_lines": [], "start_line": 1, "executed_branches": [[28, 29], [28, 34], [29, 30], [29, 33], [31, 32], [31, 33], [34, 35], [34, 36], [41, 42], [41, 44], [45, 46], [45, 56], [46, 47], [46, 48], [49, 50], [49, 53], [50, 49], [50, 51], [53, 45], [53, 54], [61, 62], [61, 63], [63, 64], [63, 65], [65, 66], [65, 67], [72, 73], [72, 75], [79, 80], [79, 88], [81, 82], [81, 84], [85, 79], [85, 86], [89, 90], [89, 102], [92, 93], [92, 100], [94, 92], [94, 95], [118, 119], [118, 120], [121, 122], [121, 124]], "missing_branches": []}}}, "src/core/polynomials.py": {"executed_lines": [21, 22, 25, 33, 42, 43, 44, 45, 47, 49, 50, 51, 53, 54, 56, 57, 61, 62, 63, 64, 69, 70, 72, 73, 75, 76, 77, 78, 79, 80, 81, 82, 83, 85, 94, 95, 96, 99, 101, 108, 109, 110, 111, 112, 114, 115, 116, 117, 118, 119, 121, 122, 123, 124, 125, 127, 139, 140, 141, 142, 144, 145, 146, 147, 148, 149, 150, 152, 164, 165, 166, 167, 169, 170, 171, 172, 173, 174, 175, 177, 190, 191, 193, 194, 196, 197, 198, 199, 202, 205, 212, 218, 220, 229, 231, 240, 242, 251, 253, 262, 265, 275, 284, 285, 286, 287, 288, 289, 290, 291, 293, 294, 296, 298, 299, 305, 306, 307, 308, 314, 315, 317, 318, 320, 321, 322, 323, 324, 325, 326, 327, 328, 330, 345, 348, 350, 351, 354, 355, 357, 358, 360, 361, 362, 365, 366, 368, 370, 377, 378, 379, 380, 381, 383, 384, 385, 386, 387, 388, 390, 391, 392, 393, 394, 396, 405, 406, 407, 410, 412, 424, 425, 426, 427, 429, 430, 431, 432, 433, 434, 435, 437, 449, 450, 451, 452, 454, 455, 456, 457, 458, 459, 460, 462, 475, 476, 478, 479, 482, 483, 484, 485, 486, 487, 488, 490, 493, 494, 495, 496, 501, 503, 519, 521, 544, 545, 546, 549, 557, 565, 566, 567, 568, 569, 570, 572, 573, 575, 584, 586, 595, 597, 606, 608, 617, 619, 625, 627, 633], "summary": {"covered_lines": 239, "num_statements": 239, "percent_covered": 100.0, "percent_covered_display": "100", "missing_lines": 0, "excluded_lines": 0, "percent_statements_covered": 100.0, "percent_statements_covered_display": "100", "num_branches": 118, "num_partial_branches": 0, "covered_branches": 118, "missing_branches": 0, "percent_branches_covered": 100.0, "percent_branches_covered_display": "100"}, "missing_lines": [], "excluded_lines": [], "executed_branches": [[42, 43], [42, 44], [44, 45], [44, 47], [50, 51], [50, 53], [53, -33], [53, 54], [62, 63], [62, 64], [77, 78], [77, 79], [79, 80], [79, 81], [81, 82], [81, 83], [95, 96], [95, 99], [109, 110], [109, 125], [110, 109], [110, 111], [111, 112], [111, 114], [115, 116], [115, 121], [116, 117], [116, 118], [121, 122], [121, 123], [139, 140], [139, 141], [141, 142], [141, 144], [146, 147], [146, 150], [164, 165], [164, 166], [166, 167], [166, 169], [171, 172], [171, 175], [190, 191], [190, 193], [193, 194], [193, 196], [197, 198], [197, 202], [198, 197], [198, 199], [284, 285], [284, 286], [286, 287], [286, 288], [288, 289], [288, 290], [290, 291], [290, 293], [306, 307], [306, 308], [322, 323], [322, 324], [324, 325], [324, 326], [326, 327], [326, 328], [348, 350], [348, 365], [351, 354], [351, 362], [357, 358], [357, 360], [365, 366], [365, 368], [378, 379], [378, 394], [379, 378], [379, 380], [380, 381], [380, 383], [384, 385], [384, 390], [385, 386], [385, 387], [390, 391], [390, 392], [406, 407], [406, 410], [424, 425], [424, 426], [426, 427], [426, 429], [431, 432], [431, 435], [449, 450], [449, 451], [451, 452], [451, 454], [456, 457], [456, 460], [475, 476], [475, 478], [478, 479], [478, 482], [482, 483], [482, 493], [494, 495], [494, 501], [495, 494], [495, 496], [544, 545], [544, 546], [565, 566], [565, 567], [567, 568], [567, 569], [569, 570], [569, 572]], "missing_branches": [], "functions": {"Polynomial.__init__": {"executed_lines": [42, 43, 44, 45, 47, 49, 50, 51, 53, 54], "summary": {"covered_lines": 10, "num_statements": 10, "percent_covered": 100.0, "percent_covered_display": "100", "missing_lines": 0, "excluded_lines": 0, "percent_statements_covered": 100.0, "percent_statements_covered_display": "100", "num_branches": 8, "num_partial_branches": 0, "covered_branches": 8, "missing_branches": 0, "percent_branches_covered": 100.0, "percent_branches_covered_display": "100"}, "missing_lines": [], "excluded_lines": [], "start_line": 33, "executed_branches": [[42, 43], [42, 44], [44, 45], [44, 47], [50, 51], [50, 53], [53, -33], [53, 54]], "missing_branches": []}, "Polynomial.__repr__": {"executed_lines": [57], "summary": {"covered_lines": 1, "num_statements": 1, "percent_covered": 100.0, "percent_covered_display": "100", "missing_lines": 0, "excluded_lines": 0, "percent_statements_covered": 100.0, "percent_statements_covered_display": "100", "num_branches": 0, "num_partial_branches": 0, "covered_branches": 0, "missing_branches": 0, "percent_branches_covered": 100.0, "percent_branches_covered_display": "100"}, "missing_lines": [], "excluded_lines": [], "start_line": 56, "executed_branches": [], "missing_branches": []}, "Polynomial.__eq__": {"executed_lines": [62, 63, 64], "summary": {"covered_lines": 3, "num_statements": 3, "percent_covered": 100.0, "percent_covered_display": "100", "missing_lines": 0, "excluded_lines": 0, "percent_statements_covered": 100.0, "percent_statements_covered_display": "100", "num_branches": 2, "num_partial_branches": 0, "covered_branches": 2, "missing_branches": 0, "percent_branches_covered": 100.0, "percent_branches_covered_display": "100"}, "missing_lines": [], "excluded_lines": [], "start_line": 61, "executed_branches": [[62, 63], [62, 64]], "missing_branches": []}, "Polynomial.is_zero": {"executed_lines": [70], "summary": {"covered_lines": 1, "num_statements": 1, "percent_covered": 100.0, "percent_covered_display": "100", "missing_lines": 0, "excluded_lines": 0, "percent_statements_covered": 100.0, "percent_statements_covered_display": "100", "num_branches": 0, "num_partial_branches": 0, "covered_branches": 0, "missing_branches": 0, "percent_branches_covered": 100.0, "percent_branches_covered_display": "100"}, "missing_lines": [], "excluded_lines": [], "start_line": 69, "executed_branches": [], "missing_branches": []}, "Polynomial.copy": {"executed_lines": [73], "summary": {"covered_lines": 1, "num_statements": 1, "percent_covered": 100.0, "percent_covered_display": "100", "missing_lines": 0, "excluded_lines": 0, "percent_statements_covered": 100.0, "percent_statements_covered_display": "100", "num_branches": 0, "num_partial_branches": 0, "covered_branches": 0, "missing_branches": 0, "percent_branches_covered": 100.0, "percent_branches_covered_display": "100"}, "missing_lines": [], "excluded_lines": [], "start_line": 72, "executed_branches": [], "missing_branches": []}, "Polynomial.to_coefficients": {"executed_lines": [76, 77, 78, 79, 80, 81, 82, 83], "summary": {"covered_lines": 8, "num_statements": 8, "percent_covered": 100.0, "percent_covered_display": "100", "missing_lines": 0, "excluded_lines": 0, "percent_statements_covered": 100.0, "percent_statements_covered_display": "100", "num_branches": 6, "num_partial_branches": 0, "covered_branches": 6, "missing_branches": 0, "percent_branches_covered": 100.0, "percent_branches_covered_display": "100"}, "missing_lines": [], "excluded_lines": [], "start_line": 75, "executed_branches": [[77, 78], [77, 79], [79, 80], [79, 81], [81, 82], [81, 83]], "missing_branches": []}, "Polynomial.__call__": {"executed_lines": [94, 95, 96, 99], "summary": {"covered_lines": 4, "num_statements": 4, "percent_covered": 100.0, "percent_covered_display": "100", "missing_lines": 0, "excluded_lines": 0, "percent_statements_covered": 100.0, "percent_statements_covered_display": "100", "num_branches": 2, "num_partial_branches": 0, "covered_branches": 2, "missing_branches": 0, "percent_branches_covered": 100.0, "percent_branches_covered_display": "100"}, "missing_lines": [], "excluded_lines": [], "start_line": 85, "executed_branches": [[95, 96], [95, 99]], "missing_branches": []}, "Polynomial.__str__": {"executed_lines": [108, 109, 110, 111, 112, 114, 115, 116, 117, 118, 119, 121, 122, 123, 124, 125], "summary": {"covered_lines": 16, "num_statements": 16, "percent_covered": 100.0, "percent_covered_display": "100", "missing_lines": 0, "excluded_lines": 0, "percent_statements_covered": 100.0, "percent_statements_covered_display": "100", "num_branches": 12, "num_partial_branches": 0, "covered_branches": 12, "missing_branches": 0, "percent_branches_covered": 100.0, "percent_branches_covered_display": "100"}, "missing_lines": [], "excluded_lines": [], "start_line": 101, "executed_branches": [[109, 110], [109, 125], [110, 109], [110, 111], [111, 112], [111, 114], [115, 116], [115, 121], [116, 117], [116, 118], [121, 122], [121, 123]], "missing_branches": []}, "Polynomial.__add__": {"executed_lines": [139, 140, 141, 142, 144, 145, 146, 147, 148, 149, 150], "summary": {"covered_lines": 11, "num_statements": 11, "percent_covered": 100.0, "percent_covered_display": "100", "missing_lines": 0, "excluded_lines": 0, "percent_statements_covered": 100.0, "percent_statements_covered_display": "100", "num_branches": 6, "num_partial_branches": 0, "covered_branches": 6, "missing_branches": 0, "percent_branches_covered": 100.0, "percent_branches_covered_display": "100"}, "missing_lines": [], "excluded_lines": [], "start_line": 127, "executed_branches": [[139, 140], [139, 141], [141, 142], [141, 144], [146, 147], [146, 150]], "missing_branches": []}, "Polynomial.__sub__": {"executed_lines": [164, 165, 166, 167, 169, 170, 171, 172, 173, 174, 175], "summary": {"covered_lines": 11, "num_statements": 11, "percent_covered": 100.0, "percent_covered_display": "100", "missing_lines": 0, "excluded_lines": 0, "percent_statements_covered": 100.0, "percent_statements_covered_display": "100", "num_branches": 6, "num_partial_branches": 0, "covered_branches": 6, "missing_branches": 0, "percent_branches_covered": 100.0, "percent_branches_covered_display": "100"}, "missing_lines": [], "excluded_lines": [], "start_line": 152, "executed_branches": [[164, 165], [164, 166], [166, 167], [166, 169], [171, 172], [171, 175]], "missing_branches": []}, "Polynomial.__mul__": {"executed_lines": [190, 191, 193, 194, 196, 197, 198, 199, 202], "summary": {"covered_lines": 9, "num_statements": 9, "percent_covered": 100.0, "percent_covered_display": "100", "missing_lines": 0, "excluded_lines": 0, "percent_statements_covered": 100.0, "percent_statements_covered_display": "100", "num_branches": 8, "num_partial_branches": 0, "covered_branches": 8, "missing_branches": 0, "percent_branches_covered": 100.0, "percent_branches_covered_display": "100"}, "missing_lines": [], "excluded_lines": [], "start_line": 177, "executed_branches": [[190, 191], [190, 193], [193, 194], [193, 196], [197, 198], [197, 202], [198, 197], [198, 199]], "missing_branches": []}, "PolynomialRing.__init__": {"executed_lines": [218], "summary": {"covered_lines": 1, "num_statements": 1, "percent_covered": 100.0, "percent_covered_display": "100", "missing_lines": 0, "excluded_lines": 0, "percent_statements_covered": 100.0, "percent_statements_covered_display": "100", "num_branches": 0, "num_partial_branches": 0, "covered_branches": 0, "missing_branches": 0, "percent_branches_covered": 100.0, "percent_branches_covered_display": "100"}, "missing_lines": [], "excluded_lines": [], "start_line": 212, "executed_branches": [], "missing_branches": []}, "PolynomialRing.polynomial": {"executed_lines": [229], "summary": {"covered_lines": 1, "num_statements": 1, "percent_covered": 100.0, "percent_covered_display": "100", "missing_lines": 0, "excluded_lines": 0, "percent_statements_covered": 100.0, "percent_statements_covered_display": "100", "num_branches": 0, "num_partial_branches": 0, "covered_branches": 0, "missing_branches": 0, "percent_branches_covered": 100.0, "percent_branches_covered_display": "100"}, "missing_lines": [], "excluded_lines": [], "start_line": 220, "executed_branches": [], "missing_branches": []}, "PolynomialRing.add": {"executed_lines": [240], "summary": {"covered_lines": 1, "num_statements": 1, "percent_covered": 100.0, "percent_covered_display": "100", "missing_lines": 0, "excluded_lines": 0, "percent_statements_covered": 100.0, "percent_statements_covered_display": "100", "num_branches": 0, "num_partial_branches": 0, "covered_branches": 0, "missing_branches": 0, "percent_branches_covered": 100.0, "percent_branches_covered_display": "100"}, "missing_lines": [], "excluded_lines": [], "start_line": 231, "executed_branches": [], "missing_branches": []}, "PolynomialRing.sub": {"executed_lines": [251], "summary": {"covered_lines": 1, "num_statements": 1, "percent_covered": 100.0, "percent_covered_display": "100", "missing_lines": 0, "excluded_lines": 0, "percent_statements_covered": 100.0, "percent_statements_covered_display": "100", "num_branches": 0, "num_partial_branches": 0, "covered_branches": 0, "missing_branches": 0, "percent_branches_covered": 100.0, "percent_branches_covered_display": "100"}, "missing_lines": [], "excluded_lines": [], "start_line": 242, "executed_branches": [], "missing_branches": []}, "PolynomialRing.mul": {"executed_lines": [262], "summary": {"covered_lines": 1, "num_statements": 1, "percent_covered": 100.0, "percent_covered_display": "100", "missing_lines": 0, "excluded_lines": 0, "percent_statements_covered": 100.0, "percent_statements_covered_display": "100", "num_branches": 0, "num_partial_branches": 0, "covered_branches": 0, "missing_branches": 0, "percent_branches_covered": 100.0, "percent_branches_covered_display": "100"}, "missing_lines": [], "excluded_lines": [], "start_line": 253, "executed_branches": [], "missing_branches": []}, "QuotientPolynomial.__init__": {"executed_lines": [284, 285, 286, 287, 288, 289, 290, 291, 293, 294, 296], "summary": {"covered_lines": 11, "num_statements": 11, "percent_covered": 100.0, "percent_covered_display": "100", "missing_lines": 0, "excluded_lines": 0, "percent_statements_covered": 100.0, "percent_statements_covered_display": "100", "num_branches": 8, "num_partial_branches": 0, "covered_branches": 8, "missing_branches": 0, "percent_branches_covered": 100.0, "percent_branches_covered_display": "100"}, "missing_lines": [], "excluded_lines": [], "start_line": 275, "executed_branches": [[284, 285], [284, 286], [286, 287], [286, 288], [288, 289], [288, 290], [290, 291], [290, 293]], "missing_branches": []}, "QuotientPolynomial.__repr__": {"executed_lines": [299], "summary": {"covered_lines": 1, "num_statements": 1, "percent_covered": 100.0, "percent_covered_display": "100", "missing_lines": 0, "excluded_lines": 0, "percent_statements_covered": 100.0, "percent_statements_covered_display": "100", "num_branches": 0, "num_partial_branches": 0, "covered_branches": 0, "missing_branches": 0, "percent_branches_covered": 100.0, "percent_branches_covered_display": "100"}, "missing_lines": [], "excluded_lines": [], "start_line": 298, "executed_branches": [], "missing_branches": []}, "QuotientPolynomial.__eq__": {"executed_lines": [306, 307, 308], "summary": {"covered_lines": 3, "num_statements": 3, "percent_covered": 100.0, "percent_covered_display": "100", "missing_lines": 0, "excluded_lines": 0, "percent_statements_covered": 100.0, "percent_statements_covered_display": "100", "num_branches": 2, "num_partial_branches": 0, "covered_branches": 2, "missing_branches": 0, "percent_branches_covered": 100.0, "percent_branches_covered_display": "100"}, "missing_lines": [], "excluded_lines": [], "start_line": 305, "executed_branches": [[306, 307], [306, 308]], "missing_branches": []}, "QuotientPolynomial.is_zero": {"executed_lines": [315], "summary": {"covered_lines": 1, "num_statements": 1, "percent_covered": 100.0, "percent_covered_display": "100", "missing_lines": 0, "excluded_lines": 0, "percent_statements_covered": 100.0, "percent_statements_covered_display": "100", "num_branches": 0, "num_partial_branches": 0, "covered_branches": 0, "missing_branches": 0, "percent_branches_covered": 100.0, "percent_branches_covered_display": "100"}, "missing_lines": [], "excluded_lines": [], "start_line": 314, "executed_branches": [], "missing_branches": []}, "QuotientPolynomial.copy": {"executed_lines": [318], "summary": {"covered_lines": 1, "num_statements": 1, "percent_covered": 100.0, "percent_covered_display": "100", "missing_lines": 0, "excluded_lines": 0, "percent_statements_covered": 100.0, "percent_statements_covered_display": "100", "num_branches": 0, "num_partial_branches": 0, "covered_branches": 0, "missing_branches": 0, "percent_branches_covered": 100.0, "percent_branches_covered_display": "100"}, "missing_lines": [], "excluded_lines": [], "start_line": 317, "executed_branches": [], "missing_branches": []}, "QuotientPolynomial.to_coefficients": {"executed_lines": [321, 322, 323, 324, 325, 326, 327, 328], "summary": {"covered_lines": 8, "num_statements": 8, "percent_covered": 100.0, "percent_covered_display": "100", "missing_lines": 0, "excluded_lines": 0, "percent_statements_covered": 100.0, "percent_statements_covered_display": "100", "num_branches": 6, "num_partial_branches": 0, "covered_branches": 6, "missing_branches": 0, "percent_branches_covered": 100.0, "percent_branches_covered_display": "100"}, "missing_lines": [], "excluded_lines": [], "start_line": 320, "executed_branches": [[322, 323], [322, 324], [324, 325], [324, 326], [326, 327], [326, 328]], "missing_branches": []}, "QuotientPolynomial._reduce": {"executed_lines": [345, 348, 350, 351, 354, 355, 357, 358, 360, 361, 362, 365, 366, 368], "summary": {"covered_lines": 14, "num_statements": 14, "percent_covered": 100.0, "percent_covered_display": "100", "missing_lines": 0, "excluded_lines": 0, "percent_statements_covered": 100.0, "percent_statements_covered_display": "100", "num_branches": 8, "num_partial_branches": 0, "covered_branches": 8, "missing_branches": 0, "percent_branches_covered": 100.0, "percent_branches_covered_display": "100"}, "missing_lines": [], "excluded_lines": [], "start_line": 330, "executed_branches": [[348, 350], [348, 365], [351, 354], [351, 362], [357, 358], [357, 360], [365, 366], [365, 368]], "missing_branches": []}, "QuotientPolynomial.__str__": {"executed_lines": [377, 378, 379, 380, 381, 383, 384, 385, 386, 387, 388, 390, 391, 392, 393, 394], "summary": {"covered_lines": 16, "num_statements": 16, "percent_covered": 100.0, "percent_covered_display": "100", "missing_lines": 0, "excluded_lines": 0, "percent_statements_covered": 100.0, "percent_statements_covered_display": "100", "num_branches": 12, "num_partial_branches": 0, "covered_branches": 12, "missing_branches": 0, "percent_branches_covered": 100.0, "percent_branches_covered_display": "100"}, "missing_lines": [], "excluded_lines": [], "start_line": 370, "executed_branches": [[378, 379], [378, 394], [379, 378], [379, 380], [380, 381], [380, 383], [384, 385], [384, 390], [385, 386], [385, 387], [390, 391], [390, 392]], "missing_branches": []}, "QuotientPolynomial.__call__": {"executed_lines": [405, 406, 407, 410], "summary": {"covered_lines": 4, "num_statements": 4, "percent_covered": 100.0, "percent_covered_display": "100", "missing_lines": 0, "excluded_lines": 0, "percent_statements_covered": 100.0, "percent_statements_covered_display": "100", "num_branches": 2, "num_partial_branches": 0, "covered_branches": 2, "missing_branches": 0, "percent_branches_covered": 100.0, "percent_branches_covered_display": "100"}, "missing_lines": [], "excluded_lines": [], "start_line": 396, "executed_branches": [[406, 407], [406, 410]], "missing_branches": []}, "QuotientPolynomial.__add__": {"executed_lines": [424, 425, 426, 427, 429, 430, 431, 432, 433, 434, 435], "summary": {"covered_lines": 11, "num_statements": 11, "percent_covered": 100.0, "percent_covered_display": "100", "missing_lines": 0, "excluded_lines": 0, "percent_statements_covered": 100.0, "percent_statements_covered_display": "100", "num_branches": 6, "num_partial_branches": 0, "covered_branches": 6, "missing_branches": 0, "percent_branches_covered": 100.0, "percent_branches_covered_display": "100"}, "missing_lines": [], "excluded_lines": [], "start_line": 412, "executed_branches": [[424, 425], [424, 426], [426, 427], [426, 429], [431, 432], [431, 435]], "missing_branches": []}, "QuotientPolynomial.__sub__": {"executed_lines": [449, 450, 451, 452, 454, 455, 456, 457, 458, 459, 460], "summary": {"covered_lines": 11, "num_statements": 11, "percent_covered": 100.0, "percent_covered_display": "100", "missing_lines": 0, "excluded_lines": 0, "percent_statements_covered": 100.0, "percent_statements_covered_display": "100", "num_branches": 6, "num_partial_branches": 0, "covered_branches": 6, "missing_branches": 0, "percent_branches_covered": 100.0, "percent_branches_covered_display": "100"}, "missing_lines": [], "excluded_lines": [], "start_line": 437, "executed_branches": [[449, 450], [449, 451], [451, 452], [451, 454], [456, 457], [456, 460]], "missing_branches": []}, "QuotientPolynomial.__mul__": {"executed_lines": [475, 476, 478, 479, 482, 483, 484, 485, 486, 487, 488, 490, 493, 494, 495, 496, 501], "summary": {"covered_lines": 17, "num_statements": 17, "percent_covered": 100.0, "percent_covered_display": "100", "missing_lines": 0, "excluded_lines": 0, "percent_statements_covered": 100.0, "percent_statements_covered_display": "100", "num_branches": 10, "num_partial_branches": 0, "covered_branches": 10, "missing_branches": 0, "percent_branches_covered": 100.0, "percent_branches_covered_display": "100"}, "missing_lines": [], "excluded_lines": [], "start_line": 462, "executed_branches": [[475, 476], [475, 478], [478, 479], [478, 482], [482, 483], [482, 493], [494, 495], [494, 501], [495, 494], [495, 496]], "missing_branches": []}, "QuotientPolynomial.inf_norm": {"executed_lines": [519], "summary": {"covered_lines": 1, "num_statements": 1, "percent_covered": 100.0, "percent_covered_display": "100", "missing_lines": 0, "excluded_lines": 0, "percent_statements_covered": 100.0, "percent_statements_covered_display": "100", "num_branches": 0, "num_partial_branches": 0, "covered_branches": 0, "missing_branches": 0, "percent_branches_covered": 100.0, "percent_branches_covered_display": "100"}, "missing_lines": [], "excluded_lines": [], "start_line": 503, "executed_branches": [], "missing_branches": []}, "QuotientPolynomial.is_small": {"executed_lines": [544, 545, 546], "summary": {"covered_lines": 3, "num_statements": 3, "percent_covered": 100.0, "percent_covered_display": "100", "missing_lines": 0, "excluded_lines": 0, "percent_statements_covered": 100.0, "percent_statements_covered_display": "100", "num_branches": 2, "num_partial_branches": 0, "covered_branches": 2, "missing_branches": 0, "percent_branches_covered": 100.0, "percent_branches_covered_display": "100"}, "missing_lines": [], "excluded_lines": [], "start_line": 521, "executed_branches": [[544, 545], [544, 546]], "missing_branches": []}, "QuotientPolynomialRing.__init__": {"executed_lines": [565, 566, 567, 568, 569, 570, 572, 573], "summary": {"covered_lines": 8, "num_statements": 8, "percent_covered": 100.0, "percent_covered_display": "100", "missing_lines": 0, "excluded_lines": 0, "percent_statements_covered": 100.0, "percent_statements_covered_display": "100", "num_branches": 6, "num_partial_branches": 0, "covered_branches": 6, "missing_branches": 0, "percent_branches_covered": 100.0, "percent_branches_covered_display": "100"}, "missing_lines": [], "excluded_lines": [], "start_line": 557, "executed_branches": [[565, 566], [565, 567], [567, 568], [567, 569], [569, 570], [569, 572]], "missing_branches": []}, "QuotientPolynomialRing.polynomial": {"executed_lines": [584], "summary": {"covered_lines": 1, "num_statements": 1, "percent_covered": 100.0, "percent_covered_display": "100", "missing_lines": 0, "excluded_lines": 0, "percent_statements_covered": 100.0, "percent_statements_covered_display": "100", "num_branches": 0, "num_partial_branches": 0, "covered_branches": 0, "missing_branches": 0, "percent_branches_covered": 100.0, "percent_branches_covered_display": "100"}, "missing_lines": [], "excluded_lines": [], "start_line": 575, "executed_branches": [], "missing_branches": []}, "QuotientPolynomialRing.add": {"executed_lines": [595], "summary": {"covered_lines": 1, "num_statements": 1, "percent_covered": 100.0, "percent_covered_display": "100", "missing_lines": 0, "excluded_lines": 0, "percent_statements_covered": 100.0, "percent_statements_covered_display": "100", "num_branches": 0, "num_partial_branches": 0, "covered_branches": 0, "missing_branches": 0, "percent_branches_covered": 100.0, "percent_branches_covered_display": "100"}, "missing_lines": [], "excluded_lines": [], "start_line": 586, "executed_branches": [], "missing_branches": []}, "QuotientPolynomialRing.sub": {"executed_lines": [606], "summary": {"covered_lines": 1, "num_statements": 1, "percent_covered": 100.0, "percent_covered_display": "100", "missing_lines": 0, "excluded_lines": 0, "percent_statements_covered": 100.0, "percent_statements_covered_display": "100", "num_branches": 0, "num_partial_branches": 0, "covered_branches": 0, "missing_branches": 0, "percent_branches_covered": 100.0, "percent_branches_covered_display": "100"}, "missing_lines": [], "excluded_lines": [], "start_line": 597, "executed_branches": [], "missing_branches": []}, "QuotientPolynomialRing.mul": {"executed_lines": [617], "summary": {"covered_lines": 1, "num_statements": 1, "percent_covered": 100.0, "percent_covered_display": "100", "missing_lines": 0, "excluded_lines": 0, "percent_statements_covered": 100.0, "percent_statements_covered_display": "100", "num_branches": 0, "num_partial_branches": 0, "covered_branches": 0, "missing_branches": 0, "percent_branches_covered": 100.0, "percent_branches_covered_display": "100"}, "missing_lines": [], "excluded_lines": [], "start_line": 608, "executed_branches": [], "missing_branches": []}, "QuotientPolynomialRing.zero": {"executed_lines": [625], "summary": {"covered_lines": 1, "num_statements": 1, "percent_covered": 100.0, "percent_covered_display": "100", "missing_lines": 0, "excluded_lines": 0, "percent_statements_covered": 100.0, "percent_statements_covered_display": "100", "num_branches": 0, "num_partial_branches": 0, "covered_branches": 0, "missing_branches": 0, "percent_branches_covered": 100.0, "percent_branches_covered_display": "100"}, "missing_lines": [], "excluded_lines": [], "start_line": 619, "executed_branches": [], "missing_branches": []}, "QuotientPolynomialRing.one": {"executed_lines": [633], "summary": {"covered_lines": 1, "num_statements": 1, "percent_covered": 100.0, "percent_covered_display": "100", "missing_lines": 0, "excluded_lines": 0, "percent_statements_covered": 100.0, "percent_statements_covered_display": "100", "num_branches": 0, "num_partial_branches": 0, "covered_branches": 0, "missing_branches": 0, "percent_branches_covered": 100.0, "percent_branches_covered_display": "100"}, "missing_lines": [], "excluded_lines": [], "start_line": 627, "executed_branches": [], "missing_branches": []}, "": {"executed_lines": [21, 22, 25, 33, 56, 61, 69, 72, 75, 85, 101, 127, 152, 177, 205, 212, 220, 231, 242, 253, 265, 275, 298, 305, 314, 317, 320, 330, 370, 396, 412, 437, 462, 503, 521, 549, 557, 575, 586, 597, 608, 619, 627], "summary": {"covered_lines": 43, "num_statements": 43, "percent_covered": 100.0, "percent_covered_display": "100", "missing_lines": 0, "excluded_lines": 0, "percent_statements_covered": 100.0, "percent_statements_covered_display": "100", "num_branches": 0, "num_partial_branches": 0, "covered_branches": 0, "missing_branches": 0, "percent_branches_covered": 100.0, "percent_branches_covered_display": "100"}, "missing_lines": [], "excluded_lines": [], "start_line": 1, "executed_branches": [], "missing_branches": []}}, "classes": {"Polynomial": {"executed_lines": [42, 43, 44, 45, 47, 49, 50, 51, 53, 54, 57, 62, 63, 64, 70, 73, 76, 77, 78, 79, 80, 81, 82, 83, 94, 95, 96, 99, 108, 109, 110, 111, 112, 114, 115, 116, 117, 118, 119, 121, 122, 123, 124, 125, 139, 140, 141, 142, 144, 145, 146, 147, 148, 149, 150, 164, 165, 166, 167, 169, 170, 171, 172, 173, 174, 175, 190, 191, 193, 194, 196, 197, 198, 199, 202], "summary": {"covered_lines": 75, "num_statements": 75, "percent_covered": 100.0, "percent_covered_display": "100", "missing_lines": 0, "excluded_lines": 0, "percent_statements_covered": 100.0, "percent_statements_covered_display": "100", "num_branches": 50, "num_partial_branches": 0, "covered_branches": 50, "missing_branches": 0, "percent_branches_covered": 100.0, "percent_branches_covered_display": "100"}, "missing_lines": [], "excluded_lines": [], "start_line": 25, "executed_branches": [[42, 43], [42, 44], [44, 45], [44, 47], [50, 51], [50, 53], [53, -33], [53, 54], [62, 63], [62, 64], [77, 78], [77, 79], [79, 80], [79, 81], [81, 82], [81, 83], [95, 96], [95, 99], [109, 110], [109, 125], [110, 109], [110, 111], [111, 112], [111, 114], [115, 116], [115, 121], [116, 117], [116, 118], [121, 122], [121, 123], [139, 140], [139, 141], [141, 142], [141, 144], [146, 147], [146, 150], [164, 165], [164, 166], [166, 167], [166, 169], [171, 172], [171, 175], [190, 191], [190, 193], [193, 194], [193, 196], [197, 198], [197, 202], [198, 197], [198, 199]], "missing_branches": []}, "PolynomialRing": {"executed_lines": [218, 229, 240, 251, 262], "summary": {"covered_lines": 5, "num_statements": 5, "percent_covered": 100.0, "percent_covered_display": "100", "missing_lines": 0, "excluded_lines": 0, "percent_statements_covered": 100.0, "percent_statements_covered_display": "100", "num_branches": 0, "num_partial_branches": 0, "covered_branches": 0, "missing_branches": 0, "percent_branches_covered": 100.0, "percent_branches_covered_display": "100"}, "missing_lines": [], "excluded_lines": [], "start_line": 205, "executed_branches": [], "missing_branches": []}, "QuotientPolynomial": {"executed_lines": [284, 285, 286, 287, 288, 289, 290, 291, 293, 294, 296, 299, 306, 307, 308, 315, 318, 321, 322, 323, 324, 325, 326, 327, 328, 345, 348, 350, 351, 354, 355, 357, 358, 360, 361, 362, 365, 366, 368, 377, 378, 379, 380, 381, 383, 384, 385, 386, 387, 388, 390, 391, 392, 393, 394, 405, 406, 407, 410, 424, 425, 426, 427, 429, 430, 431, 432, 433, 434, 435, 449, 450, 451, 452, 454, 455, 456, 457, 458, 459, 460, 475, 476, 478, 479, 482, 483, 484, 485, 486, 487, 488, 490, 493, 494, 495, 496, 501, 519, 544, 545, 546], "summary": {"covered_lines": 102, "num_statements": 102, "percent_covered": 100.0, "percent_covered_display": "100", "missing_lines": 0, "excluded_lines": 0, "percent_statements_covered": 100.0, "percent_statements_covered_display": "100", "num_branches": 62, "num_partial_branches": 0, "covered_branches": 62, "missing_branches": 0, "percent_branches_covered": 100.0, "percent_branches_covered_display": "100"}, "missing_lines": [], "excluded_lines": [], "start_line": 265, "executed_branches": [[284, 285], [284, 286], [286, 287], [286, 288], [288, 289], [288, 290], [290, 291], [290, 293], [306, 307], [306, 308], [322, 323], [322, 324], [324, 325], [324, 326], [326, 327], [326, 328], [348, 350], [348, 365], [351, 354], [351, 362], [357, 358], [357, 360], [365, 366], [365, 368], [378, 379], [378, 394], [379, 378], [379, 380], [380, 381], [380, 383], [384, 385], [384, 390], [385, 386], [385, 387], [390, 391], [390, 392], [406, 407], [406, 410], [424, 425], [424, 426], [426, 427], [426, 429], [431, 432], [431, 435], [449, 450], [449, 451], [451, 452], [451, 454], [456, 457], [456, 460], [475, 476], [475, 478], [478, 479], [478, 482], [482, 483], [482, 493], [494, 495], [494, 501], [495, 494], [495, 496], [544, 545], [544, 546]], "missing_branches": []}, "QuotientPolynomialRing": {"executed_lines": [565, 566, 567, 568, 569, 570, 572, 573, 584, 595, 606, 617, 625, 633], "summary": {"covered_lines": 14, "num_statements": 14, "percent_covered": 100.0, "percent_covered_display": "100", "missing_lines": 0, "excluded_lines": 0, "percent_statements_covered": 100.0, "percent_statements_covered_display": "100", "num_branches": 6, "num_partial_branches": 0, "covered_branches": 6, "missing_branches": 0, "percent_branches_covered": 100.0, "percent_branches_covered_display": "100"}, "missing_lines": [], "excluded_lines": [], "start_line": 549, "executed_branches": [[565, 566], [565, 567], [567, 568], [567, 569], [569, 570], [569, 572]], "missing_branches": []}, "": {"executed_lines": [21, 22, 25, 33, 56, 61, 69, 72, 75, 85, 101, 127, 152, 177, 205, 212, 220, 231, 242, 253, 265, 275, 298, 305, 314, 317, 320, 330, 370, 396, 412, 437, 462, 503, 521, 549, 557, 575, 586, 597, 608, 619, 627], "summary": {"covered_lines": 43, "num_statements": 43, "percent_covered": 100.0, "percent_covered_display": "100", "missing_lines": 0, "excluded_lines": 0, "percent_statements_covered": 100.0, "percent_statements_covered_display": "100", "num_branches": 0, "num_partial_branches": 0, "covered_branches": 0, "missing_branches": 0, "percent_branches_covered": 100.0, "percent_branches_covered_display": "100"}, "missing_lines": [], "excluded_lines": [], "start_line": 1, "executed_branches": [], "missing_branches": []}}}, "src/core/sampling.py": {"executed_lines": [7, 8, 9, 10, 12, 13, 16, 19, 21, 24, 26, 27, 29, 30, 33, 39, 40, 41, 42, 43, 46, 58, 59, 60, 61, 62, 63, 64, 65, 66, 67, 69, 70, 72, 74, 75, 77, 80, 91, 92, 94, 95, 96, 97, 98, 100, 101, 102, 103, 104, 106, 115, 119, 120, 121, 122, 124, 125, 128, 132, 133, 134, 135, 137, 138, 141, 150, 151, 152, 153, 155, 156, 157, 158, 159, 160, 161, 164, 168, 171, 174, 189, 190, 192, 193, 196, 197, 199, 201, 204, 208, 209, 211, 215, 218, 225, 226, 228, 232, 235, 242, 243, 245, 251, 260, 261, 263], "summary": {"covered_lines": 107, "num_statements": 107, "percent_covered": 100.0, "percent_covered_display": "100", "missing_lines": 0, "excluded_lines": 0, "percent_statements_covered": 100.0, "percent_statements_covered_display": "100", "num_branches": 54, "num_partial_branches": 0, "covered_branches": 54, "missing_branches": 0, "percent_branches_covered": 100.0, "percent_branches_covered_display": "100"}, "missing_lines": [], "excluded_lines": [], "executed_branches": [[26, 27], [26, 29], [39, 40], [39, 41], [41, 42], [41, 43], [58, 59], [58, 60], [60, 61], [60, 62], [62, 63], [62, 64], [64, 65], [64, 66], [66, 67], [66, 69], [69, 70], [69, 72], [74, 75], [74, 77], [91, 92], [91, 94], [94, 95], [94, 96], [96, 97], [96, 98], [119, 120], [119, 121], [121, 122], [121, 124], [132, 133], [132, 134], [134, 135], [134, 137], [150, 151], [150, 152], [152, 153], [152, 155], [157, 158], [157, 161], [189, 190], [189, 192], [192, 193], [192, 196], [196, 197], [196, 199], [208, 209], [208, 211], [225, 226], [225, 228], [242, 243], [242, 245], [260, 261], [260, 263]], "missing_branches": [], "functions": {"_resolve_rng": {"executed_lines": [21], "summary": {"covered_lines": 1, "num_statements": 1, "percent_covered": 100.0, "percent_covered_display": "100", "missing_lines": 0, "excluded_lines": 0, "percent_statements_covered": 100.0, "percent_statements_covered_display": "100", "num_branches": 0, "num_partial_branches": 0, "covered_branches": 0, "missing_branches": 0, "percent_branches_covered": 100.0, "percent_branches_covered_display": "100"}, "missing_lines": [], "excluded_lines": [], "start_line": 19, "executed_branches": [], "missing_branches": []}, "make_deterministic_rng": {"executed_lines": [26, 27, 29, 30], "summary": {"covered_lines": 4, "num_statements": 4, "percent_covered": 100.0, "percent_covered_display": "100", "missing_lines": 0, "excluded_lines": 0, "percent_statements_covered": 100.0, "percent_statements_covered_display": "100", "num_branches": 2, "num_partial_branches": 0, "covered_branches": 2, "missing_branches": 0, "percent_branches_covered": 100.0, "percent_branches_covered_display": "100"}, "missing_lines": [], "excluded_lines": [], "start_line": 24, "executed_branches": [[26, 27], [26, 29]], "missing_branches": []}, "random_seed": {"executed_lines": [39, 40, 41, 42, 43], "summary": {"covered_lines": 5, "num_statements": 5, "percent_covered": 100.0, "percent_covered_display": "100", "missing_lines": 0, "excluded_lines": 0, "percent_statements_covered": 100.0, "percent_statements_covered_display": "100", "num_branches": 4, "num_partial_branches": 0, "covered_branches": 4, "missing_branches": 0, "percent_branches_covered": 100.0, "percent_branches_covered_display": "100"}, "missing_lines": [], "excluded_lines": [], "start_line": 33, "executed_branches": [[39, 40], [39, 41], [41, 42], [41, 43]], "missing_branches": []}, "derive_seed": {"executed_lines": [58, 59, 60, 61, 62, 63, 64, 65, 66, 67, 69, 70, 72, 74, 75, 77], "summary": {"covered_lines": 16, "num_statements": 16, "percent_covered": 100.0, "percent_covered_display": "100", "missing_lines": 0, "excluded_lines": 0, "percent_statements_covered": 100.0, "percent_statements_covered_display": "100", "num_branches": 14, "num_partial_branches": 0, "covered_branches": 14, "missing_branches": 0, "percent_branches_covered": 100.0, "percent_branches_covered_display": "100"}, "missing_lines": [], "excluded_lines": [], "start_line": 46, "executed_branches": [[58, 59], [58, 60], [60, 61], [60, 62], [62, 63], [62, 64], [64, 65], [64, 66], [66, 67], [66, 69], [69, 70], [69, 72], [74, 75], [74, 77]], "missing_branches": []}, "generate_mlkem_keygen_seeds": {"executed_lines": [91, 92, 94, 95, 96, 97, 98, 100, 101, 102, 103, 104, 106], "summary": {"covered_lines": 13, "num_statements": 13, "percent_covered": 100.0, "percent_covered_display": "100", "missing_lines": 0, "excluded_lines": 0, "percent_statements_covered": 100.0, "percent_statements_covered_display": "100", "num_branches": 6, "num_partial_branches": 0, "covered_branches": 6, "missing_branches": 0, "percent_branches_covered": 100.0, "percent_branches_covered_display": "100"}, "missing_lines": [], "excluded_lines": [], "start_line": 80, "executed_branches": [[91, 92], [91, 94], [94, 95], [94, 96], [96, 97], [96, 98]], "missing_branches": []}, "sample_uniform_coefficients": {"executed_lines": [119, 120, 121, 122, 124, 125], "summary": {"covered_lines": 6, "num_statements": 6, "percent_covered": 100.0, "percent_covered_display": "100", "missing_lines": 0, "excluded_lines": 0, "percent_statements_covered": 100.0, "percent_statements_covered_display": "100", "num_branches": 4, "num_partial_branches": 0, "covered_branches": 4, "missing_branches": 0, "percent_branches_covered": 100.0, "percent_branches_covered_display": "100"}, "missing_lines": [], "excluded_lines": [], "start_line": 115, "executed_branches": [[119, 120], [119, 121], [121, 122], [121, 124]], "missing_branches": []}, "sample_small_coefficients": {"executed_lines": [132, 133, 134, 135, 137, 138], "summary": {"covered_lines": 6, "num_statements": 6, "percent_covered": 100.0, "percent_covered_display": "100", "missing_lines": 0, "excluded_lines": 0, "percent_statements_covered": 100.0, "percent_statements_covered_display": "100", "num_branches": 4, "num_partial_branches": 0, "covered_branches": 4, "missing_branches": 0, "percent_branches_covered": 100.0, "percent_branches_covered_display": "100"}, "missing_lines": [], "excluded_lines": [], "start_line": 128, "executed_branches": [[132, 133], [132, 134], [134, 135], [134, 137]], "missing_branches": []}, "sample_centered_binomial_coefficients": {"executed_lines": [150, 151, 152, 153, 155, 156, 157, 158, 159, 160, 161], "summary": {"covered_lines": 11, "num_statements": 11, "percent_covered": 100.0, "percent_covered_display": "100", "missing_lines": 0, "excluded_lines": 0, "percent_statements_covered": 100.0, "percent_statements_covered_display": "100", "num_branches": 6, "num_partial_branches": 0, "covered_branches": 6, "missing_branches": 0, "percent_branches_covered": 100.0, "percent_branches_covered_display": "100"}, "missing_lines": [], "excluded_lines": [], "start_line": 141, "executed_branches": [[150, 151], [150, 152], [152, 153], [152, 155], [157, 158], [157, 161]], "missing_branches": []}, "sample_uniform_polynomial": {"executed_lines": [168, 171], "summary": {"covered_lines": 2, "num_statements": 2, "percent_covered": 100.0, "percent_covered_display": "100", "missing_lines": 0, "excluded_lines": 0, "percent_statements_covered": 100.0, "percent_statements_covered_display": "100", "num_branches": 0, "num_partial_branches": 0, "covered_branches": 0, "missing_branches": 0, "percent_branches_covered": 100.0, "percent_branches_covered_display": "100"}, "missing_lines": [], "excluded_lines": [], "start_line": 164, "executed_branches": [], "missing_branches": []}, "sample_small_polynomial": {"executed_lines": [189, 190, 192, 193, 196, 197, 199, 201], "summary": {"covered_lines": 8, "num_statements": 8, "percent_covered": 100.0, "percent_covered_display": "100", "missing_lines": 0, "excluded_lines": 0, "percent_statements_covered": 100.0, "percent_statements_covered_display": "100", "num_branches": 6, "num_partial_branches": 0, "covered_branches": 6, "missing_branches": 0, "percent_branches_covered": 100.0, "percent_branches_covered_display": "100"}, "missing_lines": [], "excluded_lines": [], "start_line": 174, "executed_branches": [[189, 190], [189, 192], [192, 193], [192, 196], [196, 197], [196, 199]], "missing_branches": []}, "sample_uniform_vector": {"executed_lines": [208, 209, 211, 215], "summary": {"covered_lines": 4, "num_statements": 4, "percent_covered": 100.0, "percent_covered_display": "100", "missing_lines": 0, "excluded_lines": 0, "percent_statements_covered": 100.0, "percent_statements_covered_display": "100", "num_branches": 2, "num_partial_branches": 0, "covered_branches": 2, "missing_branches": 0, "percent_branches_covered": 100.0, "percent_branches_covered_display": "100"}, "missing_lines": [], "excluded_lines": [], "start_line": 204, "executed_branches": [[208, 209], [208, 211]], "missing_branches": []}, "sample_small_vector": {"executed_lines": [225, 226, 228, 232], "summary": {"covered_lines": 4, "num_statements": 4, "percent_covered": 100.0, "percent_covered_display": "100", "missing_lines": 0, "excluded_lines": 0, "percent_statements_covered": 100.0, "percent_statements_covered_display": "100", "num_branches": 2, "num_partial_branches": 0, "covered_branches": 2, "missing_branches": 0, "percent_branches_covered": 100.0, "percent_branches_covered_display": "100"}, "missing_lines": [], "excluded_lines": [], "start_line": 218, "executed_branches": [[225, 226], [225, 228]], "missing_branches": []}, "sample_uniform_matrix": {"executed_lines": [242, 243, 245], "summary": {"covered_lines": 3, "num_statements": 3, "percent_covered": 100.0, "percent_covered_display": "100", "missing_lines": 0, "excluded_lines": 0, "percent_statements_covered": 100.0, "percent_statements_covered_display": "100", "num_branches": 2, "num_partial_branches":
[...]
_branches": [[58, 59], [58, 60], [60, 61], [60, 63], [64, 65], [64, 66], [66, 67], [66, 69], [69, 70], [69, 71], [71, 72], [71, 74], [75, 76], [75, 77], [77, 78], [77, 80]], "missing_branches": []}, "compress_module_element": {"executed_lines": [87, 88, 89, 91, 92, 93, 94, 96], "summary": {"covered_lines": 8, "num_statements": 8, "percent_covered": 100.0, "percent_covered_display": "100", "missing_lines": 0, "excluded_lines": 0, "percent_statements_covered": 100.0, "percent_statements_covered_display": "100", "num_branches": 2, "num_partial_branches": 0, "covered_branches": 2, "missing_branches": 0, "percent_branches_covered": 100.0, "percent_branches_covered_display": "100"}, "missing_lines": [], "excluded_lines": [], "start_line": 85, "executed_branches": [[92, 93], [92, 96]], "missing_branches": []}, "decompress_module_element": {"executed_lines": [113, 114, 115, 116, 118, 119, 120, 121, 122, 124, 125, 126, 127, 128, 129, 130, 132, 133, 134, 135, 136, 138, 139, 140, 141, 144, 145, 146, 153], "summary": {"covered_lines": 29, "num_statements": 29, "percent_covered": 100.0, "percent_covered_display": "100", "missing_lines": 0, "excluded_lines": 0, "percent_statements_covered": 100.0, "percent_statements_covered_display": "100", "num_branches": 24, "num_partial_branches": 0, "covered_branches": 24, "missing_branches": 0, "percent_branches_covered": 100.0, "percent_branches_covered_display": "100"}, "missing_lines": [], "excluded_lines": [], "start_line": 107, "executed_branches": [[113, 114], [113, 115], [115, 116], [115, 118], [119, 120], [119, 121], [121, 122], [121, 124], [125, 126], [125, 127], [127, 128], [127, 129], [129, 130], [129, 132], [133, 134], [133, 135], [135, 136], [135, 138], [139, 140], [139, 153], [140, 141], [140, 144], [144, 145], [144, 146]], "missing_branches": []}, "resolve_params": {"executed_lines": [185], "summary": {"covered_lines": 1, "num_statements": 1, "percent_covered": 100.0, "percent_covered_display": "100", "missing_lines": 0, "excluded_lines": 0, "percent_statements_covered": 100.0, "percent_statements_covered_display": "100", "num_branches": 0, "num_partial_branches": 0, "covered_branches": 0, "missing_branches": 0, "percent_branches_covered": 100.0, "percent_branches_covered_display": "100"}, "missing_lines": [], "excluded_lines": [], "start_line": 156, "executed_branches": [], "missing_branches": []}, "validate_params": {"executed_lines": [217, 218, 219, 220], "summary": {"covered_lines": 4, "num_statements": 4, "percent_covered": 100.0, "percent_covered_display": "100", "missing_lines": 0, "excluded_lines": 0, "percent_statements_covered": 100.0, "percent_statements_covered_display": "100", "num_branches": 2, "num_partial_branches": 0, "covered_branches": 2, "missing_branches": 0, "percent_branches_covered": 100.0, "percent_branches_covered_display": "100"}, "missing_lines": [], "excluded_lines": [], "start_line": 198, "executed_branches": [[218, -198], [218, 219]], "missing_branches": []}, "message_to_poly": {"executed_lines": [264, 265, 266, 267, 269, 270, 271, 274, 275, 276, 277, 280, 281, 283], "summary": {"covered_lines": 14, "num_statements": 14, "percent_covered": 100.0, "percent_covered_display": "100", "missing_lines": 0, "excluded_lines": 0, "percent_statements_covered": 100.0, "percent_statements_covered_display": "100", "num_branches": 10, "num_partial_branches": 0, "covered_branches": 10, "missing_branches": 0, "percent_branches_covered": 100.0, "percent_branches_covered_display": "100"}, "missing_lines": [], "excluded_lines": [], "start_line": 223, "executed_branches": [[264, 265], [264, 266], [266, 267], [266, 269], [275, 276], [275, 280], [276, 275], [276, 277], [280, 281], [280, 283]], "missing_branches": []}, "cyclic_distance": {"executed_lines": [320, 322], "summary": {"covered_lines": 2, "num_statements": 2, "percent_covered": 100.0, "percent_covered_display": "100", "missing_lines": 0, "excluded_lines": 0, "percent_statements_covered": 100.0, "percent_statements_covered_display": "100", "num_branches": 0, "num_partial_branches": 0, "covered_branches": 0, "missing_branches": 0, "percent_branches_covered": 100.0, "percent_branches_covered_display": "100"}, "missing_lines": [], "excluded_lines": [], "start_line": 286, "executed_branches": [], "missing_branches": []}, "poly_to_message": {"executed_lines": [359, 360, 362, 365, 366, 367, 369, 370, 372, 375, 376, 377, 378], "summary": {"covered_lines": 13, "num_statements": 13, "percent_covered": 100.0, "percent_covered_display": "100", "missing_lines": 0, "excluded_lines": 0, "percent_statements_covered": 100.0, "percent_statements_covered_display": "100", "num_branches": 4, "num_partial_branches": 0, "covered_branches": 4, "missing_branches": 0, "percent_branches_covered": 100.0, "percent_branches_covered_display": "100"}, "missing_lines": [], "excluded_lines": [], "start_line": 325, "executed_branches": [[366, 367], [366, 375], [376, 377], [376, 378]], "missing_branches": []}, "": {"executed_lines": [8, 9, 10, 11, 14, 15, 18, 29, 37, 52, 85, 107, 156, 198, 223, 286, 325, 381], "summary": {"covered_lines": 18, "num_statements": 18, "percent_covered": 100.0, "percent_covered_display": "100", "missing_lines": 0, "excluded_lines": 0, "percent_statements_covered": 100.0, "percent_statements_covered_display": "100", "num_branches": 0, "num_partial_branches": 0, "covered_branches": 0, "missing_branches": 0, "percent_branches_covered": 100.0, "percent_branches_covered_display": "100"}, "missing_lines": [], "excluded_lines": [], "start_line": 1, "executed_branches": [], "missing_branches": []}}, "classes": {"": {"executed_lines": [8, 9, 10, 11, 14, 15, 18, 23, 24, 25, 26, 29, 31, 32, 33, 34, 37, 39, 40, 41, 42, 52, 58, 59, 60, 61, 63, 64, 65, 66, 67, 69, 70, 71, 72, 74, 75, 76, 77, 78, 80, 85, 87, 88, 89, 91, 92, 93, 94, 96, 107, 113, 114, 115, 116, 118, 119, 120, 121, 122, 124, 125, 126, 127, 128, 129, 130, 132, 133, 134, 135, 136, 138, 139, 140, 141, 144, 145, 146, 153, 156, 185, 198, 217, 218, 219, 220, 223, 264, 265, 266, 267, 269, 270, 271, 274, 275, 276, 277, 280, 281, 283, 286, 320, 322, 325, 359, 360, 362, 365, 366, 367, 369, 370, 372, 375, 376, 377, 378, 381], "summary": {"covered_lines": 120, "num_statements": 120, "percent_covered": 100.0, "percent_covered_display": "100", "missing_lines": 0, "excluded_lines": 0, "percent_statements_covered": 100.0, "percent_statements_covered_display": "100", "num_branches": 62, "num_partial_branches": 0, "covered_branches": 62, "missing_branches": 0, "percent_branches_covered": 100.0, "percent_branches_covered_display": "100"}, "missing_lines": [], "excluded_lines": [], "start_line": 1, "executed_branches": [[23, 24], [23, 25], [31, 32], [31, 33], [58, 59], [58, 60], [60, 61], [60, 63], [64, 65], [64, 66], [66, 67], [66, 69], [69, 70], [69, 71], [71, 72], [71, 74], [75, 76], [75, 77], [77, 78], [77, 80], [92, 93], [92, 96], [113, 114], [113, 115], [115, 116], [115, 118], [119, 120], [119, 121], [121, 122], [121, 124], [125, 126], [125, 127], [127, 128], [127, 129], [129, 130], [129, 132], [133, 134], [133, 135], [135, 136], [135, 138], [139, 140], [139, 153], [140, 141], [140, 144], [144, 145], [144, 146], [218, -198], [218, 219], [264, 265], [264, 266], [266, 267], [266, 269], [275, 276], [275, 280], [276, 275], [276, 277], [280, 281], [280, 283], [366, 367], [366, 375], [376, 377], [376, 378]], "missing_branches": []}}}, "src/schemes/ml_kem/vectors.py": {"executed_lines": [7, 9, 10, 13, 15, 16, 18, 19, 20, 21, 22, 24, 25, 27, 28, 29, 30, 31, 32, 34, 37, 51, 52, 54, 56, 57, 58, 59, 60, 61, 63, 66, 80, 81, 82, 83, 84, 85, 86, 87, 88, 91, 92, 93, 95, 96, 97, 99, 100, 101, 102, 103, 111, 112, 113, 116], "summary": {"covered_lines": 56, "num_statements": 56, "percent_covered": 100.0, "percent_covered_display": "100", "missing_lines": 0, "excluded_lines": 0, "percent_statements_covered": 100.0, "percent_statements_covered_display": "100", "num_branches": 28, "num_partial_branches": 0, "covered_branches": 28, "missing_branches": 0, "percent_branches_covered": 100.0, "percent_branches_covered_display": "100"}, "missing_lines": [], "excluded_lines": [], "executed_branches": [[18, 19], [18, 34], [27, 28], [27, 31], [29, 30], [29, 31], [31, 18], [31, 32], [51, 52], [51, 54], [58, 59], [58, 63], [80, 81], [80, 82], [82, 83], [82, 84], [84, 85], [84, 86], [86, 87], [86, 88], [88, 91], [88, 92], [92, 93], [92, 95], [100, 101], [100, 113], [102, 103], [102, 112]], "missing_branches": [], "functions": {"_rej_uniform_from_bytes": {"executed_lines": [15, 16, 18, 19, 20, 21, 22, 24, 25, 27, 28, 29, 30, 31, 32, 34], "summary": {"covered_lines": 16, "num_statements": 16, "percent_covered": 100.0, "percent_covered_display": "100", "missing_lines": 0, "excluded_lines": 0, "percent_statements_covered": 100.0, "percent_statements_covered_display": "100", "num_branches": 8, "num_partial_branches": 0, "covered_branches": 8, "missing_branches": 0, "percent_branches_covered": 100.0, "percent_branches_covered_display": "100"}, "missing_lines": [], "excluded_lines": [], "start_line": 13, "executed_branches": [[18, 19], [18, 34], [27, 28], [27, 31], [29, 30], [29, 31], [31, 18], [31, 32]], "missing_branches": []}, "_sample_uniform_poly_from_xof": {"executed_lines": [51, 52, 54, 56, 57, 58, 59, 60, 61, 63], "summary": {"covered_lines": 10, "num_statements": 10, "percent_covered": 100.0, "percent_covered_display": "100", "missing_lines": 0, "excluded_lines": 0, "percent_statements_covered": 100.0, "percent_statements_covered_display": "100", "num_branches": 4, "num_partial_branches": 0, "covered_branches": 4, "missing_branches": 0, "percent_branches_covered": 100.0, "percent_branches_covered_display": "100"}, "missing_lines": [], "excluded_lines": [], "start_line": 37, "executed_branches": [[51, 52], [51, 54], [58, 59], [58, 63]], "missing_branches": []}, "expand_matrix_a": {"executed_lines": [80, 81, 82, 83, 84, 85, 86, 87, 88, 91, 92, 93, 95, 96, 97, 99, 100, 101, 102, 103, 111, 112, 113], "summary": {"covered_lines": 23, "num_statements": 23, "percent_covered": 100.0, "percent_covered_display": "100", "missing_lines": 0, "excluded_lines": 0, "percent_statements_covered": 100.0, "percent_statements_covered_display": "100", "num_branches": 16, "num_partial_branches": 0, "covered_branches": 16, "missing_branches": 0, "percent_branches_covered": 100.0, "percent_branches_covered_display": "100"}, "missing_lines": [], "excluded_lines": [], "start_line": 66, "executed_branches": [[80, 81], [80, 82], [82, 83], [82, 84], [84, 85], [84, 86], [86, 87], [86, 88], [88, 91], [88, 92], [92, 93], [92, 95], [100, 101], [100, 113], [102, 103], [102, 112]], "missing_branches": []}, "": {"executed_lines": [7, 9, 10, 13, 37, 66, 116], "summary": {"covered_lines": 7, "num_statements": 7, "percent_covered": 100.0, "percent_covered_display": "100", "missing_lines": 0, "excluded_lines": 0, "percent_statements_covered": 100.0, "percent_statements_covered_display": "100", "num_branches": 0, "num_partial_branches": 0, "covered_branches": 0, "missing_branches": 0, "percent_branches_covered": 100.0, "percent_branches_covered_display": "100"}, "missing_lines": [], "excluded_lines": [], "start_line": 1, "executed_branches": [], "missing_branches": []}}, "classes": {"": {"executed_lines": [7, 9, 10, 13, 15, 16, 18, 19, 20, 21, 22, 24, 25, 27, 28, 29, 30, 31, 32, 34, 37, 51, 52, 54, 56, 57, 58, 59, 60, 61, 63, 66, 80, 81, 82, 83, 84, 85, 86, 87, 88, 91, 92, 93, 95, 96, 97, 99, 100, 101, 102, 103, 111, 112, 113, 116], "summary": {"covered_lines": 56, "num_statements": 56, "percent_covered": 100.0, "percent_covered_display": "100", "missing_lines": 0, "excluded_lines": 0, "percent_statements_covered": 100.0, "percent_statements_covered_display": "100", "num_branches": 28, "num_partial_branches": 0, "covered_branches": 28, "missing_branches": 0, "percent_branches_covered": 100.0, "percent_branches_covered_display": "100"}, "missing_lines": [], "excluded_lines": [], "start_line": 1, "executed_branches": [[18, 19], [18, 34], [27, 28], [27, 31], [29, 30], [29, 31], [31, 18], [31, 32], [51, 52], [51, 54], [58, 59], [58, 63], [80, 81], [80, 82], [82, 83], [82, 84], [84, 85], [84, 86], [86, 87], [86, 88], [88, 91], [88, 92], [92, 93], [92, 95], [100, 101], [100, 113], [102, 103], [102, 112]], "missing_branches": []}}}, "src/schemes/utils.py": {"executed_lines": [3, 5, 8, 10, 11, 12, 13, 15, 17, 18, 20, 23, 32, 33, 34, 35, 36, 37, 38, 39, 40, 42, 44, 46, 47, 48, 50, 53, 59, 64, 70, 76, 86, 87, 88, 89, 90, 91, 93, 94, 95, 96, 97, 99, 100, 101, 102, 103, 104, 105, 107, 108, 109, 110, 112, 115, 121, 122, 123, 124, 125, 126, 128, 129, 130, 131, 134], "summary": {"covered_lines": 67, "num_statements": 67, "percent_covered": 100.0, "percent_covered_display": "100", "missing_lines": 0, "excluded_lines": 0, "percent_statements_covered": 100.0, "percent_statements_covered_display": "100", "num_branches": 42, "num_partial_branches": 0, "covered_branches": 42, "missing_branches": 0, "percent_branches_covered": 100.0, "percent_branches_covered_display": "100"}, "missing_lines": [], "excluded_lines": [], "executed_branches": [[10, 11], [10, 12], [12, 13], [12, 15], [17, 18], [17, 20], [32, 33], [32, 36], [33, 34], [33, 35], [36, 37], [36, 44], [38, 39], [38, 42], [47, 48], [47, 50], [86, 87], [86, 88], [88, 89], [88, 90], [90, 91], [90, 93], [94, 95], [94, 96], [96, 97], [96, 99], [101, 102], [101, 112], [102, 103], [102, 104], [104, 105], [104, 107], [108, 109], [108, 110], [121, 122], [121, 123], [123, 124], [123, 125], [125, 126], [125, 128], [129, 130], [129, 131]], "missing_branches": [], "functions": {"to_seed_bytes": {"executed_lines": [10, 11, 12, 13, 15, 17, 18, 20], "summary": {"covered_lines": 8, "num_statements": 8, "percent_covered": 100.0, "percent_covered_display": "100", "missing_lines": 0, "excluded_lines": 0, "percent_statements_covered": 100.0, "percent_statements_covered_display": "100", "num_branches": 6, "num_partial_branches": 0, "covered_branches": 6, "missing_branches": 0, "percent_branches_covered": 100.0, "percent_branches_covered_display": "100"}, "missing_lines": [], "excluded_lines": [], "start_line": 8, "executed_branches": [[10, 11], [10, 12], [12, 13], [12, 15], [17, 18], [17, 20]], "missing_branches": []}, "resolve_named_params": {"executed_lines": [32, 33, 34, 35, 36, 37, 38, 39, 40, 42, 44, 46, 47, 48, 50], "summary": {"covered_lines": 15, "num_statements": 15, "percent_covered": 100.0, "percent_covered_display": "100", "missing_lines": 0, "excluded_lines": 0, "percent_statements_covered": 100.0, "percent_statements_covered_display": "100", "num_branches": 10, "num_partial_branches": 0, "covered_branches": 10, "missing_branches": 0, "percent_branches_covered": 100.0, "percent_branches_covered_display": "100"}, "missing_lines": [], "excluded_lines": [], "start_line": 23, "executed_branches": [[32, 33], [32, 36], [33, 34], [33, 35], [36, 37], [36, 44], [38, 39], [38, 42], [47, 48], [47, 50]], "missing_branches": []}, "derive_deterministic_rng": {"executed_lines": [59], "summary": {"covered_lines": 1, "num_statements": 1, "percent_covered": 100.0, "percent_covered_display": "100", "missing_lines": 0, "excluded_lines": 0, "percent_statements_covered": 100.0, "percent_statements_covered_display": "100", "num_branches": 0, "num_partial_branches": 0, "covered_branches": 0, "missing_branches": 0, "percent_branches_covered": 100.0, "percent_branches_covered_display": "100"}, "missing_lines": [], "excluded_lines": [], "start_line": 53, "executed_branches": [], "missing_branches": []}, "derive_deterministic_rngs": {"executed_lines": [70], "summary": {"covered_lines": 1, "num_statements": 1, "percent_covered": 100.0, "percent_covered_display": "100", "missing_lines": 0, "excluded_lines": 0, "percent_statements_covered": 100.0, "percent_statements_covered_display": "100", "num_branches": 0, "num_partial_branches": 0, "covered_branches": 0, "missing_branches": 0, "percent_branches_covered": 100.0, "percent_branches_covered_display": "100"}, "missing_lines": [], "excluded_lines": [], "start_line": 64, "executed_branches": [], "missing_branches": []}, "mat_vec_add": {"executed_lines": [86, 87, 88, 89, 90, 91, 93, 94, 95, 96, 97, 99, 100, 101, 102, 103, 104, 105, 107, 108, 109, 110, 112], "summary": {"covered_lines": 23, "num_statements": 23, "percent_covered": 100.0, "percent_covered_display": "100", "missing_lines": 0, "excluded_lines": 0, "percent_statements_covered": 100.0, "percent_statements_covered_display": "100", "num_branches": 18, "num_partial_branches": 0, "covered_branches": 18, "missing_branches": 0, "percent_branches_covered": 100.0, "percent_branches_covered_display": "100"}, "missing_lines": [], "excluded_lines": [], "start_line": 76, "executed_branches": [[86, 87], [86, 88], [88, 89], [88, 90], [90, 91], [90, 93], [94, 95], [94, 96], [96, 97], [96, 99], [101, 102], [101, 112], [102, 103], [102, 104], [104, 105], [104, 107], [108, 109], [108, 110]], "missing_branches": []}, "inner_product_entries": {"executed_lines": [121, 122, 123, 124, 125, 126, 128, 129, 130, 131], "summary": {"covered_lines": 10, "num_statements": 10, "percent_covered": 100.0, "percent_covered_display": "100", "missing_lines": 0, "excluded_lines": 0, "percent_statements_covered": 100.0, "percent_statements_covered_display": "100", "num_branches": 8, "num_partial_branches": 0, "covered_branches": 8, "missing_branches": 0, "percent_branches_covered": 100.0, "percent_branches_covered_display": "100"}, "missing_lines": [], "excluded_lines": [], "start_line": 115, "executed_branches": [[121, 122], [121, 123], [123, 124], [123, 125], [125, 126], [125, 128], [129, 130], [129, 131]], "missing_branches": []}, "": {"executed_lines": [3, 5, 8, 23, 53, 64, 76, 115, 134], "summary": {"covered_lines": 9, "num_statements": 9, "percent_covered": 100.0, "percent_covered_display": "100", "missing_lines": 0, "excluded_lines": 0, "percent_statements_covered": 100.0, "percent_statements_covered_display": "100", "num_branches": 0, "num_partial_branches": 0, "covered_branches": 0, "missing_branches": 0, "percent_branches_covered": 100.0, "percent_branches_covered_display": "100"}, "missing_lines": [], "excluded_lines": [], "start_line": 1, "executed_branches": [], "missing_branches": []}}, "classes": {"": {"executed_lines": [3, 5, 8, 10, 11, 12, 13, 15, 17, 18, 20, 23, 32, 33, 34, 35, 36, 37, 38, 39, 40, 42, 44, 46, 47, 48, 50, 53, 59, 64, 70, 76, 86, 87, 88, 89, 90, 91, 93, 94, 95, 96, 97, 99, 100, 101, 102, 103, 104, 105, 107, 108, 109, 110, 112, 115, 121, 122, 123, 124, 125, 126, 128, 129, 130, 131, 134], "summary": {"covered_lines": 67, "num_statements": 67, "percent_covered": 100.0, "percent_covered_display": "100", "missing_lines": 0, "excluded_lines": 0, "percent_statements_covered": 100.0, "percent_statements_covered_display": "100", "num_branches": 42, "num_partial_branches": 0, "covered_branches": 42, "missing_branches": 0, "percent_branches_covered": 100.0, "percent_branches_covered_display": "100"}, "missing_lines": [], "excluded_lines": [], "start_line": 1, "executed_branches": [[10, 11], [10, 12], [12, 13], [12, 15], [17, 18], [17, 20], [32, 33], [32, 36], [33, 34], [33, 35], [36, 37], [36, 44], [38, 39], [38, 42], [47, 48], [47, 50], [86, 87], [86, 88], [88, 89], [88, 90], [90, 91], [90, 93], [94, 95], [94, 96], [96, 97], [96, 99], [101, 102], [101, 112], [102, 103], [102, 104], [104, 105], [104, 107], [108, 109], [108, 110], [121, 122], [121, 123], [123, 124], [123, 125], [125, 126], [125, 128], [129, 130], [129, 131]], "missing_branches": []}}}}, "totals": {"covered_lines": 1664, "num_statements": 1664, "percent_covered": 100.0, "percent_covered_display": "100", "missing_lines": 0, "excluded_lines": 0, "percent_statements_covered": 100.0, "percent_statements_covered_display": "100", "num_branches": 712, "num_partial_branches": 0, "covered_branches": 712, "missing_branches": 0, "percent_branches_covered": 100.0, "percent_branches_covered_display": "100"}}