<?xml version="1.0" ?>
<coverage version="7.4.4" timestamp="1774538317530" lines-valid="513" lines-covered="453" line-rate="0.883" branches-valid="254" branches-covered="187" branch-rate="0.7362" complexity="0">
	<!-- Generated by coverage.py: https://coverage.readthedocs.io/en/7.4.4 -->
	<!-- Based on https://raw.githubusercontent.com/cobertura/web/master/htdocs/xml/coverage-04.dtd -->
	<sources>
		<source>/home/shark/Documents/libPQC/src</source>
	</sources>
	<packages>
		<package name="core" line-rate="0.883" branch-rate="0.7362" complexity="0">
			<classes>
				<class name="integers.py" filename="core/integers.py" complexity="0" line-rate="0.8958" branch-rate="0.8125">
					<methods/>
					<lines>
						<line number="1" hits="1"/>
						<line number="15" hits="1"/>
						<line number="21" hits="1" branch="true" condition-coverage="100% (2/2)"/>
						<line number="22" hits="1"/>
						<line number="23" hits="1" branch="true" condition-coverage="100% (2/2)"/>
						<line number="24" hits="1"/>
						<line number="26" hits="1"/>
						<line number="27" hits="1"/>
						<line number="29" hits="1"/>
						<line number="30" hits="0"/>
						<line number="32" hits="1"/>
						<line number="33" hits="0" branch="true" condition-coverage="0% (0/2)" missing-branches="34,35"/>
						<line number="34" hits="0"/>
						<line number="35" hits="0"/>
						<line number="37" hits="1"/>
						<line number="46" hits="1" branch="true" condition-coverage="100% (2/2)"/>
						<line number="47" hits="1"/>
						<line number="49" hits="1"/>
						<line number="52" hits="1"/>
						<line number="53" hits="1"/>
						<line number="55" hits="1" branch="true" condition-coverage="100% (2/2)"/>
						<line number="56" hits="1"/>
						<line number="58" hits="1"/>
						<line number="61" hits="1"/>
						<line number="69" hits="1"/>
						<line number="75" hits="1" branch="true" condition-coverage="100% (2/2)"/>
						<line number="76" hits="1"/>
						<line number="77" hits="1" branch="true" condition-coverage="100% (2/2)"/>
						<line number="78" hits="1"/>
						<line number="80" hits="1"/>
						<line number="81" hits="1"/>
						<line number="83" hits="1"/>
						<line number="84" hits="1"/>
						<line number="86" hits="1"/>
						<line number="87" hits="1" branch="true" condition-coverage="50% (1/2)" missing-branches="88"/>
						<line number="88" hits="0"/>
						<line number="89" hits="1"/>
						<line number="91" hits="1"/>
						<line number="100" hits="1"/>
						<line number="102" hits="1"/>
						<line number="111" hits="1"/>
						<line number="113" hits="1"/>
						<line number="122" hits="1"/>
						<line number="124" hits="1"/>
						<line number="133" hits="1"/>
						<line number="135" hits="1"/>
						<line number="152" hits="1"/>
						<line number="153" hits="1"/>
					</lines>
				</class>
				<class name="module.py" filename="core/module.py" complexity="0" line-rate="0.8396" branch-rate="0.6897">
					<methods/>
					<lines>
						<line number="21" hits="1"/>
						<line number="24" hits="1"/>
						<line number="32" hits="1"/>
						<line number="44" hits="1" branch="true" condition-coverage="50% (1/2)" missing-branches="45"/>
						<line number="45" hits="0"/>
						<line number="46" hits="1" branch="true" condition-coverage="50% (1/2)" missing-branches="47"/>
						<line number="47" hits="0"/>
						<line number="49" hits="1"/>
						<line number="50" hits="1" branch="true" condition-coverage="100% (2/2)"/>
						<line number="51" hits="1"/>
						<line number="55" hits="1"/>
						<line number="57" hits="1"/>
						<line number="58" hits="1"/>
						<line number="60" hits="1"/>
						<line number="61" hits="1" branch="true" condition-coverage="50% (1/2)" missing-branches="62"/>
						<line number="62" hits="0"/>
						<line number="63" hits="1" branch="true" condition-coverage="50% (1/2)" missing-branches="64"/>
						<line number="64" hits="0"/>
						<line number="65" hits="1"/>
						<line number="67" hits="1"/>
						<line number="68" hits="1" branch="true" condition-coverage="50% (1/2)" missing-branches="exit"/>
						<line number="70" hits="1"/>
						<line number="71" hits="1"/>
						<line number="73" hits="1"/>
						<line number="80" hits="0" branch="true" condition-coverage="0% (0/2)" missing-branches="exit,exit"/>
						<line number="82" hits="1"/>
						<line number="94" hits="1" branch="true" condition-coverage="50% (1/2)" missing-branches="95"/>
						<line number="95" hits="0"/>
						<line number="96" hits="1" branch="true" condition-coverage="100% (2/2)"/>
						<line number="97" hits="1"/>
						<line number="98" hits="1"/>
						<line number="99" hits="1"/>
						<line number="101" hits="1"/>
						<line number="113" hits="1" branch="true" condition-coverage="50% (1/2)" missing-branches="114"/>
						<line number="114" hits="0"/>
						<line number="115" hits="1" branch="true" condition-coverage="100% (2/2)"/>
						<line number="116" hits="1"/>
						<line number="117" hits="1"/>
						<line number="118" hits="1"/>
						<line number="120" hits="1"/>
						<line number="133" hits="1"/>
						<line number="134" hits="1"/>
						<line number="135" hits="1"/>
						<line number="137" hits="1"/>
						<line number="155" hits="1" branch="true" condition-coverage="50% (1/2)" missing-branches="156"/>
						<line number="156" hits="0"/>
						<line number="157" hits="1" branch="true" condition-coverage="100% (2/2)"/>
						<line number="158" hits="1"/>
						<line number="160" hits="1"/>
						<line number="161" hits="1" branch="true" condition-coverage="100% (2/2)"/>
						<line number="162" hits="1"/>
						<line number="163" hits="1"/>
						<line number="165" hits="1"/>
						<line number="174" hits="1"/>
						<line number="176" hits="1"/>
						<line number="192" hits="1" branch="true" condition-coverage="100% (2/2)"/>
						<line number="193" hits="1"/>
						<line number="194" hits="1"/>
						<line number="196" hits="1"/>
						<line number="210" hits="1" branch="true" condition-coverage="100% (2/2)"/>
						<line number="212" hits="1"/>
						<line number="235" hits="1" branch="true" condition-coverage="100% (2/2)"/>
						<line number="236" hits="1"/>
						<line number="237" hits="1"/>
						<line number="240" hits="1"/>
						<line number="248" hits="1"/>
						<line number="259" hits="1" branch="true" condition-coverage="50% (1/2)" missing-branches="260"/>
						<line number="260" hits="0"/>
						<line number="261" hits="1" branch="true" condition-coverage="100% (2/2)"/>
						<line number="262" hits="1"/>
						<line number="263" hits="1" branch="true" condition-coverage="50% (1/2)" missing-branches="264"/>
						<line number="264" hits="0"/>
						<line number="265" hits="1"/>
						<line number="266" hits="1"/>
						<line number="268" hits="1"/>
						<line number="269" hits="0"/>
						<line number="276" hits="1"/>
						<line number="294" hits="1" branch="true" condition-coverage="100% (2/2)"/>
						<line number="295" hits="1" branch="true" condition-coverage="50% (1/2)" missing-branches="299"/>
						<line number="299" hits="0"/>
						<line number="302" hits="1"/>
						<line number="304" hits="1" branch="true" condition-coverage="100% (2/2)"/>
						<line number="305" hits="1"/>
						<line number="307" hits="1" branch="true" condition-coverage="50% (1/2)" missing-branches="310"/>
						<line number="308" hits="1"/>
						<line number="310" hits="0"/>
						<line number="314" hits="1"/>
						<line number="332" hits="1" branch="true" condition-coverage="100% (2/2)"/>
						<line number="333" hits="1" branch="true" condition-coverage="50% (1/2)" missing-branches="337"/>
						<line number="337" hits="0"/>
						<line number="340" hits="1"/>
						<line number="342" hits="1" branch="true" condition-coverage="50% (1/2)" missing-branches="345"/>
						<line number="343" hits="1"/>
						<line number="345" hits="0" branch="true" condition-coverage="0% (0/2)" missing-branches="346,348"/>
						<line number="346" hits="0"/>
						<line number="348" hits="0"/>
						<line number="352" hits="1"/>
						<line number="365" hits="1"/>
						<line number="367" hits="1"/>
						<line number="373" hits="1"/>
						<line number="377" hits="1"/>
						<line number="392" hits="1" branch="true" condition-coverage="100% (2/2)"/>
						<line number="393" hits="1"/>
						<line number="395" hits="1"/>
						<line number="396" hits="1"/>
						<line number="397" hits="1"/>
					</lines>
				</class>
				<class name="polynomials.py" filename="core/polynomials.py" complexity="0" line-rate="0.9348" branch-rate="0.8197">
					<methods/>
					<lines>
						<line number="21" hits="1"/>
						<line number="24" hits="1"/>
						<line number="32" hits="1"/>
						<line number="41" hits="1" branch="true" condition-coverage="100% (2/2)"/>
						<line number="42" hits="1"/>
						<line number="43" hits="1" branch="true" condition-coverage="100% (2/2)"/>
						<line number="44" hits="1"/>
						<line number="46" hits="1"/>
						<line number="48" hits="1"/>
						<line number="49" hits="1" branch="true" condition-coverage="50% (1/2)" missing-branches="50"/>
						<line number="50" hits="0"/>
						<line number="52" hits="1" branch="true" condition-coverage="100% (2/2)"/>
						<line number="53" hits="1"/>
						<line number="55" hits="1"/>
						<line number="56" hits="1"/>
						<line number="60" hits="1"/>
						<line number="61" hits="1" branch="true" condition-coverage="50% (1/2)" missing-branches="62"/>
						<line number="62" hits="0"/>
						<line number="63" hits="1"/>
						<line number="68" hits="1"/>
						<line number="69" hits="1" branch="true" condition-coverage="50% (1/2)" missing-branches="exit"/>
						<line number="71" hits="1"/>
						<line number="72" hits="1"/>
						<line number="74" hits="1"/>
						<line number="75" hits="1"/>
						<line number="76" hits="1" branch="true" condition-coverage="50% (1/2)" missing-branches="77"/>
						<line number="77" hits="0"/>
						<line number="78" hits="1" branch="true" condition-coverage="50% (1/2)" missing-branches="79"/>
						<line number="79" hits="0"/>
						<line number="80" hits="1" branch="true" condition-coverage="50% (1/2)" missing-branches="81"/>
						<line number="81" hits="0"/>
						<line number="82" hits="1"/>
						<line number="84" hits="1"/>
						<line number="93" hits="1"/>
						<line number="94" hits="1" branch="true" condition-coverage="100% (2/2)"/>
						<line number="95" hits="1"/>
						<line number="98" hits="1"/>
						<line number="100" hits="1"/>
						<line number="107" hits="1"/>
						<line number="108" hits="1" branch="true" condition-coverage="100% (2/2)"/>
						<line number="109" hits="1" branch="true" condition-coverage="100% (2/2)"/>
						<line number="110" hits="1" branch="true" condition-coverage="100% (2/2)"/>
						<line number="111" hits="1"/>
						<line number="113" hits="1"/>
						<line number="114" hits="1" branch="true" condition-coverage="100% (2/2)"/>
						<line number="115" hits="1" branch="true" condition-coverage="100% (2/2)"/>
						<line number="116" hits="1"/>
						<line number="117" hits="1"/>
						<line number="118" hits="1"/>
						<line number="120" hits="1" branch="true" condition-coverage="50% (1/2)" missing-branches="122"/>
						<line number="121" hits="1"/>
						<line number="122" hits="1"/>
						<line number="123" hits="1"/>
						<line number="124" hits="1"/>
						<line number="126" hits="1"/>
						<line number="138" hits="1" branch="true" condition-coverage="50% (1/2)" missing-branches="139"/>
						<line number="139" hits="0"/>
						<line number="140" hits="1" branch="true" condition-coverage="100% (2/2)"/>
						<line number="141" hits="1"/>
						<line number="143" hits="1"/>
						<line number="144" hits="1"/>
						<line number="145" hits="1" branch="true" condition-coverage="100% (2/2)"/>
						<line number="146" hits="1"/>
						<line number="147" hits="1"/>
						<line number="148" hits="1"/>
						<line number="149" hits="1"/>
						<line number="151" hits="1"/>
						<line number="163" hits="1" branch="true" condition-coverage="50% (1/2)" missing-branches="164"/>
						<line number="164" hits="0"/>
						<line number="165" hits="1" branch="true" condition-coverage="100% (2/2)"/>
						<line number="166" hits="1"/>
						<line number="168" hits="1"/>
						<line number="169" hits="1"/>
						<line number="170" hits="1" branch="true" condition-coverage="100% (2/2)"/>
						<line number="171" hits="1"/>
						<line number="172" hits="1"/>
						<line number="173" hits="1"/>
						<line number="174" hits="1"/>
						<line number="176" hits="1"/>
						<line number="189" hits="1" branch="true" condition-coverage="50% (1/2)" missing-branches="190"/>
						<line number="190" hits="0"/>
						<line number="192" hits="1" branch="true" condition-coverage="100% (2/2)"/>
						<line number="193" hits="1"/>
						<line number="195" hits="1"/>
						<line number="196" hits="1" branch="true" condition-coverage="100% (2/2)"/>
						<line number="197" hits="1" branch="true" condition-coverage="100% (2/2)"/>
						<line number="198" hits="1"/>
						<line number="201" hits="1"/>
						<line number="204" hits="1"/>
						<line number="211" hits="1"/>
						<line number="217" hits="1"/>
						<line number="219" hits="1"/>
						<line number="228" hits="1"/>
						<line number="230" hits="1"/>
						<line number="239" hits="1"/>
						<line number="241" hits="1"/>
						<line number="250" hits="1"/>
						<line number="252" hits="1"/>
						<line number="261" hits="1"/>
						<line number="264" hits="1"/>
						<line number="274" hits="1"/>
						<line number="283" hits="1" branch="true" condition-coverage="100% (2/2)"/>
						<line number="284" hits="1"/>
						<line number="285" hits="1" branch="true" condition-coverage="100% (2/2)"/>
						<line number="286" hits="1"/>
						<line number="287" hits="1" branch="true" condition-coverage="100% (2/2)"/>
						<line number="288" hits="1"/>
						<line number="289" hits="1" branch="true" condition-coverage="50% (1/2)" missing-branches="290"/>
						<line number="290" hits="0"/>
						<line number="292" hits="1"/>
						<line number="293" hits="1"/>
						<line number="295" hits="1"/>
						<line number="297" hits="1"/>
						<line number="298" hits="1"/>
						<line number="304" hits="1"/>
						<line number="305" hits="1" branch="true" condition-coverage="50% (1/2)" missing-branches="306"/>
						<line number="306" hits="0"/>
						<line number="307" hits="1"/>
						<line number="313" hits="1"/>
						<line number="314" hits="1" branch="true" condition-coverage="50% (1/2)" missing-branches="exit"/>
						<line number="316" hits="1"/>
						<line number="317" hits="1"/>
						<line number="319" hits="1"/>
						<line number="320" hits="1"/>
						<line number="321" hits="1" branch="true" condition-coverage="50% (1/2)" missing-branches="323"/>
						<line number="322" hits="1"/>
						<line number="323" hits="1" branch="true" condition-coverage="50% (1/2)" missing-branches="324"/>
						<line number="324" hits="0"/>
						<line number="325" hits="1" branch="true" condition-coverage="50% (1/2)" missing-branches="326"/>
						<line number="326" hits="0"/>
						<line number="327" hits="1"/>
						<line number="329" hits="1"/>
						<line number="344" hits="1"/>
						<line number="347" hits="1" branch="true" condition-coverage="100% (2/2)"/>
						<line number="349" hits="1"/>
						<line number="350" hits="1" branch="true" condition-coverage="100% (2/2)"/>
						<line number="353" hits="1"/>
						<line number="354" hits="1"/>
						<line number="356" hits="1" branch="true" condition-coverage="100% (2/2)"/>
						<line number="357" hits="1"/>
						<line number="359" hits="1"/>
						<line number="360" hits="1"/>
						<line number="361" hits="1"/>
						<line number="364" hits="1" branch="true" condition-coverage="100% (2/2)"/>
						<line number="365" hits="1"/>
						<line number="367" hits="1"/>
						<line number="369" hits="1"/>
						<line number="376" hits="1"/>
						<line number="377" hits="1" branch="true" condition-coverage="100% (2/2)"/>
						<line number="378" hits="1" branch="true" condition-coverage="50% (1/2)" missing-branches="377"/>
						<line number="379" hits="1" branch="true" condition-coverage="100% (2/2)"/>
						<line number="380" hits="1"/>
						<line number="382" hits="1"/>
						<line number="383" hits="1" branch="true" condition-coverage="100% (2/2)"/>
						<line number="384" hits="1" branch="true" condition-coverage="50% (1/2)" missing-branches="386"/>
						<line number="385" hits="1"/>
						<line number="386" hits="1"/>
						<line number="387" hits="1"/>
						<line number="389" hits="1" branch="true" condition-coverage="50% (1/2)" missing-branches="391"/>
						<line number="390" hits="1"/>
						<line number="391" hits="1"/>
						<line number="392" hits="1"/>
						<line number="393" hits="1"/>
						<line number="395" hits="1"/>
						<line number="404" hits="1"/>
						<line number="405" hits="1" branch="true" condition-coverage="100% (2/2)"/>
						<line number="406" hits="1"/>
						<line number="409" hits="1"/>
						<line number="411" hits="1"/>
						<line number="423" hits="1" branch="true" condition-coverage="50% (1/2)" missing-branches="424"/>
						<line number="424" hits="0"/>
						<line number="425" hits="1" branch="true" condition-coverage="100% (2/2)"/>
						<line number="426" hits="1"/>
						<line number="428" hits="1"/>
						<line number="429" hits="1"/>
						<line number="430" hits="1" branch="true" condition-coverage="100% (2/2)"/>
						<line number="431" hits="1"/>
						<line number="432" hits="1"/>
						<line number="433" hits="1"/>
						<line number="434" hits="1"/>
						<line number="436" hits="1"/>
						<line number="448" hits="1" branch="true" condition-coverage="50% (1/2)" missing-branches="449"/>
						<line number="449" hits="0"/>
						<line number="450" hits="1" branch="true" condition-coverage="50% (1/2)" missing-branches="451"/>
						<line number="451" hits="0"/>
						<line number="453" hits="1"/>
						<line number="454" hits="1"/>
						<line number="455" hits="1" branch="true" condition-coverage="100% (2/2)"/>
						<line number="456" hits="1"/>
						<line number="457" hits="1"/>
						<line number="458" hits="1"/>
						<line number="459" hits="1"/>
						<line number="461" hits="1"/>
						<line number="474" hits="1" branch="true" condition-coverage="100% (2/2)"/>
						<line number="475" hits="1"/>
						<line number="477" hits="1" branch="true" condition-coverage="100% (2/2)"/>
						<line number="478" hits="1"/>
						<line number="481" hits="1"/>
						<line number="482" hits="1" branch="true" condition-coverage="100% (2/2)"/>
						<line number="483" hits="1" branch="true" condition-coverage="100% (2/2)"/>
						<line number="484" hits="1"/>
						<line number="489" hits="1"/>
						<line number="491" hits="1"/>
						<line number="507" hits="1" branch="true" condition-coverage="100% (2/2)"/>
						<line number="509" hits="1"/>
						<line number="532" hits="1" branch="true" condition-coverage="100% (2/2)"/>
						<line number="533" hits="1"/>
						<line number="534" hits="1"/>
						<line number="537" hits="1"/>
						<line number="545" hits="1"/>
						<line number="553" hits="1" branch="true" condition-coverage="100% (2/2)"/>
						<line number="554" hits="1"/>
						<line number="555" hits="1" branch="true" condition-coverage="100% (2/2)"/>
						<line number="556" hits="1"/>
						<line number="557" hits="1" branch="true" condition-coverage="100% (2/2)"/>
						<line number="558" hits="1"/>
						<line number="560" hits="1"/>
						<line number="561" hits="1"/>
						<line number="563" hits="1"/>
						<line number="572" hits="1"/>
						<line number="574" hits="1"/>
						<line number="583" hits="1"/>
						<line number="585" hits="1"/>
						<line number="594" hits="1"/>
						<line number="596" hits="1"/>
						<line number="605" hits="1"/>
						<line number="607" hits="1"/>
						<line number="613" hits="1"/>
						<line number="615" hits="1"/>
						<line number="621" hits="1"/>
					</lines>
				</class>
				<class name="sampling.py" filename="core/sampling.py" complexity="0" line-rate="0.8088" branch-rate="0.6176">
					<methods/>
					<lines>
						<line number="7" hits="1"/>
						<line number="8" hits="1"/>
						<line number="9" hits="1"/>
						<line number="11" hits="1"/>
						<line number="12" hits="1"/>
						<line number="15" hits="1"/>
						<line number="17" hits="1"/>
						<line number="20" hits="1"/>
						<line number="22" hits="1" branch="true" condition-coverage="50% (1/2)" missing-branches="23"/>
						<line number="23" hits="0"/>
						<line number="25" hits="1"/>
						<line number="26" hits="1"/>
						<line number="29" hits="1"/>
						<line number="33" hits="1" branch="true" condition-coverage="50% (1/2)" missing-branches="34"/>
						<line number="34" hits="0"/>
						<line number="35" hits="1" branch="true" condition-coverage="50% (1/2)" missing-branches="36"/>
						<line number="36" hits="0"/>
						<line number="38" hits="1"/>
						<line number="39" hits="1"/>
						<line number="42" hits="1"/>
						<line number="46" hits="1" branch="true" condition-coverage="50% (1/2)" missing-branches="47"/>
						<line number="47" hits="0"/>
						<line number="48" hits="1" branch="true" condition-coverage="50% (1/2)" missing-branches="49"/>
						<line number="49" hits="0"/>
						<line number="51" hits="1"/>
						<line number="52" hits="1"/>
						<line number="55" hits="1"/>
						<line number="64" hits="1" branch="true" condition-coverage="50% (1/2)" missing-branches="65"/>
						<line number="65" hits="0"/>
						<line number="66" hits="1" branch="true" condition-coverage="50% (1/2)" missing-branches="67"/>
						<line number="67" hits="0"/>
						<line number="69" hits="1"/>
						<line number="70" hits="1"/>
						<line number="71" hits="1" branch="true" condition-coverage="100% (2/2)"/>
						<line number="72" hits="1" branch="true" condition-coverage="100% (2/2)"/>
						<line number="73" hits="1" branch="true" condition-coverage="100% (2/2)"/>
						<line number="74" hits="1"/>
						<line number="75" hits="1"/>
						<line number="78" hits="1"/>
						<line number="82" hits="1"/>
						<line number="85" hits="1"/>
						<line number="88" hits="1"/>
						<line number="103" hits="1" branch="true" condition-coverage="50% (1/2)" missing-branches="104"/>
						<line number="104" hits="0"/>
						<line number="106" hits="1" branch="true" condition-coverage="100% (2/2)"/>
						<line number="107" hits="1"/>
						<line number="110" hits="1" branch="true" condition-coverage="50% (1/2)" missing-branches="113"/>
						<line number="111" hits="1"/>
						<line number="113" hits="0"/>
						<line number="115" hits="1"/>
						<line number="118" hits="1"/>
						<line number="122" hits="1" branch="true" condition-coverage="50% (1/2)" missing-branches="123"/>
						<line number="123" hits="0"/>
						<line number="125" hits="1"/>
						<line number="129" hits="1"/>
						<line number="132" hits="1"/>
						<line number="139" hits="1" branch="true" condition-coverage="50% (1/2)" missing-branches="140"/>
						<line number="140" hits="0"/>
						<line number="142" hits="1"/>
						<line number="146" hits="1"/>
						<line number="149" hits="1"/>
						<line number="156" hits="1" branch="true" condition-coverage="50% (1/2)" missing-branches="157"/>
						<line number="157" hits="0"/>
						<line number="159" hits="1"/>
						<line number="165" hits="1"/>
						<line number="174" hits="1" branch="true" condition-coverage="50% (1/2)" missing-branches="175"/>
						<line number="175" hits="0"/>
						<line number="177" hits="1"/>
					</lines>
				</class>
				<class name="serialization.py" filename="core/serialization.py" complexity="0" line-rate="0.8361" branch-rate="0.5417">
					<methods/>
					<lines>
						<line number="7" hits="1"/>
						<line number="9" hits="1"/>
						<line number="10" hits="1"/>
						<line number="11" hits="1"/>
						<line number="14" hits="1"/>
						<line number="17" hits="1"/>
						<line number="18" hits="1" branch="true" condition-coverage="50% (1/2)" missing-branches="19"/>
						<line number="19" hits="0"/>
						<line number="20" hits="1"/>
						<line number="21" hits="1" branch="true" condition-coverage="50% (1/2)" missing-branches="22"/>
						<line number="22" hits="0"/>
						<line number="23" hits="1"/>
						<line number="24" hits="1" branch="true" condition-coverage="50% (1/2)" missing-branches="25"/>
						<line number="25" hits="0"/>
						<line number="28" hits="1"/>
						<line number="30" hits="1"/>
						<line number="40" hits="1" branch="true" condition-coverage="50% (1/2)" missing-branches="42"/>
						<line number="41" hits="1"/>
						<line number="42" hits="1"/>
						<line number="45" hits="1"/>
						<line number="47" hits="1" branch="true" condition-coverage="50% (1/2)" missing-branches="48"/>
						<line number="48" hits="0"/>
						<line number="49" hits="1"/>
						<line number="50" hits="1" branch="true" condition-coverage="50% (1/2)" missing-branches="51"/>
						<line number="51" hits="0"/>
						<line number="53" hits="1"/>
						<line number="54" hits="1" branch="true" condition-coverage="100% (2/2)"/>
						<line number="55" hits="1"/>
						<line number="57" hits="1"/>
						<line number="58" hits="1"/>
						<line number="60" hits="1" branch="true" condition-coverage="50% (1/2)" missing-branches="61"/>
						<line number="61" hits="0"/>
						<line number="63" hits="1"/>
						<line number="65" hits="1" branch="true" condition-coverage="50% (1/2)" missing-branches="69"/>
						<line number="66" hits="1"/>
						<line number="67" hits="1"/>
						<line number="69" hits="0"/>
						<line number="72" hits="1"/>
						<line number="74" hits="1"/>
						<line number="75" hits="1"/>
						<line number="85" hits="1"/>
						<line number="87" hits="1"/>
						<line number="89" hits="1"/>
						<line number="90" hits="1" branch="true" condition-coverage="50% (1/2)" missing-branches="91"/>
						<line number="91" hits="0"/>
						<line number="93" hits="1"/>
						<line number="94" hits="1"/>
						<line number="95" hits="1"/>
						<line number="96" hits="1"/>
						<line number="99" hits="1"/>
						<line number="101" hits="1"/>
						<line number="104" hits="1"/>
						<line number="106" hits="1" branch="true" condition-coverage="50% (1/2)" missing-branches="107"/>
						<line number="107" hits="0"/>
						<line number="108" hits="1"/>
						<line number="111" hits="1"/>
						<line number="113" hits="1"/>
						<line number="116" hits="1"/>
						<line number="118" hits="1" branch="true" condition-coverage="50% (1/2)" missing-branches="119"/>
						<line number="119" hits="0"/>
						<line number="120" hits="1"/>
					</lines>
				</class>
			</classes>
		</package>
	</packages>
</coverage>
