{"meta": {"format": 3, "version": "7.13.5", "timestamp": "2026-03-26T15:21:02.920364", "branch_coverage": true, "show_contexts": false}, "files": {"src/core/integers.py": {"executed_lines": [1, 15, 21, 22, 23, 24, 26, 27, 29, 32, 37, 46, 47, 49, 52, 53, 55, 56, 58, 61, 69, 75, 76, 77, 78, 80, 81, 83, 84, 86, 87, 89, 91, 100, 102, 111, 113, 122, 124, 133, 135, 152, 153], "summary": {"covered_lines": 43, "num_statements": 48, "percent_covered": 87.5, "percent_covered_display": "88", "missing_lines": 5, "excluded_lines": 0, "percent_statements_covered": 89.58333333333333, "percent_statements_covered_display": "90", "num_branches": 16, "num_partial_branches": 1, "covered_branches": 13, "missing_branches": 3, "percent_branches_covered": 81.25, "percent_branches_covered_display": "81"}, "missing_lines": [30, 33, 34, 35, 88], "excluded_lines": [], "executed_branches": [[21, 22], [21, 23], [23, 24], [23, 26], [46, 47], [46, 49], [55, 56], [55, 58], [75, 76], [75, 77], [77, 78], [77, 80], [87, 89]], "missing_branches": [[33, 34], [33, 35], [87, 88]], "functions": {"SymmetricModulo.__init__": {"executed_lines": [21, 22, 23, 24, 26, 27], "summary": {"covered_lines": 6, "num_statements": 6, "percent_covered": 100.0, "percent_covered_display": "100", "missing_lines": 0, "excluded_lines": 0, "percent_statements_covered": 100.0, "percent_statements_covered_display": "100", "num_branches": 4, "num_partial_branches": 0, "covered_branches": 4, "missing_branches": 0, "percent_branches_covered": 100.0, "percent_branches_covered_display": "100"}, "missing_lines": [], "excluded_lines": [], "start_line": 15, "executed_branches": [[21, 22], [21, 23], [23, 24], [23, 26]], "missing_branches": []}, "SymmetricModulo.__repr__": {"executed_lines": [], "summary": {"covered_lines": 0, "num_statements": 1, "percent_covered": 0.0, "percent_covered_display": "0", "missing_lines": 1, "excluded_lines": 0, "percent_statements_covered": 0.0, "percent_statements_covered_display": "0", "num_branches": 0, "num_partial_branches": 0, "covered_branches": 0, "missing_branches": 0, "percent_branches_covered": 100.0, "percent_branches_covered_display": "100"}, "missing_lines": [30], "excluded_lines": [], "start_line": 29, "executed_branches": [], "missing_branches": []}, "SymmetricModulo.__eq__": {"executed_lines": [], "summary": {"covered_lines": 0, "num_statements": 3, "percent_covered": 0.0, "percent_covered_display": "0", "missing_lines": 3, "excluded_lines": 0, "percent_statements_covered": 0.0, "percent_statements_covered_display": "0", "num_branches": 2, "num_partial_branches": 0, "covered_branches": 0, "missing_branches": 2, "percent_branches_covered": 0.0, "percent_branches_covered_display": "0"}, "missing_lines": [33, 34, 35], "excluded_lines": [], "start_line": 32, "executed_branches": [], "missing_branches": [[33, 34], [33, 35]]}, "SymmetricModulo.symmetric": {"executed_lines": [46, 47, 49, 52, 53, 55, 56, 58], "summary": {"covered_lines": 8, "num_statements": 8, "percent_covered": 100.0, "percent_covered_display": "100", "missing_lines": 0, "excluded_lines": 0, "percent_statements_covered": 100.0, "percent_statements_covered_display": "100", "num_branches": 4, "num_partial_branches": 0, "covered_branches": 4, "missing_branches": 0, "percent_branches_covered": 100.0, "percent_branches_covered_display": "100"}, "missing_lines": [], "excluded_lines": [], "start_line": 37, "executed_branches": [[46, 47], [46, 49], [55, 56], [55, 58]], "missing_branches": []}, "IntegersRing.__init__": {"executed_lines": [75, 76, 77, 78, 80, 81], "summary": {"covered_lines": 6, "num_statements": 6, "percent_covered": 100.0, "percent_covered_display": "100", "missing_lines": 0, "excluded_lines": 0, "percent_statements_covered": 100.0, "percent_statements_covered_display": "100", "num_branches": 4, "num_partial_branches": 0, "covered_branches": 4, "missing_branches": 0, "percent_branches_covered": 100.0, "percent_branches_covered_display": "100"}, "missing_lines": [], "excluded_lines": [], "start_line": 69, "executed_branches": [[75, 76], [75, 77], [77, 78], [77, 80]], "missing_branches": []}, "IntegersRing.__repr__": {"executed_lines": [84], "summary": {"covered_lines": 1, "num_statements": 1, "percent_covered": 100.0, "percent_covered_display": "100", "missing_lines": 0, "excluded_lines": 0, "percent_statements_covered": 100.0, "percent_statements_covered_display": "100", "num_branches": 0, "num_partial_branches": 0, "covered_branches": 0, "missing_branches": 0, "percent_branches_covered": 100.0, "percent_branches_covered_display": "100"}, "missing_lines": [], "excluded_lines": [], "start_line": 83, "executed_branches": [], "missing_branches": []}, "IntegersRing.__eq__": {"executed_lines": [87, 89], "summary": {"covered_lines": 2, "num_statements": 3, "percent_covered": 60.0, "percent_covered_display": "60", "missing_lines": 1, "excluded_lines": 0, "percent_statements_covered": 66.66666666666667, "percent_statements_covered_display": "67", "num_branches": 2, "num_partial_branches": 1, "covered_branches": 1, "missing_branches": 1, "percent_branches_covered": 50.0, "percent_branches_covered_display": "50"}, "missing_lines": [88], "excluded_lines": [], "start_line": 86, "executed_branches": [[87, 89]], "missing_branches": [[87, 88]]}, "IntegersRing.add": {"executed_lines": [100], "summary": {"covered_lines": 1, "num_statements": 1, "percent_covered": 100.0, "percent_covered_display": "100", "missing_lines": 0, "excluded_lines": 0, "percent_statements_covered": 100.0, "percent_statements_covered_display": "100", "num_branches": 0, "num_partial_branches": 0, "covered_branches": 0, "missing_branches": 0, "percent_branches_covered": 100.0, "percent_branches_covered_display": "100"}, "missing_lines": [], "excluded_lines": [], "start_line": 91, "executed_branches": [], "missing_branches": []}, "IntegersRing.sub": {"executed_lines": [111], "summary": {"covered_lines": 1, "num_statements": 1, "percent_covered": 100.0, "percent_covered_display": "100", "missing_lines": 0, "excluded_lines": 0, "percent_statements_covered": 100.0, "percent_statements_covered_display": "100", "num_branches": 0, "num_partial_branches": 0, "covered_branches": 0, "missing_branches": 0, "percent_branches_covered": 100.0, "percent_branches_covered_display": "100"}, "missing_lines": [], "excluded_lines": [], "start_line": 102, "executed_branches": [], "missing_branches": []}, "IntegersRing.mul": {"executed_lines": [122], "summary": {"covered_lines": 1, "num_statements": 1, "percent_covered": 100.0, "percent_covered_display": "100", "missing_lines": 0, "excluded_lines": 0, "percent_statements_covered": 100.0, "percent_statements_covered_display": "100", "num_branches": 0, "num_partial_branches": 0, "covered_branches": 0, "missing_branches": 0, "percent_branches_covered": 100.0, "percent_branches_covered_display": "100"}, "missing_lines": [], "excluded_lines": [], "start_line": 113, "executed_branches": [], "missing_branches": []}, "IntegersRing.neg": {"executed_lines": [133], "summary": {"covered_lines": 1, "num_statements": 1, "percent_covered": 100.0, "percent_covered_display": "100", "missing_lines": 0, "excluded_lines": 0, "percent_statements_covered": 100.0, "percent_statements_covered_display": "100", "num_branches": 0, "num_partial_branches": 0, "covered_branches": 0, "missing_branches": 0, "percent_branches_covered": 100.0, "percent_branches_covered_display": "100"}, "missing_lines": [], "excluded_lines": [], "start_line": 124, "executed_branches": [], "missing_branches": []}, "IntegersRing.inf_norm": {"executed_lines": [152, 153], "summary": {"covered_lines": 2, "num_statements": 2, "percent_covered": 100.0, "percent_covered_display": "100", "missing_lines": 0, "excluded_lines": 0, "percent_statements_covered": 100.0, "percent_statements_covered_display": "100", "num_branches": 0, "num_partial_branches": 0, "covered_branches": 0, "missing_branches": 0, "percent_branches_covered": 100.0, "percent_branches_covered_display": "100"}, "missing_lines": [], "excluded_lines": [], "start_line": 135, "executed_branches": [], "missing_branches": []}, "": {"executed_lines": [1, 15, 29, 32, 37, 61, 69, 83, 86, 91, 102, 113, 124, 135], "summary": {"covered_lines": 14, "num_statements": 14, "percent_covered": 100.0, "percent_covered_display": "100", "missing_lines": 0, "excluded_lines": 0, "percent_statements_covered": 100.0, "percent_statements_covered_display": "100", "num_branches": 0, "num_partial_branches": 0, "covered_branches": 0, "missing_branches": 0, "percent_branches_covered": 100.0, "percent_branches_covered_display": "100"}, "missing_lines": [], "excluded_lines": [], "start_line": 1, "executed_branches": [], "missing_branches": []}}, "classes": {"SymmetricModulo": {"executed_lines": [21, 22, 23, 24, 26, 27, 46, 47, 49, 52, 53, 55, 56, 58], "summary": {"covered_lines": 14, "num_statements": 18, "percent_covered": 78.57142857142857, "percent_covered_display": "79", "missing_lines": 4, "excluded_lines": 0, "percent_statements_covered": 77.77777777777777, "percent_statements_covered_display": "78", "num_branches": 10, "num_partial_branches": 0, "covered_branches": 8, "missing_branches": 2, "percent_branches_covered": 80.0, "percent_branches_covered_display": "80"}, "missing_lines": [30, 33, 34, 35], "excluded_lines": [], "start_line": 1, "executed_branches": [[21, 22], [21, 23], [23, 24], [23, 26], [46, 47], [46, 49], [55, 56], [55, 58]], "missing_branches": [[33, 34], [33, 35]]}, "IntegersRing": {"executed_lines": [75, 76, 77, 78, 80, 81, 84, 87, 89, 100, 111, 122, 133, 152, 153], "summary": {"covered_lines": 15, "num_statements": 16, "percent_covered": 90.9090909090909, "percent_covered_display": "91", "missing_lines": 1, "excluded_lines": 0, "percent_statements_covered": 93.75, "percent_statements_covered_display": "94", "num_branches": 6, "num_partial_branches": 1, "covered_branches": 5, "missing_branches": 1, "percent_branches_covered": 83.33333333333333, "percent_branches_covered_display": "83"}, "missing_lines": [88], "excluded_lines": [], "start_line": 61, "executed_branches": [[75, 76], [75, 77], [77, 78], [77, 80], [87, 89]], "missing_branches": [[87, 88]]}, "": {"executed_lines": [1, 15, 29, 32, 37, 61, 69, 83, 86, 91, 102, 113, 124, 135], "summary": {"covered_lines": 14, "num_statements": 14, "percent_covered": 100.0, "percent_covered_display": "100", "missing_lines": 0, "excluded_lines": 0, "percent_statements_covered": 100.0, "percent_statements_covered_display": "100", "num_branches": 0, "num_partial_branches": 0, "covered_branches": 0, "missing_branches": 0, "percent_branches_covered": 100.0, "percent_branches_covered_display": "100"}, "missing_lines": [], "excluded_lines": [], "start_line": 1, "executed_branches": [], "missing_branches": []}}}, "src/core/module.py": {"executed_lines": [21, 24, 32, 44, 46, 49, 50, 51, 55, 57, 58, 60, 61, 63, 65, 67, 68, 70, 71, 73, 82, 94, 96, 97, 98, 99, 101, 113, 115, 116, 117, 118, 120, 133, 134, 135, 137, 155, 157, 158, 160, 161, 162, 163, 165, 174, 176, 192, 193, 194, 196, 210, 212, 235, 236, 237, 240, 248, 259, 261, 262, 263, 265, 266, 268, 276, 294, 295, 302, 304, 305, 307, 308, 314, 332, 333, 340, 342, 343, 352, 365, 367, 373, 377, 392, 393, 395, 396, 397], "summary": {"covered_lines": 89, "num_statements": 106, "percent_covered": 79.74683544303798, "percent_covered_display": "80", "missing_lines": 17, "excluded_lines": 0, "percent_statements_covered": 83.9622641509434, "percent_statements_covered_display": "84", "num_branches": 52, "num_partial_branches": 13, "covered_branches": 37, "missing_branches": 15, "percent_branches_covered": 71.15384615384616, "percent_branches_covered_display": "71"}, "missing_lines": [45, 47, 62, 64, 80, 95, 114, 156, 260, 264, 269, 299, 310, 337, 345, 346, 348], "excluded_lines": [], "executed_branches": [[44, 46], [46, 49], [50, 51], [50, 55], [61, 63], [63, 65], [94, 96], [96, 97], [96, 98], [113, 115], [115, 116], [115, 117], [155, 157], [157, 158], [157, 160], [161, 162], [161, 163], [192, 193], [192, 194], [235, 236], [235, 237], [259, 261], [261, 262], [261, 263], [263, 265], [294, 295], [294, 304], [295, 302], [304, 305], [304, 307], [307, 308], [332, 333], [332, 342], [333, 340], [342, 343], [392, 393], [392, 395]], "missing_branches": [[44, 45], [46, 47], [61, 62], [63, 64], [94, 95], [113, 114], [155, 156], [259, 260], [263, 264], [295, 299], [307, 310], [333, 337], [342, 345], [345, 346], [345, 348]], "functions": {"ModuleElement.__init__": {"executed_lines": [44, 46, 49, 50, 51, 55], "summary": {"covered_lines": 6, "num_statements": 8, "percent_covered": 71.42857142857143, "percent_covered_display": "71", "missing_lines": 2, "excluded_lines": 0, "percent_statements_covered": 75.0, "percent_statements_covered_display": "75", "num_branches": 6, "num_partial_branches": 2, "covered_branches": 4, "missing_branches": 2, "percent_branches_covered": 66.66666666666667, "percent_branches_covered_display": "67"}, "missing_lines": [45, 47], "excluded_lines": [], "start_line": 32, "executed_branches": [[44, 46], [46, 49], [50, 51], [50, 55]], "missing_branches": [[44, 45], [46, 47]]}, "ModuleElement.__repr__": {"executed_lines": [58], "summary": {"covered_lines": 1, "num_statements": 1, "percent_covered": 100.0, "percent_covered_display": "100", "missing_lines": 0, "excluded_lines": 0, "percent_statements_covered": 100.0, "percent_statements_covered_display": "100", "num_branches": 0, "num_partial_branches": 0, "covered_branches": 0, "missing_branches": 0, "percent_branches_covered": 100.0, "percent_branches_covered_display": "100"}, "missing_lines": [], "excluded_lines": [], "start_line": 57, "executed_branches": [], "missing_branches": []}, "ModuleElement.__eq__": {"executed_lines": [61, 63, 65], "summary": {"covered_lines": 3, "num_statements": 5, "percent_covered": 55.55555555555556, "percent_covered_display": "56", "missing_lines": 2, "excluded_lines": 0, "percent_statements_covered": 60.0, "percent_statements_covered_display": "60", "num_branches": 4, "num_partial_branches": 2, "covered_branches": 2, "missing_branches": 2, "percent_branches_covered": 50.0, "percent_branches_covered_display": "50"}, "missing_lines": [62, 64], "excluded_lines": [], "start_line": 60, "executed_branches": [[61, 63], [63, 65]], "missing_branches": [[61, 62], [63, 64]]}, "ModuleElement.is_zero": {"executed_lines": [68], "summary": {"covered_lines": 1, "num_statements": 1, "percent_covered": 100.0, "percent_covered_display": "100", "missing_lines": 0, "excluded_lines": 0, "percent_statements_covered": 100.0, "percent_statements_covered_display": "100", "num_branches": 0, "num_partial_branches": 0, "covered_branches": 0, "missing_branches": 0, "percent_branches_covered": 100.0, "percent_branches_covered_display": "100"}, "missing_lines": [], "excluded_lines": [], "start_line": 67, "executed_branches": [], "missing_branches": []}, "ModuleElement.copy": {"executed_lines": [71], "summary": {"covered_lines": 1, "num_statements": 1, "percent_covered": 100.0, "percent_covered_display": "100", "missing_lines": 0, "excluded_lines": 0, "percent_statements_covered": 100.0, "percent_statements_covered_display": "100", "num_branches": 0, "num_partial_branches": 0, "covered_branches": 0, "missing_branches": 0, "percent_branches_covered": 100.0, "percent_branches_covered_display": "100"}, "missing_lines": [], "excluded_lines": [], "start_line": 70, "executed_branches": [], "missing_branches": []}, "ModuleElement.__str__": {"executed_lines": [], "summary": {"covered_lines": 0, "num_statements": 1, "percent_covered": 0.0, "percent_covered_display": "0", "missing_lines": 1, "excluded_lines": 0, "percent_statements_covered": 0.0, "percent_statements_covered_display": "0", "num_branches": 0, "num_partial_branches": 0, "covered_branches": 0, "missing_branches": 0, "percent_branches_covered": 100.0, "percent_branches_covered_display": "100"}, "missing_lines": [80], "excluded_lines": [], "start_line": 73, "executed_branches": [], "missing_branches": []}, "ModuleElement.__add__": {"executed_lines": [94, 96, 97, 98, 99], "summary": {"covered_lines": 5, "num_statements": 6, "percent_covered": 80.0, "percent_covered_display": "80", "missing_lines": 1, "excluded_lines": 0, "percent_statements_covered": 83.33333333333333, "percent_statements_covered_display": "83", "num_branches": 4, "num_partial_branches": 1, "covered_branches": 3, "missing_branches": 1, "percent_branches_covered": 75.0, "percent_branches_covered_display": "75"}, "missing_lines": [95], "excluded_lines": [], "start_line": 82, "executed_branches": [[94, 96], [96, 97], [96, 98]], "missing_branches": [[94, 95]]}, "ModuleElement.__sub__": {"executed_lines": [113, 115, 116, 117, 118], "summary": {"covered_lines": 5, "num_statements": 6, "percent_covered": 80.0, "percent_covered_display": "80", "missing_lines": 1, "excluded_lines": 0, "percent_statements_covered": 83.33333333333333, "percent_statements_covered_display": "83", "num_branches": 4, "num_partial_branches": 1, "covered_branches": 3, "missing_branches": 1, "percent_branches_covered": 75.0, "percent_branches_covered_display": "75"}, "missing_lines": [114], "excluded_lines": [], "start_line": 101, "executed_branches": [[113, 115], [115, 116], [115, 117]], "missing_branches": [[113, 114]]}, "ModuleElement.scalar_mul": {"executed_lines": [133, 134, 135], "summary": {"covered_lines": 3, "num_statements": 3, "percent_covered": 100.0, "percent_covered_display": "100", "missing_lines": 0, "excluded_lines": 0, "percent_statements_covered": 100.0, "percent_statements_covered_display": "100", "num_branches": 0, "num_partial_branches": 0, "covered_branches": 0, "missing_branches": 0, "percent_branches_covered": 100.0, "percent_branches_covered_display": "100"}, "missing_lines": [], "excluded_lines": [], "start_line": 120, "executed_branches": [], "missing_branches": []}, "ModuleElement.inner_product": {"executed_lines": [155, 157, 158, 160, 161, 162, 163], "summary": {"covered_lines": 7, "num_statements": 8, "percent_covered": 85.71428571428571, "percent_covered_display": "86", "missing_lines": 1, "excluded_lines": 0, "percent_statements_covered": 87.5, "percent_statements_covered_display": "88", "num_branches": 6, "num_partial_branches": 1, "covered_branches": 5, "missing_branches": 1, "percent_branches_covered": 83.33333333333333, "percent_branches_covered_display": "83"}, "missing_lines": [156], "excluded_lines": [], "start_line": 137, "executed_branches": [[155, 157], [157, 158], [157, 160], [161, 162], [161, 163]], "missing_branches": [[155, 156]]}, "ModuleElement.__rmul__": {"executed_lines": [174], "summary": {"covered_lines": 1, "num_statements": 1, "percent_covered": 100.0, "percent_covered_display": "100", "missing_lines": 0, "excluded_lines": 0, "percent_statements_covered": 100.0, "percent_statements_covered_display": "100", "num_branches": 0, "num_partial_branches": 0, "covered_branches": 0, "missing_branches": 0, "percent_branches_covered": 100.0, "percent_branches_covered_display": "100"}, "missing_lines": [], "excluded_lines": [], "start_line": 165, "executed_branches": [], "missing_branches": []}, "ModuleElement.__mul__": {"executed_lines": [192, 193, 194], "summary": {"covered_lines": 3, "num_statements": 3, "percent_covered": 100.0, "percent_covered_display": "100", "missing_lines": 0, "excluded_lines": 0, "percent_statements_covered": 100.0, "percent_statements_covered_display": "100", "num_branches": 2, "num_partial_branches": 0, "covered_branches": 2, "missing_branches": 0, "percent_branches_covered": 100.0, "percent_branches_covered_display": "100"}, "missing_lines": [], "excluded_lines": [], "start_line": 176, "executed_branches": [[192, 193], [192, 194]], "missing_branches": []}, "ModuleElement.inf_norm": {"executed_lines": [210], "summary": {"covered_lines": 1, "num_statements": 1, "percent_covered": 100.0, "percent_covered_display": "100", "missing_lines": 0, "excluded_lines": 0, "percent_statements_covered": 100.0, "percent_statements_covered_display": "100", "num_branches": 0, "num_partial_branches": 0, "covered_branches": 0, "missing_branches": 0, "percent_branches_covered": 100.0, "percent_branches_covered_display": "100"}, "missing_lines": [], "excluded_lines": [], "start_line": 196, "executed_branches": [], "missing_branches": []}, "ModuleElement.is_small": {"executed_lines": [235, 236, 237], "summary": {"covered_lines": 3, "num_statements": 3, "percent_covered": 100.0, "percent_covered_display": "100", "missing_lines": 0, "excluded_lines": 0, "percent_statements_covered": 100.0, "percent_statements_covered_display": "100", "num_branches": 2, "num_partial_branches": 0, "covered_branches": 2, "missing_branches": 0, "percent_branches_covered": 100.0, "percent_branches_covered_display": "100"}, "missing_lines": [], "excluded_lines": [], "start_line": 212, "executed_branches": [[235, 236], [235, 237]], "missing_branches": []}, "Module.__init__": {"executed_lines": [259, 261, 262, 263, 265, 266], "summary": {"covered_lines": 6, "num_statements": 8, "percent_covered": 71.42857142857143, "percent_covered_display": "71", "missing_lines": 2, "excluded_lines": 0, "percent_statements_covered": 75.0, "percent_statements_covered_display": "75", "num_branches": 6, "num_partial_branches": 2, "covered_branches": 4, "missing_branches": 2, "percent_branches_covered": 66.66666666666667, "percent_branches_covered_display": "67"}, "missing_lines": [260, 264], "excluded_lines": [], "start_line": 248, "executed_branches": [[259, 261], [261, 262], [261, 263], [263, 265]], "missing_branches": [[259, 260], [263, 264]]}, "Module.__repr__": {"executed_lines": [], "summary": {"covered_lines": 0, "num_statements": 1, "percent_covered": 0.0, "percent_covered_display": "0", "missing_lines": 1, "excluded_lines": 0, "percent_statements_covered": 0.0, "percent_statements_covered_display": "0", "num_branches": 0, "num_partial_branches": 0, "covered_branches": 0, "missing_branches": 0, "percent_branches_covered": 100.0, "percent_branches_covered_display": "100"}, "missing_lines": [269], "excluded_lines": [], "start_line": 268, "executed_branches": [], "missing_branches": []}, "Module._coerce_entry": {"executed_lines": [294, 295, 302, 304, 305, 307, 308], "summary": {"covered_lines": 7, "num_statements": 9, "percent_covered": 76.47058823529412, "percent_covered_display": "76", "missing_lines": 2, "excluded_lines": 0, "percent_statements_covered": 77.77777777777777, "percent_statements_covered_display": "78", "num_branches": 8, "num_partial_branches": 2, "covered_branches": 6, "missing_branches": 2, "percent_branches_covered": 75.0, "percent_branches_covered_display": "75"}, "missing_lines": [299, 310], "excluded_lines": [], "start_line": 276, "executed_branches": [[294, 295], [294, 304], [295, 302], [304, 305], [304, 307], [307, 308]], "missing_branches": [[295, 299], [307, 310]]}, "Module._coerce_scalar": {"executed_lines": [332, 333, 340, 342, 343], "summary": {"covered_lines": 5, "num_statements": 9, "percent_covered": 52.94117647058823, "percent_covered_display": "53", "missing_lines": 4, "excluded_lines": 0, "percent_statements_covered": 55.55555555555556, "percent_statements_covered_display": "56", "num_branches": 8, "num_partial_branches": 2, "covered_branches": 4, "missing_branches": 4, "percent_branches_covered": 50.0, "percent_branches_covered_display": "50"}, "missing_lines": [337, 345, 346, 348], "excluded_lines": [], "start_line": 314, "executed_branches": [[332, 333], [332, 342], [333, 340], [342, 343]], "missing_branches": [[333, 337], [342, 345], [345, 346], [345, 348]]}, "Module.element": {"executed_lines": [365], "summary": {"covered_lines": 1, "num_statements": 1, "percent_covered": 100.0, "percent_covered_display": "100", "missing_lines": 0, "excluded_lines": 0, "percent_statements_covered": 100.0, "percent_statements_covered_display": "100", "num_branches": 0, "num_partial_branches": 0, "covered_branches": 0, "missing_branches": 0, "percent_branches_covered": 100.0, "percent_branches_covered_display": "100"}, "missing_lines": [], "excluded_lines": [], "start_line": 352, "executed_branches": [], "missing_branches": []}, "Module.zero": {"executed_lines": [373], "summary": {"covered_lines": 1, "num_statements": 1, "percent_covered": 100.0, "percent_covered_display": "100", "missing_lines": 0, "excluded_lines": 0, "percent_statements_covered": 100.0, "percent_statements_covered_display": "100", "num_branches": 0, "num_partial_branches": 0, "covered_branches": 0, "missing_branches": 0, "percent_branches_covered": 100.0, "percent_branches_covered_display": "100"}, "missing_lines": [], "excluded_lines": [], "start_line": 367, "executed_branches": [], "missing_branches": []}, "Module.basis": {"executed_lines": [392, 393, 395, 396, 397], "summary": {"covered_lines": 5, "num_statements": 5, "percent_covered": 100.0, "percent_covered_display": "100", "missing_lines": 0, "excluded_lines": 0, "percent_statements_covered": 100.0, "percent_statements_covered_display": "100", "num_branches": 2, "num_partial_branches": 0, "covered_branches": 2, "missing_branches": 0, "percent_branches_covered": 100.0, "percent_branches_covered_display": "100"}, "missing_lines": [], "excluded_lines": [], "start_line": 377, "executed_branches": [[392, 393], [392, 395]], "missing_branches": []}, "": {"executed_lines": [21, 24, 32, 57, 60, 67, 70, 73, 82, 101, 120, 137, 165, 176, 196, 212, 240, 248, 268, 276, 314, 352, 367, 377], "summary": {"covered_lines": 24, "num_statements": 24, "percent_covered": 100.0, "percent_covered_display": "100", "missing_lines": 0, "excluded_lines": 0, "percent_statements_covered": 100.0, "percent_statements_covered_display": "100", "num_branches": 0, "num_partial_branches": 0, "covered_branches": 0, "missing_branches": 0, "percent_branches_covered": 100.0, "percent_branches_covered_display": "100"}, "missing_lines": [], "excluded_lines": [], "start_line": 1, "executed_branches": [], "missing_branches": []}}, "classes": {"ModuleElement": {"executed_lines": [44, 46, 49, 50, 51, 55, 58, 61, 63, 65, 68, 71, 94, 96, 97, 98, 99, 113, 115, 116, 117, 118, 133, 134, 135, 155, 157, 158, 160, 161, 162, 163, 174, 192, 193, 194, 210, 235, 236, 237], "summary": {"covered_lines": 40, "num_statements": 48, "percent_covered": 80.26315789473684, "percent_covered_display": "80", "missing_lines": 8, "excluded_lines": 0, "percent_statements_covered": 83.33333333333333, "percent_statements_covered_display": "83", "num_branches": 28, "num_partial_branches": 7, "covered_branches": 21, "missing_branches": 7, "percent_branches_covered": 75.0, "percent_branches_covered_display": "75"}, "missing_lines": [45, 47, 62, 64, 80, 95, 114, 156], "excluded_lines": [], "start_line": 24, "executed_branches": [[44, 46], [46, 49], [50, 51], [50, 55], [61, 63], [63, 65], [94, 96], [96, 97], [96, 98], [113, 115], [115, 116], [115, 117], [155, 157], [157, 158], [157, 160], [161, 162], [161, 163], [192, 193], [192, 194], [235, 236], [235, 237]], "missing_branches": [[44, 45], [46, 47], [61, 62], [63, 64], [94, 95], [113, 114], [155, 156]]}, "Module": {"executed_lines": [259, 261, 262, 263, 265, 266, 294, 295, 302, 304, 305, 307, 308, 332, 333, 340, 342, 343, 365, 373, 392, 393, 395, 396, 397], "summary": {"covered_lines": 25, "num_statements": 34, "percent_covered": 70.6896551724138, "percent_covered_display": "71", "missing_lines": 9, "excluded_lines": 0, "percent_statements_covered": 73.52941176470588, "percent_statements_covered_display": "74", "num_branches": 24, "num_partial_branches": 6, "covered_branches": 16, "missing_branches": 8, "percent_branches_covered": 66.66666666666667, "percent_branches_covered_display": "67"}, "missing_lines": [260, 264, 269, 299, 310, 337, 345, 346, 348], "excluded_lines": [], "start_line": 240, "executed_branches": [[259, 261], [261, 262], [261, 263], [263, 265], [294, 295], [294, 304], [295, 302], [304, 305], [304, 307], [307, 308], [332, 333], [332, 342], [333, 340], [342, 343], [392, 393], [392, 395]], "missing_branches": [[259, 260], [263, 264], [295, 299], [307, 310], [333, 337], [342, 345], [345, 346], [345, 348]]}, "": {"executed_lines": [21, 24, 32, 57, 60, 67, 70, 73, 82, 101, 120, 137, 165, 176, 196, 212, 240, 248, 268, 276, 314, 352, 367, 377], "summary": {"covered_lines": 24, "num_statements": 24, "percent_covered": 100.0, "percent_covered_display": "100", "missing_lines": 0, "excluded_lines": 0, "percent_statements_covered": 100.0, "percent_statements_covered_display": "100", "num_branches": 0, "num_partial_branches": 0, "covered_branches": 0, "missing_branches": 0, "percent_branches_covered": 100.0, "percent_branches_covered_display": "100"}, "missing_lines": [], "excluded_lines": [], "start_line": 1, "executed_branches": [], "missing_branches": []}}}, "src/core/polynomials.py": {"executed_lines": [21, 24, 32, 41, 42, 43, 44, 46, 48, 49, 52, 53, 55, 56, 60, 61, 63, 68, 69, 71, 72, 74, 75, 76, 78, 80, 82, 84, 93, 94, 95, 98, 100, 107, 108, 109, 110, 111, 113, 114, 115, 116, 117, 118, 120, 121, 122, 123, 124, 126, 138, 140, 141, 143, 144, 145, 146, 147, 148, 149, 151, 163, 165, 166, 168, 169, 170, 171, 172, 173, 174, 176, 189, 192, 193, 195, 196, 197, 198, 201, 204, 211, 217, 219, 228, 230, 239, 241, 250, 252, 261, 264, 274, 283, 284, 285, 286, 287, 288, 289, 292, 293, 295, 297, 298, 304, 305, 307, 313, 314, 316, 317, 319, 320, 321, 322, 323, 325, 327, 329, 344, 347, 349, 350, 353, 354, 356, 357, 359, 360, 361, 364, 365, 367, 369, 376, 377, 378, 379, 380, 382, 383, 384, 385, 386, 387, 389, 390, 391, 392, 393, 395, 404, 405, 406, 409, 411, 423, 425, 426, 428, 429, 430, 431, 432, 433, 434, 436, 448, 450, 453, 454, 455, 456, 457, 458, 459, 461, 474, 475, 477, 478, 481, 482, 483, 484, 489, 491, 507, 509, 532, 533, 534, 537, 545, 553, 554, 555, 556, 557, 558, 560, 561, 563, 572, 574, 583, 585, 594, 596, 605, 607, 613, 615, 621], "summary": {"covered_lines": 215, "num_statements": 230, "percent_covered": 89.88439306358381, "percent_covered_display": "90", "missing_lines": 15, "excluded_lines": 0, "percent_statements_covered": 93.47826086956522, "percent_statements_covered_display": "93", "num_branches": 116, "num_partial_branches": 20, "covered_branches": 96, "missing_branches": 20, "percent_branches_covered": 82.75862068965517, "percent_branches_covered_display": "83"}, "missing_lines": [50, 62, 77, 79, 81, 139, 164, 190, 290, 306, 324, 326, 424, 449, 451], "excluded_lines": [], "executed_branches": [[41, 42], [41, 43], [43, 44], [43, 46], [49, 52], [52, -32], [52, 53], [61, 63], [76, 78], [78, 80], [80, 82], [94, 95], [94, 98], [108, 109], [108, 124], [109, 108], [109, 110], [110, 111], [110, 113], [114, 115], [114, 120], [115, 116], [115, 117], [120, 121], [138, 140], [140, 141], [140, 143], [145, 146], [145, 149], [163, 165], [165, 166], [165, 168], [170, 171], [170, 174], [189, 192], [192, 193], [192, 195], [196, 197], [196, 201], [197, 196], [197, 198], [283, 284], [283, 285], [285, 286], [285, 287], [287, 288], [287, 289], [289, 292], [305, 307], [321, 322], [323, 325], [325, 327], [347, 349], [347, 364], [350, 353], [350, 361], [356, 357], [356, 359], [364, 365], [364, 367], [377, 378], [377, 393], [378, 379], [379, 380], [379, 382], [383, 384], [383, 389], [384, 385], [389, 390], [405, 406], [405, 409], [423, 425], [425, 426], [425, 428], [430, 431], [430, 434], [448, 450], [450, 453], [455, 456], [455, 459], [474, 475], [474, 477], [477, 478], [477, 481], [482, 483], [482, 489], [483, 482], [483, 484], [532, 533], [532, 534], [553, 554], [553, 555], [555, 556], [555, 557], [557, 558], [557, 560]], "missing_branches": [[49, 50], [61, 62], [76, 77], [78, 79], [80, 81], [120, 122], [138, 139], [163, 164], [189, 190], [289, 290], [305, 306], [321, 323], [323, 324], [325, 326], [378, 377], [384, 386], [389, 391], [423, 424], [448, 449], [450, 451]], "functions": {"Polynomial.__init__": {"executed_lines": [41, 42, 43, 44, 46, 48, 49, 52, 53], "summary": {"covered_lines": 9, "num_statements": 10, "percent_covered": 88.88888888888889, "percent_covered_display": "89", "missing_lines": 1, "excluded_lines": 0, "percent_statements_covered": 90.0, "percent_statements_covered_display": "90", "num_branches": 8, "num_partial_branches": 1, "covered_branches": 7, "missing_branches": 1, "percent_branches_covered": 87.5, "percent_branches_covered_display": "88"}, "missing_lines": [50], "excluded_lines": [], "start_line": 32, "executed_branches": [[41, 42], [41, 43], [43, 44], [43, 46], [49, 52], [52, -32], [52, 53]], "missing_branches": [[49, 50]]}, "Polynomial.__repr__": {"executed_lines": [56], "summary": {"covered_lines": 1, "num_statements": 1, "percent_covered": 100.0, "percent_covered_display": "100", "missing_lines": 0, "excluded_lines": 0, "percent_statements_covered": 100.0, "percent_statements_covered_display": "100", "num_branches": 0, "num_partial_branches": 0, "covered_branches": 0, "missing_branches": 0, "percent_branches_covered": 100.0, "percent_branches_covered_display": "100"}, "missing_lines": [], "excluded_lines": [], "start_line": 55, "executed_branches": [], "missing_branches": []}, "Polynomial.__eq__": {"executed_lines": [61, 63], "summary": {"covered_lines": 2, "num_statements": 3, "percent_covered": 60.0, "percent_covered_display": "60", "missing_lines": 1, "excluded_lines": 0, "percent_statements_covered": 66.66666666666667, "percent_statements_covered_display": "67", "num_branches": 2, "num_partial_branches": 1, "covered_branches": 1, "missing_branches": 1, "percent_branches_covered": 50.0, "percent_branches_covered_display": "50"}, "missing_lines": [62], "excluded_lines": [], "start_line": 60, "executed_branches": [[61, 63]], "missing_branches": [[61, 62]]}, "Polynomial.is_zero": {"executed_lines": [69], "summary": {"covered_lines": 1, "num_statements": 1, "percent_covered": 100.0, "percent_covered_display": "100", "missing_lines": 0, "excluded_lines": 0, "percent_statements_covered": 100.0, "percent_statements_covered_display": "100", "num_branches": 0, "num_partial_branches": 0, "covered_branches": 0, "missing_branches": 0, "percent_branches_covered": 100.0, "percent_branches_covered_display": "100"}, "missing_lines": [], "excluded_lines": [], "start_line": 68, "executed_branches": [], "missing_branches": []}, "Polynomial.copy": {"executed_lines": [72], "summary": {"covered_lines": 1, "num_statements": 1, "percent_covered": 100.0, "percent_covered_display": "100", "missing_lines": 0, "excluded_lines": 0, "percent_statements_covered": 100.0, "percent_statements_covered_display": "100", "num_branches": 0, "num_partial_branches": 0, "covered_branches": 0, "missing_branches": 0, "percent_branches_covered": 100.0, "percent_branches_covered_display": "100"}, "missing_lines": [], "excluded_lines": [], "start_line": 71, "executed_branches": [], "missing_branches": []}, "Polynomial.to_coefficients": {"executed_lines": [75, 76, 78, 80, 82], "summary": {"covered_lines": 5, "num_statements": 8, "percent_covered": 57.142857142857146, "percent_covered_display": "57", "missing_lines": 3, "excluded_lines": 0, "percent_statements_covered": 62.5, "percent_statements_covered_display": "62", "num_branches": 6, "num_partial_branches": 3, "covered_branches": 3, "missing_branches": 3, "percent_branches_covered": 50.0, "percent_branches_covered_display": "50"}, "missing_lines": [77, 79, 81], "excluded_lines": [], "start_line": 74, "executed_branches": [[76, 78], [78, 80], [80, 82]], "missing_branches": [[76, 77], [78, 79], [80, 81]]}, "Polynomial.__call__": {"executed_lines": [93, 94, 95, 98], "summary": {"covered_lines": 4, "num_statements": 4, "percent_covered": 100.0, "percent_covered_display": "100", "missing_lines": 0, "excluded_lines": 0, "percent_statements_covered": 100.0, "percent_statements_covered_display": "100", "num_branches": 2, "num_partial_branches": 0, "covered_branches": 2, "missing_branches": 0, "percent_branches_covered": 100.0, "percent_branches_covered_display": "100"}, "missing_lines": [], "excluded_lines": [], "start_line": 84, "executed_branches": [[94, 95], [94, 98]], "missing_branches": []}, "Polynomial.__str__": {"executed_lines": [107, 108, 109, 110, 111, 113, 114, 115, 116, 117, 118, 120, 121, 122, 123, 124], "summary": {"covered_lines": 16, "num_statements": 16, "percent_covered": 96.42857142857143, "percent_covered_display": "96", "missing_lines": 0, "excluded_lines": 0, "percent_statements_covered": 100.0, "percent_statements_covered_display": "100", "num_branches": 12, "num_partial_branches": 1, "covered_branches": 11, "missing_branches": 1, "percent_branches_covered": 91.66666666666667, "percent_branches_covered_display": "92"}, "missing_lines": [], "excluded_lines": [], "start_line": 100, "executed_branches": [[108, 109], [108, 124], [109, 108], [109, 110], [110, 111], [110, 113], [114, 115], [114, 120], [115, 116], [115, 117], [120, 121]], "missing_branches": [[120, 122]]}, "Polynomial.__add__": {"executed_lines": [138, 140, 141, 143, 144, 145, 146, 147, 148, 149], "summary": {"covered_lines": 10, "num_statements": 11, "percent_covered": 88.23529411764706, "percent_covered_display": "88", "missing_lines": 1, "excluded_lines": 0, "percent_statements_covered": 90.9090909090909, "percent_statements_covered_display": "91", "num_branches": 6, "num_partial_branches": 1, "covered_branches": 5, "missing_branches": 1, "percent_branches_covered": 83.33333333333333, "percent_branches_covered_display": "83"}, "missing_lines": [139], "excluded_lines": [], "start_line": 126, "executed_branches": [[138, 140], [140, 141], [140, 143], [145, 146], [145, 149]], "missing_branches": [[138, 139]]}, "Polynomial.__sub__": {"executed_lines": [163, 165, 166, 168, 169, 170, 171, 172, 173, 174], "summary": {"covered_lines": 10, "num_statements": 11, "percent_covered": 88.23529411764706, "percent_covered_display": "88", "missing_lines": 1, "excluded_lines": 0, "percent_statements_covered": 90.9090909090909, "percent_statements_covered_display": "91", "num_branches": 6, "num_partial_branches": 1, "covered_branches": 5, "missing_branches": 1, "percent_branches_covered": 83.33333333333333, "percent_branches_covered_display": "83"}, "missing_lines": [164], "excluded_lines": [], "start_line": 151, "executed_branches": [[163, 165], [165, 166], [165, 168], [170, 171], [170, 174]], "missing_branches": [[163, 164]]}, "Polynomial.__mul__": {"executed_lines": [189, 192, 193, 195, 196, 197, 198, 201], "summary": {"covered_lines": 8, "num_statements": 9, "percent_covered": 88.23529411764706, "percent_covered_display": "88", "missing_lines": 1, "excluded_lines": 0, "percent_statements_covered": 88.88888888888889, "percent_statements_covered_display": "89", "num_branches": 8, "num_partial_branches": 1, "covered_branches": 7, "missing_branches": 1, "percent_branches_covered": 87.5, "percent_branches_covered_display": "88"}, "missing_lines": [190], "excluded_lines": [], "start_line": 176, "executed_branches": [[189, 192], [192, 193], [192, 195], [196, 197], [196, 201], [197, 196], [197, 198]], "missing_branches": [[189, 190]]}, "PolynomialRing.__init__": {"executed_lines": [217], "summary": {"covered_lines": 1, "num_statements": 1, "percent_covered": 100.0, "percent_covered_display": "100", "missing_lines": 0, "excluded_lines": 0, "percent_statements_covered": 100.0, "percent_statements_covered_display": "100", "num_branches": 0, "num_partial_branches": 0, "covered_branches": 0, "missing_branches": 0, "percent_branches_covered": 100.0, "percent_branches_covered_display": "100"}, "missing_lines": [], "excluded_lines": [], "start_line": 211, "executed_branches": [], "missing_branches": []}, "PolynomialRing.polynomial": {"executed_lines": [228], "summary": {"covered_lines": 1, "num_statements": 1, "percent_covered": 100.0, "percent_covered_display": "100", "missing_lines": 0, "excluded_lines": 0, "percent_statements_covered": 100.0, "percent_statements_covered_display": "100", "num_branches": 0, "num_partial_branches": 0, "covered_branches": 0, "missing_branches": 0, "percent_branches_covered": 100.0, "percent_branches_covered_display": "100"}, "missing_lines": [], "excluded_lines": [], "start_line": 219, "executed_branches": [], "missing_branches": []}, "PolynomialRing.add": {"executed_lines": [239], "summary": {"covered_lines": 1, "num_statements": 1, "percent_covered": 100.0, "percent_covered_display": "100", "missing_lines": 0, "excluded_lines": 0, "percent_statements_covered": 100.0, "percent_statements_covered_display": "100", "num_branches": 0, "num_partial_branches": 0, "covered_branches": 0, "missing_branches": 0, "percent_branches_covered": 100.0, "percent_branches_covered_display": "100"}, "missing_lines": [], "excluded_lines": [], "start_line": 230, "executed_branches": [], "missing_branches": []}, "PolynomialRing.sub": {"executed_lines": [250], "summary": {"covered_lines": 1, "num_statements": 1, "percent_covered": 100.0, "percent_covered_display": "100", "missing_lines": 0, "excluded_lines": 0, "percent_statements_covered": 100.0, "percent_statements_covered_display": "100", "num_branches": 0, "num_partial_branches": 0, "covered_branches": 0, "missing_branches": 0, "percent_branches_covered": 100.0, "percent_branches_covered_display": "100"}, "missing_lines": [], "excluded_lines": [], "start_line": 241, "executed_branches": [], "missing_branches": []}, "PolynomialRing.mul": {"executed_lines": [261], "summary": {"covered_lines": 1, "num_statements": 1, "percent_covered": 100.0, "percent_covered_display": "100", "missing_lines": 0, "excluded_lines": 0, "percent_statements_covered": 100.0, "percent_statements_covered_display": "100", "num_branches": 0, "num_partial_branches": 0, "covered_branches": 0, "missing_branches": 0, "percent_branches_covered": 100.0, "percent_branches_covered_display": "100"}, "missing_lines": [], "excluded_lines": [], "start_line": 252, "executed_branches": [], "missing_branches": []}, "QuotientPolynomial.__init__": {"executed_lines": [283, 284, 285, 286, 287, 288, 289, 292, 293, 295], "summary": {"covered_lines": 10, "num_statements": 11, "percent_covered": 89.47368421052632, "percent_covered_display": "89", "missing_lines": 1, "excluded_lines": 0, "percent_statements_covered": 90.9090909090909, "percent_statements_covered_display": "91", "num_branches": 8, "num_partial_branches": 1, "covered_branches": 7, "missing_branches": 1, "percent_branches_covered": 87.5, "percent_branches_covered_display": "88"}, "missing_lines": [290], "excluded_lines": [], "start_line": 274, "executed_branches": [[283, 284], [283, 285], [285, 286], [285, 287], [287, 288], [287, 289], [289, 292]], "missing_branches": [[289, 290]]}, "QuotientPolynomial.__repr__": {"executed_lines": [298], "summary": {"covered_lines": 1, "num_statements": 1, "percent_covered": 100.0, "percent_covered_display": "100", "missing_lines": 0, "excluded_lines": 0, "percent_statements_covered": 100.0, "percent_statements_covered_display": "100", "num_branches": 0, "num_partial_branches": 0, "covered_branches": 0, "missing_branches": 0, "percent_branches_covered": 100.0, "percent_branches_covered_display": "100"}, "missing_lines": [], "excluded_lines": [], "start_line": 297, "executed_branches": [], "missing_branches": []}, "QuotientPolynomial.__eq__": {"executed_lines": [305, 307], "summary": {"covered_lines": 2, "num_statements": 3, "percent_covered": 60.0, "percent_covered_display": "60", "missing_lines": 1, "excluded_lines": 0, "percent_statements_covered": 66.66666666666667, "percent_statements_covered_display": "67", "num_branches": 2, "num_partial_branches": 1, "covered_branches": 1, "missing_branches": 1, "percent_branches_covered": 50.0, "percent_branches_covered_display": "50"}, "missing_lines": [306], "excluded_lines": [], "start_line": 304, "executed_branches": [[305, 307]], "missing_branches": [[305, 306]]}, "QuotientPolynomial.is_zero": {"executed_lines": [314], "summary": {"covered_lines": 1, "num_statements": 1, "percent_covered": 100.0, "percent_covered_display": "100", "missing_lines": 0, "excluded_lines": 0, "percent_statements_covered": 100.0, "percent_statements_covered_display": "100", "num_branches": 0, "num_partial_branches": 0, "covered_branches": 0, "missing_branches": 0, "percent_branches_covered": 100.0, "percent_branches_covered_display": "100"}, "missing_lines": [], "excluded_lines": [], "start_line": 313, "executed_branches": [], "missing_branches": []}, "QuotientPolynomial.copy": {"executed_lines": [317], "summary": {"covered_lines": 1, "num_statements": 1, "percent_covered": 100.0, "percent_covered_display": "100", "missing_lines": 0, "excluded_lines": 0, "percent_statements_covered": 100.0, "percent_statements_covered_display": "100", "num_branches": 0, "num_partial_branches": 0, "covered_branches": 0, "missing_branches": 0, "percent_branches_covered": 100.0, "percent_branches_covered_display": "100"}, "missing_lines": [], "excluded_lines": [], "start_line": 316, "executed_branches": [], "missing_branches": []}, "QuotientPolynomial.to_coefficients": {"executed_lines": [320, 321, 322, 323, 325, 327], "summary": {"covered_lines": 6, "num_statements": 8, "percent_covered": 64.28571428571429, "percent_covered_display": "64", "missing_lines": 2, "excluded_lines": 0, "percent_statements_covered": 75.0, "percent_statements_covered_display": "75", "num_branches": 6, "num_partial_branches": 3, "covered_branches": 3, "missing_branches": 3, "percent_branches_covered": 50.0, "percent_branches_covered_display": "50"}, "missing_lines": [324, 326], "excluded_lines": [], "start_line": 319, "executed_branches": [[321, 322], [323, 325], [325, 327]], "missing_branches": [[321, 323], [323, 324], [325, 326]]}, "QuotientPolynomial._reduce": {"executed_lines": [344, 347, 349, 350, 353, 354, 356, 357, 359, 360, 361, 364, 365, 367], "summary": {"covered_lines": 14, "num_statements": 14, "percent_covered": 100.0, "percent_covered_display": "100", "missing_lines": 0, "excluded_lines": 0, "percent_statements_covered": 100.0, "percent_statements_covered_display": "100", "num_branches": 8, "num_partial_branches": 0, "covered_branches": 8, "missing_branches": 0, "percent_branches_covered": 100.0, "percent_branches_covered_display": "100"}, "missing_lines": [], "excluded_lines": [], "start_line": 329, "executed_branches": [[347, 349], [347, 364], [350, 353], [350, 361], [356, 357], [356, 359], [364, 365], [364, 367]], "missing_branches": []}, "QuotientPolynomial.__str__": {"executed_lines": [376, 377, 378, 379, 380, 382, 383, 384, 385, 386, 387, 389, 390, 391, 392, 393], "summary": {"covered_lines": 16, "num_statements": 16, "percent_covered": 89.28571428571429, "percent_covered_display": "89", "missing_lines": 0, "excluded_lines": 0, "percent_statements_covered": 100.0, "percent_statements_covered_display": "100", "num_branches": 12, "num_partial_branches": 3, "covered_branches": 9, "missing_branches": 3, "percent_branches_covered": 75.0, "percent_branches_covered_display": "75"}, "missing_lines": [], "excluded_lines": [], "start_line": 369, "executed_branches": [[377, 378], [377, 393], [378, 379], [379, 380], [379, 382], [383, 384], [383, 389], [384, 385], [389, 390]], "missing_branches": [[378, 377], [384, 386], [389, 391]]}, "QuotientPolynomial.__call__": {"executed_lines": [404, 405, 406, 409], "summary": {"covered_lines": 4, "num_statements": 4, "percent_covered": 100.0, "percent_covered_display": "100", "missing_lines": 0, "excluded_lines": 0, "percent_statements_covered": 100.0, "percent_statements_covered_display": "100", "num_branches": 2, "num_partial_branches": 0, "covered_branches": 2, "missing_branches": 0, "percent_branches_covered": 100.0, "percent_branches_covered_display": "100"}, "missing_lines": [], "excluded_lines": [], "start_line": 395, "executed_branches": [[405, 406], [405, 409]], "missing_branches": []}, "QuotientPolynomial.__add__": {"executed_lines": [423, 425, 426, 428, 429, 430, 431, 432, 433, 434], "summary": {"covered_lines": 10, "num_statements": 11, "percent_covered": 88.23529411764706, "percent_covered_display": "88", "missing_lines": 1, "excluded_lines": 0, "percent_statements_covered": 90.9090909090909, "percent_statements_covered_display": "91", "num_branches": 6, "num_partial_branches": 1, "covered_branches": 5, "missing_branches": 1, "percent_branches_covered": 83.33333333333333, "percent_branches_covered_display": "83"}, "missing_lines": [424], "excluded_lines": [], "start_line": 411, "executed_branches": [[423, 425], [425, 426], [425, 428], [430, 431], [430, 434]], "missing_branches": [[423, 424]]}, "QuotientPolynomial.__sub__": {"executed_lines": [448, 450, 453, 454, 455, 456, 457, 458, 459], "summary": {"covered_lines": 9, "num_statements": 11, "percent_covered": 76.47058823529412, "percent_covered_display": "76", "missing_lines": 2, "excluded_lines": 0, "percent_statements_covered": 81.81818181818181, "percent_statements_covered_display": "82", "num_branches": 6, "num_partial_branches": 2, "covered_branches": 4, "missing_branches": 2, "percent_branches_covered": 66.66666666666667, "percent_branches_covered_display": "67"}, "missing_lines": [449, 451], "excluded_lines": [], "start_line": 436, "executed_branches": [[448, 450], [450, 453], [455, 456], [455, 459]], "missing_branches": [[448, 449], [450, 451]]}, "QuotientPolynomial.__mul__": {"executed_lines": [474, 475, 477, 478, 481, 482, 483, 484, 489], "summary": {"covered_lines": 9, "num_statements": 9, "percent_covered": 100.0, "percent_covered_display": "100", "missing_lines": 0, "excluded_lines": 0, "percent_statements_covered": 100.0, "percent_statements_covered_display": "100", "num_branches": 8, "num_partial_branches": 0, "covered_branches": 8, "missing_branches": 0, "percent_branches_covered": 100.0, "percent_branches_covered_display": "100"}, "missing_lines": [], "excluded_lines": [], "start_line": 461, "executed_branches": [[474, 475], [474, 477], [477, 478], [477, 481], [482, 483], [482, 489], [483, 482], [483, 484]], "missing_branches": []}, "QuotientPolynomial.inf_norm": {"executed_lines": [507], "summary": {"covered_lines": 1, "num_statements": 1, "percent_covered": 100.0, "percent_covered_display": "100", "missing_lines": 0, "excluded_lines": 0, "percent_statements_covered": 100.0, "percent_statements_covered_display": "100", "num_branches": 0, "num_partial_branches": 0, "covered_branches": 0, "missing_branches": 0, "percent_branches_covered": 100.0, "percent_branches_covered_display": "100"}, "missing_lines": [], "excluded_lines": [], "start_line": 491, "executed_branches": [], "missing_branches": []}, "QuotientPolynomial.is_small": {"executed_lines": [532, 533, 534], "summary": {"covered_lines": 3, "num_statements": 3, "percent_covered": 100.0, "percent_covered_display": "100", "missing_lines": 0, "excluded_lines": 0, "percent_statements_covered": 100.0, "percent_statements_covered_display": "100", "num_branches": 2, "num_partial_branches": 0, "covered_branches": 2, "missing_branches": 0, "percent_branches_covered": 100.0, "percent_branches_covered_display": "100"}, "missing_lines": [], "excluded_lines": [], "start_line": 509, "executed_branches": [[532, 533], [532, 534]], "missing_branches": []}, "QuotientPolynomialRing.__init__": {"executed_lines": [553, 554, 555, 556, 557, 558, 560, 561], "summary": {"covered_lines": 8, "num_statements": 8, "percent_covered": 100.0, "percent_covered_display": "100", "missing_lines": 0, "excluded_lines": 0, "percent_statements_covered": 100.0, "percent_statements_covered_display": "100", "num_branches": 6, "num_partial_branches": 0, "covered_branches": 6, "missing_branches": 0, "percent_branches_covered": 100.0, "percent_branches_covered_display": "100"}, "missing_lines": [], "excluded_lines": [], "start_line": 545, "executed_branches": [[553, 554], [553, 555], [555, 556], [555, 557], [557, 558], [557, 560]], "missing_branches": []}, "QuotientPolynomialRing.polynomial": {"executed_lines": [572], "summary": {"covered_lines": 1, "num_statements": 1, "percent_covered": 100.0, "percent_covered_display": "100", "missing_lines": 0, "excluded_lines": 0, "percent_statements_covered": 100.0, "percent_statements_covered_display": "100", "num_branches": 0, "num_partial_branches": 0, "covered_branches": 0, "missing_branches": 0, "percent_branches_covered": 100.0, "percent_branches_covered_display": "100"}, "missing_lines": [], "excluded_lines": [], "start_line": 563, "executed_branches": [], "missing_branches": []}, "QuotientPolynomialRing.add": {"executed_lines": [583], "summary": {"covered_lines": 1, "num_statements": 1, "percent_covered": 100.0, "percent_covered_display": "100", "missing_lines": 0, "excluded_lines": 0, "percent_statements_covered": 100.0, "percent_statements_covered_display": "100", "num_branches": 0, "num_partial_branches": 0, "covered_branches": 0, "missing_branches": 0, "percent_branches_covered": 100.0, "percent_branches_covered_display": "100"}, "missing_lines": [], "excluded_lines": [], "start_line": 574, "executed_branches": [], "missing_branches": []}, "QuotientPolynomialRing.sub": {"executed_lines": [594], "summary": {"covered_lines": 1, "num_statements": 1, "percent_covered": 100.0, "percent_covered_display": "100", "missing_lines": 0, "excluded_lines": 0, "percent_statements_covered": 100.0, "percent_statements_covered_display": "100", "num_branches": 0, "num_partial_branches": 0, "covered_branches": 0, "missing_branches": 0, "percent_branches_covered": 100.0, "percent_branches_covered_display": "100"}, "missing_lines": [], "excluded_lines": [], "start_line": 585, "executed_branches": [], "missing_branches": []}, "QuotientPolynomialRing.mul": {"executed_lines": [605], "summary": {"covered_lines": 1, "num_statements": 1, "percent_covered": 100.0, "percent_covered_display": "100", "missing_lines": 0, "excluded_lines": 0, "percent_statements_covered": 100.0, "percent_statements_covered_display": "100", "num_branches": 0, "num_partial_branches": 0, "covered_branches": 0, "missing_branches": 0, "percent_branches_covered": 100.0, "percent_branches_covered_display": "100"}, "missing_lines": [], "excluded_lines": [], "start_line": 596, "executed_branches": [], "missing_branches": []}, "QuotientPolynomialRing.zero": {"executed_lines": [613], "summary": {"covered_lines": 1, "num_statements": 1, "percent_covered": 100.0, "percent_covered_display": "100", "missing_lines": 0, "excluded_lines": 0, "percent_statements_covered": 100.0, "percent_statements_covered_display": "100", "num_branches": 0, "num_partial_branches": 0, "covered_branches": 0, "missing_branches": 0, "percent_branches_covered": 100.0, "percent_branches_covered_display": "100"}, "missing_lines": [], "excluded_lines": [], "start_line": 607, "executed_branches": [], "missing_branches": []}, "QuotientPolynomialRing.one": {"executed_lines": [621], "summary": {"covered_lines": 1, "num_statements": 1, "percent_covered": 100.0, "percent_covered_display": "100", "missing_lines": 0, "excluded_lines": 0, "percent_statements_covered": 100.0, "percent_statements_covered_display": "100", "num_branches": 0, "num_partial_branches": 0, "covered_branches": 0, "missing_branches": 0, "percent_branches_covered": 100.0, "percent_branches_covered_display": "100"}, "missing_lines": [], "excluded_lines": [], "start_line": 615, "executed_branches": [], "missing_branches": []}, "": {"executed_lines": [21, 24, 32, 55, 60, 68, 71, 74, 84, 100, 126, 151, 176, 204, 211, 219, 230, 241, 252, 264, 274, 297, 304, 313, 316, 319, 329, 369, 395, 411, 436, 461, 491, 509, 537, 545, 563, 574, 585, 596, 607, 615], "summary": {"covered_lines": 42, "num_statements": 42, "percent_covered": 100.0, "percent_covered_display": "100", "missing_lines": 0, "excluded_lines": 0, "percent_statements_covered": 100.0, "percent_statements_covered_display": "100", "num_branches": 0, "num_partial_branches": 0, "covered_branches": 0, "missing_branches": 0, "percent_branches_covered": 100.0, "percent_branches_covered_display": "100"}, "missing_lines": [], "excluded_lines": [], "start_line": 1, "executed_branches": [], "missing_branches": []}}, "classes": {"Polynomial": {"executed_lines": [41, 42, 43, 44, 46, 48, 49, 52, 53, 56, 61, 63, 69, 72, 75, 76, 78, 80, 82, 93, 94, 95, 98, 107, 108, 109, 110, 111, 113, 114, 115, 116, 117, 118, 120, 121, 122, 123, 124, 138, 140, 141, 143, 144, 145, 146, 147, 148, 149, 163, 165, 166, 168, 169, 170, 171, 172, 173, 174, 189, 192, 193, 195, 196, 197, 198, 201], "summary": {"covered_lines": 67, "num_statements": 75, "percent_covered": 86.4, "percent_covered_display": "86", "missing_lines": 8, "excluded_lines": 0, "percent_statements_covered": 89.33333333333333, "percent_statements_covered_display": "89", "num_branches": 50, "num_partial_branches": 9, "covered_branches": 41, "missing_branches": 9, "percent_branches_covered": 82.0, "percent_branches_covered_display": "82"}, "missing_lines": [50, 62, 77, 79, 81, 139, 164, 190], "excluded_lines": [], "start_line": 24, "executed_branches": [[41, 42], [41, 43], [43, 44], [43, 46], [49, 52], [52, -32], [52, 53], [61, 63], [76, 78], [78, 80], [80, 82], [94, 95], [94, 98], [108, 109], [108, 124], [109, 108], [109, 110], [110, 111], [110, 113], [114, 115], [114, 120], [115, 116], [115, 117], [120, 121], [138, 140], [140, 141], [140, 143], [145, 146], [145, 149], [163, 165], [165, 166], [165, 168], [170, 171], [170, 174], [189, 192], [192, 193], [192, 195], [196, 197], [196, 201], [197, 196], [197, 198]], "missing_branches": [[49, 50], [61, 62], [76, 77], [78, 79], [80, 81], [120, 122], [138, 139], [163, 164], [189, 190]]}, "PolynomialRing": {"executed_lines": [217, 228, 239, 250, 261], "summary": {"covered_lines": 5, "num_statements": 5, "percent_covered": 100.0, "percent_covered_display": "100", "missing_lines": 0, "excluded_lines": 0, "percent_statements_covered": 100.0, "percent_statements_covered_display": "100", "num_branches": 0, "num_partial_branches": 0, "covered_branches": 0, "missing_branches": 0, "percent_branches_covered": 100.0, "percent_branches_covered_display": "100"}, "missing_lines": [], "excluded_lines": [], "start_line": 204, "executed_branches": [], "missing_branches": []}, "QuotientPolynomial": {"executed_lines": [283, 284, 285, 286, 287, 288, 289, 292, 293, 295, 298, 305, 307, 314, 317, 320, 321, 322, 323, 325, 327, 344, 347, 349, 350, 353, 354, 356, 357, 359, 360, 361, 364, 365, 367, 376, 377, 378, 379, 380, 382, 383, 384, 385, 386, 387, 389, 390, 391, 392, 393, 404, 405, 406, 409, 423, 425, 426, 428, 429, 430, 431, 432, 433, 434, 448, 450, 453, 454, 455, 456, 457, 458, 459, 474, 475, 477, 478, 481, 482, 483, 484, 489, 507, 532, 533, 534], "summary": {"covered_lines": 87, "num_statements": 94, "percent_covered": 88.31168831168831, "percent_covered_display": "88", "missing_lines": 7, "excluded_lines": 0, "percent_statements_covered": 92.55319148936171, "percent_statements_covered_display": "93", "num_branches": 60, "num_partial_branches": 11, "covered_branches": 49, "missing_branches": 11, "percent_branches_covered": 81.66666666666667, "percent_branches_covered_display": "82"}, "missing_lines": [290, 306, 324, 326, 424, 449, 451], "excluded_lines": [], "start_line": 264, "executed_branches": [[283, 284], [283, 285], [285, 286], [285, 287], [287, 288], [287, 289], [289, 292], [305, 307], [321, 322], [323, 325], [325, 327], [347, 349], [347, 364], [350, 353], [350, 361], [356, 357], [356, 359], [364, 365], [364, 367], [377, 378], [377, 393], [378, 379], [379, 380], [379, 382], [383, 384], [383, 389], [384, 385], [389, 390], [405, 406], [405, 409], [423, 425], [425, 426], [425, 428], [430, 431], [430, 434], [448, 450], [450, 453], [455, 456], [455, 459], [474, 475], [474, 477], [477, 478], [477, 481], [482, 483], [482, 489], [483, 482], [483, 484], [532, 533], [532, 534]], "missing_branches": [[289, 290], [305, 306], [321, 323], [323, 324], [325, 326], [378, 377], [384, 386], [389, 391], [423, 424], [448, 449], [450, 451]]}, "QuotientPolynomialRing": {"executed_lines": [553, 554, 555, 556, 557, 558, 560, 561, 572, 583, 594, 605, 613, 621], "summary": {"covered_lines": 14, "num_statements": 14, "percent_covered": 100.0, "percent_covered_display": "100", "missing_lines": 0, "excluded_lines": 0, "percent_statements_covered": 100.0, "percent_statements_covered_display": "100", "num_branches": 6, "num_partial_branches": 0, "covered_branches": 6, "missing_branches": 0, "percent_branches_covered": 100.0, "percent_branches_covered_display": "100"}, "missing_lines": [], "excluded_lines": [], "start_line": 537, "executed_branches": [[553, 554], [553, 555], [555, 556], [555, 557], [557, 558], [557, 560]], "missing_branches": []}, "": {"executed_lines": [21, 24, 32, 55, 60, 68, 71, 74, 84, 100, 126, 151, 176, 204, 211, 219, 230, 241, 252, 264, 274, 297, 304, 313, 316, 319, 329, 369, 395, 411, 436, 461, 491, 509, 537, 545, 563, 574, 585, 596, 607, 615], "summary": {"covered_lines": 42, "num_statements": 42, "percent_covered": 100.0, "percent_covered_display": "100", "missing_lines": 0, "excluded_lines": 0, "percent_statements_covered": 100.0, "percent_statements_covered_display": "100", "num_branches": 0, "num_partial_branches": 0, "covered_branches": 0, "missing_branches": 0, "percent_branches_covered": 100.0, "percent_branches_covered_display": "100"}, "missing_lines": [], "excluded_lines": [], "start_line": 1, "executed_branches": [], "missing_branches": []}}}, "src/core/sampling.py": {"executed_lines": [7, 8, 9, 11, 12, 15, 17, 20, 22, 25, 26, 29, 33, 35, 38, 39, 42, 46, 48, 51, 52, 55, 64, 66, 69, 70, 71, 72, 73, 74, 75, 78, 82, 85, 88, 103, 106, 107, 110, 111, 115, 118, 122, 125, 129, 132, 139, 142, 146, 149, 156, 159, 165, 174, 177], "summary": {"covered_lines": 55, "num_statements": 68, "percent_covered": 73.46938775510205, "percent_covered_display": "73", "missing_lines": 13, "excluded_lines": 0, "percent_statements_covered": 80.88235294117646, "percent_statements_covered_display": "81", "num_branches": 30, "num_partial_branches": 13, "covered_branches": 17, "missing_branches": 13, "percent_branches_covered": 56.666666666666664, "percent_branches_covered_display": "57"}, "missing_lines": [23, 34, 36, 47, 49, 65, 67, 104, 113, 123, 140, 157, 175], "excluded_lines": [], "executed_branches": [[22, 25], [33, 35], [35, 38], [46, 48], [48, 51], [64, 66], [66, 69], [71, 72], [71, 75], [103, 106], [106, 107], [106, 110], [110, 111], [122, 125], [139, 142], [156, 159], [174, 177]], "missing_branches": [[22, 23], [33, 34], [35, 36], [46, 47], [48, 49], [64, 65], [66, 67], [103, 104], [110, 113], [122, 123], [139, 140], [156, 157], [174, 175]], "functions": {"_resolve_rng": {"executed_lines": [17], "summary": {"covered_lines": 1, "num_statements": 1, "percent_covered": 100.0, "percent_covered_display": "100", "missing_lines": 0, "excluded_lines": 0, "percent_statements_covered": 100.0, "percent_statements_covered_display": "100", "num_branches": 0, "num_partial_branches": 0, "covered_branches": 0, "missing_branches": 0, "percent_branches_covered": 100.0, "percent_branches_covered_display": "100"}, "missing_lines": [], "excluded_lines": [], "start_line": 15, "executed_branches": [], "missing_branches": []}, "make_deterministic_rng": {"executed_lines": [22, 25, 26], "summary": {"covered_lines": 3, "num_statements": 4, "percent_covered": 66.66666666666667, "percent_covered_display": "67", "missing_lines": 1, "excluded_lines": 0, "percent_statements_covered": 75.0, "percent_statements_covered_display": "75", "num_branches": 2, "num_partial_branches": 1, "covered_branches": 1, "missing_branches": 1, "percent_branches_covered": 50.0, "percent_branches_covered_display": "50"}, "missing_lines": [23], "excluded_lines": [], "start_line": 20, "executed_branches": [[22, 25]], "missing_branches": [[22, 23]]}, "sample_uniform_coefficients": {"executed_lines": [33, 35, 38, 39], "summary": {"covered_lines": 4, "num_statements": 6, "percent_covered": 60.0, "percent_covered_display": "60", "missing_lines": 2, "excluded_lines": 0, "percent_statements_covered": 66.66666666666667, "percent_statements_covered_display": "67", "num_branches": 4, "num_partial_branches": 2, "covered_branches": 2, "missing_branches": 2, "percent_branches_covered": 50.0, "percent_branches_covered_display": "50"}, "missing_lines": [34, 36], "excluded_lines": [], "start_line": 29, "executed_branches": [[33, 35], [35, 38]], "missing_branches": [[33, 34], [35, 36]]}, "sample_small_coefficients": {"executed_lines": [46, 48, 51, 52], "summary": {"covered_lines": 4, "num_statements": 6, "percent_covered": 60.0, "percent_covered_display": "60", "missing_lines": 2, "excluded_lines": 0, "percent_statements_covered": 66.66666666666667, "percent_statements_covered_display": "67", "num_branches": 4, "num_partial_branches": 2, "covered_branches": 2, "missing_branches": 2, "percent_branches_covered": 50.0, "percent_branches_covered_display": "50"}, "missing_lines": [47, 49], "excluded_lines": [], "start_line": 42, "executed_branches": [[46, 48], [48, 51]], "missing_branches": [[46, 47], [48, 49]]}, "sample_centered_binomial_coefficients": {"executed_lines": [64, 66, 69, 70, 71, 72, 73, 74, 75], "summary": {"covered_lines": 9, "num_statements": 11, "percent_covered": 76.47058823529412, "percent_covered_display": "76", "missing_lines": 2, "excluded_lines": 0, "percent_statements_covered": 81.81818181818181, "percent_statements_covered_display": "82", "num_branches": 6, "num_partial_branches": 2, "covered_branches": 4, "missing_branches": 2, "percent_branches_covered": 66.66666666666667, "percent_branches_covered_display": "67"}, "missing_lines": [65, 67], "excluded_lines": [], "start_line": 55, "executed_branches": [[64, 66], [66, 69], [71, 72], [71, 75]], "missing_branches": [[64, 65], [66, 67]]}, "sample_uniform_polynomial": {"executed_lines": [82, 85], "summary": {"covered_lines": 2, "num_statements": 2, "percent_covered": 100.0, "percent_covered_display": "100", "missing_lines": 0, "excluded_lines": 0, "percent_statements_covered": 100.0, "percent_statements_covered_display": "100", "num_branches": 0, "num_partial_branches": 0, "covered_branches": 0, "missing_branches": 0, "percent_branches_covered": 100.0, "percent_branches_covered_display": "100"}, "missing_lines": [], "excluded_lines": [], "start_line": 78, "executed_branches": [], "missing_branches": []}, "sample_small_polynomial": {"executed_lines": [103, 106, 107, 110, 111, 115], "summary": {"covered_lines": 6, "num_statements": 8, "percent_covered": 71.42857142857143, "percent_covered_display": "71", "missing_lines": 2, "excluded_lines": 0, "percent_statements_covered": 75.0, "percent_statements_covered_display": "75", "num_branches": 6, "num_partial_branches": 2, "covered_branches": 4, "missing_branches": 2, "percent_branches_covered": 66.66666666666667, "percent_branches_covered_display": "67"}, "missing_lines": [104, 113], "excluded_lines": [], "start_line": 88, "executed_branches": [[103, 106], [106, 107], [106, 110], [110, 111]], "missing_branches": [[103, 104], [110, 113]]}, "sample_uniform_vector": {"executed_lines": [122, 125, 129], "summary": {"covered_lines": 3, "num_statements": 4, "percent_covered": 66.66666666666667, "percent_covered_display": "67", "missing_lines": 1, "excluded_lines": 0, "percent_statements_covered": 75.0, "percent_statements_covered_display": "75", "num_branches": 2, "num_partial_branches": 1, "covered_branches": 1, "missing_branches": 1, "percent_branches_covered": 50.0, "percent_branches_covered_display": "50"}, "missing_lines": [123], "excluded_lines": [], "start_line": 118, "executed_branches": [[122, 125]], "missing_branches": [[122, 123]]}, "sample_small_vector": {"executed_lines": [139, 142, 146], "summary": {"covered_lines": 3, "num_statements": 4, "percent_covered": 66.66666666666667, "percent_covered_display": "67", "missing_lines": 1, "excluded_lines": 0, "percent_statements_covered": 75.0, "percent_statements_covered_display": "75", "num_branches": 2, "num_partial_branches": 1, "covered_branches": 1, "missing_branches": 1, "percent_branches_covered": 50.0, "percent_branches_covered_display": "50"}, "missing_lines": [140], "excluded_lines": [], "start_line": 132, "executed_branches": [[139, 142]], "missing_branches": [[139, 140]]}, "sample_uniform_matrix": {"executed_lines": [156, 159], "summary": {"covered_lines": 2, "num_statements": 3, "percent_covered": 60.0, "percent_covered_display": "60", "missing_lines": 1, "excluded_lines": 0, "percent_statements_covered": 66.66666666666667, "percent_statements_covered_display": "67", "num_branches": 2, "num_partial_branches": 1, "covered_branches": 1, "missing_branches": 1, "percent_branches_covered": 50.0, "percent_branches_covered_display": "50"}, "missing_lines": [157], "excluded_lines": [], "start_line": 149, "executed_branches": [[156, 159]], "missing_branches": [[156, 157]]}, "sample_small_matrix": {"executed_lines": [174, 177], "summary": {"covered_lines": 2, "num_statements": 3, "percent_covered": 60.0, "percent_covered_display": "60", "missing_lines": 1, "excluded_lines": 0, "percent_statements_covered": 66.66666666666667, "percent_statements_covered_display": "67", "num_branches": 2, "num_partial_branches": 1, "covered_branches": 1, "missing_branches": 1, "percent_branches_covered": 50.0, "percent_branches_covered_display": "50"}, "missing_lines": [175], "excluded_lines": [], "start_line": 165, "executed_branches": [[174, 177]], "missing_branches": [[174, 175]]}, "": {"executed_lines": [7, 8, 9, 11, 12, 15, 20, 29, 42, 55, 78, 88, 118, 132, 149, 165], "summary": {"covered_lines": 16, "num_statements": 16, "percent_covered": 100.0, "percent_covered_display": "100", "missing_lines": 0, "excluded_lines": 0, "percent_statements_covered": 100.0, "percent_statements_covered_display": "100", "num_branches": 0, "num_partial_branches": 0, "covered_branches": 0, "missing_branches": 0, "percent_branches_covered": 100.0, "percent_branches_covered_display": "100"}, "missing_lines": [], "excluded_lines": [], "start_line": 1, "executed_branches": [], "missing_branches": []}}, "classes": {"": {"executed_lines": [7, 8, 9, 11, 12, 15, 17, 20, 22, 25, 26, 29, 33, 35, 38, 39, 42, 46, 48, 51, 52, 55, 64, 66, 69, 70, 71, 72, 73, 74, 75, 78, 82, 85, 88, 103, 106, 107, 110, 111, 115, 118, 122, 125, 129, 132, 139, 142, 146, 149, 156, 159, 165, 174, 177], "summary": {"covered_lines": 55, "num_statements": 68, "percent_covered": 73.46938775510205, "percent_covered_display": "73", "missing_lines": 13, "excluded_lines": 0, "percent_statements_covered": 80.88235294117646, "percent_statements_covered_display": "81", "num_branches": 30, "num_partial_branches": 13, "covered_branches": 17, "missing_branches": 13, "percent_branches_covered": 56.666666666666664, "percent_branches_covered_display": "57"}, "missing_lines": [23, 34, 36, 47, 49, 65, 67, 104, 113, 123, 140, 157, 175], "excluded_lines": [], "start_line": 1, "executed_branches": [[22, 25], [33, 35], [35, 38], [46, 48], [48, 51], [64, 66], [66, 69], [71, 72], [71, 75], [103, 106], [106, 107], [106, 110], [110, 111], [122, 125], [139, 142], [156, 159], [174, 177]], "missing_branches": [[22, 23], [33, 34], [35, 36], [46, 47], [48, 49], [64, 65], [66, 67], [103, 104], [110, 113], [122, 123], [139, 140], [156, 157], [174, 175]]}}}, "src/core/serialization.py": {"executed_lines": [7, 9, 10, 11, 14, 17, 18, 20, 21, 23, 24, 28, 30, 40, 41, 42, 45, 47, 49, 50, 53, 54, 55, 57, 58, 60, 63, 65, 66, 67, 72, 74, 75, 85, 87, 89, 90, 93, 94, 95, 96, 99, 101, 104, 106, 108, 111, 113, 116, 118, 120], "summary": {"covered_lines": 51, "num_statements": 61, "percent_covered": 75.29411764705883, "percent_covered_display": "75", "missing_lines": 10, "excluded_lines": 0, "percent_statements_covered": 83.60655737704919, "percent_statements_covered_display": "84", "num_branches": 24, "num_partial_branches": 11, "covered_branches": 13, "missing_branches": 11, "percent_branches_covered": 54.166666666666664, "percent_branches_covered_display": "54"}, "missing_lines": [19, 22, 25, 48, 51, 61, 69, 91, 107, 119], "excluded_lines": [], "executed_branches": [[18, 20], [21, 23], [24, -17], [40, 41], [47, 49], [50, 53], [54, 55], [54, 57], [60, 63], [65, 66], [90, 93], [106, 108], [118, 120]], "missing_branches": [[18, 19], [21, 22], [24, 25], [40, 42], [47, 48], [50, 51], [60, 61], [65, 69], [90, 91], [106, 107], [118, 119]], "functions": {"_validate_payload_type": {"executed_lines": [18, 20, 21, 23, 24], "summary": {"covered_lines": 5, "num_statements": 8, "percent_covered": 57.142857142857146, "percent_covered_display": "57", "missing_lines": 3, "excluded_lines": 0, "percent_statements_covered": 62.5, "percent_statements_covered_display": "62", "num_branches": 6, "num_partial_branches": 3, "covered_branches": 3, "missing_branches": 3, "percent_branches_covered": 50.0, "percent_branches_covered_display": "50"}, "missing_lines": [19, 22, 25], "excluded_lines": [], "start_line": 17, "executed_branches": [[18, 20], [21, 23], [24, -17]], "missing_branches": [[18, 19], [21, 22], [24, 25]]}, "polynomial_to_dict": {"executed_lines": [30, 40, 41, 42], "summary": {"covered_lines": 4, "num_statements": 4, "percent_covered": 83.33333333333333, "percent_covered_display": "83", "missing_lines": 0, "excluded_lines": 0, "percent_statements_covered": 100.0, "percent_statements_covered_display": "100", "num_branches": 2, "num_partial_branches": 1, "covered_branches": 1, "missing_branches": 1, "percent_branches_covered": 50.0, "percent_branches_covered_display": "50"}, "missing_lines": [], "excluded_lines": [], "start_line": 28, "executed_branches": [[40, 41]], "missing_branches": [[40, 42]]}, "polynomial_from_dict": {"executed_lines": [47, 49, 50, 53, 54, 55, 57, 58, 60, 63, 65, 66, 67], "summary": {"covered_lines": 13, "num_statements": 17, "percent_covered": 70.37037037037037, "percent_covered_display": "70", "missing_lines": 4, "excluded_lines": 0, "percent_statements_covered": 76.47058823529412, "percent_statements_covered_display": "76", "num_branches": 10, "num_partial_branches": 4, "covered_branches": 6, "missing_branches": 4, "percent_branches_covered": 60.0, "percent_branches_covered_display": "60"}, "missing_lines": [48, 51, 61, 69], "excluded_lines": [], "start_line": 45, "executed_branches": [[47, 49], [50, 53], [54, 55], [54, 57], [60, 63], [65, 66]], "missing_branches": [[47, 48], [50, 51], [60, 61], [65, 69]]}, "module_element_to_dict": {"executed_lines": [74, 75], "summary": {"covered_lines": 2, "num_statements": 2, "percent_covered": 100.0, "percent_covered_display": "100", "missing_lines": 0, "excluded_lines": 0, "percent_statements_covered": 100.0, "percent_statements_covered_display": "100", "num_branches": 0, "num_partial_branches": 0, "covered_branches": 0, "missing_branches": 0, "percent_branches_covered": 100.0, "percent_branches_covered_display": "100"}, "missing_lines": [], "excluded_lines": [], "start_line": 72, "executed_branches": [], "missing_branches": []}, "module_element_from_dict": {"executed_lines": [87, 89, 90, 93, 94, 95, 96], "summary": {"covered_lines": 7, "num_statements": 8, "percent_covered": 80.0, "percent_covered_display": "80", "missing_lines": 1, "excluded_lines": 0, "percent_statements_covered": 87.5, "percent_statements_covered_display": "88", "num_branches": 2, "num_partial_branches": 1, "covered_branches": 1, "missing_branches": 1, "percent_branches_covered": 50.0, "percent_branches_covered_display": "50"}, "missing_lines": [91], "excluded_lines": [], "start_line": 85, "executed_branches": [[90, 93]], "missing_branches": [[90, 91]]}, "to_json": {"executed_lines": [101], "summary": {"covered_lines": 1, "num_statements": 1, "percent_covered": 100.0, "percent_covered_display": "100", "missing_lines": 0, "excluded_lines": 0, "percent_statements_covered": 100.0, "percent_statements_covered_display": "100", "num_branches": 0, "num_partial_branches": 0, "covered_branches": 0, "missing_branches": 0, "percent_branches_covered": 100.0, "percent_branches_covered_display": "100"}, "missing_lines": [], "excluded_lines": [], "start_line": 99, "executed_branches": [], "missing_branches": []}, "from_json": {"executed_lines": [106, 108], "summary": {"covered_lines": 2, "num_statements": 3, "percent_covered": 60.0, "percent_covered_display": "60", "missing_lines": 1, "excluded_lines": 0, "percent_statements_covered": 66.66666666666667, "percent_statements_covered_display": "67", "num_branches": 2, "num_partial_branches": 1, "covered_branches": 1, "missing_branches": 1, "percent_branches_covered": 50.0, "percent_branches_covered_display": "50"}, "missing_lines": [107], "excluded_lines": [], "start_line": 104, "executed_branches": [[106, 108]], "missing_branches": [[106, 107]]}, "to_bytes": {"executed_lines": [113], "summary": {"covered_lines": 1, "num_statements": 1, "percent_covered": 100.0, "percent_covered_display": "100", "missing_lines": 0, "excluded_lines": 0, "percent_statements_covered": 100.0, "percent_statements_covered_display": "100", "num_branches": 0, "num_partial_branches": 0, "covered_branches": 0, "missing_branches": 0, "percent_branches_covered": 100.0, "percent_branches_covered_display": "100"}, "missing_lines": [], "excluded_lines": [], "start_line": 111, "executed_branches": [], "missing_branches": []}, "from_bytes": {"executed_lines": [118, 120], "summary": {"covered_lines": 2, "num_statements": 3, "percent_covered": 60.0, "percent_covered_display": "60", "missing_lines": 1, "excluded_lines": 0, "percent_statements_covered": 66.66666666666667, "percent_statements_covered_display": "67", "num_branches": 2, "num_partial_branches": 1, "covered_branches": 1, "missing_branches": 1, "percent_branches_covered": 50.0, "percent_branches_covered_display": "50"}, "missing_lines": [119], "excluded_lines": [], "start_line": 116, "executed_branches": [[118, 120]], "missing_branches": [[118, 119]]}, "": {"executed_lines": [7, 9, 10, 11, 14, 17, 28, 45, 72, 85, 99, 104, 111, 116], "summary": {"covered_lines": 14, "num_statements": 14, "percent_covered": 100.0, "percent_covered_display": "100", "missing_lines": 0, "excluded_lines": 0, "percent_statements_covered": 100.0, "percent_statements_covered_display": "100", "num_branches": 0, "num_partial_branches": 0, "covered_branches": 0, "missing_branches": 0, "percent_branches_covered": 100.0, "percent_branches_covered_display": "100"}, "missing_lines": [], "excluded_lines": [], "start_line": 1, "executed_branches": [], "missing_branches": []}}, "classes": {"": {"executed_lines": [7, 9, 10, 11, 14, 17, 18, 20, 21, 23, 24, 28, 30, 40, 41, 42, 45, 47, 49, 50, 53, 54, 55, 57, 58, 60, 63, 65, 66, 67, 72, 74, 75, 85, 87, 89, 90, 93, 94, 95, 96, 99, 101, 104, 106, 108, 111, 113, 116, 118, 120], "summary": {"covered_lines": 51, "num_statements": 61, "percent_covered": 75.29411764705883, "percent_covered_display": "75", "missing_lines": 10, "excluded_lines": 0, "percent_statements_covered": 83.60655737704919, "percent_statements_covered_display": "84", "num_branches": 24, "num_partial_branches": 11, "covered_branches": 13, "missing_branches": 11, "percent_branches_covered": 54.166666666666664, "percent_branches_covered_display": "54"}, "missing_lines": [19, 22, 25, 48, 51, 61, 69, 91, 107, 119], "excluded_lines": [], "start_line": 1, "executed_branches": [[18, 20], [21, 23], [24, -17], [40, 41], [47, 49], [50, 53], [54, 55], [54, 57], [60, 63], [65, 66], [90, 93], [106, 108], [118, 120]], "missing_branches": [[18, 19], [21, 22], [24, 25], [40, 42], [47, 48], [50, 51], [60, 61], [65, 69], [90, 91], [106, 107], [118, 119]]}}}}, "totals": {"covered_lines": 453, "num_statements": 513, "percent_covered": 83.75499334221038, "percent_covered_display": "84", "missing_lines": 60, "excluded_lines": 0, "percent_statements_covered": 88.30409356725146, "percent_statements_covered_display": "88", "num_branches": 238, "num_partial_branches": 58, "covered_branches": 176, "missing_branches": 62, "percent_branches_covered": 73.94957983193277, "percent_branches_covered_display": "74"}}